2025-03-27 20:34:35,801 - __main__ - INFO - Logging initialized
2025-03-27 20:34:35,805 - chestbuddy.core.models.chest_data_model - DEBUG - Updated data hash to: 1d4f9f63b040166415e97d034fc84c19
2025-03-27 20:34:35,805 - chestbuddy.core.state.data_state - DEBUG - DataState updated: 0 rows, 6 columns
2025-03-27 20:34:35,805 - chestbuddy.core.controllers.base_controller - DEBUG - Initialized ErrorHandlingController with SignalManager
2025-03-27 20:34:35,806 - chestbuddy.core.services.validation_service - WARNING - No config manager available, using default path: D:\Projekte\ChestBuddy\chestbuddy\data\validation
2025-03-27 20:34:35,806 - chestbuddy.core.services.validation_service - WARNING - No config manager available, using default path: D:\Projekte\ChestBuddy\chestbuddy\data\validation
2025-03-27 20:34:35,807 - chestbuddy.core.services.validation_service - WARNING - No config manager available, using default path: D:\Projekte\ChestBuddy\chestbuddy\data\validation
2025-03-27 20:34:35,808 - chestbuddy.core.models.validation_list_model - DEBUG - Loaded 101 entries from D:\Projekte\ChestBuddy\chestbuddy\data\validation\players.txt
2025-03-27 20:34:35,808 - chestbuddy.core.models.validation_list_model - INFO - Initialized ValidationListModel with 101 entries from D:\Projekte\ChestBuddy\chestbuddy\data\validation\players.txt
2025-03-27 20:34:35,809 - chestbuddy.core.models.validation_list_model - DEBUG - Loaded 72 entries from D:\Projekte\ChestBuddy\chestbuddy\data\validation\chest_types.txt
2025-03-27 20:34:35,809 - chestbuddy.core.models.validation_list_model - INFO - Initialized ValidationListModel with 72 entries from D:\Projekte\ChestBuddy\chestbuddy\data\validation\chest_types.txt
2025-03-27 20:34:35,810 - chestbuddy.core.models.validation_list_model - DEBUG - Loaded 82 entries from D:\Projekte\ChestBuddy\chestbuddy\data\validation\sources.txt
2025-03-27 20:34:35,810 - chestbuddy.core.models.validation_list_model - INFO - Initialized ValidationListModel with 82 entries from D:\Projekte\ChestBuddy\chestbuddy\data\validation\sources.txt
2025-03-27 20:34:35,810 - chestbuddy.core.services.validation_service - INFO - Initialized validation lists: Players (101 entries), Chest Types (72 entries), Sources (82 entries)
2025-03-27 20:34:35,811 - chestbuddy.core.controllers.base_controller - DEBUG - Initialized FileOperationsController with SignalManager
2025-03-27 20:34:35,811 - chestbuddy.core.controllers.base_controller - DEBUG - FileOperationsController connected to model: DataManager
2025-03-27 20:34:35,811 - chestbuddy.core.controllers.file_operations_controller - DEBUG - FileOperationsController connected to model: DataManager
2025-03-27 20:34:35,812 - chestbuddy.core.controllers.file_operations_controller - DEBUG - Loaded 0 recent files from config
2025-03-27 20:34:35,812 - chestbuddy.core.controllers.base_controller - DEBUG - Initialized ProgressController with SignalManager
2025-03-27 20:34:35,812 - chestbuddy.core.controllers.base_controller - DEBUG - Initialized ViewStateController with SignalManager
2025-03-27 20:34:35,812 - chestbuddy.core.controllers.base_controller - DEBUG - ViewStateController connected to model: ChestDataModel
2025-03-27 20:34:35,813 - chestbuddy.core.controllers.view_state_controller - DEBUG - ViewStateController connected to model: ChestDataModel
2025-03-27 20:34:35,813 - chestbuddy.core.controllers.base_controller - DEBUG - Initialized UIStateController with SignalManager
2025-03-27 20:34:35,813 - chestbuddy.core.controllers.ui_state_controller - INFO - UIStateController initialized
2025-03-27 20:34:35,815 - chestbuddy.core.controllers.base_controller - DEBUG - Initialized DataViewController with SignalManager
2025-03-27 20:34:35,815 - chestbuddy.core.controllers.base_controller - DEBUG - DataViewController connected to model: ChestDataModel
2025-03-27 20:34:35,815 - chestbuddy.core.controllers.data_view_controller - DEBUG - DataViewController connected to model: ChestDataModel
2025-03-27 20:34:35,816 - chestbuddy.core.controllers.data_view_controller - DEBUG - DataViewController connected to UIStateController
2025-03-27 20:34:35,816 - chestbuddy.core.controllers.data_view_controller - DEBUG - DataViewController initialized
2025-03-27 20:34:35,816 - chestbuddy.utils.service_locator - DEBUG - Service 'update_manager' registered: UpdateManager
2025-03-27 20:34:35,817 - __main__ - INFO - UpdateManager initialized and registered with ServiceLocator
2025-03-27 20:34:35,817 - chestbuddy.core.controllers.view_state_controller - INFO - Data view controller set and signals connected
2025-03-27 20:34:35,818 - chestbuddy.ui.main_window - DEBUG - MainWindow initialized with data_manager
2025-03-27 20:34:35,858 - chestbuddy.ui.views.updatable_view - DEBUG - DashboardView populated
2025-03-27 20:34:35,871 - chestbuddy.ui.data_view - INFO - Installed event filter on table view
2025-03-27 20:34:35,872 - chestbuddy.ui.data_view - INFO - Registered Ctrl+C shortcut for copying (table-specific)
2025-03-27 20:34:35,872 - chestbuddy.ui.data_view - INFO - Registered widget-level Ctrl+V shortcut for pasting (widget hierarchy)
2025-03-27 20:34:35,877 - chestbuddy.ui.data_view - DEBUG - Connecting import button clicked signal to _on_import_clicked handler
2025-03-27 20:34:35,877 - chestbuddy.ui.data_view - DEBUG - Connecting export button clicked signal to _on_export_clicked handler
2025-03-27 20:34:35,878 - chestbuddy.ui.data_view - INFO - Installed event filter on table view
2025-03-27 20:34:35,878 - chestbuddy.ui.data_view - INFO - Registered Ctrl+C shortcut for copying (table-specific)
2025-03-27 20:34:35,879 - chestbuddy.ui.data_view - INFO - Registered widget-level Ctrl+V shortcut for pasting (widget hierarchy)
2025-03-27 20:34:35,882 - chestbuddy.ui.data_view - DEBUG - Status updated: No data loaded
2025-03-27 20:34:35,882 - chestbuddy.ui.data_view - INFO - DataView auto-update disabled
2025-03-27 20:34:35,883 - chestbuddy.utils.signal_manager - ERROR - Error in safe_connect: SignalManager.connect() got an unexpected keyword argument 'disconnect_first'
2025-03-27 20:34:35,884 - chestbuddy.utils.signal_manager - ERROR - Error in safe_connect: SignalManager.connect() got an unexpected keyword argument 'disconnect_first'
2025-03-27 20:34:35,884 - chestbuddy.utils.signal_manager - ERROR - Error in safe_connect: SignalManager.connect() got an unexpected keyword argument 'disconnect_first'
2025-03-27 20:34:35,885 - chestbuddy.ui.views.data_view_adapter - DEBUG - Connected to validation_changed signal
2025-03-27 20:34:35,885 - chestbuddy.ui.views.data_view_adapter - DEBUG - DataViewAdapter: Auto-update enabled
2025-03-27 20:34:35,886 - chestbuddy.core.services.validation_service - WARNING - Using default validation list path: D:\Projekte\ChestBuddy\chestbuddy\data\validation\players.txt
2025-03-27 20:34:35,896 - chestbuddy.ui.views.validation_list_view - DEBUG - Populated list with 101 entries
2025-03-27 20:34:35,896 - chestbuddy.ui.views.validation_list_view - INFO - Initialized ValidationListView with 101 entries
2025-03-27 20:34:35,906 - chestbuddy.core.services.validation_service - WARNING - Using default validation list path: D:\Projekte\ChestBuddy\chestbuddy\data\validation\chest_types.txt
2025-03-27 20:34:35,909 - chestbuddy.ui.views.validation_list_view - DEBUG - Populated list with 72 entries
2025-03-27 20:34:35,910 - chestbuddy.ui.views.validation_list_view - INFO - Initialized ValidationListView with 72 entries
2025-03-27 20:34:35,914 - chestbuddy.core.services.validation_service - WARNING - Using default validation list path: D:\Projekte\ChestBuddy\chestbuddy\data\validation\sources.txt
2025-03-27 20:34:35,916 - chestbuddy.ui.views.validation_list_view - DEBUG - Populated list with 82 entries
2025-03-27 20:34:35,916 - chestbuddy.ui.views.validation_list_view - INFO - Initialized ValidationListView with 82 entries
2025-03-27 20:34:35,941 - chestbuddy.ui.views.validation_tab_view - DEBUG - Status updated: Ready
2025-03-27 20:34:35,942 - chestbuddy.ui.views.validation_tab_view - INFO - Initialized ValidationTabView
2025-03-27 20:34:35,950 - chestbuddy.ui.views.validation_view_adapter - INFO - ValidationViewAdapter: Controller set and signals connected
2025-03-27 20:34:35,953 - chestbuddy.ui.correction_tab - DEBUG - Skipping CorrectionTab._update_view call - recursive or uninitialized UI
2025-03-27 20:34:35,953 - chestbuddy.ui.views.correction_view_adapter - DEBUG - Connected data_model.data_changed to CorrectionViewAdapter.request_update
2025-03-27 20:34:35,954 - chestbuddy.utils.signal_manager - ERROR - Error in safe_connect: slot_name_or_callable must be provided
2025-03-27 20:34:35,954 - chestbuddy.utils.signal_manager - ERROR - Error in safe_connect: slot_name_or_callable must be provided
2025-03-27 20:34:35,955 - chestbuddy.utils.signal_manager - ERROR - Error in safe_connect: slot_name_or_callable must be provided
2025-03-27 20:34:35,955 - chestbuddy.ui.views.correction_view_adapter - INFO - CorrectionViewAdapter: Controller set and signals connected
2025-03-27 20:34:35,960 - chestbuddy.utils.signal_manager - ERROR - Error in safe_connect: slot_name_or_callable must be provided
2025-03-27 20:34:35,960 - chestbuddy.utils.signal_manager - ERROR - Error in safe_connect: slot_name_or_callable must be provided
2025-03-27 20:34:35,961 - chestbuddy.utils.signal_manager - ERROR - Error in safe_connect: slot_name_or_callable must be provided
2025-03-27 20:34:35,961 - chestbuddy.core.controllers.data_view_controller - DEBUG - Connected ValidationService signals to DataViewController
2025-03-27 20:34:35,961 - chestbuddy.core.controllers.data_view_controller - DEBUG - CorrectionService connected to DataViewController
2025-03-27 20:34:35,961 - chestbuddy.core.controllers.data_view_controller - INFO - Validation and correction services updated
2025-03-27 20:34:35,961 - chestbuddy.ui.main_window - INFO - Services set in data view controller
2025-03-27 20:34:35,962 - chestbuddy.core.controllers.base_controller - DEBUG - ViewStateController connected to view: SidebarNavigation
2025-03-27 20:34:35,962 - chestbuddy.core.controllers.view_state_controller - INFO - Sidebar implements IUpdatable, populating it
2025-03-27 20:34:35,962 - chestbuddy.ui.widgets.sidebar_navigation - DEBUG - SidebarNavigation populated
2025-03-27 20:34:35,962 - chestbuddy.core.controllers.view_state_controller - INFO - Registering dependencies for view 'Validation': {'Data'}
2025-03-27 20:34:35,963 - chestbuddy.ui.widgets.sidebar_navigation - ERROR - Error scheduling update for SidebarNavigation: "Service 'update_manager' not found"
2025-03-27 20:34:35,963 - chestbuddy.ui.widgets.sidebar_navigation - DEBUG - SidebarNavigation updated
2025-03-27 20:34:35,963 - chestbuddy.core.controllers.view_state_controller - INFO - View availability changed: {'Validation': True, 'Correction': True, 'Charts': True}
2025-03-27 20:34:35,963 - chestbuddy.core.controllers.view_state_controller - INFO - Registering dependencies for view 'Correction': {'Validation'}
2025-03-27 20:34:35,964 - chestbuddy.core.controllers.view_state_controller - DEBUG - Skipping view availability update (throttled)
2025-03-27 20:34:35,964 - chestbuddy.core.controllers.view_state_controller - INFO - Registering dependencies for view 'Charts': {'Data'}
2025-03-27 20:34:35,964 - chestbuddy.core.controllers.view_state_controller - DEBUG - Skipping view availability update (throttled)
2025-03-27 20:34:35,964 - chestbuddy.core.controllers.view_state_controller - INFO - Registered prerequisite check for view 'Validation'
2025-03-27 20:34:35,965 - chestbuddy.core.controllers.view_state_controller - DEBUG - Skipping view availability update (throttled)
2025-03-27 20:34:35,965 - chestbuddy.core.controllers.view_state_controller - INFO - Registered prerequisite check for view 'Correction'
2025-03-27 20:34:35,965 - chestbuddy.core.controllers.view_state_controller - DEBUG - Skipping view availability update (throttled)
2025-03-27 20:34:35,965 - chestbuddy.core.controllers.view_state_controller - INFO - Registered prerequisite check for view 'Charts'
2025-03-27 20:34:35,965 - chestbuddy.core.controllers.view_state_controller - DEBUG - Skipping view availability update (throttled)
2025-03-27 20:34:35,966 - chestbuddy.core.controllers.view_state_controller - INFO - View changed from '' to 'Dashboard'
2025-03-27 20:34:35,969 - chestbuddy.core.controllers.ui_state_controller - DEBUG - Action states updated: {'save': False, 'save_as': False, 'export': False, 'validate': False, 'correct': False, 'chart': False, 'filter': False, 'sort': False, 'add_to_validation': False, 'clear_validation': False, 'refresh_validation': False}
2025-03-27 20:34:35,969 - chestbuddy.core.controllers.ui_state_controller - DEBUG - Status message updated: No data loaded
2025-03-27 20:34:35,969 - chestbuddy.core.controllers.ui_state_controller - DEBUG - Updated data-dependent UI state: has_data=False
2025-03-27 20:34:35,970 - chestbuddy.ui.main_window - DEBUG - Connecting Dashboard.import_requested to _on_import_requested handler
2025-03-27 20:34:35,970 - chestbuddy.ui.main_window - DEBUG - Connecting Data.import_requested to _on_import_requested handler
2025-03-27 20:34:36,195 - __main__ - INFO - UI created and shown
2025-03-27 20:34:36,195 - __main__ - INFO - Application signals connected
2025-03-27 20:34:36,446 - __main__ - INFO - Application initialized successfully
2025-03-27 20:34:36,458 - chestbuddy.core.controllers.view_state_controller - DEBUG - View transition to 'Dashboard' completed
2025-03-27 20:34:59,730 - chestbuddy.ui.main_window - DEBUG - _on_import_requested called with flags: _is_handling_import=False, _is_loading_files=False
2025-03-27 20:34:59,730 - chestbuddy.ui.main_window - DEBUG - Handling import request via FileOperationsController - set flag: _is_handling_import=True
2025-03-27 20:34:59,730 - chestbuddy.core.controllers.file_operations_controller - DEBUG - FileOperationsController.open_file called with parent=<chestbuddy.ui.main_window.MainWindow(0x1d9a4f8f670) at 0x000001D9A7368EC0>
2025-03-27 20:34:59,731 - chestbuddy.core.controllers.file_operations_controller - DEBUG - About to show file open dialog
2025-03-27 20:34:59,731 - chestbuddy.core.controllers.file_operations_controller - DEBUG - Retrieved last directory: C:\Users\schrd\Documents
2025-03-27 20:35:14,562 - chestbuddy.core.controllers.file_operations_controller - DEBUG - User selected 1 files
2025-03-27 20:35:14,562 - chestbuddy.core.controllers.file_operations_controller - DEBUG - Saving last directory: D:/Projekte/ChestBuddy/chestbuddy/data/input
2025-03-27 20:35:14,563 - chestbuddy.core.services.data_manager - INFO - DataManager.load_csv called with 1 file(s)
2025-03-27 20:35:14,563 - chestbuddy.core.services.data_manager - DEBUG - Set files_to_load with 1 files
2025-03-27 20:35:14,563 - chestbuddy.core.services.data_manager - DEBUG - Set current_file_path to: D:/Projekte/ChestBuddy/chestbuddy/data/input/Chests_input_test.csv
2025-03-27 20:35:14,563 - chestbuddy.core.services.data_manager - DEBUG - Emitting load_started signal
2025-03-27 20:35:14,563 - chestbuddy.ui.main_window - DEBUG - MainWindow._on_load_started called
2025-03-27 20:35:14,580 - chestbuddy.core.controllers.ui_state_controller - DEBUG - Updated data-dependent UI state: has_data=False
2025-03-27 20:35:14,581 - chestbuddy.core.services.data_manager - INFO - DataManager.cancel_loading called
2025-03-27 20:35:14,581 - chestbuddy.core.services.data_manager - DEBUG - Set cancellation flag to True
2025-03-27 20:35:14,581 - chestbuddy.core.services.data_manager - DEBUG - No active task to cancel
2025-03-27 20:35:14,581 - chestbuddy.core.services.data_manager - DEBUG - Loading operation cancelled successfully
2025-03-27 20:35:14,581 - chestbuddy.core.services.data_manager - DEBUG - Blocking data model signals during load
2025-03-27 20:35:14,581 - chestbuddy.core.services.data_manager - DEBUG - Creating MultiCSVLoadTask for 1 files
2025-03-27 20:35:14,582 - chestbuddy.core.services.data_manager - DEBUG - Stored task reference: <chestbuddy.utils.background_processing.MultiCSVLoadTask(0x1d9ab730cd0) at 0x000001D9A82A9E00>
2025-03-27 20:35:14,582 - chestbuddy.core.services.data_manager - DEBUG - Reset cancellation flag to False
2025-03-27 20:35:14,582 - chestbuddy.core.services.data_manager - DEBUG - Executing MultiCSVLoadTask
2025-03-27 20:35:14,582 - chestbuddy.ui.main_window - INFO - File opened: D:/Projekte/ChestBuddy/chestbuddy/data/input/Chests_input_test.csv
2025-03-27 20:35:14,583 - chestbuddy.core.controllers.file_operations_controller - DEBUG - Saved 1 recent files to config
2025-03-27 20:35:14,583 - chestbuddy.ui.main_window - DEBUG - Recent files updated: 1 files
2025-03-27 20:35:14,584 - chestbuddy.core.services.csv_service - DEBUG - read_csv_chunked called for D:/Projekte/ChestBuddy/chestbuddy/data/input/Chests_input_test.csv
2025-03-27 20:35:14,584 - chestbuddy.ui.main_window - DEBUG - _on_import_requested called with flags: _is_handling_import=True, _is_loading_files=True
2025-03-27 20:35:14,584 - chestbuddy.ui.main_window - DEBUG - Already handling an import request, ignoring duplicate
2025-03-27 20:35:14,593 - charset_normalizer - DEBUG - Encoding detection: utf_8 is most likely the one.
2025-03-27 20:35:14,593 - chestbuddy.ui.main_window - DEBUG - MainWindow._on_load_started called
2025-03-27 20:35:14,593 - chestbuddy.core.services.csv_service - DEBUG - charset_normalizer detected encoding: utf-8 with confidence: 0.9936
2025-03-27 20:35:14,593 - chestbuddy.core.controllers.progress_controller - DEBUG - Progress dialog already exists, updating instead of creating new one
2025-03-27 20:35:14,593 - chestbuddy.core.services.csv_service - INFO - Detected encoding: utf-8 with confidence 0.99
2025-03-27 20:35:14,605 - chestbuddy.core.controllers.ui_state_controller - DEBUG - Updated data-dependent UI state: has_data=False
2025-03-27 20:35:14,694 - chestbuddy.core.services.data_manager - DEBUG - CSV loading progress: 0% (0/100)
2025-03-27 20:35:14,748 - chestbuddy.core.services.data_manager - DEBUG - CSV loading progress: 0% (0/100)
2025-03-27 20:35:14,794 - chestbuddy.core.services.data_manager - DEBUG - Task status: Loading CSV data: 0 rows (File 1/1)
2025-03-27 20:35:14,840 - chestbuddy.core.services.data_manager - DEBUG - CSV loading progress: 0% (0/100)
2025-03-27 20:35:14,893 - chestbuddy.core.services.data_manager - DEBUG - CSV loading progress: 0% (0/100)
2025-03-27 20:35:14,924 - chestbuddy.core.services.data_manager - DEBUG - Task status: Loading CSV data: 0 rows (File 1/1)
2025-03-27 20:35:14,977 - chestbuddy.core.services.data_manager - DEBUG - CSV loading progress: 0% (0/100)
2025-03-27 20:35:15,031 - chestbuddy.core.services.data_manager - DEBUG - CSV loading progress: 0% (0/100)
2025-03-27 20:35:15,082 - chestbuddy.core.services.data_manager - DEBUG - Task status: Loading CSV data: 0 rows (File 1/1)
2025-03-27 20:35:15,136 - chestbuddy.core.services.data_manager - DEBUG - CSV loading progress: 0% (0/100)
2025-03-27 20:35:15,187 - chestbuddy.core.services.data_manager - DEBUG - CSV loading progress: 0% (0/100)
2025-03-27 20:35:15,228 - chestbuddy.core.services.data_manager - DEBUG - Task status: Loading CSV data: 0 rows (File 1/1)
2025-03-27 20:35:15,280 - chestbuddy.core.services.data_manager - DEBUG - CSV loading progress: 0% (0/100)
2025-03-27 20:35:15,325 - chestbuddy.core.services.data_manager - DEBUG - CSV loading progress: 0% (0/100)
2025-03-27 20:35:15,363 - chestbuddy.core.services.data_manager - DEBUG - Task status: Loading CSV data: 0 rows (File 1/1)
2025-03-27 20:35:15,411 - chestbuddy.core.services.data_manager - DEBUG - CSV loading progress: 0% (0/100)
2025-03-27 20:35:15,443 - chestbuddy.core.services.data_manager - DEBUG - CSV loading progress: 0% (0/100)
2025-03-27 20:35:15,481 - chestbuddy.core.services.data_manager - DEBUG - Task status: Loading CSV data: 0 rows (File 1/1)
2025-03-27 20:35:15,528 - chestbuddy.core.services.data_manager - DEBUG - CSV loading progress: 0% (0/100)
2025-03-27 20:35:15,557 - chestbuddy.core.services.data_manager - DEBUG - CSV loading progress: 0% (0/100)
2025-03-27 20:35:15,565 - chestbuddy.core.services.data_manager - DEBUG - Task status: Loading CSV data: 0 rows (File 1/1)
2025-03-27 20:35:15,570 - chestbuddy.utils.background_processing - INFO - Successfully loaded 12387 rows from 1 files
2025-03-27 20:35:15,570 - chestbuddy.core.services.data_manager - DEBUG - CSV loading progress: 0% (0/100)
2025-03-27 20:35:15,571 - chestbuddy.utils.background_processing - DEBUG - Task completed: load_multi_csv_1_files
2025-03-27 20:35:15,571 - chestbuddy.core.services.data_manager - DEBUG - CSV loading progress: 0% (0/100)
2025-03-27 20:35:15,571 - chestbuddy.utils.background_processing - DEBUG - Thread finished and task cleanup completed
2025-03-27 20:35:15,571 - chestbuddy.core.services.data_manager - DEBUG - Task status: Loading CSV data: 0 rows (File 1/1)
2025-03-27 20:35:15,571 - chestbuddy.core.services.data_manager - DEBUG - CSV loading progress: 0% (0/100)
2025-03-27 20:35:15,572 - chestbuddy.core.services.data_manager - DEBUG - CSV loading progress: 0% (0/100)
2025-03-27 20:35:15,572 - chestbuddy.core.services.data_manager - DEBUG - Task status: Loading CSV data: 0 rows (File 1/1)
2025-03-27 20:35:15,572 - chestbuddy.core.services.data_manager - DEBUG - CSV loading progress: 100% (100/100)
2025-03-27 20:35:15,573 - chestbuddy.core.services.data_manager - DEBUG - CSV loading progress: 100% (100/100)
2025-03-27 20:35:15,573 - chestbuddy.core.services.data_manager - DEBUG - Task status: Loading CSV data: 0 rows (File 1/1)
2025-03-27 20:35:15,573 - chestbuddy.core.services.data_manager - DEBUG - CSV loading progress: 100% (100/100)
2025-03-27 20:35:15,573 - chestbuddy.core.services.data_manager - DEBUG - CSV loading progress: 100% (100/100)
2025-03-27 20:35:15,573 - chestbuddy.core.services.data_manager - DEBUG - Task status: Loading CSV data: 12,387 rows (File 1/1)
2025-03-27 20:35:15,574 - chestbuddy.core.services.data_manager - DEBUG - Background task load_multi_csv_1_files completed with result: <class 'tuple'>
2025-03-27 20:35:15,574 - chestbuddy.core.services.data_manager - INFO - DataManager._on_csv_load_success called
2025-03-27 20:35:15,574 - chestbuddy.core.services.data_manager - DEBUG - CSV load result message: None
2025-03-27 20:35:15,574 - chestbuddy.core.services.data_manager - INFO - CSV loaded successfully with 12387 rows
2025-03-27 20:35:15,574 - chestbuddy.ui.main_window - DEBUG - Load finished signal received: Successfully loaded 12,387 rows of data
2025-03-27 20:35:15,574 - chestbuddy.ui.widgets.progress_dialog - DEBUG - Progress dialog close called
2025-03-27 20:35:15,575 - chestbuddy.ui.widgets.progress_dialog - DEBUG - Dialog closed via window close button, emitting canceled signal
2025-03-27 20:35:15,575 - chestbuddy.core.controllers.progress_controller - DEBUG - Progress dialog cancel button clicked
2025-03-27 20:35:15,575 - chestbuddy.ui.widgets.progress_dialog - DEBUG - Cancel button clicked in progress dialog
2025-03-27 20:35:15,575 - chestbuddy.core.controllers.progress_controller - DEBUG - Progress dialog cancel button clicked
2025-03-27 20:35:15,575 - chestbuddy.ui.widgets.progress_dialog - DEBUG - Directly closing dialog after cancel button clicked
2025-03-27 20:35:15,581 - chestbuddy.ui.widgets.progress_dialog - DEBUG - Progress dialog successfully closed
2025-03-27 20:35:15,581 - chestbuddy.core.controllers.ui_state_controller - DEBUG - Updated data-dependent UI state: has_data=False
2025-03-27 20:35:15,582 - chestbuddy.core.services.data_manager - DEBUG - Mapping columns...
2025-03-27 20:35:15,584 - chestbuddy.core.services.data_manager - DEBUG - Mapped columns successfully, DataFrame shape: (12387, 6)
2025-03-27 20:35:15,584 - chestbuddy.core.services.data_manager - DEBUG - Unblocking data model signals before update
2025-03-27 20:35:15,584 - chestbuddy.core.services.data_manager - DEBUG - Updating data model with new data
2025-03-27 20:35:15,596 - chestbuddy.core.state.data_state - DEBUG - DataState updated: 12387 rows, 6 columns
2025-03-27 20:35:15,596 - chestbuddy.core.models.chest_data_model - DEBUG - Emitting data_changed signal with DataState.
2025-03-27 20:35:15,596 - chestbuddy.core.controllers.view_state_controller - INFO - Data changed event: has_data=True
2025-03-27 20:35:15,597 - chestbuddy.core.controllers.view_state_controller - INFO - Data loaded state changed: True
2025-03-27 20:35:15,597 - chestbuddy.ui.widgets.sidebar_navigation - ERROR - Error scheduling update for SidebarNavigation: "Service 'update_manager' not found"
2025-03-27 20:35:15,597 - chestbuddy.ui.widgets.sidebar_navigation - DEBUG - SidebarNavigation updated
2025-03-27 20:35:15,598 - chestbuddy.core.controllers.view_state_controller - INFO - Marking Data view for population (not current)
2025-03-27 20:35:15,598 - chestbuddy.core.controllers.view_state_controller - INFO - Refreshing active view 'Dashboard' via IUpdatable interface
2025-03-27 20:35:15,599 - chestbuddy.core.controllers.view_state_controller - DEBUG - View 'Dashboard' doesn't need refreshing
2025-03-27 20:35:15,599 - chestbuddy.ui.data_view - DEBUG - DataView._on_data_changed called
2025-03-27 20:35:15,599 - chestbuddy.ui.data_view - DEBUG - Auto-update disabled, skipping table update
2025-03-27 20:35:15,599 - chestbuddy.ui.views.updatable_view - ERROR - Error scheduling update for DataViewAdapter: "Service 'update_manager' not found"
2025-03-27 20:35:15,600 - chestbuddy.ui.views.updatable_view - DEBUG - DataViewAdapter updating with data: NoneType
2025-03-27 20:35:15,600 - chestbuddy.ui.views.data_view_adapter - DEBUG - DataViewAdapter: View needs population, calling populate_table
2025-03-27 20:35:15,757 - chestbuddy.ui.data_view - DEBUG - Status updated: Populating 12387 rows...
2025-03-27 20:35:15,759 - chestbuddy.ui.views.data_view_adapter - DEBUG - DataViewAdapter: View content updated
2025-03-27 20:35:15,759 - chestbuddy.ui.views.updatable_view - DEBUG - DataViewAdapter updated
2025-03-27 20:35:15,759 - chestbuddy.ui.correction_tab - DEBUG - Skipping CorrectionTab._update_view call - recursive or uninitialized UI
2025-03-27 20:35:15,759 - chestbuddy.ui.views.updatable_view - ERROR - Error scheduling update for CorrectionViewAdapter: "Service 'update_manager' not found"
2025-03-27 20:35:15,760 - chestbuddy.ui.views.updatable_view - DEBUG - CorrectionViewAdapter updating with data: NoneType
2025-03-27 20:35:15,760 - chestbuddy.ui.correction_tab - DEBUG - Skipping CorrectionTab._update_view call - recursive or uninitialized UI
2025-03-27 20:35:15,760 - chestbuddy.ui.views.correction_view_adapter - DEBUG - CorrectionViewAdapter: View content updated
2025-03-27 20:35:15,760 - chestbuddy.ui.views.updatable_view - DEBUG - CorrectionViewAdapter updated
2025-03-27 20:35:15,760 - chestbuddy.ui.views.updatable_view - ERROR - Error scheduling update for ChartViewAdapter: "Service 'update_manager' not found"
2025-03-27 20:35:15,761 - chestbuddy.ui.views.updatable_view - DEBUG - ChartViewAdapter updating with data: NoneType
2025-03-27 20:35:15,761 - chestbuddy.ui.views.chart_view_adapter - DEBUG - ChartViewAdapter: View content updated
2025-03-27 20:35:15,761 - chestbuddy.ui.views.updatable_view - DEBUG - ChartViewAdapter updated
2025-03-27 20:35:15,762 - chestbuddy.core.controllers.ui_state_controller - DEBUG - Action states updated: {'save': True, 'save_as': True, 'export': True, 'validate': True, 'correct': True, 'chart': True, 'filter': True, 'sort': True, 'add_to_validation': True, 'clear_validation': True, 'refresh_validation': True}
2025-03-27 20:35:15,762 - chestbuddy.core.controllers.ui_state_controller - DEBUG - Status message updated: Data loaded and ready
2025-03-27 20:35:15,762 - chestbuddy.core.controllers.ui_state_controller - DEBUG - Updated data-dependent UI state: has_data=True
2025-03-27 20:35:16,048 - chestbuddy.core.controllers.ui_state_controller - DEBUG - Status message updated: Data loaded: 12,387 rows
2025-03-27 20:35:16,049 - chestbuddy.core.controllers.ui_state_controller - DEBUG - Status message updated: Data loaded and ready
2025-03-27 20:35:16,049 - chestbuddy.core.controllers.ui_state_controller - DEBUG - Updated data-dependent UI state: has_data=True
2025-03-27 20:35:16,049 - chestbuddy.core.services.data_manager - INFO - Emitting data_loaded signal
2025-03-27 20:35:16,050 - chestbuddy.ui.main_window - INFO - Data loaded signal received, ensuring data table is populated
2025-03-27 20:35:16,050 - chestbuddy.ui.main_window - INFO - Data view doesn't need refresh, skipping table population
2025-03-27 20:35:16,050 - chestbuddy.ui.main_window - ERROR - Error in fallback table population: 'ViewStateController' object has no attribute 'get_view'
2025-03-27 20:35:16,051 - chestbuddy.core.controllers.view_state_controller - INFO - Refreshing active view 'Dashboard' via IUpdatable interface
2025-03-27 20:35:16,051 - chestbuddy.core.controllers.view_state_controller - DEBUG - View 'Dashboard' doesn't need refreshing
2025-03-27 20:35:16,051 - chestbuddy.core.controllers.ui_state_controller - DEBUG - Status message updated: Data loaded: 12,387 rows
2025-03-27 20:35:16,051 - chestbuddy.core.services.data_manager - INFO - Emitted load_success signal
2025-03-27 20:35:16,054 - chestbuddy.ui.data_view - DEBUG - Status updated: Populating table: 0% (0/12387 rows)
2025-03-27 20:35:16,087 - chestbuddy.ui.data_view - DEBUG - Status updated: Populating table: 1% (200/12387 rows)
2025-03-27 20:35:16,118 - chestbuddy.ui.data_view - DEBUG - Status updated: Populating table: 3% (400/12387 rows)
2025-03-27 20:35:16,151 - chestbuddy.ui.data_view - DEBUG - Status updated: Populating table: 4% (600/12387 rows)
2025-03-27 20:35:16,185 - chestbuddy.ui.data_view - DEBUG - Status updated: Populating table: 6% (800/12387 rows)
2025-03-27 20:35:16,217 - chestbuddy.ui.data_view - DEBUG - Status updated: Populating table: 8% (1000/12387 rows)
2025-03-27 20:35:16,254 - chestbuddy.ui.data_view - DEBUG - Status updated: Populating table: 9% (1200/12387 rows)
2025-03-27 20:35:16,286 - chestbuddy.ui.data_view - DEBUG - Status updated: Populating table: 11% (1400/12387 rows)
2025-03-27 20:35:16,320 - chestbuddy.ui.data_view - DEBUG - Status updated: Populating table: 12% (1600/12387 rows)
2025-03-27 20:35:16,353 - chestbuddy.ui.data_view - DEBUG - Status updated: Populating table: 14% (1800/12387 rows)
2025-03-27 20:35:16,385 - chestbuddy.ui.data_view - DEBUG - Status updated: Populating table: 16% (2000/12387 rows)
2025-03-27 20:35:16,418 - chestbuddy.ui.data_view - DEBUG - Status updated: Populating table: 17% (2200/12387 rows)
2025-03-27 20:35:16,452 - chestbuddy.ui.data_view - DEBUG - Status updated: Populating table: 19% (2400/12387 rows)
2025-03-27 20:35:16,486 - chestbuddy.ui.data_view - DEBUG - Status updated: Populating table: 20% (2600/12387 rows)
2025-03-27 20:35:16,518 - chestbuddy.ui.data_view - DEBUG - Status updated: Populating table: 22% (2800/12387 rows)
2025-03-27 20:35:16,552 - chestbuddy.ui.data_view - DEBUG - Status updated: Populating table: 24% (3000/12387 rows)
2025-03-27 20:35:16,583 - chestbuddy.ui.data_view - DEBUG - Status updated: Populating table: 25% (3200/12387 rows)
2025-03-27 20:35:16,616 - chestbuddy.ui.data_view - DEBUG - Status updated: Populating table: 27% (3400/12387 rows)
2025-03-27 20:35:16,649 - chestbuddy.ui.data_view - DEBUG - Status updated: Populating table: 29% (3600/12387 rows)
2025-03-27 20:35:16,684 - chestbuddy.ui.data_view - DEBUG - Status updated: Populating table: 30% (3800/12387 rows)
2025-03-27 20:35:16,716 - chestbuddy.ui.data_view - DEBUG - Status updated: Populating table: 32% (4000/12387 rows)
2025-03-27 20:35:16,749 - chestbuddy.ui.data_view - DEBUG - Status updated: Populating table: 33% (4200/12387 rows)
2025-03-27 20:35:16,785 - chestbuddy.ui.data_view - DEBUG - Status updated: Populating table: 35% (4400/12387 rows)
2025-03-27 20:35:16,817 - chestbuddy.ui.data_view - DEBUG - Status updated: Populating table: 37% (4600/12387 rows)
2025-03-27 20:35:16,871 - chestbuddy.ui.data_view - DEBUG - Status updated: Populating table: 38% (4800/12387 rows)
2025-03-27 20:35:16,904 - chestbuddy.ui.data_view - DEBUG - Status updated: Populating table: 40% (5000/12387 rows)
2025-03-27 20:35:16,937 - chestbuddy.ui.data_view - DEBUG - Status updated: Populating table: 41% (5200/12387 rows)
2025-03-27 20:35:16,971 - chestbuddy.ui.data_view - DEBUG - Status updated: Populating table: 43% (5400/12387 rows)
2025-03-27 20:35:17,005 - chestbuddy.ui.data_view - DEBUG - Status updated: Populating table: 45% (5600/12387 rows)
2025-03-27 20:35:17,037 - chestbuddy.ui.data_view - DEBUG - Status updated: Populating table: 46% (5800/12387 rows)
2025-03-27 20:35:17,069 - chestbuddy.ui.data_view - DEBUG - Status updated: Populating table: 48% (6000/12387 rows)
2025-03-27 20:35:17,101 - chestbuddy.ui.data_view - DEBUG - Status updated: Populating table: 50% (6200/12387 rows)
2025-03-27 20:35:17,133 - chestbuddy.ui.data_view - DEBUG - Status updated: Populating table: 51% (6400/12387 rows)
2025-03-27 20:35:17,169 - chestbuddy.ui.data_view - DEBUG - Status updated: Populating table: 53% (6600/12387 rows)
2025-03-27 20:35:17,200 - chestbuddy.ui.data_view - DEBUG - Status updated: Populating table: 54% (6800/12387 rows)
2025-03-27 20:35:17,237 - chestbuddy.ui.data_view - DEBUG - Status updated: Populating table: 56% (7000/12387 rows)
2025-03-27 20:35:17,268 - chestbuddy.ui.data_view - DEBUG - Status updated: Populating table: 58% (7200/12387 rows)
2025-03-27 20:35:17,300 - chestbuddy.ui.data_view - DEBUG - Status updated: Populating table: 59% (7400/12387 rows)
2025-03-27 20:35:17,333 - chestbuddy.ui.data_view - DEBUG - Status updated: Populating table: 61% (7600/12387 rows)
2025-03-27 20:35:17,368 - chestbuddy.ui.data_view - DEBUG - Status updated: Populating table: 62% (7800/12387 rows)
2025-03-27 20:35:17,402 - chestbuddy.ui.data_view - DEBUG - Status updated: Populating table: 64% (8000/12387 rows)
2025-03-27 20:35:17,437 - chestbuddy.ui.data_view - DEBUG - Status updated: Populating table: 66% (8200/12387 rows)
2025-03-27 20:35:17,469 - chestbuddy.ui.data_view - DEBUG - Status updated: Populating table: 67% (8400/12387 rows)
2025-03-27 20:35:17,501 - chestbuddy.ui.data_view - DEBUG - Status updated: Populating table: 69% (8600/12387 rows)
2025-03-27 20:35:17,535 - chestbuddy.ui.data_view - DEBUG - Status updated: Populating table: 71% (8800/12387 rows)
2025-03-27 20:35:17,568 - chestbuddy.ui.data_view - DEBUG - Status updated: Populating table: 72% (9000/12387 rows)
2025-03-27 20:35:17,600 - chestbuddy.ui.data_view - DEBUG - Status updated: Populating table: 74% (9200/12387 rows)
2025-03-27 20:35:17,633 - chestbuddy.ui.data_view - DEBUG - Status updated: Populating table: 75% (9400/12387 rows)
2025-03-27 20:35:17,668 - chestbuddy.ui.data_view - DEBUG - Status updated: Populating table: 77% (9600/12387 rows)
2025-03-27 20:35:17,701 - chestbuddy.ui.data_view - DEBUG - Status updated: Populating table: 79% (9800/12387 rows)
2025-03-27 20:35:17,732 - chestbuddy.ui.data_view - DEBUG - Status updated: Populating table: 80% (10000/12387 rows)
2025-03-27 20:35:17,764 - chestbuddy.ui.data_view - DEBUG - Status updated: Populating table: 82% (10200/12387 rows)
2025-03-27 20:35:17,796 - chestbuddy.ui.data_view - DEBUG - Status updated: Populating table: 83% (10400/12387 rows)
2025-03-27 20:35:17,829 - chestbuddy.ui.data_view - DEBUG - Status updated: Populating table: 85% (10600/12387 rows)
2025-03-27 20:35:17,869 - chestbuddy.ui.data_view - DEBUG - Status updated: Populating table: 87% (10800/12387 rows)
2025-03-27 20:35:17,902 - chestbuddy.ui.data_view - DEBUG - Status updated: Populating table: 88% (11000/12387 rows)
2025-03-27 20:35:17,936 - chestbuddy.ui.data_view - DEBUG - Status updated: Populating table: 90% (11200/12387 rows)
2025-03-27 20:35:17,968 - chestbuddy.ui.data_view - DEBUG - Status updated: Populating table: 92% (11400/12387 rows)
2025-03-27 20:35:18,000 - chestbuddy.ui.data_view - DEBUG - Status updated: Populating table: 93% (11600/12387 rows)
2025-03-27 20:35:18,033 - chestbuddy.ui.data_view - DEBUG - Status updated: Populating table: 95% (11800/12387 rows)
2025-03-27 20:35:18,066 - chestbuddy.ui.data_view - DEBUG - Status updated: Populating table: 96% (12000/12387 rows)
2025-03-27 20:35:18,099 - chestbuddy.ui.data_view - DEBUG - Status updated: Populating table: 98% (12200/12387 rows)
2025-03-27 20:35:18,129 - chestbuddy.ui.data_view - ERROR - Error in chunk population: 'DataView' object has no attribute 'PLAYER_COLUMN'
2025-03-27 20:35:18,129 - chestbuddy.ui.data_view - DEBUG - Status updated: Error: 'DataView' object has no attribute 'PLAYER_COLUMN'
2025-03-27 20:35:18,600 - chestbuddy.ui.main_window - DEBUG - Navigation changed: Data - 
2025-03-27 20:35:18,601 - chestbuddy.core.controllers.view_state_controller - DEBUG - Updating sidebar via IUpdatable interface
2025-03-27 20:35:18,601 - chestbuddy.ui.widgets.sidebar_navigation - DEBUG - SidebarNavigation updated
2025-03-27 20:35:18,604 - chestbuddy.core.controllers.view_state_controller - DEBUG - Navigation history updated: position=1, history=['Dashboard', 'Data']
2025-03-27 20:35:18,604 - chestbuddy.core.controllers.view_state_controller - INFO - View changed from 'Dashboard' to 'Data'
2025-03-27 20:35:18,605 - chestbuddy.core.controllers.view_state_controller - INFO - View transition already in progress, queuing change to 'Data'
2025-03-27 20:35:18,605 - chestbuddy.ui.main_window - DEBUG - Navigation changed: Data - 
2025-03-27 20:35:18,605 - chestbuddy.core.controllers.view_state_controller - INFO - View transition already in progress, queuing change to 'Data'
2025-03-27 20:35:18,606 - chestbuddy.ui.main_window - DEBUG - Navigation changed: Data - 
2025-03-27 20:35:18,607 - chestbuddy.core.controllers.view_state_controller - INFO - View transition already in progress, queuing change to 'Data'
2025-03-27 20:35:18,607 - chestbuddy.core.controllers.view_state_controller - INFO - View transition already in progress, queuing change to 'Data'
2025-03-27 20:35:18,607 - chestbuddy.ui.main_window - DEBUG - Navigation changed: Data - 
2025-03-27 20:35:18,607 - chestbuddy.core.controllers.view_state_controller - INFO - View transition already in progress, queuing change to 'Data'
2025-03-27 20:35:18,659 - chestbuddy.core.controllers.view_state_controller - DEBUG - View transition to 'Data' completed
2025-03-27 20:35:18,660 - chestbuddy.core.controllers.view_state_controller - INFO - Processing pending view change to 'Data' with subsection 'None'
2025-03-27 20:35:22,910 - chestbuddy.ui.main_window - DEBUG - Navigation changed: Correction - 
2025-03-27 20:35:22,910 - chestbuddy.core.controllers.view_state_controller - DEBUG - Updating sidebar via IUpdatable interface
2025-03-27 20:35:22,911 - chestbuddy.ui.widgets.sidebar_navigation - DEBUG - SidebarNavigation updated
2025-03-27 20:35:22,912 - chestbuddy.core.controllers.view_state_controller - DEBUG - Navigation history updated: position=2, history=['Dashboard', 'Data', 'Correction']
2025-03-27 20:35:22,913 - chestbuddy.core.controllers.view_state_controller - INFO - View changed from 'Data' to 'Correction'
2025-03-27 20:35:22,913 - chestbuddy.ui.main_window - DEBUG - Navigation changed: Correction - 
2025-03-27 20:35:22,913 - chestbuddy.ui.main_window - DEBUG - Navigation changed: Correction - 
2025-03-27 20:35:22,913 - chestbuddy.core.controllers.view_state_controller - INFO - View transition already in progress, queuing change to 'Correction'
2025-03-27 20:35:22,913 - chestbuddy.ui.main_window - DEBUG - Navigation changed: Correction - 
2025-03-27 20:35:22,974 - chestbuddy.core.controllers.view_state_controller - DEBUG - View transition to 'Correction' completed
2025-03-27 20:35:22,974 - chestbuddy.core.controllers.view_state_controller - INFO - Processing pending view change to 'Correction' with subsection ''
2025-03-27 20:35:23,302 - chestbuddy.ui.main_window - DEBUG - Navigation changed: Validation - 
2025-03-27 20:35:23,303 - chestbuddy.core.controllers.view_state_controller - DEBUG - Updating sidebar via IUpdatable interface
2025-03-27 20:35:23,303 - chestbuddy.ui.widgets.sidebar_navigation - DEBUG - SidebarNavigation updated
2025-03-27 20:35:23,305 - chestbuddy.core.controllers.view_state_controller - DEBUG - Navigation history updated: position=3, history=['Dashboard', 'Data', 'Correction', 'Validation']
2025-03-27 20:35:23,305 - chestbuddy.core.controllers.view_state_controller - INFO - View changed from 'Correction' to 'Validation'
2025-03-27 20:35:23,306 - chestbuddy.ui.main_window - DEBUG - Navigation changed: Validation - 
2025-03-27 20:35:23,306 - chestbuddy.ui.main_window - DEBUG - Navigation changed: Validation - 
2025-03-27 20:35:23,306 - chestbuddy.core.controllers.view_state_controller - INFO - View transition already in progress, queuing change to 'Validation'
2025-03-27 20:35:23,307 - chestbuddy.ui.main_window - DEBUG - Navigation changed: Validation - 
2025-03-27 20:35:23,364 - chestbuddy.core.controllers.view_state_controller - DEBUG - View transition to 'Validation' completed
2025-03-27 20:35:23,364 - chestbuddy.core.controllers.view_state_controller - INFO - Processing pending view change to 'Validation' with subsection ''
2025-03-27 20:35:24,166 - chestbuddy.ui.views.validation_tab_view - DEBUG - Status updated: Validating data...
2025-03-27 20:35:26,860 - chestbuddy.ui.data_view - ERROR - Error updating validation status in data view: 'DataView' object has no attribute '_has_valid_models'
2025-03-27 20:35:26,860 - chestbuddy.core.services.validation_service - INFO - Updated validation status for 4 rules
2025-03-27 20:35:26,861 - chestbuddy.ui.views.validation_tab_view - DEBUG - Status updated: Validation complete: Found 12331 issues
2025-03-27 20:35:26,861 - chestbuddy.ui.views.validation_view_adapter - DEBUG - Validation status changed
2025-03-27 20:35:26,861 - chestbuddy.ui.views.validation_tab_view - INFO - Validation completed
2025-03-27 20:35:28,356 - chestbuddy.ui.main_window - DEBUG - Navigation changed: Data - 
2025-03-27 20:35:28,357 - chestbuddy.core.controllers.view_state_controller - DEBUG - Updating sidebar via IUpdatable interface
2025-03-27 20:35:28,357 - chestbuddy.ui.widgets.sidebar_navigation - DEBUG - SidebarNavigation updated
2025-03-27 20:35:28,358 - chestbuddy.core.controllers.view_state_controller - DEBUG - Navigation history updated: position=4, history=['Dashboard', 'Data', 'Correction', 'Validation', 'Data']
2025-03-27 20:35:28,358 - chestbuddy.core.controllers.view_state_controller - INFO - View changed from 'Validation' to 'Data'
2025-03-27 20:35:28,358 - chestbuddy.core.controllers.view_state_controller - INFO - View transition already in progress, queuing change to 'Data'
2025-03-27 20:35:28,358 - chestbuddy.ui.main_window - DEBUG - Navigation changed: Data - 
2025-03-27 20:35:28,358 - chestbuddy.core.controllers.view_state_controller - INFO - View transition already in progress, queuing change to 'Data'
2025-03-27 20:35:28,360 - chestbuddy.ui.main_window - DEBUG - Navigation changed: Data - 
2025-03-27 20:35:28,360 - chestbuddy.core.controllers.view_state_controller - INFO - View transition already in progress, queuing change to 'Data'
2025-03-27 20:35:28,360 - chestbuddy.core.controllers.view_state_controller - INFO - View transition already in progress, queuing change to 'Data'
2025-03-27 20:35:28,360 - chestbuddy.ui.main_window - DEBUG - Navigation changed: Data - 
2025-03-27 20:35:28,360 - chestbuddy.core.controllers.view_state_controller - INFO - View transition already in progress, queuing change to 'Data'
2025-03-27 20:35:28,411 - chestbuddy.core.controllers.view_state_controller - DEBUG - View transition to 'Data' completed
2025-03-27 20:35:28,411 - chestbuddy.core.controllers.view_state_controller - INFO - Processing pending view change to 'Data' with subsection 'None'
2025-03-27 20:35:34,724 - chestbuddy.ui.main_window - INFO - Cancelling any ongoing operations before closing
2025-03-27 20:35:34,724 - chestbuddy.core.services.data_manager - INFO - DataManager.cancel_loading called
2025-03-27 20:35:34,725 - chestbuddy.core.services.data_manager - DEBUG - Set cancellation flag to True
2025-03-27 20:35:34,725 - chestbuddy.core.services.data_manager - DEBUG - No active task to cancel
2025-03-27 20:35:34,725 - chestbuddy.core.services.data_manager - DEBUG - Loading operation cancelled successfully
2025-03-27 20:35:34,736 - __main__ - INFO - Cleaning up application resources
2025-03-27 20:35:34,737 - chestbuddy.utils.service_locator - DEBUG - All services and factories cleared
2025-03-27 20:35:34,737 - __main__ - ERROR - Error during application cleanup: type object 'BackgroundWorker' has no attribute 'shutdown'
2025-03-27 20:35:34,738 - chestbuddy.core.controllers.base_controller - DEBUG - ErrorHandlingController disconnected all connections (0 total)
2025-03-27 20:35:34,738 - chestbuddy.core.controllers.base_controller - DEBUG - ErrorHandlingController destroyed and connections cleaned up
2025-03-27 20:35:34,738 - chestbuddy.ui.utils.update_manager - DEBUG - All updates cancelled
2025-03-27 20:35:34,927 - chestbuddy.core.controllers.base_controller - DEBUG - FileOperationsController disconnected from model: DataManager (0 connections)
2025-03-27 20:35:34,927 - chestbuddy.core.controllers.base_controller - DEBUG - FileOperationsController disconnected all connections (0 total)
2025-03-27 20:35:34,928 - chestbuddy.core.controllers.base_controller - DEBUG - FileOperationsController destroyed and connections cleaned up
2025-03-27 20:35:34,928 - chestbuddy.utils.background_processing - DEBUG - Thread was not running during cleanup
2025-03-27 20:35:34,928 - chestbuddy.core.controllers.base_controller - DEBUG - ProgressController disconnected all connections (0 total)
2025-03-27 20:35:34,928 - chestbuddy.core.controllers.base_controller - DEBUG - ProgressController destroyed and connections cleaned up
2025-03-27 20:35:35,017 - chestbuddy.core.controllers.base_controller - DEBUG - ViewStateController disconnected from view: SidebarNavigation (0 connections)
2025-03-27 20:35:35,017 - chestbuddy.core.controllers.base_controller - DEBUG - ViewStateController disconnected from model: ChestDataModel (0 connections)
2025-03-27 20:35:35,018 - chestbuddy.core.controllers.base_controller - DEBUG - ViewStateController disconnected all connections (0 total)
2025-03-27 20:35:35,018 - chestbuddy.core.controllers.base_controller - DEBUG - ViewStateController destroyed and connections cleaned up
2025-03-27 20:35:35,018 - chestbuddy.core.controllers.base_controller - DEBUG - UIStateController disconnected all connections (0 total)
2025-03-27 20:35:35,018 - chestbuddy.core.controllers.base_controller - DEBUG - UIStateController destroyed and connections cleaned up
2025-03-27 20:35:35,018 - chestbuddy.core.controllers.base_controller - DEBUG - DataViewController disconnected from model: ChestDataModel (0 connections)
2025-03-27 20:35:35,019 - chestbuddy.core.controllers.base_controller - DEBUG - DataViewController disconnected all connections (0 total)
2025-03-27 20:35:35,019 - chestbuddy.core.controllers.base_controller - DEBUG - DataViewController destroyed and connections cleaned up
2025-03-27 20:35:35,019 - chestbuddy.ui.views.base_view - DEBUG - Disconnected signals for DashboardView
2025-03-27 20:35:35,020 - chestbuddy.ui.views.base_view - ERROR - Error disconnecting signals for DataViewAdapter: Internal C++ object (ChestDataModel) already deleted.
2025-03-27 20:35:35,020 - chestbuddy.ui.views.base_view - DEBUG - Disconnected signals for ValidationViewAdapter
2025-03-27 20:35:35,020 - chestbuddy.ui.views.base_view - ERROR - Error disconnecting signals for CorrectionViewAdapter: Internal C++ object (ChestDataModel) already deleted.
2025-03-27 20:35:35,020 - chestbuddy.ui.views.base_view - ERROR - Error disconnecting signals for ChartViewAdapter: Internal C++ object (ChestDataModel) already deleted.
2025-03-27 21:10:15,203 - __main__ - INFO - Logging initialized
2025-03-27 21:10:15,207 - chestbuddy.core.models.chest_data_model - DEBUG - Updated data hash to: 1d4f9f63b040166415e97d034fc84c19
2025-03-27 21:10:15,208 - chestbuddy.core.state.data_state - DEBUG - DataState updated: 0 rows, 6 columns
2025-03-27 21:10:15,208 - chestbuddy.core.controllers.base_controller - DEBUG - Initialized ErrorHandlingController with SignalManager
2025-03-27 21:10:15,208 - chestbuddy.core.services.validation_service - WARNING - No config manager available, using default path: D:\Projekte\ChestBuddy\chestbuddy\data\validation
2025-03-27 21:10:15,208 - chestbuddy.core.services.validation_service - WARNING - No config manager available, using default path: D:\Projekte\ChestBuddy\chestbuddy\data\validation
2025-03-27 21:10:15,208 - chestbuddy.core.services.validation_service - WARNING - No config manager available, using default path: D:\Projekte\ChestBuddy\chestbuddy\data\validation
2025-03-27 21:10:15,209 - chestbuddy.core.models.validation_list_model - DEBUG - Loaded 101 entries from D:\Projekte\ChestBuddy\chestbuddy\data\validation\players.txt
2025-03-27 21:10:15,209 - chestbuddy.core.models.validation_list_model - INFO - Initialized ValidationListModel with 101 entries from D:\Projekte\ChestBuddy\chestbuddy\data\validation\players.txt
2025-03-27 21:10:15,209 - chestbuddy.core.models.validation_list_model - DEBUG - Loaded 72 entries from D:\Projekte\ChestBuddy\chestbuddy\data\validation\chest_types.txt
2025-03-27 21:10:15,209 - chestbuddy.core.models.validation_list_model - INFO - Initialized ValidationListModel with 72 entries from D:\Projekte\ChestBuddy\chestbuddy\data\validation\chest_types.txt
2025-03-27 21:10:15,209 - chestbuddy.core.models.validation_list_model - DEBUG - Loaded 82 entries from D:\Projekte\ChestBuddy\chestbuddy\data\validation\sources.txt
2025-03-27 21:10:15,209 - chestbuddy.core.models.validation_list_model - INFO - Initialized ValidationListModel with 82 entries from D:\Projekte\ChestBuddy\chestbuddy\data\validation\sources.txt
2025-03-27 21:10:15,209 - chestbuddy.core.services.validation_service - INFO - Initialized validation lists: Players (101 entries), Chest Types (72 entries), Sources (82 entries)
2025-03-27 21:10:15,210 - chestbuddy.core.controllers.base_controller - DEBUG - Initialized FileOperationsController with SignalManager
2025-03-27 21:10:15,210 - chestbuddy.core.controllers.base_controller - DEBUG - FileOperationsController connected to model: DataManager
2025-03-27 21:10:15,210 - chestbuddy.core.controllers.file_operations_controller - DEBUG - FileOperationsController connected to model: DataManager
2025-03-27 21:10:15,210 - chestbuddy.core.controllers.file_operations_controller - DEBUG - Loaded 1 recent files from config
2025-03-27 21:10:15,210 - chestbuddy.core.controllers.base_controller - DEBUG - Initialized ProgressController with SignalManager
2025-03-27 21:10:15,210 - chestbuddy.core.controllers.base_controller - DEBUG - Initialized ViewStateController with SignalManager
2025-03-27 21:10:15,210 - chestbuddy.core.controllers.base_controller - DEBUG - ViewStateController connected to model: ChestDataModel
2025-03-27 21:10:15,210 - chestbuddy.core.controllers.view_state_controller - DEBUG - ViewStateController connected to model: ChestDataModel
2025-03-27 21:10:15,210 - chestbuddy.core.controllers.base_controller - DEBUG - Initialized UIStateController with SignalManager
2025-03-27 21:10:15,210 - chestbuddy.core.controllers.ui_state_controller - INFO - UIStateController initialized
2025-03-27 21:10:15,210 - chestbuddy.core.controllers.base_controller - DEBUG - Initialized DataViewController with SignalManager
2025-03-27 21:10:15,210 - chestbuddy.core.controllers.base_controller - DEBUG - DataViewController connected to model: ChestDataModel
2025-03-27 21:10:15,210 - chestbuddy.core.controllers.data_view_controller - DEBUG - DataViewController connected to model: ChestDataModel
2025-03-27 21:10:15,210 - chestbuddy.core.controllers.data_view_controller - DEBUG - DataViewController connected to UIStateController
2025-03-27 21:10:15,210 - chestbuddy.core.controllers.data_view_controller - DEBUG - DataViewController initialized
2025-03-27 21:10:15,210 - chestbuddy.utils.service_locator - DEBUG - Service 'update_manager' registered: UpdateManager
2025-03-27 21:10:15,210 - __main__ - INFO - UpdateManager initialized and registered with ServiceLocator
2025-03-27 21:10:15,211 - chestbuddy.core.controllers.view_state_controller - INFO - Data view controller set and signals connected
2025-03-27 21:10:15,211 - chestbuddy.ui.main_window - DEBUG - MainWindow initialized with data_manager
2025-03-27 21:10:15,237 - chestbuddy.ui.views.updatable_view - DEBUG - DashboardView populated
2025-03-27 21:10:15,241 - chestbuddy.ui.data_view - INFO - Installed event filter on table view
2025-03-27 21:10:15,241 - chestbuddy.ui.data_view - INFO - Registered Ctrl+C shortcut for copying (table-specific)
2025-03-27 21:10:15,242 - chestbuddy.ui.data_view - INFO - Registered widget-level Ctrl+V shortcut for pasting (widget hierarchy)
2025-03-27 21:10:15,243 - chestbuddy.ui.data_view - DEBUG - Connecting import button clicked signal to _on_import_clicked handler
2025-03-27 21:10:15,243 - chestbuddy.ui.data_view - DEBUG - Connecting export button clicked signal to _on_export_clicked handler
2025-03-27 21:10:15,244 - chestbuddy.ui.data_view - INFO - Installed event filter on table view
2025-03-27 21:10:15,244 - chestbuddy.ui.data_view - INFO - Registered Ctrl+C shortcut for copying (table-specific)
2025-03-27 21:10:15,244 - chestbuddy.ui.data_view - INFO - Registered widget-level Ctrl+V shortcut for pasting (widget hierarchy)
2025-03-27 21:10:15,245 - chestbuddy.ui.data_view - DEBUG - Status updated: No data loaded
2025-03-27 21:10:15,245 - chestbuddy.ui.data_view - DEBUG - No columns in table model, adding STATUS_COLUMN header
2025-03-27 21:10:15,246 - chestbuddy.ui.data_view - DEBUG - Set STATUS column (index 0) width to 60px
2025-03-27 21:10:15,246 - chestbuddy.ui.data_view - DEBUG - Set STATUS column (index 0) width to 60px
2025-03-27 21:10:15,246 - chestbuddy.ui.data_view - INFO - DataView auto-update disabled
2025-03-27 21:10:15,247 - chestbuddy.utils.signal_manager - ERROR - Error in safe_connect: SignalManager.connect() got an unexpected keyword argument 'disconnect_first'
2025-03-27 21:10:15,247 - chestbuddy.utils.signal_manager - ERROR - Error in safe_connect: SignalManager.connect() got an unexpected keyword argument 'disconnect_first'
2025-03-27 21:10:15,247 - chestbuddy.utils.signal_manager - ERROR - Error in safe_connect: SignalManager.connect() got an unexpected keyword argument 'disconnect_first'
2025-03-27 21:10:15,247 - chestbuddy.ui.views.data_view_adapter - DEBUG - Connected to validation_changed signal
2025-03-27 21:10:15,247 - chestbuddy.ui.views.data_view_adapter - DEBUG - DataViewAdapter: Auto-update enabled
2025-03-27 21:10:15,248 - chestbuddy.core.services.validation_service - WARNING - Using default validation list path: D:\Projekte\ChestBuddy\chestbuddy\data\validation\players.txt
2025-03-27 21:10:15,252 - chestbuddy.ui.views.validation_list_view - DEBUG - Populated list with 101 entries
2025-03-27 21:10:15,252 - chestbuddy.ui.views.validation_list_view - INFO - Initialized ValidationListView with 101 entries
2025-03-27 21:10:15,256 - chestbuddy.core.services.validation_service - WARNING - Using default validation list path: D:\Projekte\ChestBuddy\chestbuddy\data\validation\chest_types.txt
2025-03-27 21:10:15,258 - chestbuddy.ui.views.validation_list_view - DEBUG - Populated list with 72 entries
2025-03-27 21:10:15,258 - chestbuddy.ui.views.validation_list_view - INFO - Initialized ValidationListView with 72 entries
2025-03-27 21:10:15,262 - chestbuddy.core.services.validation_service - WARNING - Using default validation list path: D:\Projekte\ChestBuddy\chestbuddy\data\validation\sources.txt
2025-03-27 21:10:15,263 - chestbuddy.ui.views.validation_list_view - DEBUG - Populated list with 82 entries
2025-03-27 21:10:15,263 - chestbuddy.ui.views.validation_list_view - INFO - Initialized ValidationListView with 82 entries
2025-03-27 21:10:15,284 - chestbuddy.ui.views.validation_tab_view - DEBUG - Status updated: Ready
2025-03-27 21:10:15,285 - chestbuddy.ui.views.validation_tab_view - INFO - Initialized ValidationTabView
2025-03-27 21:10:15,291 - chestbuddy.ui.views.validation_view_adapter - INFO - ValidationViewAdapter: Controller set and signals connected
2025-03-27 21:10:15,293 - chestbuddy.ui.correction_tab - DEBUG - Skipping CorrectionTab._update_view call - recursive or uninitialized UI
2025-03-27 21:10:15,294 - chestbuddy.ui.views.correction_view_adapter - DEBUG - Connected data_model.data_changed to CorrectionViewAdapter.request_update
2025-03-27 21:10:15,294 - chestbuddy.utils.signal_manager - ERROR - Error in safe_connect: slot_name_or_callable must be provided
2025-03-27 21:10:15,294 - chestbuddy.utils.signal_manager - ERROR - Error in safe_connect: slot_name_or_callable must be provided
2025-03-27 21:10:15,294 - chestbuddy.utils.signal_manager - ERROR - Error in safe_connect: slot_name_or_callable must be provided
2025-03-27 21:10:15,294 - chestbuddy.ui.views.correction_view_adapter - INFO - CorrectionViewAdapter: Controller set and signals connected
2025-03-27 21:10:15,297 - chestbuddy.utils.signal_manager - ERROR - Error in safe_connect: slot_name_or_callable must be provided
2025-03-27 21:10:15,297 - chestbuddy.utils.signal_manager - ERROR - Error in safe_connect: slot_name_or_callable must be provided
2025-03-27 21:10:15,297 - chestbuddy.utils.signal_manager - ERROR - Error in safe_connect: slot_name_or_callable must be provided
2025-03-27 21:10:15,298 - chestbuddy.core.controllers.data_view_controller - DEBUG - Connected ValidationService signals to DataViewController
2025-03-27 21:10:15,298 - chestbuddy.core.controllers.data_view_controller - DEBUG - CorrectionService connected to DataViewController
2025-03-27 21:10:15,298 - chestbuddy.core.controllers.data_view_controller - INFO - Validation and correction services updated
2025-03-27 21:10:15,298 - chestbuddy.ui.main_window - INFO - Services set in data view controller
2025-03-27 21:10:15,298 - chestbuddy.core.controllers.base_controller - DEBUG - ViewStateController connected to view: SidebarNavigation
2025-03-27 21:10:15,298 - chestbuddy.core.controllers.view_state_controller - INFO - Sidebar implements IUpdatable, populating it
2025-03-27 21:10:15,298 - chestbuddy.ui.widgets.sidebar_navigation - DEBUG - SidebarNavigation populated
2025-03-27 21:10:15,298 - chestbuddy.core.controllers.view_state_controller - INFO - Registering dependencies for view 'Validation': {'Data'}
2025-03-27 21:10:15,299 - chestbuddy.ui.widgets.sidebar_navigation - ERROR - Error scheduling update for SidebarNavigation: "Service 'update_manager' not found"
2025-03-27 21:10:15,300 - chestbuddy.ui.widgets.sidebar_navigation - DEBUG - SidebarNavigation updated
2025-03-27 21:10:15,300 - chestbuddy.core.controllers.view_state_controller - INFO - View availability changed: {'Validation': True, 'Correction': True, 'Charts': True}
2025-03-27 21:10:15,300 - chestbuddy.core.controllers.view_state_controller - INFO - Registering dependencies for view 'Correction': {'Validation'}
2025-03-27 21:10:15,300 - chestbuddy.core.controllers.view_state_controller - DEBUG - Skipping view availability update (throttled)
2025-03-27 21:10:15,300 - chestbuddy.core.controllers.view_state_controller - INFO - Registering dependencies for view 'Charts': {'Data'}
2025-03-27 21:10:15,300 - chestbuddy.core.controllers.view_state_controller - DEBUG - Skipping view availability update (throttled)
2025-03-27 21:10:15,300 - chestbuddy.core.controllers.view_state_controller - INFO - Registered prerequisite check for view 'Validation'
2025-03-27 21:10:15,300 - chestbuddy.core.controllers.view_state_controller - DEBUG - Skipping view availability update (throttled)
2025-03-27 21:10:15,300 - chestbuddy.core.controllers.view_state_controller - INFO - Registered prerequisite check for view 'Correction'
2025-03-27 21:10:15,300 - chestbuddy.core.controllers.view_state_controller - DEBUG - Skipping view availability update (throttled)
2025-03-27 21:10:15,300 - chestbuddy.core.controllers.view_state_controller - INFO - Registered prerequisite check for view 'Charts'
2025-03-27 21:10:15,300 - chestbuddy.core.controllers.view_state_controller - DEBUG - Skipping view availability update (throttled)
2025-03-27 21:10:15,300 - chestbuddy.core.controllers.view_state_controller - INFO - View changed from '' to 'Dashboard'
2025-03-27 21:10:15,302 - chestbuddy.core.controllers.ui_state_controller - DEBUG - Status message updated: No data loaded
2025-03-27 21:10:15,302 - chestbuddy.core.controllers.ui_state_controller - DEBUG - Updated data-dependent UI state: has_data=False
2025-03-27 21:10:15,302 - chestbuddy.ui.main_window - DEBUG - Connecting Dashboard.import_requested to _on_import_requested handler
2025-03-27 21:10:15,302 - chestbuddy.ui.main_window - DEBUG - Connecting Data.import_requested to _on_import_requested handler
2025-03-27 21:10:15,670 - __main__ - INFO - UI created and shown
2025-03-27 21:10:15,671 - __main__ - INFO - Application signals connected
2025-03-27 21:10:15,773 - __main__ - INFO - Application initialized successfully
2025-03-27 21:10:15,785 - chestbuddy.core.controllers.view_state_controller - DEBUG - View transition to 'Dashboard' completed
2025-03-27 21:10:18,745 - chestbuddy.ui.main_window - DEBUG - _on_import_requested called with flags: _is_handling_import=False, _is_loading_files=False
2025-03-27 21:10:18,745 - chestbuddy.ui.main_window - DEBUG - Handling import request via FileOperationsController - set flag: _is_handling_import=True
2025-03-27 21:10:18,745 - chestbuddy.core.controllers.file_operations_controller - DEBUG - FileOperationsController.open_file called with parent=<chestbuddy.ui.main_window.MainWindow(0x1fb39b03e60) at 0x000001FB3C35C5C0>
2025-03-27 21:10:18,745 - chestbuddy.core.controllers.file_operations_controller - DEBUG - About to show file open dialog
2025-03-27 21:10:18,745 - chestbuddy.core.controllers.file_operations_controller - DEBUG - Retrieved last directory: D:/Projekte/ChestBuddy/chestbuddy/data/input
2025-03-27 21:10:24,777 - chestbuddy.core.controllers.file_operations_controller - DEBUG - User selected 1 files
2025-03-27 21:10:24,777 - chestbuddy.core.controllers.file_operations_controller - DEBUG - Saving last directory: D:/Projekte/ChestBuddy/chestbuddy/data/input
2025-03-27 21:10:24,777 - chestbuddy.core.services.data_manager - INFO - DataManager.load_csv called with 1 file(s)
2025-03-27 21:10:24,778 - chestbuddy.core.services.data_manager - DEBUG - Set files_to_load with 1 files
2025-03-27 21:10:24,778 - chestbuddy.core.services.data_manager - DEBUG - Set current_file_path to: D:/Projekte/ChestBuddy/chestbuddy/data/input/Chests_input_test.csv
2025-03-27 21:10:24,778 - chestbuddy.core.services.data_manager - DEBUG - Emitting load_started signal
2025-03-27 21:10:24,778 - chestbuddy.ui.main_window - DEBUG - MainWindow._on_load_started called
2025-03-27 21:10:24,796 - chestbuddy.core.controllers.ui_state_controller - DEBUG - Updated data-dependent UI state: has_data=False
2025-03-27 21:10:24,796 - chestbuddy.core.services.data_manager - INFO - DataManager.cancel_loading called
2025-03-27 21:10:24,796 - chestbuddy.core.services.data_manager - DEBUG - Set cancellation flag to True
2025-03-27 21:10:24,796 - chestbuddy.core.services.data_manager - DEBUG - No active task to cancel
2025-03-27 21:10:24,796 - chestbuddy.core.services.data_manager - DEBUG - Loading operation cancelled successfully
2025-03-27 21:10:24,796 - chestbuddy.core.services.data_manager - DEBUG - Blocking data model signals during load
2025-03-27 21:10:24,796 - chestbuddy.core.services.data_manager - DEBUG - Creating MultiCSVLoadTask for 1 files
2025-03-27 21:10:24,796 - chestbuddy.core.services.data_manager - DEBUG - Stored task reference: <chestbuddy.utils.background_processing.MultiCSVLoadTask(0x1fb3f630640) at 0x000001FB3C38CD80>
2025-03-27 21:10:24,796 - chestbuddy.core.services.data_manager - DEBUG - Reset cancellation flag to False
2025-03-27 21:10:24,796 - chestbuddy.core.services.data_manager - DEBUG - Executing MultiCSVLoadTask
2025-03-27 21:10:24,797 - chestbuddy.ui.main_window - INFO - File opened: D:/Projekte/ChestBuddy/chestbuddy/data/input/Chests_input_test.csv
2025-03-27 21:10:24,797 - chestbuddy.core.controllers.file_operations_controller - DEBUG - Saved 1 recent files to config
2025-03-27 21:10:24,797 - chestbuddy.ui.main_window - DEBUG - Recent files updated: 1 files
2025-03-27 21:10:24,797 - chestbuddy.ui.main_window - DEBUG - _on_import_requested called with flags: _is_handling_import=True, _is_loading_files=True
2025-03-27 21:10:24,797 - chestbuddy.ui.main_window - DEBUG - Already handling an import request, ignoring duplicate
2025-03-27 21:10:24,797 - chestbuddy.core.services.csv_service - DEBUG - read_csv_chunked called for D:/Projekte/ChestBuddy/chestbuddy/data/input/Chests_input_test.csv
2025-03-27 21:10:24,798 - chestbuddy.ui.main_window - DEBUG - MainWindow._on_load_started called
2025-03-27 21:10:24,798 - chestbuddy.core.controllers.progress_controller - DEBUG - Progress dialog already exists, updating instead of creating new one
2025-03-27 21:10:24,809 - charset_normalizer - DEBUG - Encoding detection: utf_8 is most likely the one.
2025-03-27 21:10:24,809 - chestbuddy.core.controllers.ui_state_controller - DEBUG - Updated data-dependent UI state: has_data=False
2025-03-27 21:10:24,809 - chestbuddy.core.services.csv_service - DEBUG - charset_normalizer detected encoding: utf-8 with confidence: 0.9936
2025-03-27 21:10:24,809 - chestbuddy.core.services.csv_service - INFO - Detected encoding: utf-8 with confidence 0.99
2025-03-27 21:10:24,902 - chestbuddy.core.services.data_manager - DEBUG - CSV loading progress: 0% (0/100)
2025-03-27 21:10:25,002 - chestbuddy.core.services.data_manager - DEBUG - CSV loading progress: 0% (0/100)
2025-03-27 21:10:25,035 - chestbuddy.core.services.data_manager - DEBUG - Task status: Loading CSV data: 0 rows (File 1/1)
2025-03-27 21:10:25,066 - chestbuddy.core.services.data_manager - DEBUG - CSV loading progress: 0% (0/100)
2025-03-27 21:10:25,074 - chestbuddy.core.services.data_manager - DEBUG - CSV loading progress: 0% (0/100)
2025-03-27 21:10:25,105 - chestbuddy.core.services.data_manager - DEBUG - Task status: Loading CSV data: 0 rows (File 1/1)
2025-03-27 21:10:25,137 - chestbuddy.core.services.data_manager - DEBUG - CSV loading progress: 0% (0/100)
2025-03-27 21:10:25,153 - chestbuddy.core.services.data_manager - DEBUG - CSV loading progress: 0% (0/100)
2025-03-27 21:10:25,175 - chestbuddy.core.services.data_manager - DEBUG - Task status: Loading CSV data: 0 rows (File 1/1)
2025-03-27 21:10:25,269 - chestbuddy.core.services.data_manager - DEBUG - CSV loading progress: 0% (0/100)
2025-03-27 21:10:25,276 - chestbuddy.core.services.data_manager - DEBUG - CSV loading progress: 0% (0/100)
2025-03-27 21:10:25,284 - chestbuddy.core.services.data_manager - DEBUG - Task status: Loading CSV data: 0 rows (File 1/1)
2025-03-27 21:10:25,308 - chestbuddy.core.services.data_manager - DEBUG - CSV loading progress: 0% (0/100)
2025-03-27 21:10:25,308 - chestbuddy.core.services.data_manager - DEBUG - CSV loading progress: 0% (0/100)
2025-03-27 21:10:25,308 - chestbuddy.core.services.data_manager - DEBUG - Task status: Loading CSV data: 0 rows (File 1/1)
2025-03-27 21:10:25,429 - chestbuddy.core.services.data_manager - DEBUG - CSV loading progress: 0% (0/100)
2025-03-27 21:10:25,453 - chestbuddy.core.services.data_manager - DEBUG - CSV loading progress: 0% (0/100)
2025-03-27 21:10:25,483 - chestbuddy.core.services.data_manager - DEBUG - Task status: Loading CSV data: 0 rows (File 1/1)
2025-03-27 21:10:25,536 - chestbuddy.core.services.data_manager - DEBUG - CSV loading progress: 0% (0/100)
2025-03-27 21:10:25,551 - chestbuddy.core.services.data_manager - DEBUG - CSV loading progress: 0% (0/100)
2025-03-27 21:10:25,566 - chestbuddy.core.services.data_manager - DEBUG - Task status: Loading CSV data: 0 rows (File 1/1)
2025-03-27 21:10:25,627 - chestbuddy.core.services.data_manager - DEBUG - CSV loading progress: 0% (0/100)
2025-03-27 21:10:25,635 - chestbuddy.core.services.data_manager - DEBUG - CSV loading progress: 0% (0/100)
2025-03-27 21:10:25,642 - chestbuddy.core.services.data_manager - DEBUG - Task status: Loading CSV data: 0 rows (File 1/1)
2025-03-27 21:10:25,730 - chestbuddy.core.services.data_manager - DEBUG - CSV loading progress: 0% (0/100)
2025-03-27 21:10:25,762 - chestbuddy.core.services.data_manager - DEBUG - CSV loading progress: 0% (0/100)
2025-03-27 21:10:25,786 - chestbuddy.core.services.data_manager - DEBUG - Task status: Loading CSV data: 0 rows (File 1/1)
2025-03-27 21:10:25,787 - chestbuddy.core.services.data_manager - DEBUG - CSV loading progress: 100% (100/100)
2025-03-27 21:10:25,787 - chestbuddy.core.services.data_manager - DEBUG - CSV loading progress: 100% (100/100)
2025-03-27 21:10:25,788 - chestbuddy.core.services.data_manager - DEBUG - Task status: Loading CSV data: 0 rows (File 1/1)
2025-03-27 21:10:25,792 - chestbuddy.utils.background_processing - INFO - Successfully loaded 12387 rows from 1 files
2025-03-27 21:10:25,792 - chestbuddy.utils.background_processing - DEBUG - Task completed: load_multi_csv_1_files
2025-03-27 21:10:25,792 - chestbuddy.core.services.data_manager - DEBUG - CSV loading progress: 100% (100/100)
2025-03-27 21:10:25,792 - chestbuddy.utils.background_processing - DEBUG - Thread finished and task cleanup completed
2025-03-27 21:10:25,792 - chestbuddy.core.services.data_manager - DEBUG - CSV loading progress: 100% (100/100)
2025-03-27 21:10:25,792 - chestbuddy.core.services.data_manager - DEBUG - Task status: Loading CSV data: 12,387 rows (File 1/1)
2025-03-27 21:10:25,792 - chestbuddy.core.services.data_manager - DEBUG - Background task load_multi_csv_1_files completed with result: <class 'tuple'>
2025-03-27 21:10:25,792 - chestbuddy.core.services.data_manager - INFO - DataManager._on_csv_load_success called
2025-03-27 21:10:25,792 - chestbuddy.core.services.data_manager - DEBUG - CSV load result message: None
2025-03-27 21:10:25,792 - chestbuddy.core.services.data_manager - INFO - CSV loaded successfully with 12387 rows
2025-03-27 21:10:25,793 - chestbuddy.ui.main_window - DEBUG - Load finished signal received: Successfully loaded 12,387 rows of data
2025-03-27 21:10:25,793 - chestbuddy.ui.widgets.progress_dialog - DEBUG - Progress dialog close called
2025-03-27 21:10:25,793 - chestbuddy.ui.widgets.progress_dialog - DEBUG - Dialog closed via window close button, emitting canceled signal
2025-03-27 21:10:25,793 - chestbuddy.core.controllers.progress_controller - DEBUG - Progress dialog cancel button clicked
2025-03-27 21:10:25,793 - chestbuddy.ui.widgets.progress_dialog - DEBUG - Cancel button clicked in progress dialog
2025-03-27 21:10:25,793 - chestbuddy.core.controllers.progress_controller - DEBUG - Progress dialog cancel button clicked
2025-03-27 21:10:25,793 - chestbuddy.ui.widgets.progress_dialog - DEBUG - Directly closing dialog after cancel button clicked
2025-03-27 21:10:25,798 - chestbuddy.ui.widgets.progress_dialog - DEBUG - Progress dialog successfully closed
2025-03-27 21:10:25,798 - chestbuddy.core.controllers.ui_state_controller - DEBUG - Updated data-dependent UI state: has_data=False
2025-03-27 21:10:25,798 - chestbuddy.core.services.data_manager - DEBUG - Mapping columns...
2025-03-27 21:10:25,800 - chestbuddy.core.services.data_manager - DEBUG - Mapped columns successfully, DataFrame shape: (12387, 6)
2025-03-27 21:10:25,800 - chestbuddy.core.services.data_manager - DEBUG - Unblocking data model signals before update
2025-03-27 21:10:25,800 - chestbuddy.core.services.data_manager - DEBUG - Updating data model with new data
2025-03-27 21:10:25,812 - chestbuddy.core.state.data_state - DEBUG - DataState updated: 12387 rows, 6 columns
2025-03-27 21:10:25,812 - chestbuddy.core.models.chest_data_model - DEBUG - Emitting data_changed signal with DataState.
2025-03-27 21:10:25,813 - chestbuddy.core.controllers.view_state_controller - INFO - Data changed event: has_data=True
2025-03-27 21:10:25,813 - chestbuddy.core.controllers.view_state_controller - INFO - Data loaded state changed: True
2025-03-27 21:10:25,813 - chestbuddy.ui.widgets.sidebar_navigation - ERROR - Error scheduling update for SidebarNavigation: "Service 'update_manager' not found"
2025-03-27 21:10:25,813 - chestbuddy.ui.widgets.sidebar_navigation - DEBUG - SidebarNavigation updated
2025-03-27 21:10:25,814 - chestbuddy.core.controllers.view_state_controller - INFO - Marking Data view for population (not current)
2025-03-27 21:10:25,814 - chestbuddy.core.controllers.view_state_controller - INFO - Refreshing active view 'Dashboard' via IUpdatable interface
2025-03-27 21:10:25,814 - chestbuddy.core.controllers.view_state_controller - DEBUG - View 'Dashboard' doesn't need refreshing
2025-03-27 21:10:25,815 - chestbuddy.ui.data_view - DEBUG - DataView._on_data_changed called
2025-03-27 21:10:25,815 - chestbuddy.ui.data_view - DEBUG - Auto-update disabled, skipping table update
2025-03-27 21:10:25,815 - chestbuddy.ui.views.updatable_view - ERROR - Error scheduling update for DataViewAdapter: "Service 'update_manager' not found"
2025-03-27 21:10:25,815 - chestbuddy.ui.views.updatable_view - DEBUG - DataViewAdapter updating with data: NoneType
2025-03-27 21:10:25,815 - chestbuddy.ui.views.data_view_adapter - DEBUG - DataViewAdapter: View needs population, calling populate_table
2025-03-27 21:10:25,974 - chestbuddy.ui.data_view - DEBUG - Status updated: Populating 12387 rows...
2025-03-27 21:10:25,975 - chestbuddy.ui.views.data_view_adapter - DEBUG - DataViewAdapter: View content updated
2025-03-27 21:10:25,975 - chestbuddy.ui.views.updatable_view - DEBUG - DataViewAdapter updated
2025-03-27 21:10:25,975 - chestbuddy.ui.correction_tab - DEBUG - Skipping CorrectionTab._update_view call - recursive or uninitialized UI
2025-03-27 21:10:25,975 - chestbuddy.ui.views.updatable_view - ERROR - Error scheduling update for CorrectionViewAdapter: "Service 'update_manager' not found"
2025-03-27 21:10:25,975 - chestbuddy.ui.views.updatable_view - DEBUG - CorrectionViewAdapter updating with data: NoneType
2025-03-27 21:10:25,975 - chestbuddy.ui.correction_tab - DEBUG - Skipping CorrectionTab._update_view call - recursive or uninitialized UI
2025-03-27 21:10:25,975 - chestbuddy.ui.views.correction_view_adapter - DEBUG - CorrectionViewAdapter: View content updated
2025-03-27 21:10:25,975 - chestbuddy.ui.views.updatable_view - DEBUG - CorrectionViewAdapter updated
2025-03-27 21:10:25,975 - chestbuddy.ui.views.updatable_view - ERROR - Error scheduling update for ChartViewAdapter: "Service 'update_manager' not found"
2025-03-27 21:10:25,975 - chestbuddy.ui.views.updatable_view - DEBUG - ChartViewAdapter updating with data: NoneType
2025-03-27 21:10:25,975 - chestbuddy.ui.views.chart_view_adapter - DEBUG - ChartViewAdapter: View content updated
2025-03-27 21:10:25,977 - chestbuddy.ui.views.updatable_view - DEBUG - ChartViewAdapter updated
2025-03-27 21:10:25,977 - chestbuddy.core.controllers.data_view_controller - DEBUG - Auto-validate action state changed to: True
2025-03-27 21:10:25,977 - chestbuddy.core.controllers.data_view_controller - INFO - Updated validation service auto-validate setting to: True
2025-03-27 21:10:25,977 - chestbuddy.core.controllers.ui_state_controller - DEBUG - Action states updated: {'save': True, 'save_as': True, 'export': True, 'validate': True, 'correct': True, 'chart': True, 'filter': True, 'sort': True, 'add_to_validation': True, 'clear_validation': True, 'refresh_validation': True, 'auto_validate': True}
2025-03-27 21:10:25,977 - chestbuddy.core.controllers.ui_state_controller - DEBUG - Status message updated: Data loaded and ready
2025-03-27 21:10:25,977 - chestbuddy.core.controllers.ui_state_controller - DEBUG - Updated data-dependent UI state: has_data=True
2025-03-27 21:10:26,251 - chestbuddy.core.controllers.ui_state_controller - DEBUG - Status message updated: Data loaded: 12,387 rows
2025-03-27 21:10:26,251 - chestbuddy.core.controllers.ui_state_controller - DEBUG - Status message updated: Data loaded and ready
2025-03-27 21:10:26,251 - chestbuddy.core.controllers.ui_state_controller - DEBUG - Updated data-dependent UI state: has_data=True
2025-03-27 21:10:26,251 - chestbuddy.core.services.data_manager - INFO - Emitting data_loaded signal
2025-03-27 21:10:26,251 - chestbuddy.ui.main_window - INFO - Data loaded signal received, ensuring data table is populated
2025-03-27 21:10:26,252 - chestbuddy.ui.main_window - INFO - Data view doesn't need refresh, skipping table population
2025-03-27 21:10:26,252 - chestbuddy.ui.main_window - ERROR - Error in fallback table population: 'ViewStateController' object has no attribute 'get_view'
2025-03-27 21:10:26,252 - chestbuddy.core.controllers.view_state_controller - INFO - Refreshing active view 'Dashboard' via IUpdatable interface
2025-03-27 21:10:26,252 - chestbuddy.core.controllers.view_state_controller - DEBUG - View 'Dashboard' doesn't need refreshing
2025-03-27 21:10:26,252 - chestbuddy.core.controllers.ui_state_controller - DEBUG - Status message updated: Data loaded: 12,387 rows
2025-03-27 21:10:26,252 - chestbuddy.core.services.data_manager - INFO - Emitted load_success signal
2025-03-27 21:10:26,254 - chestbuddy.ui.data_view - DEBUG - Status updated: Populating table: 0% (0/12387 rows)
2025-03-27 21:10:26,294 - chestbuddy.ui.data_view - DEBUG - Status updated: Populating table: 1% (200/12387 rows)
2025-03-27 21:10:26,326 - chestbuddy.ui.data_view - DEBUG - Status updated: Populating table: 3% (400/12387 rows)
2025-03-27 21:10:26,363 - chestbuddy.ui.data_view - DEBUG - Status updated: Populating table: 4% (600/12387 rows)
2025-03-27 21:10:26,397 - chestbuddy.ui.data_view - DEBUG - Status updated: Populating table: 6% (800/12387 rows)
2025-03-27 21:10:26,434 - chestbuddy.ui.data_view - DEBUG - Status updated: Populating table: 8% (1000/12387 rows)
2025-03-27 21:10:26,468 - chestbuddy.ui.data_view - DEBUG - Status updated: Populating table: 9% (1200/12387 rows)
2025-03-27 21:10:26,508 - chestbuddy.ui.data_view - DEBUG - Status updated: Populating table: 11% (1400/12387 rows)
2025-03-27 21:10:26,542 - chestbuddy.ui.data_view - DEBUG - Status updated: Populating table: 12% (1600/12387 rows)
2025-03-27 21:10:26,578 - chestbuddy.ui.data_view - DEBUG - Status updated: Populating table: 14% (1800/12387 rows)
2025-03-27 21:10:26,612 - chestbuddy.ui.data_view - DEBUG - Status updated: Populating table: 16% (2000/12387 rows)
2025-03-27 21:10:26,646 - chestbuddy.ui.data_view - DEBUG - Status updated: Populating table: 17% (2200/12387 rows)
2025-03-27 21:10:26,682 - chestbuddy.ui.data_view - DEBUG - Status updated: Populating table: 19% (2400/12387 rows)
2025-03-27 21:10:26,718 - chestbuddy.ui.data_view - DEBUG - Status updated: Populating table: 20% (2600/12387 rows)
2025-03-27 21:10:26,751 - chestbuddy.ui.data_view - DEBUG - Status updated: Populating table: 22% (2800/12387 rows)
2025-03-27 21:10:26,783 - chestbuddy.ui.data_view - DEBUG - Status updated: Populating table: 24% (3000/12387 rows)
2025-03-27 21:10:26,816 - chestbuddy.ui.data_view - DEBUG - Status updated: Populating table: 25% (3200/12387 rows)
2025-03-27 21:10:26,849 - chestbuddy.ui.data_view - DEBUG - Status updated: Populating table: 27% (3400/12387 rows)
2025-03-27 21:10:26,881 - chestbuddy.ui.data_view - DEBUG - Status updated: Populating table: 29% (3600/12387 rows)
2025-03-27 21:10:26,915 - chestbuddy.ui.data_view - DEBUG - Status updated: Populating table: 30% (3800/12387 rows)
2025-03-27 21:10:26,949 - chestbuddy.ui.data_view - DEBUG - Status updated: Populating table: 32% (4000/12387 rows)
2025-03-27 21:10:26,982 - chestbuddy.ui.data_view - DEBUG - Status updated: Populating table: 33% (4200/12387 rows)
2025-03-27 21:10:27,015 - chestbuddy.ui.data_view - DEBUG - Status updated: Populating table: 35% (4400/12387 rows)
2025-03-27 21:10:27,070 - chestbuddy.ui.data_view - DEBUG - Status updated: Populating table: 37% (4600/12387 rows)
2025-03-27 21:10:27,102 - chestbuddy.ui.data_view - DEBUG - Status updated: Populating table: 38% (4800/12387 rows)
2025-03-27 21:10:27,134 - chestbuddy.ui.data_view - DEBUG - Status updated: Populating table: 40% (5000/12387 rows)
2025-03-27 21:10:27,167 - chestbuddy.ui.data_view - DEBUG - Status updated: Populating table: 41% (5200/12387 rows)
2025-03-27 21:10:27,201 - chestbuddy.ui.data_view - DEBUG - Status updated: Populating table: 43% (5400/12387 rows)
2025-03-27 21:10:27,232 - chestbuddy.ui.data_view - DEBUG - Status updated: Populating table: 45% (5600/12387 rows)
2025-03-27 21:10:27,266 - chestbuddy.ui.data_view - DEBUG - Status updated: Populating table: 46% (5800/12387 rows)
2025-03-27 21:10:27,298 - chestbuddy.ui.data_view - DEBUG - Status updated: Populating table: 48% (6000/12387 rows)
2025-03-27 21:10:27,333 - chestbuddy.ui.data_view - DEBUG - Status updated: Populating table: 50% (6200/12387 rows)
2025-03-27 21:10:27,366 - chestbuddy.ui.data_view - DEBUG - Status updated: Populating table: 51% (6400/12387 rows)
2025-03-27 21:10:27,399 - chestbuddy.ui.data_view - DEBUG - Status updated: Populating table: 53% (6600/12387 rows)
2025-03-27 21:10:27,432 - chestbuddy.ui.data_view - DEBUG - Status updated: Populating table: 54% (6800/12387 rows)
2025-03-27 21:10:27,460 - chestbuddy.ui.main_window - DEBUG - Navigation changed: Data - 
2025-03-27 21:10:27,461 - chestbuddy.core.controllers.view_state_controller - DEBUG - Updating sidebar via IUpdatable interface
2025-03-27 21:10:27,461 - chestbuddy.ui.widgets.sidebar_navigation - DEBUG - SidebarNavigation updated
2025-03-27 21:10:27,465 - chestbuddy.core.controllers.view_state_controller - DEBUG - Navigation history updated: position=1, history=['Dashboard', 'Data']
2025-03-27 21:10:27,465 - chestbuddy.core.controllers.view_state_controller - INFO - View changed from 'Dashboard' to 'Data'
2025-03-27 21:10:27,465 - chestbuddy.core.controllers.view_state_controller - INFO - View transition already in progress, queuing change to 'Data'
2025-03-27 21:10:27,465 - chestbuddy.ui.main_window - DEBUG - Navigation changed: Data - 
2025-03-27 21:10:27,465 - chestbuddy.core.controllers.view_state_controller - INFO - View transition already in progress, queuing change to 'Data'
2025-03-27 21:10:27,466 - chestbuddy.ui.main_window - DEBUG - Navigation changed: Data - 
2025-03-27 21:10:27,466 - chestbuddy.core.controllers.view_state_controller - INFO - View transition already in progress, queuing change to 'Data'
2025-03-27 21:10:27,467 - chestbuddy.core.controllers.view_state_controller - INFO - View transition already in progress, queuing change to 'Data'
2025-03-27 21:10:27,467 - chestbuddy.ui.main_window - DEBUG - Navigation changed: Data - 
2025-03-27 21:10:27,467 - chestbuddy.core.controllers.view_state_controller - INFO - View transition already in progress, queuing change to 'Data'
2025-03-27 21:10:27,467 - chestbuddy.ui.data_view - DEBUG - Status updated: Populating table: 56% (7000/12387 rows)
2025-03-27 21:10:27,511 - chestbuddy.ui.data_view - DEBUG - Status updated: Populating table: 58% (7200/12387 rows)
2025-03-27 21:10:27,553 - chestbuddy.core.controllers.view_state_controller - DEBUG - View transition to 'Data' completed
2025-03-27 21:10:27,553 - chestbuddy.core.controllers.view_state_controller - INFO - Processing pending view change to 'Data' with subsection 'None'
2025-03-27 21:10:27,554 - chestbuddy.ui.data_view - DEBUG - Status updated: Populating table: 59% (7400/12387 rows)
2025-03-27 21:10:27,594 - chestbuddy.ui.data_view - DEBUG - Status updated: Populating table: 61% (7600/12387 rows)
2025-03-27 21:10:27,635 - chestbuddy.ui.data_view - DEBUG - Status updated: Populating table: 62% (7800/12387 rows)
2025-03-27 21:10:27,678 - chestbuddy.ui.data_view - DEBUG - Status updated: Populating table: 64% (8000/12387 rows)
2025-03-27 21:10:27,722 - chestbuddy.ui.data_view - DEBUG - Status updated: Populating table: 66% (8200/12387 rows)
2025-03-27 21:10:27,762 - chestbuddy.ui.data_view - DEBUG - Status updated: Populating table: 67% (8400/12387 rows)
2025-03-27 21:10:27,809 - chestbuddy.ui.data_view - DEBUG - Status updated: Populating table: 69% (8600/12387 rows)
2025-03-27 21:10:27,857 - chestbuddy.ui.data_view - DEBUG - Status updated: Populating table: 71% (8800/12387 rows)
2025-03-27 21:10:27,899 - chestbuddy.ui.data_view - DEBUG - Status updated: Populating table: 72% (9000/12387 rows)
2025-03-27 21:10:27,942 - chestbuddy.ui.data_view - DEBUG - Status updated: Populating table: 74% (9200/12387 rows)
2025-03-27 21:10:27,985 - chestbuddy.ui.data_view - DEBUG - Status updated: Populating table: 75% (9400/12387 rows)
2025-03-27 21:10:28,024 - chestbuddy.ui.data_view - DEBUG - Status updated: Populating table: 77% (9600/12387 rows)
2025-03-27 21:10:28,069 - chestbuddy.ui.data_view - DEBUG - Status updated: Populating table: 79% (9800/12387 rows)
2025-03-27 21:10:28,110 - chestbuddy.ui.data_view - DEBUG - Status updated: Populating table: 80% (10000/12387 rows)
2025-03-27 21:10:28,155 - chestbuddy.ui.data_view - DEBUG - Status updated: Populating table: 82% (10200/12387 rows)
2025-03-27 21:10:28,200 - chestbuddy.ui.data_view - DEBUG - Status updated: Populating table: 83% (10400/12387 rows)
2025-03-27 21:10:28,242 - chestbuddy.ui.data_view - DEBUG - Status updated: Populating table: 85% (10600/12387 rows)
2025-03-27 21:10:28,289 - chestbuddy.ui.data_view - DEBUG - Status updated: Populating table: 87% (10800/12387 rows)
2025-03-27 21:10:28,329 - chestbuddy.ui.data_view - DEBUG - Status updated: Populating table: 88% (11000/12387 rows)
2025-03-27 21:10:28,369 - chestbuddy.ui.data_view - DEBUG - Status updated: Populating table: 90% (11200/12387 rows)
2025-03-27 21:10:28,409 - chestbuddy.ui.data_view - DEBUG - Status updated: Populating table: 92% (11400/12387 rows)
2025-03-27 21:10:28,449 - chestbuddy.ui.data_view - DEBUG - Status updated: Populating table: 93% (11600/12387 rows)
2025-03-27 21:10:28,492 - chestbuddy.ui.data_view - DEBUG - Status updated: Populating table: 95% (11800/12387 rows)
2025-03-27 21:10:28,532 - chestbuddy.ui.data_view - DEBUG - Status updated: Populating table: 96% (12000/12387 rows)
2025-03-27 21:10:28,572 - chestbuddy.ui.data_view - DEBUG - Status updated: Populating table: 98% (12200/12387 rows)
2025-03-27 21:10:28,611 - chestbuddy.ui.data_view - DEBUG - Set PLAYER column (index 1) width to 200px
2025-03-27 21:10:28,611 - chestbuddy.ui.data_view - DEBUG - Set SOURCE column (index 2) width to 200px
2025-03-27 21:10:28,611 - chestbuddy.ui.data_view - DEBUG - Set CHEST column (index 3) width to 200px
2025-03-27 21:10:28,611 - chestbuddy.ui.data_view - DEBUG - Set SCORE column (index 4) width to 80px
2025-03-27 21:10:28,611 - chestbuddy.ui.data_view - DEBUG - Set CLAN column (index 5) width to 80px
2025-03-27 21:10:28,611 - chestbuddy.ui.data_view - DEBUG - Status updated: Showing all 12387 rows
2025-03-27 21:10:31,404 - chestbuddy.ui.main_window - DEBUG - Navigation changed: Validation - 
2025-03-27 21:10:31,404 - chestbuddy.core.controllers.view_state_controller - DEBUG - Updating sidebar via IUpdatable interface
2025-03-27 21:10:31,405 - chestbuddy.ui.widgets.sidebar_navigation - DEBUG - SidebarNavigation updated
2025-03-27 21:10:31,407 - chestbuddy.core.controllers.view_state_controller - DEBUG - Navigation history updated: position=2, history=['Dashboard', 'Data', 'Validation']
2025-03-27 21:10:31,407 - chestbuddy.core.controllers.view_state_controller - INFO - View changed from 'Data' to 'Validation'
2025-03-27 21:10:31,407 - chestbuddy.ui.main_window - DEBUG - Navigation changed: Validation - 
2025-03-27 21:10:31,408 - chestbuddy.ui.main_window - DEBUG - Navigation changed: Validation - 
2025-03-27 21:10:31,408 - chestbuddy.core.controllers.view_state_controller - INFO - View transition already in progress, queuing change to 'Validation'
2025-03-27 21:10:31,408 - chestbuddy.ui.main_window - DEBUG - Navigation changed: Validation - 
2025-03-27 21:10:31,463 - chestbuddy.core.controllers.view_state_controller - DEBUG - View transition to 'Validation' completed
2025-03-27 21:10:31,463 - chestbuddy.core.controllers.view_state_controller - INFO - Processing pending view change to 'Validation' with subsection ''
2025-03-27 21:10:32,509 - chestbuddy.ui.views.validation_tab_view - DEBUG - Status updated: Validating data...
2025-03-27 21:10:35,358 - chestbuddy.ui.data_view - DEBUG - Handling validation changed in DataView
2025-03-27 21:10:35,373 - chestbuddy.ui.data_view - DEBUG - Got validation status: <class 'pandas.core.frame.DataFrame'>
2025-03-27 21:10:35,373 - chestbuddy.ui.data_view - DEBUG - Adding STATUS_COLUMN at column index 6
2025-03-27 21:10:35,462 - chestbuddy.ui.data_view - DEBUG - Handling DataFrame validation status with columns: ['duplicates', 'player_validation', 'PLAYER_valid', 'chest_type_validation', 'CHEST_valid', 'source_validation', 'SOURCE_valid', 'DATE_valid', 'SCORE_valid', 'CLAN_valid']
2025-03-27 21:10:37,443 - chestbuddy.ui.data_view - DEBUG - Validation status update complete
2025-03-27 21:10:37,444 - chestbuddy.core.services.validation_service - INFO - Updated validation status for 4 rules
2025-03-27 21:10:37,445 - chestbuddy.ui.views.validation_tab_view - DEBUG - Status updated: Validation complete: Found 12331 issues
2025-03-27 21:10:37,445 - chestbuddy.ui.views.validation_view_adapter - DEBUG - Validation status changed
2025-03-27 21:10:37,445 - chestbuddy.ui.views.validation_tab_view - INFO - Validation completed
2025-03-27 21:10:38,252 - chestbuddy.ui.main_window - DEBUG - Navigation changed: Data - 
2025-03-27 21:10:38,253 - chestbuddy.core.controllers.view_state_controller - DEBUG - Updating sidebar via IUpdatable interface
2025-03-27 21:10:38,253 - chestbuddy.ui.widgets.sidebar_navigation - DEBUG - SidebarNavigation updated
2025-03-27 21:10:38,255 - chestbuddy.core.controllers.view_state_controller - DEBUG - Navigation history updated: position=3, history=['Dashboard', 'Data', 'Validation', 'Data']
2025-03-27 21:10:38,255 - chestbuddy.core.controllers.view_state_controller - INFO - View changed from 'Validation' to 'Data'
2025-03-27 21:10:38,256 - chestbuddy.core.controllers.view_state_controller - INFO - View transition already in progress, queuing change to 'Data'
2025-03-27 21:10:38,256 - chestbuddy.ui.main_window - DEBUG - Navigation changed: Data - 
2025-03-27 21:10:38,256 - chestbuddy.core.controllers.view_state_controller - INFO - View transition already in progress, queuing change to 'Data'
2025-03-27 21:10:38,257 - chestbuddy.ui.main_window - DEBUG - Navigation changed: Data - 
2025-03-27 21:10:38,257 - chestbuddy.core.controllers.view_state_controller - INFO - View transition already in progress, queuing change to 'Data'
2025-03-27 21:10:38,257 - chestbuddy.core.controllers.view_state_controller - INFO - View transition already in progress, queuing change to 'Data'
2025-03-27 21:10:38,257 - chestbuddy.ui.main_window - DEBUG - Navigation changed: Data - 
2025-03-27 21:10:38,257 - chestbuddy.core.controllers.view_state_controller - INFO - View transition already in progress, queuing change to 'Data'
2025-03-27 21:10:38,330 - chestbuddy.core.controllers.view_state_controller - DEBUG - View transition to 'Data' completed
2025-03-27 21:10:38,330 - chestbuddy.core.controllers.view_state_controller - INFO - Processing pending view change to 'Data' with subsection 'None'
2025-03-27 21:10:41,451 - chestbuddy.ui.main_window - INFO - Cancelling any ongoing operations before closing
2025-03-27 21:10:41,451 - chestbuddy.core.services.data_manager - INFO - DataManager.cancel_loading called
2025-03-27 21:10:41,451 - chestbuddy.core.services.data_manager - DEBUG - Set cancellation flag to True
2025-03-27 21:10:41,451 - chestbuddy.core.services.data_manager - DEBUG - No active task to cancel
2025-03-27 21:10:41,451 - chestbuddy.core.services.data_manager - DEBUG - Loading operation cancelled successfully
2025-03-27 21:10:41,571 - __main__ - INFO - Cleaning up application resources
2025-03-27 21:10:41,571 - chestbuddy.utils.service_locator - DEBUG - All services and factories cleared
2025-03-27 21:10:41,572 - __main__ - ERROR - Error during application cleanup: type object 'BackgroundWorker' has no attribute 'shutdown'
2025-03-27 21:10:41,572 - chestbuddy.core.controllers.base_controller - DEBUG - ErrorHandlingController disconnected all connections (0 total)
2025-03-27 21:10:41,572 - chestbuddy.core.controllers.base_controller - DEBUG - ErrorHandlingController destroyed and connections cleaned up
2025-03-27 21:10:41,572 - chestbuddy.ui.utils.update_manager - DEBUG - All updates cancelled
2025-03-27 21:10:41,910 - chestbuddy.core.controllers.base_controller - DEBUG - FileOperationsController disconnected from model: DataManager (0 connections)
2025-03-27 21:10:41,911 - chestbuddy.core.controllers.base_controller - DEBUG - FileOperationsController disconnected all connections (0 total)
2025-03-27 21:10:41,911 - chestbuddy.core.controllers.base_controller - DEBUG - FileOperationsController destroyed and connections cleaned up
2025-03-27 21:10:41,911 - chestbuddy.core.controllers.base_controller - DEBUG - ProgressController disconnected all connections (0 total)
2025-03-27 21:10:41,911 - chestbuddy.core.controllers.base_controller - DEBUG - ProgressController destroyed and connections cleaned up
2025-03-27 21:10:41,911 - chestbuddy.utils.background_processing - DEBUG - Thread was not running during cleanup
2025-03-27 21:10:41,944 - chestbuddy.core.controllers.base_controller - DEBUG - ViewStateController disconnected from view: SidebarNavigation (0 connections)
2025-03-27 21:10:41,944 - chestbuddy.core.controllers.base_controller - DEBUG - ViewStateController disconnected from model: ChestDataModel (0 connections)
2025-03-27 21:10:41,944 - chestbuddy.core.controllers.base_controller - DEBUG - ViewStateController disconnected all connections (0 total)
2025-03-27 21:10:41,944 - chestbuddy.core.controllers.base_controller - DEBUG - ViewStateController destroyed and connections cleaned up
2025-03-27 21:10:41,944 - chestbuddy.core.controllers.base_controller - DEBUG - UIStateController disconnected all connections (0 total)
2025-03-27 21:10:41,944 - chestbuddy.core.controllers.base_controller - DEBUG - UIStateController destroyed and connections cleaned up
2025-03-27 21:10:41,944 - chestbuddy.core.controllers.base_controller - DEBUG - DataViewController disconnected from model: ChestDataModel (0 connections)
2025-03-27 21:10:41,944 - chestbuddy.core.controllers.base_controller - DEBUG - DataViewController disconnected all connections (0 total)
2025-03-27 21:10:41,944 - chestbuddy.core.controllers.base_controller - DEBUG - DataViewController destroyed and connections cleaned up
2025-03-27 21:10:41,944 - chestbuddy.ui.views.base_view - DEBUG - Disconnected signals for DashboardView
2025-03-27 21:10:41,944 - chestbuddy.ui.views.base_view - ERROR - Error disconnecting signals for DataViewAdapter: Internal C++ object (ChestDataModel) already deleted.
2025-03-27 21:10:41,945 - chestbuddy.ui.views.base_view - DEBUG - Disconnected signals for ValidationViewAdapter
2025-03-27 21:10:41,945 - chestbuddy.ui.views.base_view - ERROR - Error disconnecting signals for CorrectionViewAdapter: Internal C++ object (ChestDataModel) already deleted.
2025-03-27 21:10:41,945 - chestbuddy.ui.views.base_view - ERROR - Error disconnecting signals for ChartViewAdapter: Internal C++ object (ChestDataModel) already deleted.
