2025-04-02 15:24:12,021 [INFO] verify_dataview_display: === Setting up verification components ===
2025-04-02 15:24:12,022 [INFO] verify_dataview_display: Creating sample data
2025-04-02 15:24:12,022 [INFO] verify_dataview_display: Sample data created with shape: (4, 6)
2025-04-02 15:24:12,023 [INFO] verify_dataview_display: Creating ChestDataModel
2025-04-02 15:24:12,025 [DEBUG] chestbuddy.utils.config: Loaded existing configuration from: C:\Users\schrd\AppData\Roaming\ChestBuddy\config.ini
2025-04-02 15:24:12,025 [DEBUG] chestbuddy.utils.config: Config get: General.version = 1.1
2025-04-02 15:24:12,025 [DEBUG] chestbuddy.core.models.chest_data_model: Updated data hash to: 1d4f9f63b040166415e97d034fc84c19
2025-04-02 15:24:12,025 [DEBUG] chestbuddy.core.state.data_state: DataState updated: 0 rows, 6 columns
2025-04-02 15:24:12,025 [INFO] verify_dataview_display: Setting data directly to model
2025-04-02 15:24:12,025 [INFO] verify_dataview_display: Creating status dataframes manually
2025-04-02 15:24:12,028 [DEBUG] chestbuddy.core.models.chest_data_model: Updated data hash to: 33c624fad720725109cb363b2ebb3b57
2025-04-02 15:24:12,028 [INFO] verify_dataview_display: Data model created with 4 rows
2025-04-02 15:24:12,028 [INFO] verify_dataview_display: Creating TableStateManager
2025-04-02 15:24:12,029 [DEBUG] chestbuddy.core.table_state_manager: TableStateManager initialized
2025-04-02 15:24:12,029 [INFO] verify_dataview_display: Creating DataView directly
2025-04-02 15:24:12,035 [INFO] chestbuddy.ui.data_view: Installed event filter on table view
2025-04-02 15:24:12,035 [INFO] chestbuddy.ui.data_view: Registered Ctrl+C shortcut for copying
2025-04-02 15:24:12,035 [INFO] chestbuddy.ui.data_view: Registered Ctrl+V shortcut for pasting
2025-04-02 15:24:12,035 [DEBUG] chestbuddy.ui.data_view: Applying table styling in DataView
2025-04-02 15:24:12,037 [DEBUG] chestbuddy.ui.data_view: Disabled alternating row colors to prevent highlighting issues
2025-04-02 15:24:12,037 [DEBUG] chestbuddy.ui.data_view: Set default item foreground color to white
2025-04-02 15:24:12,038 [DEBUG] chestbuddy.ui.data_view: Populated column selector with 6 columns
2025-04-02 15:24:12,039 [DEBUG] chestbuddy.ui.data_view: Connecting import button clicked signal to _on_import_clicked handler
2025-04-02 15:24:12,039 [DEBUG] chestbuddy.ui.data_view: Connecting export button clicked signal to _on_export_clicked handler
2025-04-02 15:24:12,039 [DEBUG] chestbuddy.ui.data_view: Connected filter text Enter key to apply filter
2025-04-02 15:24:12,039 [INFO] chestbuddy.ui.data_view: Connected custom context menu
2025-04-02 15:24:12,040 [INFO] chestbuddy.ui.data_view: Connected double-click handler for direct editing
2025-04-02 15:24:12,040 [DEBUG] chestbuddy.ui.data_view: Connected refresh button
2025-04-02 15:24:12,043 [DEBUG] chestbuddy.ui.data_view: Added STATUS_COLUMN to columns list: ['PLAYER', 'CHEST', 'SOURCE', 'SCORE', 'CLAN', 'DATE', 'STATUS']
2025-04-02 15:24:12,043 [DEBUG] chestbuddy.ui.data_view: Temporarily setting proxy model's source model to None
2025-04-02 15:24:12,043 [DEBUG] chestbuddy.ui.data_view: Starting chunked population: 4 rows, 7 columns
2025-04-02 15:24:12,044 [DEBUG] chestbuddy.ui.data_view: Populating chunk from 0 to 4 of 4 rows
2025-04-02 15:24:12,047 [DEBUG] chestbuddy.ui.data_view: Chunk population complete: 4 rows processed
2025-04-02 15:24:12,047 [DEBUG] chestbuddy.ui.data_view: Finalizing data population
2025-04-02 15:24:12,048 [DEBUG] chestbuddy.ui.data_view: Reconnecting proxy model to source model during finalization
2025-04-02 15:24:12,049 [DEBUG] chestbuddy.ui.data_view: Set PLAYER column (index 0) width to 200px
2025-04-02 15:24:12,049 [DEBUG] chestbuddy.ui.data_view: Set CHEST column (index 1) width to 200px
2025-04-02 15:24:12,049 [DEBUG] chestbuddy.ui.data_view: Set SOURCE column (index 2) width to 200px
2025-04-02 15:24:12,049 [DEBUG] chestbuddy.ui.data_view: Set SCORE column (index 3) width to 80px
2025-04-02 15:24:12,049 [DEBUG] chestbuddy.ui.data_view: Set CLAN column (index 4) width to 80px
2025-04-02 15:24:12,049 [DEBUG] chestbuddy.ui.data_view: Set STATUS column (index 6) width to 60px
2025-04-02 15:24:12,049 [DEBUG] chestbuddy.ui.data_view: Set STATUS column (index 6) width to 60px
2025-04-02 15:24:12,050 [DEBUG] chestbuddy.ui.data_view: Status updated: Showing all 4 rows
2025-04-02 15:24:12,050 [DEBUG] chestbuddy.ui.data_view: Data population completed successfully
2025-04-02 15:24:12,050 [INFO] verify_dataview_display: DataView created with ID: 2865917068544
2025-04-02 15:24:12,050 [INFO] verify_dataview_display: Setting TableStateManager on DataView
2025-04-02 15:24:12,050 [DEBUG] chestbuddy.ui.data_view: ==== DataView.set_table_state_manager called ====
2025-04-02 15:24:12,050 [DEBUG] chestbuddy.ui.data_view: TableStateManager reference set in DataView
2025-04-02 15:24:12,051 [DEBUG] chestbuddy.ui.data_view: Connected to TableStateManager.state_changed signal successfully
2025-04-02 15:24:12,051 [DEBUG] chestbuddy.ui.data_view: TableStateManager integration with DataView complete
2025-04-02 15:24:12,051 [DEBUG] chestbuddy.ui.data_view: Current cell states: 0 invalid, 0 correctable, 0 corrected
2025-04-02 15:24:12,051 [INFO] verify_dataview_display: Adding DataView to layout
2025-04-02 15:24:12,051 [INFO] verify_dataview_display: Populating DataView
2025-04-02 15:24:12,051 [DEBUG] chestbuddy.ui.data_view: Added STATUS_COLUMN to columns list: ['PLAYER', 'CHEST', 'SOURCE', 'SCORE', 'CLAN', 'DATE', 'STATUS']
2025-04-02 15:24:12,051 [DEBUG] chestbuddy.ui.data_view: Temporarily setting proxy model's source model to None
2025-04-02 15:24:12,052 [DEBUG] chestbuddy.ui.data_view: Starting chunked population: 4 rows, 7 columns
2025-04-02 15:24:12,052 [DEBUG] chestbuddy.ui.data_view: Populating chunk from 0 to 4 of 4 rows
2025-04-02 15:24:12,053 [DEBUG] chestbuddy.ui.data_view: Chunk population complete: 4 rows processed
2025-04-02 15:24:12,053 [DEBUG] chestbuddy.ui.data_view: Finalizing data population
2025-04-02 15:24:12,053 [DEBUG] chestbuddy.ui.data_view: Reconnecting proxy model to source model during finalization
2025-04-02 15:24:12,053 [DEBUG] chestbuddy.ui.data_view: Set PLAYER column (index 0) width to 200px
2025-04-02 15:24:12,053 [DEBUG] chestbuddy.ui.data_view: Set CHEST column (index 1) width to 200px
2025-04-02 15:24:12,053 [DEBUG] chestbuddy.ui.data_view: Set SOURCE column (index 2) width to 200px
2025-04-02 15:24:12,053 [DEBUG] chestbuddy.ui.data_view: Set SCORE column (index 3) width to 80px
2025-04-02 15:24:12,054 [DEBUG] chestbuddy.ui.data_view: Set CLAN column (index 4) width to 80px
2025-04-02 15:24:12,054 [DEBUG] chestbuddy.ui.data_view: Set STATUS column (index 6) width to 60px
2025-04-02 15:24:12,054 [DEBUG] chestbuddy.ui.data_view: Set STATUS column (index 6) width to 60px
2025-04-02 15:24:12,054 [DEBUG] chestbuddy.ui.data_view: Status updated: Showing all 4 rows
2025-04-02 15:24:12,054 [DEBUG] chestbuddy.ui.data_view: Data population completed successfully
2025-04-02 15:24:12,054 [INFO] verify_dataview_display: Component setup complete
2025-04-02 15:24:13,056 [INFO] verify_dataview_display: === Verifying initial display ===
2025-04-02 15:24:13,056 [INFO] verify_dataview_display: Table view exists, visible: True
2025-04-02 15:24:13,056 [INFO] verify_dataview_display: Table view dimensions: PySide6.QtCore.QSize(980, 697)
2025-04-02 15:24:13,056 [INFO] verify_dataview_display: Table model exists with 4 rows
2025-04-02 15:24:13,057 [INFO] verify_dataview_display: Table model columns: 7
2025-04-02 15:24:13,057 [INFO] verify_dataview_display: Cell (0, 0) contains: player1
2025-04-02 15:24:13,057 [INFO] verify_dataview_display: Cell (0, 1) contains: wooden
2025-04-02 15:24:13,057 [INFO] verify_dataview_display: Cell (0, 2) contains: daily
2025-04-02 15:24:13,057 [INFO] verify_dataview_display: Cell (1, 0) contains: player2
2025-04-02 15:24:13,057 [INFO] verify_dataview_display: Cell (1, 1) contains: silver
2025-04-02 15:24:13,058 [INFO] verify_dataview_display: Cell (1, 2) contains: quest
2025-04-02 15:24:13,058 [INFO] verify_dataview_display: Cell (2, 0) contains: player3
2025-04-02 15:24:13,058 [INFO] verify_dataview_display: Cell (2, 1) contains: golden
2025-04-02 15:24:13,058 [INFO] verify_dataview_display: Cell (2, 2) contains: victory
2025-04-02 15:24:13,058 [INFO] verify_dataview_display: Action toolbar exists: True
2025-04-02 15:24:13,058 [INFO] verify_dataview_display: Filter input exists: True
2025-04-02 15:24:13,058 [INFO] verify_dataview_display: Column selector exists: True
2025-04-02 15:24:13,058 [INFO] verify_dataview_display: Action toolbar visible: True
2025-04-02 15:24:13,058 [INFO] verify_dataview_display: Filter text input visible: True
2025-04-02 15:24:13,058 [INFO] verify_dataview_display: Color legend visible: True
2025-04-02 15:24:14,051 [INFO] verify_dataview_display: === Testing validation highlighting ===
2025-04-02 15:24:14,051 [INFO] verify_dataview_display: Updating cell states from validation
2025-04-02 15:24:14,051 [DEBUG] chestbuddy.core.table_state_manager: ==== TableStateManager.update_cell_states_from_validation called ====
2025-04-02 15:24:14,052 [DEBUG] chestbuddy.core.table_state_manager: Validation status DataFrame shape: (3, 3)
2025-04-02 15:24:14,052 [DEBUG] chestbuddy.core.table_state_manager: Validation status columns: ['ROW_IDX', 'COL_IDX', 'STATUS']
2025-04-02 15:24:14,056 [DEBUG] chestbuddy.core.table_state_manager: Sample validation data (first 3 rows):
   ROW_IDX  COL_IDX   STATUS
0        0        0  invalid
1        1        1  invalid
2        2        2  invalid
2025-04-02 15:24:14,057 [DEBUG] chestbuddy.core.table_state_manager: Reset 0 existing validation states
2025-04-02 15:24:14,057 [DEBUG] chestbuddy.core.table_state_manager: Using standard validation status format with ROW_IDX, COL_IDX, STATUS
2025-04-02 15:24:14,057 [DEBUG] chestbuddy.core.table_state_manager: Cell (0, 0) state set to INVALID
2025-04-02 15:24:14,057 [DEBUG] chestbuddy.core.table_state_manager: Set cell (0, 0) to INVALID state
2025-04-02 15:24:14,057 [DEBUG] chestbuddy.core.table_state_manager: Cell (1, 1) state set to INVALID
2025-04-02 15:24:14,057 [DEBUG] chestbuddy.core.table_state_manager: Set cell (1, 1) to INVALID state
2025-04-02 15:24:14,058 [DEBUG] chestbuddy.core.table_state_manager: Cell (2, 2) state set to INVALID
2025-04-02 15:24:14,058 [DEBUG] chestbuddy.core.table_state_manager: Set cell (2, 2) to INVALID state
2025-04-02 15:24:14,058 [DEBUG] chestbuddy.core.table_state_manager: Updated 3 cells using standard format
2025-04-02 15:24:14,058 [DEBUG] chestbuddy.core.table_state_manager: Emitting state_changed signal after updating validation states
2025-04-02 15:24:14,058 [DEBUG] chestbuddy.ui.data_view: ==== DataView.update_cell_highlighting_from_state called ====
2025-04-02 15:24:14,058 [DEBUG] chestbuddy.ui.data_view: Updating cell highlighting from table state manager
2025-04-02 15:24:14,058 [DEBUG] chestbuddy.ui.data_view: Found cells to highlight: 3 invalid, 0 correctable, 0 corrected, 0 processing
2025-04-02 15:24:14,058 [DEBUG] chestbuddy.ui.data_view: Sample invalid cells (first 3): [(0, 0), (1, 1), (2, 2)]
2025-04-02 15:24:14,058 [DEBUG] chestbuddy.ui.data_view: Highlighting invalid cell at (0, 0)
2025-04-02 15:24:14,059 [DEBUG] chestbuddy.ui.data_view: _highlight_cell called for (0, 0) with color #ffb6b6
2025-04-02 15:24:14,059 [DEBUG] chestbuddy.ui.data_view: Current table dimensions: 4 rows x 7 columns

2025-04-02 15:24:14,059 [DEBUG] chestbuddy.ui.data_view: Source index: row=0, col=0, valid=True
2025-04-02 15:24:14,059 [DEBUG] chestbuddy.ui.data_view: Found item for cell (0, 0): <PySide6.QtGui.QStandardItem object at 0x0000029B45DF6540>
2025-04-02 15:24:14,059 [DEBUG] chestbuddy.ui.data_view: Before setting color - background role data: None
2025-04-02 15:24:14,059 [DEBUG] chestbuddy.ui.data_view: Temporarily blocking table model signals
2025-04-02 15:24:14,059 [DEBUG] chestbuddy.ui.data_view: Restored table model signals to: False
2025-04-02 15:24:14,059 [DEBUG] chestbuddy.ui.data_view: After setting color - background role data: PySide6.QtGui.QColor.fromRgbF(1.000000, 0.713726, 0.713726, 1.000000)
2025-04-02 15:24:14,059 [DEBUG] chestbuddy.ui.data_view: Mapped to proxy index: valid=True, row=3, col=0
2025-04-02 15:24:14,060 [DEBUG] chestbuddy.ui.data_view: Updated view at proxy index (3, 0)
2025-04-02 15:24:14,060 [DEBUG] chestbuddy.ui.data_view: Applied highlighting to cell (0, 0) with color #ffb6b6
2025-04-02 15:24:14,060 [DEBUG] chestbuddy.ui.data_view: Highlighting invalid cell at (1, 1)
2025-04-02 15:24:14,060 [DEBUG] chestbuddy.ui.data_view: _highlight_cell called for (1, 1) with color #ffb6b6
2025-04-02 15:24:14,060 [DEBUG] chestbuddy.ui.data_view: Current table dimensions: 4 rows x 7 columns

2025-04-02 15:24:14,060 [DEBUG] chestbuddy.ui.data_view: Source index: row=1, col=1, valid=True
2025-04-02 15:24:14,060 [DEBUG] chestbuddy.ui.data_view: Found item for cell (1, 1): <PySide6.QtGui.QStandardItem object at 0x0000029B47A1F180>
2025-04-02 15:24:14,060 [DEBUG] chestbuddy.ui.data_view: Before setting color - background role data: None
2025-04-02 15:24:14,060 [DEBUG] chestbuddy.ui.data_view: Temporarily blocking table model signals
2025-04-02 15:24:14,060 [DEBUG] chestbuddy.ui.data_view: Restored table model signals to: False
2025-04-02 15:24:14,060 [DEBUG] chestbuddy.ui.data_view: After setting color - background role data: PySide6.QtGui.QColor.fromRgbF(1.000000, 0.713726, 0.713726, 1.000000)
2025-04-02 15:24:14,061 [DEBUG] chestbuddy.ui.data_view: Mapped to proxy index: valid=True, row=2, col=1
2025-04-02 15:24:14,061 [DEBUG] chestbuddy.ui.data_view: Updated view at proxy index (2, 1)
2025-04-02 15:24:14,061 [DEBUG] chestbuddy.ui.data_view: Applied highlighting to cell (1, 1) with color #ffb6b6
2025-04-02 15:24:14,061 [DEBUG] chestbuddy.ui.data_view: Highlighting invalid cell at (2, 2)
2025-04-02 15:24:14,061 [DEBUG] chestbuddy.ui.data_view: _highlight_cell called for (2, 2) with color #ffb6b6
2025-04-02 15:24:14,061 [DEBUG] chestbuddy.ui.data_view: Current table dimensions: 4 rows x 7 columns

2025-04-02 15:24:14,061 [DEBUG] chestbuddy.ui.data_view: Source index: row=2, col=2, valid=True
2025-04-02 15:24:14,061 [DEBUG] chestbuddy.ui.data_view: Found item for cell (2, 2): <PySide6.QtGui.QStandardItem object at 0x0000029B4CC50700>
2025-04-02 15:24:14,061 [DEBUG] chestbuddy.ui.data_view: Before setting color - background role data: None
2025-04-02 15:24:14,061 [DEBUG] chestbuddy.ui.data_view: Temporarily blocking table model signals
2025-04-02 15:24:14,061 [DEBUG] chestbuddy.ui.data_view: Restored table model signals to: False
2025-04-02 15:24:14,061 [DEBUG] chestbuddy.ui.data_view: After setting color - background role data: PySide6.QtGui.QColor.fromRgbF(1.000000, 0.713726, 0.713726, 1.000000)
2025-04-02 15:24:14,063 [DEBUG] chestbuddy.ui.data_view: Mapped to proxy index: valid=True, row=1, col=2
2025-04-02 15:24:14,063 [DEBUG] chestbuddy.ui.data_view: Updated view at proxy index (1, 2)
2025-04-02 15:24:14,063 [DEBUG] chestbuddy.ui.data_view: Applied highlighting to cell (2, 2) with color #ffb6b6
2025-04-02 15:24:14,063 [DEBUG] chestbuddy.ui.data_view: Successfully highlighted 3 cells out of 3 total
2025-04-02 15:24:14,063 [DEBUG] chestbuddy.ui.data_view: Forcing table view update after highlighting
2025-04-02 15:24:14,063 [DEBUG] chestbuddy.ui.data_view: Cell highlighting update complete
2025-04-02 15:24:14,063 [DEBUG] chestbuddy.core.table_state_manager: After updating: 3 cells marked as INVALID, 0 cells marked as CORRECTABLE
2025-04-02 15:24:14,063 [INFO] verify_dataview_display: Invalid cells after update: [(0, 0), (1, 1), (2, 2)]
2025-04-02 15:24:14,063 [INFO] verify_dataview_display: Forcing DataView to update cell highlighting
2025-04-02 15:24:14,064 [DEBUG] chestbuddy.ui.data_view: ==== DataView.update_cell_highlighting_from_state called ====
2025-04-02 15:24:14,064 [DEBUG] chestbuddy.ui.data_view: Updating cell highlighting from table state manager
2025-04-02 15:24:14,064 [DEBUG] chestbuddy.ui.data_view: Found cells to highlight: 3 invalid, 0 correctable, 0 corrected, 0 processing
2025-04-02 15:24:14,064 [DEBUG] chestbuddy.ui.data_view: Sample invalid cells (first 3): [(0, 0), (1, 1), (2, 2)]
2025-04-02 15:24:14,064 [DEBUG] chestbuddy.ui.data_view: Highlighting invalid cell at (0, 0)
2025-04-02 15:24:14,064 [DEBUG] chestbuddy.ui.data_view: _highlight_cell called for (0, 0) with color #ffb6b6
2025-04-02 15:24:14,064 [DEBUG] chestbuddy.ui.data_view: Current table dimensions: 4 rows x 7 columns

2025-04-02 15:24:14,064 [DEBUG] chestbuddy.ui.data_view: Source index: row=0, col=0, valid=True
2025-04-02 15:24:14,064 [DEBUG] chestbuddy.ui.data_view: Found item for cell (0, 0): <PySide6.QtGui.QStandardItem object at 0x0000029B45DF6540>
2025-04-02 15:24:14,065 [DEBUG] chestbuddy.ui.data_view: Before setting color - background role data: PySide6.QtGui.QColor.fromRgbF(1.000000, 0.713726, 0.713726, 1.000000)
2025-04-02 15:24:14,065 [DEBUG] chestbuddy.ui.data_view: Temporarily blocking table model signals
2025-04-02 15:24:14,065 [DEBUG] chestbuddy.ui.data_view: Restored table model signals to: False
2025-04-02 15:24:14,065 [DEBUG] chestbuddy.ui.data_view: After setting color - background role data: PySide6.QtGui.QColor.fromRgbF(1.000000, 0.713726, 0.713726, 1.000000)
2025-04-02 15:24:14,065 [DEBUG] chestbuddy.ui.data_view: Mapped to proxy index: valid=True, row=3, col=0
2025-04-02 15:24:14,065 [DEBUG] chestbuddy.ui.data_view: Updated view at proxy index (3, 0)
2025-04-02 15:24:14,065 [DEBUG] chestbuddy.ui.data_view: Applied highlighting to cell (0, 0) with color #ffb6b6
2025-04-02 15:24:14,066 [DEBUG] chestbuddy.ui.data_view: Highlighting invalid cell at (1, 1)
2025-04-02 15:24:14,066 [DEBUG] chestbuddy.ui.data_view: _highlight_cell called for (1, 1) with color #ffb6b6
2025-04-02 15:24:14,066 [DEBUG] chestbuddy.ui.data_view: Current table dimensions: 4 rows x 7 columns

2025-04-02 15:24:14,066 [DEBUG] chestbuddy.ui.data_view: Source index: row=1, col=1, valid=True
2025-04-02 15:24:14,066 [DEBUG] chestbuddy.ui.data_view: Found item for cell (1, 1): <PySide6.QtGui.QStandardItem object at 0x0000029B47A1F180>
2025-04-02 15:24:14,066 [DEBUG] chestbuddy.ui.data_view: Before setting color - background role data: PySide6.QtGui.QColor.fromRgbF(1.000000, 0.713726, 0.713726, 1.000000)
2025-04-02 15:24:14,066 [DEBUG] chestbuddy.ui.data_view: Temporarily blocking table model signals
2025-04-02 15:24:14,066 [DEBUG] chestbuddy.ui.data_view: Restored table model signals to: False
2025-04-02 15:24:14,067 [DEBUG] chestbuddy.ui.data_view: After setting color - background role data: PySide6.QtGui.QColor.fromRgbF(1.000000, 0.713726, 0.713726, 1.000000)
2025-04-02 15:24:14,067 [DEBUG] chestbuddy.ui.data_view: Mapped to proxy index: valid=True, row=2, col=1
2025-04-02 15:24:14,067 [DEBUG] chestbuddy.ui.data_view: Updated view at proxy index (2, 1)
2025-04-02 15:24:14,067 [DEBUG] chestbuddy.ui.data_view: Applied highlighting to cell (1, 1) with color #ffb6b6
2025-04-02 15:24:14,067 [DEBUG] chestbuddy.ui.data_view: Highlighting invalid cell at (2, 2)
2025-04-02 15:24:14,067 [DEBUG] chestbuddy.ui.data_view: _highlight_cell called for (2, 2) with color #ffb6b6
2025-04-02 15:24:14,068 [DEBUG] chestbuddy.ui.data_view: Current table dimensions: 4 rows x 7 columns

2025-04-02 15:24:14,068 [DEBUG] chestbuddy.ui.data_view: Source index: row=2, col=2, valid=True
2025-04-02 15:24:14,068 [DEBUG] chestbuddy.ui.data_view: Found item for cell (2, 2): <PySide6.QtGui.QStandardItem object at 0x0000029B4CC50700>
2025-04-02 15:24:14,068 [DEBUG] chestbuddy.ui.data_view: Before setting color - background role data: PySide6.QtGui.QColor.fromRgbF(1.000000, 0.713726, 0.713726, 1.000000)
2025-04-02 15:24:14,068 [DEBUG] chestbuddy.ui.data_view: Temporarily blocking table model signals
2025-04-02 15:24:14,068 [DEBUG] chestbuddy.ui.data_view: Restored table model signals to: False
2025-04-02 15:24:14,068 [DEBUG] chestbuddy.ui.data_view: After setting color - background role data: PySide6.QtGui.QColor.fromRgbF(1.000000, 0.713726, 0.713726, 1.000000)
2025-04-02 15:24:14,068 [DEBUG] chestbuddy.ui.data_view: Mapped to proxy index: valid=True, row=1, col=2
2025-04-02 15:24:14,069 [DEBUG] chestbuddy.ui.data_view: Updated view at proxy index (1, 2)
2025-04-02 15:24:14,069 [DEBUG] chestbuddy.ui.data_view: Applied highlighting to cell (2, 2) with color #ffb6b6
2025-04-02 15:24:14,069 [DEBUG] chestbuddy.ui.data_view: Successfully highlighted 3 cells out of 3 total
2025-04-02 15:24:14,069 [DEBUG] chestbuddy.ui.data_view: Forcing table view update after highlighting
2025-04-02 15:24:14,069 [DEBUG] chestbuddy.ui.data_view: Cell highlighting update complete
2025-04-02 15:24:14,069 [INFO] verify_dataview_display: Checking if cells have background color set
2025-04-02 15:24:14,069 [INFO] verify_dataview_display: Cell (0, 0) has background color: PySide6.QtGui.QColor.fromRgbF(1.000000, 0.713726, 0.713726, 1.000000)
2025-04-02 15:24:14,069 [INFO] verify_dataview_display: Cell (1, 1) has background color: PySide6.QtGui.QColor.fromRgbF(1.000000, 0.713726, 0.713726, 1.000000)
2025-04-02 15:24:14,069 [INFO] verify_dataview_display: Cell (2, 2) has background color: PySide6.QtGui.QColor.fromRgbF(1.000000, 0.713726, 0.713726, 1.000000)
2025-04-02 15:24:15,049 [INFO] verify_dataview_display: === Testing correction highlighting ===
2025-04-02 15:24:15,049 [INFO] verify_dataview_display: Updating cell states from correction
2025-04-02 15:24:15,049 [DEBUG] chestbuddy.core.table_state_manager: Processing correction status with 2 corrected cells
2025-04-02 15:24:15,049 [DEBUG] chestbuddy.core.table_state_manager: Cell (0, 1) state set to CORRECTED
2025-04-02 15:24:15,049 [DEBUG] chestbuddy.core.table_state_manager: Set cell (0, 1) to CORRECTED state with detail: Corrected from 'wooden' to 'Wood'
2025-04-02 15:24:15,049 [DEBUG] chestbuddy.core.table_state_manager: Cell (1, 2) state set to CORRECTED
2025-04-02 15:24:15,050 [DEBUG] chestbuddy.core.table_state_manager: Set cell (1, 2) to CORRECTED state with detail: Corrected from 'quest' to 'Quest'
2025-04-02 15:24:15,050 [DEBUG] chestbuddy.core.table_state_manager: Emitting state_changed signal after updating 2 corrected cells
2025-04-02 15:24:15,050 [DEBUG] chestbuddy.ui.data_view: ==== DataView.update_cell_highlighting_from_state called ====
2025-04-02 15:24:15,050 [DEBUG] chestbuddy.ui.data_view: Updating cell highlighting from table state manager
2025-04-02 15:24:15,050 [DEBUG] chestbuddy.ui.data_view: Found cells to highlight: 3 invalid, 0 correctable, 2 corrected, 0 processing
2025-04-02 15:24:15,051 [DEBUG] chestbuddy.ui.data_view: Sample invalid cells (first 3): [(0, 0), (1, 1), (2, 2)]
2025-04-02 15:24:15,051 [DEBUG] chestbuddy.ui.data_view: Sample corrected cells (first 3): [(0, 1), (1, 2)]
2025-04-02 15:24:15,051 [DEBUG] chestbuddy.ui.data_view: Highlighting invalid cell at (0, 0)
2025-04-02 15:24:15,051 [DEBUG] chestbuddy.ui.data_view: _highlight_cell called for (0, 0) with color #ffb6b6
2025-04-02 15:24:15,051 [DEBUG] chestbuddy.ui.data_view: Current table dimensions: 4 rows x 7 columns

2025-04-02 15:24:15,051 [DEBUG] chestbuddy.ui.data_view: Source index: row=0, col=0, valid=True
2025-04-02 15:24:15,051 [DEBUG] chestbuddy.ui.data_view: Found item for cell (0, 0): <PySide6.QtGui.QStandardItem object at 0x0000029B45DF6540>
2025-04-02 15:24:15,051 [DEBUG] chestbuddy.ui.data_view: Before setting color - background role data: PySide6.QtGui.QColor.fromRgbF(1.000000, 0.713726, 0.713726, 1.000000)
2025-04-02 15:24:15,052 [DEBUG] chestbuddy.ui.data_view: Temporarily blocking table model signals
2025-04-02 15:24:15,052 [DEBUG] chestbuddy.ui.data_view: Restored table model signals to: False
2025-04-02 15:24:15,052 [DEBUG] chestbuddy.ui.data_view: After setting color - background role data: PySide6.QtGui.QColor.fromRgbF(1.000000, 0.713726, 0.713726, 1.000000)
2025-04-02 15:24:15,052 [DEBUG] chestbuddy.ui.data_view: Mapped to proxy index: valid=True, row=3, col=0
2025-04-02 15:24:15,052 [DEBUG] chestbuddy.ui.data_view: Updated view at proxy index (3, 0)
2025-04-02 15:24:15,052 [DEBUG] chestbuddy.ui.data_view: Applied highlighting to cell (0, 0) with color #ffb6b6
2025-04-02 15:24:15,052 [DEBUG] chestbuddy.ui.data_view: Highlighting invalid cell at (1, 1)
2025-04-02 15:24:15,052 [DEBUG] chestbuddy.ui.data_view: _highlight_cell called for (1, 1) with color #ffb6b6
2025-04-02 15:24:15,052 [DEBUG] chestbuddy.ui.data_view: Current table dimensions: 4 rows x 7 columns

2025-04-02 15:24:15,053 [DEBUG] chestbuddy.ui.data_view: Source index: row=1, col=1, valid=True
2025-04-02 15:24:15,053 [DEBUG] chestbuddy.ui.data_view: Found item for cell (1, 1): <PySide6.QtGui.QStandardItem object at 0x0000029B47A1F180>
2025-04-02 15:24:15,053 [DEBUG] chestbuddy.ui.data_view: Before setting color - background role data: PySide6.QtGui.QColor.fromRgbF(1.000000, 0.713726, 0.713726, 1.000000)
2025-04-02 15:24:15,053 [DEBUG] chestbuddy.ui.data_view: Temporarily blocking table model signals
2025-04-02 15:24:15,053 [DEBUG] chestbuddy.ui.data_view: Restored table model signals to: False
2025-04-02 15:24:15,053 [DEBUG] chestbuddy.ui.data_view: After setting color - background role data: PySide6.QtGui.QColor.fromRgbF(1.000000, 0.713726, 0.713726, 1.000000)
2025-04-02 15:24:15,053 [DEBUG] chestbuddy.ui.data_view: Mapped to proxy index: valid=True, row=2, col=1
2025-04-02 15:24:15,053 [DEBUG] chestbuddy.ui.data_view: Updated view at proxy index (2, 1)
2025-04-02 15:24:15,053 [DEBUG] chestbuddy.ui.data_view: Applied highlighting to cell (1, 1) with color #ffb6b6
2025-04-02 15:24:15,053 [DEBUG] chestbuddy.ui.data_view: Highlighting invalid cell at (2, 2)
2025-04-02 15:24:15,054 [DEBUG] chestbuddy.ui.data_view: _highlight_cell called for (2, 2) with color #ffb6b6
2025-04-02 15:24:15,054 [DEBUG] chestbuddy.ui.data_view: Current table dimensions: 4 rows x 7 columns

2025-04-02 15:24:15,054 [DEBUG] chestbuddy.ui.data_view: Source index: row=2, col=2, valid=True
2025-04-02 15:24:15,054 [DEBUG] chestbuddy.ui.data_view: Found item for cell (2, 2): <PySide6.QtGui.QStandardItem object at 0x0000029B4CC50700>
2025-04-02 15:24:15,054 [DEBUG] chestbuddy.ui.data_view: Before setting color - background role data: PySide6.QtGui.QColor.fromRgbF(1.000000, 0.713726, 0.713726, 1.000000)
2025-04-02 15:24:15,054 [DEBUG] chestbuddy.ui.data_view: Temporarily blocking table model signals
2025-04-02 15:24:15,054 [DEBUG] chestbuddy.ui.data_view: Restored table model signals to: False
2025-04-02 15:24:15,054 [DEBUG] chestbuddy.ui.data_view: After setting color - background role data: PySide6.QtGui.QColor.fromRgbF(1.000000, 0.713726, 0.713726, 1.000000)
2025-04-02 15:24:15,054 [DEBUG] chestbuddy.ui.data_view: Mapped to proxy index: valid=True, row=1, col=2
2025-04-02 15:24:15,055 [DEBUG] chestbuddy.ui.data_view: Updated view at proxy index (1, 2)
2025-04-02 15:24:15,055 [DEBUG] chestbuddy.ui.data_view: Applied highlighting to cell (2, 2) with color #ffb6b6
2025-04-02 15:24:15,055 [DEBUG] chestbuddy.ui.data_view: Highlighting corrected cell at (0, 1)
2025-04-02 15:24:15,055 [DEBUG] chestbuddy.ui.data_view: _highlight_cell called for (0, 1) with color #b6ffb6
2025-04-02 15:24:15,055 [DEBUG] chestbuddy.ui.data_view: Current table dimensions: 4 rows x 7 columns

2025-04-02 15:24:15,055 [DEBUG] chestbuddy.ui.data_view: Source index: row=0, col=1, valid=True
2025-04-02 15:24:15,055 [DEBUG] chestbuddy.ui.data_view: Found item for cell (0, 1): <PySide6.QtGui.QStandardItem object at 0x0000029B47A1FB80>
2025-04-02 15:24:15,055 [DEBUG] chestbuddy.ui.data_view: Before setting color - background role data: None
2025-04-02 15:24:15,056 [DEBUG] chestbuddy.ui.data_view: Temporarily blocking table model signals
2025-04-02 15:24:15,056 [DEBUG] chestbuddy.ui.data_view: Restored table model signals to: False
2025-04-02 15:24:15,056 [DEBUG] chestbuddy.ui.data_view: After setting color - background role data: PySide6.QtGui.QColor.fromRgbF(0.713726, 1.000000, 0.713726, 1.000000)
2025-04-02 15:24:15,056 [DEBUG] chestbuddy.ui.data_view: Mapped to proxy index: valid=True, row=3, col=1
2025-04-02 15:24:15,056 [DEBUG] chestbuddy.ui.data_view: Updated view at proxy index (3, 1)
2025-04-02 15:24:15,056 [DEBUG] chestbuddy.ui.data_view: Applied highlighting to cell (0, 1) with color #b6ffb6
2025-04-02 15:24:15,056 [DEBUG] chestbuddy.ui.data_view: Highlighting corrected cell at (1, 2)
2025-04-02 15:24:15,056 [DEBUG] chestbuddy.ui.data_view: _highlight_cell called for (1, 2) with color #b6ffb6
2025-04-02 15:24:15,056 [DEBUG] chestbuddy.ui.data_view: Current table dimensions: 4 rows x 7 columns

2025-04-02 15:24:15,056 [DEBUG] chestbuddy.ui.data_view: Source index: row=1, col=2, valid=True
2025-04-02 15:24:15,057 [DEBUG] chestbuddy.ui.data_view: Found item for cell (1, 2): <PySide6.QtGui.QStandardItem object at 0x0000029B4CC50200>
2025-04-02 15:24:15,057 [DEBUG] chestbuddy.ui.data_view: Before setting color - background role data: None
2025-04-02 15:24:15,057 [DEBUG] chestbuddy.ui.data_view: Temporarily blocking table model signals
2025-04-02 15:24:15,057 [DEBUG] chestbuddy.ui.data_view: Restored table model signals to: False
2025-04-02 15:24:15,057 [DEBUG] chestbuddy.ui.data_view: After setting color - background role data: PySide6.QtGui.QColor.fromRgbF(0.713726, 1.000000, 0.713726, 1.000000)
2025-04-02 15:24:15,057 [DEBUG] chestbuddy.ui.data_view: Mapped to proxy index: valid=True, row=2, col=2
2025-04-02 15:24:15,057 [DEBUG] chestbuddy.ui.data_view: Updated view at proxy index (2, 2)
2025-04-02 15:24:15,057 [DEBUG] chestbuddy.ui.data_view: Applied highlighting to cell (1, 2) with color #b6ffb6
2025-04-02 15:24:15,057 [DEBUG] chestbuddy.ui.data_view: Successfully highlighted 5 cells out of 5 total
2025-04-02 15:24:15,058 [DEBUG] chestbuddy.ui.data_view: Forcing table view update after highlighting
2025-04-02 15:24:15,058 [DEBUG] chestbuddy.ui.data_view: Cell highlighting update complete
2025-04-02 15:24:15,058 [DEBUG] chestbuddy.core.table_state_manager: Updated cell states from correction status: 2 cells marked as corrected
2025-04-02 15:24:15,058 [INFO] verify_dataview_display: Corrected cells after update: [(0, 1), (1, 2)]
2025-04-02 15:24:15,058 [INFO] verify_dataview_display: Forcing DataView to update cell highlighting
2025-04-02 15:24:15,058 [DEBUG] chestbuddy.ui.data_view: ==== DataView.update_cell_highlighting_from_state called ====
2025-04-02 15:24:15,058 [DEBUG] chestbuddy.ui.data_view: Updating cell highlighting from table state manager
2025-04-02 15:24:15,058 [DEBUG] chestbuddy.ui.data_view: Found cells to highlight: 3 invalid, 0 correctable, 2 corrected, 0 processing
2025-04-02 15:24:15,058 [DEBUG] chestbuddy.ui.data_view: Sample invalid cells (first 3): [(0, 0), (1, 1), (2, 2)]
2025-04-02 15:24:15,058 [DEBUG] chestbuddy.ui.data_view: Sample corrected cells (first 3): [(0, 1), (1, 2)]
2025-04-02 15:24:15,059 [DEBUG] chestbuddy.ui.data_view: Highlighting invalid cell at (0, 0)
2025-04-02 15:24:15,059 [DEBUG] chestbuddy.ui.data_view: _highlight_cell called for (0, 0) with color #ffb6b6
2025-04-02 15:24:15,059 [DEBUG] chestbuddy.ui.data_view: Current table dimensions: 4 rows x 7 columns

2025-04-02 15:24:15,059 [DEBUG] chestbuddy.ui.data_view: Source index: row=0, col=0, valid=True
2025-04-02 15:24:15,059 [DEBUG] chestbuddy.ui.data_view: Found item for cell (0, 0): <PySide6.QtGui.QStandardItem object at 0x0000029B45DF6540>
2025-04-02 15:24:15,059 [DEBUG] chestbuddy.ui.data_view: Before setting color - background role data: PySide6.QtGui.QColor.fromRgbF(1.000000, 0.713726, 0.713726, 1.000000)
2025-04-02 15:24:15,059 [DEBUG] chestbuddy.ui.data_view: Temporarily blocking table model signals
2025-04-02 15:24:15,059 [DEBUG] chestbuddy.ui.data_view: Restored table model signals to: False
2025-04-02 15:24:15,060 [DEBUG] chestbuddy.ui.data_view: After setting color - background role data: PySide6.QtGui.QColor.fromRgbF(1.000000, 0.713726, 0.713726, 1.000000)
2025-04-02 15:24:15,060 [DEBUG] chestbuddy.ui.data_view: Mapped to proxy index: valid=True, row=3, col=0
2025-04-02 15:24:15,060 [DEBUG] chestbuddy.ui.data_view: Updated view at proxy index (3, 0)
2025-04-02 15:24:15,060 [DEBUG] chestbuddy.ui.data_view: Applied highlighting to cell (0, 0) with color #ffb6b6
2025-04-02 15:24:15,060 [DEBUG] chestbuddy.ui.data_view: Highlighting invalid cell at (1, 1)
2025-04-02 15:24:15,061 [DEBUG] chestbuddy.ui.data_view: _highlight_cell called for (1, 1) with color #ffb6b6
2025-04-02 15:24:15,061 [DEBUG] chestbuddy.ui.data_view: Current table dimensions: 4 rows x 7 columns

2025-04-02 15:24:15,061 [DEBUG] chestbuddy.ui.data_view: Source index: row=1, col=1, valid=True
2025-04-02 15:24:15,061 [DEBUG] chestbuddy.ui.data_view: Found item for cell (1, 1): <PySide6.QtGui.QStandardItem object at 0x0000029B47A1F180>
2025-04-02 15:24:15,061 [DEBUG] chestbuddy.ui.data_view: Before setting color - background role data: PySide6.QtGui.QColor.fromRgbF(1.000000, 0.713726, 0.713726, 1.000000)
2025-04-02 15:24:15,061 [DEBUG] chestbuddy.ui.data_view: Temporarily blocking table model signals
2025-04-02 15:24:15,061 [DEBUG] chestbuddy.ui.data_view: Restored table model signals to: False
2025-04-02 15:24:15,061 [DEBUG] chestbuddy.ui.data_view: After setting color - background role data: PySide6.QtGui.QColor.fromRgbF(1.000000, 0.713726, 0.713726, 1.000000)
2025-04-02 15:24:15,061 [DEBUG] chestbuddy.ui.data_view: Mapped to proxy index: valid=True, row=2, col=1
2025-04-02 15:24:15,062 [DEBUG] chestbuddy.ui.data_view: Updated view at proxy index (2, 1)
2025-04-02 15:24:15,062 [DEBUG] chestbuddy.ui.data_view: Applied highlighting to cell (1, 1) with color #ffb6b6
2025-04-02 15:24:15,062 [DEBUG] chestbuddy.ui.data_view: Highlighting invalid cell at (2, 2)
2025-04-02 15:24:15,062 [DEBUG] chestbuddy.ui.data_view: _highlight_cell called for (2, 2) with color #ffb6b6
2025-04-02 15:24:15,062 [DEBUG] chestbuddy.ui.data_view: Current table dimensions: 4 rows x 7 columns

2025-04-02 15:24:15,062 [DEBUG] chestbuddy.ui.data_view: Source index: row=2, col=2, valid=True
2025-04-02 15:24:15,062 [DEBUG] chestbuddy.ui.data_view: Found item for cell (2, 2): <PySide6.QtGui.QStandardItem object at 0x0000029B4CC50700>
2025-04-02 15:24:15,062 [DEBUG] chestbuddy.ui.data_view: Before setting color - background role data: PySide6.QtGui.QColor.fromRgbF(1.000000, 0.713726, 0.713726, 1.000000)
2025-04-02 15:24:15,062 [DEBUG] chestbuddy.ui.data_view: Temporarily blocking table model signals
2025-04-02 15:24:15,063 [DEBUG] chestbuddy.ui.data_view: Restored table model signals to: False
2025-04-02 15:24:15,063 [DEBUG] chestbuddy.ui.data_view: After setting color - background role data: PySide6.QtGui.QColor.fromRgbF(1.000000, 0.713726, 0.713726, 1.000000)
2025-04-02 15:24:15,063 [DEBUG] chestbuddy.ui.data_view: Mapped to proxy index: valid=True, row=1, col=2
2025-04-02 15:24:15,063 [DEBUG] chestbuddy.ui.data_view: Updated view at proxy index (1, 2)
2025-04-02 15:24:15,063 [DEBUG] chestbuddy.ui.data_view: Applied highlighting to cell (2, 2) with color #ffb6b6
2025-04-02 15:24:15,063 [DEBUG] chestbuddy.ui.data_view: Highlighting corrected cell at (0, 1)
2025-04-02 15:24:15,063 [DEBUG] chestbuddy.ui.data_view: _highlight_cell called for (0, 1) with color #b6ffb6
2025-04-02 15:24:15,063 [DEBUG] chestbuddy.ui.data_view: Current table dimensions: 4 rows x 7 columns

2025-04-02 15:24:15,063 [DEBUG] chestbuddy.ui.data_view: Source index: row=0, col=1, valid=True
2025-04-02 15:24:15,063 [DEBUG] chestbuddy.ui.data_view: Found item for cell (0, 1): <PySide6.QtGui.QStandardItem object at 0x0000029B47A1FB80>
2025-04-02 15:24:15,063 [DEBUG] chestbuddy.ui.data_view: Before setting color - background role data: PySide6.QtGui.QColor.fromRgbF(0.713726, 1.000000, 0.713726, 1.000000)
2025-04-02 15:24:15,064 [DEBUG] chestbuddy.ui.data_view: Temporarily blocking table model signals
2025-04-02 15:24:15,064 [DEBUG] chestbuddy.ui.data_view: Restored table model signals to: False
2025-04-02 15:24:15,064 [DEBUG] chestbuddy.ui.data_view: After setting color - background role data: PySide6.QtGui.QColor.fromRgbF(0.713726, 1.000000, 0.713726, 1.000000)
2025-04-02 15:24:15,064 [DEBUG] chestbuddy.ui.data_view: Mapped to proxy index: valid=True, row=3, col=1
2025-04-02 15:24:15,064 [DEBUG] chestbuddy.ui.data_view: Updated view at proxy index (3, 1)
2025-04-02 15:24:15,064 [DEBUG] chestbuddy.ui.data_view: Applied highlighting to cell (0, 1) with color #b6ffb6
2025-04-02 15:24:15,064 [DEBUG] chestbuddy.ui.data_view: Highlighting corrected cell at (1, 2)
2025-04-02 15:24:15,064 [DEBUG] chestbuddy.ui.data_view: _highlight_cell called for (1, 2) with color #b6ffb6
2025-04-02 15:24:15,064 [DEBUG] chestbuddy.ui.data_view: Current table dimensions: 4 rows x 7 columns

2025-04-02 15:24:15,065 [DEBUG] chestbuddy.ui.data_view: Source index: row=1, col=2, valid=True
2025-04-02 15:24:15,065 [DEBUG] chestbuddy.ui.data_view: Found item for cell (1, 2): <PySide6.QtGui.QStandardItem object at 0x0000029B4CC50200>
2025-04-02 15:24:15,065 [DEBUG] chestbuddy.ui.data_view: Before setting color - background role data: PySide6.QtGui.QColor.fromRgbF(0.713726, 1.000000, 0.713726, 1.000000)
2025-04-02 15:24:15,065 [DEBUG] chestbuddy.ui.data_view: Temporarily blocking table model signals
2025-04-02 15:24:15,065 [DEBUG] chestbuddy.ui.data_view: Restored table model signals to: False
2025-04-02 15:24:15,065 [DEBUG] chestbuddy.ui.data_view: After setting color - background role data: PySide6.QtGui.QColor.fromRgbF(0.713726, 1.000000, 0.713726, 1.000000)
2025-04-02 15:24:15,065 [DEBUG] chestbuddy.ui.data_view: Mapped to proxy index: valid=True, row=2, col=2
2025-04-02 15:24:15,066 [DEBUG] chestbuddy.ui.data_view: Updated view at proxy index (2, 2)
2025-04-02 15:24:15,066 [DEBUG] chestbuddy.ui.data_view: Applied highlighting to cell (1, 2) with color #b6ffb6
2025-04-02 15:24:15,066 [DEBUG] chestbuddy.ui.data_view: Successfully highlighted 5 cells out of 5 total
2025-04-02 15:24:15,066 [DEBUG] chestbuddy.ui.data_view: Forcing table view update after highlighting
2025-04-02 15:24:15,066 [DEBUG] chestbuddy.ui.data_view: Cell highlighting update complete
2025-04-02 15:24:15,066 [INFO] verify_dataview_display: Checking if cells have background color set
2025-04-02 15:24:15,066 [INFO] verify_dataview_display: Cell (0, 1) has background color: PySide6.QtGui.QColor.fromRgbF(0.713726, 1.000000, 0.713726, 1.000000)
2025-04-02 15:24:15,066 [INFO] verify_dataview_display: Cell (1, 2) has background color: PySide6.QtGui.QColor.fromRgbF(0.713726, 1.000000, 0.713726, 1.000000)
2025-04-02 15:24:16,062 [INFO] verify_dataview_display: === Verification Results ===
2025-04-02 15:24:16,062 [INFO] verify_dataview_display: DataView visible: True
2025-04-02 15:24:16,063 [INFO] verify_dataview_display: TableView populated: True
2025-04-02 15:24:16,063 [INFO] verify_dataview_display: Invalid cells: [(0, 0), (1, 1), (2, 2)]
2025-04-02 15:24:16,063 [INFO] verify_dataview_display: Corrected cells: [(0, 1), (1, 2)]
2025-04-02 15:24:16,063 [INFO] verify_dataview_display: VERIFICATION PASSED: DataView is visible and populated
2025-04-02 15:24:20,831 [INFO] chestbuddy.ui.data_view: Applied filter: column='All Columns', text='', mode='Contains', case_sensitive=False
2025-04-02 15:24:20,832 [INFO] chestbuddy.ui.data_view: Filter result: 4 of 4 rows visible
2025-04-02 15:24:21,906 [INFO] chestbuddy.ui.data_view: Filter cleared
2025-04-02 15:24:23,039 [INFO] chestbuddy.ui.data_view: Refresh button clicked
2025-04-02 15:24:23,039 [DEBUG] chestbuddy.ui.data_view: Populated column selector with 6 columns
2025-04-02 15:24:23,041 [DEBUG] chestbuddy.ui.data_view: Skipping population since update or population is in progress
