2025-04-11 14:45:38,327 - __main__ - INFO - Logging initialized with UTF-8 support in d:\Projekte\ChestBuddy\chestbuddy\logs\chestbuddy.log
2025-04-11 14:45:38,328 - chestbuddy.utils.config - DEBUG - Loaded existing configuration from: chestbuddy\config.ini
2025-04-11 14:45:38,328 - chestbuddy.utils.config - DEBUG - Config get: General.version = 1.1
2025-04-11 14:45:38,351 - chestbuddy.core.models.chest_data_model - DEBUG - Updated data hash to: 1d4f9f63b040166415e97d034fc84c19
2025-04-11 14:45:38,354 - chestbuddy.core.state.data_state - DEBUG - DataState updated: 0 rows, 6 columns
2025-04-11 14:45:38,354 - chestbuddy.core.table_state_manager - DEBUG - TableStateManager initialized
2025-04-11 14:45:38,354 - __main__ - INFO - TableStateManager initialized
2025-04-11 14:45:38,355 - chestbuddy.core.controllers.base_controller - DEBUG - Initialized ErrorHandlingController with SignalManager
2025-04-11 14:45:38,356 - chestbuddy.utils.config - DEBUG - Config get: Validation.case_sensitive = False
2025-04-11 14:45:38,356 - chestbuddy.utils.config - DEBUG - Config get: Validation.validate_on_import = False
2025-04-11 14:45:38,356 - chestbuddy.utils.config - DEBUG - Config get: Validation.auto_save = False
2025-04-11 14:45:38,356 - chestbuddy.core.services.validation_service - INFO - Loading validation settings from config - case_sensitive: False, validate_on_import: False, auto_save: False
2025-04-11 14:45:38,356 - chestbuddy.utils.config - DEBUG - Config get: Validation.validation_lists_dir = D:/Projekte/ChestBuddy/chestbuddy/validation_lists
2025-04-11 14:45:38,356 - chestbuddy.utils.config - DEBUG - Config get: Validation.validation_lists_dir = D:/Projekte/ChestBuddy/chestbuddy/validation_lists
2025-04-11 14:45:38,356 - chestbuddy.utils.config - DEBUG - Config get: Validation.validation_lists_dir = D:/Projekte/ChestBuddy/chestbuddy/validation_lists
2025-04-11 14:45:38,356 - chestbuddy.core.models.validation_list_model - DEBUG - Loaded 100 entries from D:\Projekte\ChestBuddy\chestbuddy\validation_lists\players.txt
2025-04-11 14:45:38,356 - chestbuddy.core.models.validation_list_model - INFO - Initialized ValidationListModel with 100 entries from D:\Projekte\ChestBuddy\chestbuddy\validation_lists\players.txt
2025-04-11 14:45:38,357 - chestbuddy.core.models.validation_list_model - DEBUG - Loaded 68 entries from D:\Projekte\ChestBuddy\chestbuddy\validation_lists\chest_types.txt
2025-04-11 14:45:38,357 - chestbuddy.core.models.validation_list_model - INFO - Initialized ValidationListModel with 68 entries from D:\Projekte\ChestBuddy\chestbuddy\validation_lists\chest_types.txt
2025-04-11 14:45:38,357 - chestbuddy.core.models.validation_list_model - DEBUG - Loaded 82 entries from D:\Projekte\ChestBuddy\chestbuddy\validation_lists\sources.txt
2025-04-11 14:45:38,357 - chestbuddy.core.models.validation_list_model - INFO - Initialized ValidationListModel with 82 entries from D:\Projekte\ChestBuddy\chestbuddy\validation_lists\sources.txt
2025-04-11 14:45:38,357 - chestbuddy.core.services.validation_service - INFO - Initialized validation lists: Players (100 entries), Chest Types (68 entries), Sources (82 entries)
2025-04-11 14:45:38,357 - chestbuddy.utils.config - DEBUG - Config get: Corrections.rules_file_path = D:\Projekte\ChestBuddy\chestbuddy\data\corrections\test.csv
2025-04-11 14:45:38,357 - chestbuddy.core.models.correction_rule_manager - INFO - Using custom corrections file path: D:\Projekte\ChestBuddy\chestbuddy\data\corrections\test.csv
2025-04-11 14:45:38,357 - chestbuddy.utils.config - DEBUG - Config get: Corrections.rules_file_path = D:\Projekte\ChestBuddy\chestbuddy\data\corrections\test.csv
2025-04-11 14:45:38,357 - chestbuddy.core.models.correction_rule_manager - INFO - Using custom corrections file path: D:\Projekte\ChestBuddy\chestbuddy\data\corrections\test.csv
2025-04-11 14:45:38,357 - chestbuddy.utils.config - DEBUG - Config get: Corrections.case_sensitive = None
2025-04-11 14:45:38,357 - chestbuddy.core.services.correction_service - INFO - Loaded correction case_sensitive setting: False
2025-04-11 14:45:38,363 - chestbuddy.core.models.correction_rule_manager - INFO - Loaded 27 correction rules from D:\Projekte\ChestBuddy\chestbuddy\data\corrections\test.csv
2025-04-11 14:45:38,363 - __main__ - INFO - Correction rules loaded during startup
2025-04-11 14:45:38,363 - chestbuddy.utils.service_locator - DEBUG - Service 'validation_service' registered: ValidationService
2025-04-11 14:45:38,364 - chestbuddy.core.controllers.base_controller - DEBUG - Initialized FileOperationsController with SignalManager
2025-04-11 14:45:38,364 - chestbuddy.core.controllers.base_controller - DEBUG - FileOperationsController connected to model: DataManager
2025-04-11 14:45:38,364 - chestbuddy.core.controllers.file_operations_controller - DEBUG - FileOperationsController connected to model: DataManager
2025-04-11 14:45:38,364 - chestbuddy.utils.config - DEBUG - Config get: Files.recent_files = ["D:/Projekte/ChestBuddy/chestbuddy/data/input/Chests_input_test.csv"]
2025-04-11 14:45:38,364 - chestbuddy.core.controllers.file_operations_controller - DEBUG - Loaded 1 recent files from config
2025-04-11 14:45:38,364 - chestbuddy.core.controllers.base_controller - DEBUG - Initialized ProgressController with SignalManager
2025-04-11 14:45:38,364 - chestbuddy.core.controllers.base_controller - DEBUG - Initialized ViewStateController with SignalManager
2025-04-11 14:45:38,364 - chestbuddy.core.controllers.base_controller - DEBUG - ViewStateController connected to model: ChestDataModel
2025-04-11 14:45:38,364 - chestbuddy.core.controllers.view_state_controller - DEBUG - ViewStateController connected to model: ChestDataModel
2025-04-11 14:45:38,364 - chestbuddy.core.controllers.base_controller - DEBUG - Initialized UIStateController with SignalManager
2025-04-11 14:45:38,364 - chestbuddy.utils.config - DEBUG - Config get: Validation.validate_on_import = False
2025-04-11 14:45:38,364 - chestbuddy.core.controllers.ui_state_controller - INFO - UIStateController initialized
2025-04-11 14:45:38,364 - chestbuddy.core.controllers.base_controller - DEBUG - Initialized DataViewController with SignalManager
2025-04-11 14:45:38,364 - chestbuddy.core.controllers.base_controller - DEBUG - DataViewController connected to model: ChestDataModel
2025-04-11 14:45:38,364 - chestbuddy.core.controllers.data_view_controller - DEBUG - DataViewController connected to model: ChestDataModel
2025-04-11 14:45:38,364 - chestbuddy.core.controllers.data_view_controller - DEBUG - DataViewController connected to UIStateController
2025-04-11 14:45:38,364 - chestbuddy.core.controllers.data_view_controller - DEBUG - DataViewController initialized
2025-04-11 14:45:38,364 - chestbuddy.core.controllers.base_controller - DEBUG - Initialized CorrectionController with SignalManager
2025-04-11 14:45:38,364 - chestbuddy.core.controllers.correction_controller - DEBUG - CorrectionController initialized
2025-04-11 14:45:38,364 - __main__ - INFO - CorrectionController initialized
2025-04-11 14:45:38,365 - chestbuddy.utils.service_locator - DEBUG - Service 'correction_controller' registered: CorrectionController
2025-04-11 14:45:38,365 - __main__ - INFO - CorrectionController registered with ServiceLocator
2025-04-11 14:45:38,365 - chestbuddy.utils.service_locator - DEBUG - Service '<class 'chestbuddy.ui.utils.update_manager.UpdateManager'>' registered: UpdateManager
2025-04-11 14:45:38,365 - chestbuddy.utils.service_locator - DEBUG - Service 'update_manager' registered: UpdateManager
2025-04-11 14:45:38,365 - __main__ - INFO - UpdateManager initialized and registered with ServiceLocator
2025-04-11 14:45:38,365 - chestbuddy.core.controllers.view_state_controller - INFO - Data view controller set and signals connected
2025-04-11 14:45:38,365 - root - INFO - Creating UI...
2025-04-11 14:45:38,369 - chestbuddy.ui.main_window - DEBUG - MainWindow initialized with data_manager
2025-04-11 14:45:38,638 - chestbuddy.ui.views.updatable_view - DEBUG - DashboardView populated
2025-04-11 14:45:38,866 - chestbuddy.ui.main_window - DEBUG - === Creating DataViewAdapter in MainWindow ===
2025-04-11 14:45:38,866 - chestbuddy.ui.views.data_view_adapter - DEBUG - Creating DataView instance
2025-04-11 14:45:38,880 - chestbuddy.ui.data_view - INFO - Installed event filter on table view
2025-04-11 14:45:38,882 - chestbuddy.ui.data_view - INFO - Registered Ctrl+C shortcut for copying
2025-04-11 14:45:38,882 - chestbuddy.ui.data_view - INFO - Registered Ctrl+V shortcut for pasting
2025-04-11 14:45:38,882 - chestbuddy.ui.data_view - DEBUG - Applying table styling in DataView
2025-04-11 14:45:38,883 - chestbuddy.ui.data_view - DEBUG - Disabled alternating row colors to prevent highlighting issues
2025-04-11 14:45:38,883 - chestbuddy.ui.data_view - DEBUG - Set default item foreground color to white
2025-04-11 14:45:38,885 - chestbuddy.ui.data_view - DEBUG - Populated column selector with 6 columns
2025-04-11 14:45:38,886 - chestbuddy.ui.data_view - DEBUG - Connecting import button clicked signal to _on_import_clicked handler
2025-04-11 14:45:38,886 - chestbuddy.ui.data_view - DEBUG - Connecting export button clicked signal to _on_export_clicked handler
2025-04-11 14:45:38,886 - chestbuddy.ui.data_view - DEBUG - Connected filter text Enter key to apply filter
2025-04-11 14:45:38,886 - chestbuddy.ui.data_view - INFO - Connected custom context menu
2025-04-11 14:45:38,886 - chestbuddy.ui.data_view - INFO - Connected double-click handler for direct editing
2025-04-11 14:45:38,887 - chestbuddy.ui.data_view - DEBUG - Connected refresh button
2025-04-11 14:45:38,889 - chestbuddy.ui.data_view - WARNING - No data or columns available to populate table
2025-04-11 14:45:38,889 - chestbuddy.ui.data_view - DEBUG - Status updated: No data available
2025-04-11 14:45:38,889 - chestbuddy.ui.views.data_view_adapter - DEBUG - Created DataView instance with ID: 2214684283328
2025-04-11 14:45:38,890 - chestbuddy.ui.views.data_view_adapter - DEBUG - Connected to validation_changed signal
2025-04-11 14:45:38,890 - chestbuddy.ui.views.data_view_adapter - DEBUG - Connected to correction_applied signal
2025-04-11 14:45:38,890 - chestbuddy.ui.views.data_view_adapter - DEBUG - Removing existing layout from content widget
2025-04-11 14:45:38,890 - chestbuddy.ui.views.data_view_adapter - DEBUG - Setting up DataView (ID: 2214684283328) in adapter
2025-04-11 14:45:38,953 - chestbuddy.ui.data_view - INFO - DataView auto-update disabled
2025-04-11 14:45:38,953 - chestbuddy.ui.views.data_view_adapter - INFO - DataView auto-update disabled
2025-04-11 14:45:38,953 - chestbuddy.ui.views.data_view_adapter - DEBUG - Added DataView to adapter's layout with stretch
2025-04-11 14:45:38,953 - chestbuddy.ui.views.data_view_adapter - DEBUG - Layout has 1 widgets
2025-04-11 14:45:38,953 - chestbuddy.ui.views.data_view_adapter - DEBUG - Widget 0 type: DataView, ID: 2214684283328
2025-04-11 14:45:38,954 - chestbuddy.ui.views.data_view_adapter - DEBUG - Connected to validation_changed signal
2025-04-11 14:45:38,954 - chestbuddy.ui.views.data_view_adapter - DEBUG - Connected to correction_applied signal
2025-04-11 14:45:38,954 - chestbuddy.ui.views.data_view_adapter - DEBUG - Successfully retrieved update manager
2025-04-11 14:45:38,954 - chestbuddy.ui.views.data_view_adapter - DEBUG - Connected to validation_changed signal
2025-04-11 14:45:38,954 - chestbuddy.ui.views.data_view_adapter - DEBUG - Connected to correction_applied signal
2025-04-11 14:45:38,954 - chestbuddy.ui.views.data_view_adapter - DEBUG - Connected to data model signals
2025-04-11 14:45:38,954 - chestbuddy.ui.views.data_view_adapter - DEBUG - DataViewAdapter: Auto-update disabled
2025-04-11 14:45:38,954 - chestbuddy.ui.views.data_view_adapter - DEBUG - DataViewAdapter: Auto-update enabled
2025-04-11 14:45:38,954 - chestbuddy.ui.views.data_view_adapter - INFO - DataViewAdapter initialized successfully
2025-04-11 14:45:38,954 - chestbuddy.ui.main_window - DEBUG - Created DataViewAdapter with ID: 2214660422592
2025-04-11 14:45:38,954 - chestbuddy.ui.main_window - DEBUG - Internal DataView has ID: 2214684283328
2025-04-11 14:45:38,954 - chestbuddy.ui.main_window - DEBUG - Setting TableStateManager on DataViewAdapter via adapter method
2025-04-11 14:45:38,954 - chestbuddy.ui.data_view - DEBUG - ==== DataView.set_table_state_manager called ====
2025-04-11 14:45:38,954 - chestbuddy.ui.data_view - DEBUG - TableStateManager reference set in DataView
2025-04-11 14:45:38,954 - chestbuddy.ui.data_view - DEBUG - Connected to TableStateManager.state_changed signal successfully
2025-04-11 14:45:38,954 - chestbuddy.ui.data_view - DEBUG - TableStateManager integration with DataView complete
2025-04-11 14:45:38,954 - chestbuddy.ui.data_view - DEBUG - Current cell states: 0 invalid, 0 correctable, 0 corrected
2025-04-11 14:45:38,954 - chestbuddy.ui.views.data_view_adapter - INFO - TableStateManager passed to wrapped DataView
2025-04-11 14:45:38,955 - chestbuddy.ui.views.data_view_adapter - INFO - Connected to TableStateManager's state_changed signal
2025-04-11 14:45:38,955 - chestbuddy.ui.main_window - INFO - TableStateManager set on DataViewAdapter
2025-04-11 14:45:38,955 - chestbuddy.ui.main_window - DEBUG - Setting DataViewAdapter in DataViewController
2025-04-11 14:45:38,955 - chestbuddy.core.controllers.data_view_controller - DEBUG - === DataViewController.set_view called with view of type: DataViewAdapter ===
2025-04-11 14:45:38,955 - chestbuddy.core.controllers.data_view_controller - DEBUG - View instance ID: 2214660422592
2025-04-11 14:45:38,955 - chestbuddy.core.controllers.data_view_controller - DEBUG - View contains internal DataView with ID: 2214684283328
2025-04-11 14:45:38,955 - chestbuddy.core.controllers.data_view_controller - DEBUG - Internal DataView has TableStateManager: True, ID: 2214668068864
2025-04-11 14:45:38,955 - chestbuddy.core.controllers.data_view_controller - DEBUG - View does not have _action_toolbar attribute
2025-04-11 14:45:38,955 - chestbuddy.core.controllers.base_controller - DEBUG - DataViewController connected to view: DataViewAdapter
2025-04-11 14:45:38,955 - chestbuddy.core.controllers.data_view_controller - DEBUG - DataViewController connected to view: DataViewAdapter
2025-04-11 14:45:38,955 - chestbuddy.core.controllers.data_view_controller - DEBUG - Connected to view signals through connect_to_view method
2025-04-11 14:45:38,955 - chestbuddy.ui.main_window - DEBUG - Added DataViewAdapter to content stack and views dictionary with key 'Data'
2025-04-11 14:45:38,956 - chestbuddy.utils.config - DEBUG - Config get: Validation.validation_lists_dir = D:/Projekte/ChestBuddy/chestbuddy/validation_lists
2025-04-11 14:45:38,959 - chestbuddy.ui.views.validation_list_view - DEBUG - Populated list with 100 entries
2025-04-11 14:45:38,959 - chestbuddy.ui.views.validation_list_view - INFO - Initialized ValidationListView 'Players' with 100 entries
2025-04-11 14:45:38,965 - chestbuddy.utils.config - DEBUG - Config get: Validation.validation_lists_dir = D:/Projekte/ChestBuddy/chestbuddy/validation_lists
2025-04-11 14:45:38,968 - chestbuddy.ui.views.validation_list_view - DEBUG - Populated list with 68 entries
2025-04-11 14:45:38,968 - chestbuddy.ui.views.validation_list_view - INFO - Initialized ValidationListView 'Chest Types' with 68 entries
2025-04-11 14:45:38,973 - chestbuddy.utils.config - DEBUG - Config get: Validation.validation_lists_dir = D:/Projekte/ChestBuddy/chestbuddy/validation_lists
2025-04-11 14:45:38,976 - chestbuddy.ui.views.validation_list_view - DEBUG - Populated list with 82 entries
2025-04-11 14:45:38,976 - chestbuddy.ui.views.validation_list_view - INFO - Initialized ValidationListView 'Sources' with 82 entries
2025-04-11 14:45:39,000 - chestbuddy.utils.config - DEBUG - Config get: Validation.auto_save = False
2025-04-11 14:45:39,001 - chestbuddy.ui.views.validation_tab_view - DEBUG - Status updated: Ready
2025-04-11 14:45:39,001 - chestbuddy.ui.views.validation_tab_view - DEBUG - No existing validation_changed signal to disconnect.
2025-04-11 14:45:39,001 - chestbuddy.ui.views.validation_tab_view - DEBUG - Connected validation_changed signal to _on_validation_changed.
2025-04-11 14:45:39,003 - chestbuddy.ui.views.validation_tab_view - DEBUG - No existing validation_preferences_changed signal to disconnect.
2025-04-11 14:45:39,003 - chestbuddy.ui.views.validation_tab_view - DEBUG - Connected validation_preferences_changed signal to _on_validation_preferences_changed.
2025-04-11 14:45:39,003 - chestbuddy.ui.views.validation_tab_view - DEBUG - Connected entries_changed signal for 
2025-04-11 14:45:39,003 - chestbuddy.ui.views.validation_tab_view - DEBUG - Connected entries_changed signal for 
2025-04-11 14:45:39,003 - chestbuddy.ui.views.validation_tab_view - DEBUG - Connected entries_changed signal for 
2025-04-11 14:45:39,003 - chestbuddy.ui.views.validation_tab_view - DEBUG - Set up ValidationTabView signal connections
2025-04-11 14:45:39,003 - chestbuddy.ui.views.validation_tab_view - DEBUG - Connected import buttons: True, True, True
2025-04-11 14:45:39,003 - chestbuddy.ui.views.validation_tab_view - INFO - Initialized ValidationTabView
2025-04-11 14:45:39,013 - chestbuddy.ui.views.validation_view_adapter - INFO - ValidationViewAdapter: Controller set and signals connected
2025-04-11 14:45:39,013 - chestbuddy.ui.views.correction_view - DEBUG - Connected data_model.data_changed to CorrectionView.request_update
2025-04-11 14:45:39,014 - chestbuddy.ui.views.correction_view - DEBUG - CorrectionView placeholder initialized
2025-04-11 14:45:39,014 - chestbuddy.ui.views.correction_view - INFO - CorrectionView: Controller set and signals connected
2025-04-11 14:45:39,014 - chestbuddy.core.controllers.correction_controller - DEBUG - CorrectionController: View set
2025-04-11 14:45:39,020 - chestbuddy.ui.views.correction_view - INFO - CorrectionView: Correction controller set and rule view created
2025-04-11 14:45:39,034 - chestbuddy.ui.views.chart_view - DEBUG - Connected data_model.data_changed to ChartView.request_update
2025-04-11 14:45:39,035 - chestbuddy.ui.views.chart_view - INFO - ChartView: Controller set and signals connected
2025-04-11 14:45:39,035 - chestbuddy.ui.views.settings_tab_view - INFO - Retrieved ValidationService from ServiceLocator
2025-04-11 14:45:39,069 - chestbuddy.utils.config - DEBUG - Config get: General.theme = dark
2025-04-11 14:45:39,069 - chestbuddy.utils.config - DEBUG - Config get: General.language = English
2025-04-11 14:45:39,069 - chestbuddy.utils.config - DEBUG - Config get: General.config_version = 1.0
2025-04-11 14:45:39,070 - chestbuddy.utils.config - DEBUG - Config get: Validation.validate_on_import = False
2025-04-11 14:45:39,070 - chestbuddy.utils.config - DEBUG - Config get: Validation.case_sensitive = False
2025-04-11 14:45:39,070 - chestbuddy.utils.config - DEBUG - Config get: Validation.auto_save = False
2025-04-11 14:45:39,070 - chestbuddy.utils.config - DEBUG - Config get: Validation.validation_lists_dir = D:/Projekte/ChestBuddy/chestbuddy/validation_lists
2025-04-11 14:45:39,070 - chestbuddy.utils.config - DEBUG - Config get: Correction.auto_correct_on_validation = False
2025-04-11 14:45:39,070 - chestbuddy.utils.config - DEBUG - Config get: Correction.auto_correct_on_import = False
2025-04-11 14:45:39,070 - chestbuddy.utils.config - DEBUG - Saved configuration to: chestbuddy\config.ini
2025-04-11 14:45:39,070 - chestbuddy.utils.config - DEBUG - Saved configuration to: chestbuddy\config.ini
2025-04-11 14:45:39,070 - chestbuddy.ui.views.settings_tab_view - DEBUG - Setting changed: [UI] window_width = 1024
2025-04-11 14:45:39,071 - chestbuddy.utils.config - DEBUG - Saved configuration to: chestbuddy\config.ini
2025-04-11 14:45:39,071 - chestbuddy.utils.config - DEBUG - Saved configuration to: chestbuddy\config.ini
2025-04-11 14:45:39,071 - chestbuddy.ui.views.settings_tab_view - DEBUG - Setting changed: [UI] window_height = 768
2025-04-11 14:45:39,071 - chestbuddy.utils.config - DEBUG - Saved configuration to: chestbuddy\config.ini
2025-04-11 14:45:39,071 - chestbuddy.utils.config - DEBUG - Saved configuration to: chestbuddy\config.ini
2025-04-11 14:45:39,071 - chestbuddy.ui.views.settings_tab_view - DEBUG - Setting changed: [UI] table_page_size = 100
2025-04-11 14:45:39,071 - chestbuddy.ui.views.settings_tab_view - DEBUG - Loaded settings into UI controls
2025-04-11 14:45:39,071 - chestbuddy.ui.views.settings_tab_view - DEBUG - No existing validation_preferences_changed signal to disconnect.
2025-04-11 14:45:39,071 - chestbuddy.ui.views.settings_tab_view - DEBUG - Connected validation_preferences_changed signal to _on_validation_preferences_changed.
2025-04-11 14:45:39,071 - chestbuddy.ui.views.settings_tab_view - INFO - Initialized SettingsTabView
2025-04-11 14:45:39,072 - chestbuddy.ui.views.settings_view_adapter - INFO - Initialized SettingsViewAdapter
2025-04-11 14:45:39,072 - chestbuddy.core.controllers.data_view_controller - DEBUG - Connected ValidationService signals to DataViewController
2025-04-11 14:45:39,072 - chestbuddy.core.controllers.data_view_controller - DEBUG - CorrectionService connected to DataViewController
2025-04-11 14:45:39,072 - chestbuddy.core.controllers.data_view_controller - INFO - Validation and correction services updated
2025-04-11 14:45:39,072 - chestbuddy.ui.main_window - INFO - Services set in data view controller
2025-04-11 14:45:39,073 - chestbuddy.core.controllers.base_controller - DEBUG - ViewStateController connected to view: SidebarNavigation
2025-04-11 14:45:39,073 - chestbuddy.core.controllers.view_state_controller - INFO - Sidebar implements IUpdatable, populating it
2025-04-11 14:45:39,073 - chestbuddy.ui.widgets.sidebar_navigation - DEBUG - SidebarNavigation populated
2025-04-11 14:45:39,073 - chestbuddy.core.controllers.view_state_controller - INFO - Registering dependencies for view 'Validation': {'Data'}
2025-04-11 14:45:39,074 - chestbuddy.ui.utils.update_manager - DEBUG - Update scheduled for SidebarNavigation
2025-04-11 14:45:39,074 - chestbuddy.ui.widgets.sidebar_navigation - DEBUG - SidebarNavigation scheduled for update
2025-04-11 14:45:39,075 - chestbuddy.core.controllers.view_state_controller - INFO - View availability changed: {'Validation': True, 'Correction': True, 'Charts': True, 'Settings': True}
2025-04-11 14:45:39,075 - chestbuddy.core.controllers.view_state_controller - INFO - Registering dependencies for view 'Correction': {'Validation'}
2025-04-11 14:45:39,075 - chestbuddy.core.controllers.view_state_controller - DEBUG - Skipping view availability update (throttled)
2025-04-11 14:45:39,075 - chestbuddy.core.controllers.view_state_controller - INFO - Registering dependencies for view 'Charts': {'Data'}
2025-04-11 14:45:39,075 - chestbuddy.core.controllers.view_state_controller - DEBUG - Skipping view availability update (throttled)
2025-04-11 14:45:39,075 - chestbuddy.core.controllers.view_state_controller - INFO - Registered prerequisite check for view 'Validation'
2025-04-11 14:45:39,075 - chestbuddy.core.controllers.view_state_controller - DEBUG - Skipping view availability update (throttled)
2025-04-11 14:45:39,076 - chestbuddy.core.controllers.view_state_controller - INFO - Registered prerequisite check for view 'Correction'
2025-04-11 14:45:39,076 - chestbuddy.core.controllers.view_state_controller - DEBUG - Skipping view availability update (throttled)
2025-04-11 14:45:39,076 - chestbuddy.core.controllers.view_state_controller - INFO - Registered prerequisite check for view 'Charts'
2025-04-11 14:45:39,076 - chestbuddy.core.controllers.view_state_controller - DEBUG - Skipping view availability update (throttled)
2025-04-11 14:45:39,076 - chestbuddy.core.controllers.view_state_controller - DEBUG - Updating sidebar via IUpdatable interface
2025-04-11 14:45:39,076 - chestbuddy.ui.widgets.sidebar_navigation - DEBUG - SidebarNavigation updated
2025-04-11 14:45:39,076 - chestbuddy.core.controllers.view_state_controller - INFO - View changed from '' to 'Dashboard'
2025-04-11 14:45:39,080 - chestbuddy.core.controllers.ui_state_controller - DEBUG - Status message updated: No data loaded
2025-04-11 14:45:39,080 - chestbuddy.core.controllers.ui_state_controller - DEBUG - Updated data-dependent UI state: has_data=False
2025-04-11 14:45:39,080 - chestbuddy.ui.main_window - DEBUG - Connecting Dashboard.import_requested to _on_import_requested handler
2025-04-11 14:45:39,080 - chestbuddy.ui.main_window - DEBUG - Connecting Data.import_requested to _on_import_requested handler
2025-04-11 14:45:39,100 - root - INFO - UI created successfully
2025-04-11 14:45:39,101 - __main__ - DEBUG - Application-level signals connected
2025-04-11 14:45:39,386 - __main__ - INFO - Application initialized successfully
2025-04-11 14:45:39,414 - chestbuddy.core.controllers.view_state_controller - DEBUG - View transition to 'Dashboard' completed
2025-04-11 14:45:39,414 - chestbuddy.ui.widgets.sidebar_navigation - DEBUG - SidebarNavigation skipping update (no change detected)
2025-04-11 14:45:39,414 - chestbuddy.ui.utils.update_manager - DEBUG - Updated SidebarNavigation
2025-04-11 14:45:40,626 - chestbuddy.ui.main_window - DEBUG - _on_import_requested called with flags: _is_handling_import=False, _is_loading_files=False
2025-04-11 14:45:40,627 - chestbuddy.ui.main_window - DEBUG - Handling import request via FileOperationsController - set flag: _is_handling_import=True
2025-04-11 14:45:40,627 - chestbuddy.core.controllers.file_operations_controller - DEBUG - FileOperationsController.open_file called with parent=<chestbuddy.ui.main_window.MainWindow(0x203a2c8c580) at 0x00000203A46C4EC0>
2025-04-11 14:45:40,627 - chestbuddy.core.controllers.file_operations_controller - DEBUG - About to show file open dialog
2025-04-11 14:45:40,629 - chestbuddy.utils.config - DEBUG - Config get: Files.last_directory = D:/Projekte/ChestBuddy/chestbuddy/data/input
2025-04-11 14:45:40,629 - chestbuddy.core.controllers.file_operations_controller - DEBUG - Retrieved last directory: D:/Projekte/ChestBuddy/chestbuddy/data/input
2025-04-11 14:45:42,250 - chestbuddy.core.controllers.file_operations_controller - DEBUG - User selected 1 files
2025-04-11 14:45:42,250 - chestbuddy.core.controllers.file_operations_controller - DEBUG - Saving last directory: D:/Projekte/ChestBuddy/chestbuddy/data/input
2025-04-11 14:45:42,250 - chestbuddy.utils.config - DEBUG - Saved configuration to: chestbuddy\config.ini
2025-04-11 14:45:42,250 - chestbuddy.core.services.data_manager - INFO - DataManager.load_csv called with 1 file(s)
2025-04-11 14:45:42,250 - chestbuddy.core.services.data_manager - DEBUG - Set files_to_load with 1 files
2025-04-11 14:45:42,250 - chestbuddy.core.services.data_manager - DEBUG - Set current_file_path to: D:/Projekte/ChestBuddy/chestbuddy/data/input/Chests_input_test.csv
2025-04-11 14:45:42,250 - chestbuddy.core.services.data_manager - DEBUG - Emitting load_started signal
2025-04-11 14:45:42,250 - chestbuddy.ui.main_window - DEBUG - MainWindow._on_load_started called
2025-04-11 14:45:42,273 - chestbuddy.core.controllers.ui_state_controller - DEBUG - Updated data-dependent UI state: has_data=False
2025-04-11 14:45:42,274 - __main__ - INFO - Load started
2025-04-11 14:45:42,274 - chestbuddy.core.controllers.progress_controller - DEBUG - Progress dialog already exists, updating instead of creating new one
2025-04-11 14:45:42,275 - chestbuddy.core.controllers.progress_controller - DEBUG - Set total files to 1
2025-04-11 14:45:42,275 - chestbuddy.core.services.data_manager - INFO - DataManager.cancel_loading called
2025-04-11 14:45:42,275 - chestbuddy.core.services.data_manager - DEBUG - Set cancellation flag to True
2025-04-11 14:45:42,275 - chestbuddy.core.services.data_manager - DEBUG - No active task to cancel
2025-04-11 14:45:42,275 - chestbuddy.core.services.data_manager - DEBUG - Loading operation cancelled successfully
2025-04-11 14:45:42,275 - chestbuddy.core.services.data_manager - DEBUG - Blocking data model signals during load
2025-04-11 14:45:42,275 - chestbuddy.core.services.data_manager - DEBUG - Creating MultiCSVLoadTask for 1 files
2025-04-11 14:45:42,275 - chestbuddy.core.services.data_manager - DEBUG - Stored task reference: <chestbuddy.utils.background_processing.MultiCSVLoadTask(0x203abe92400) at 0x00000203A4482780>
2025-04-11 14:45:42,275 - chestbuddy.core.services.data_manager - DEBUG - Reset cancellation flag to False
2025-04-11 14:45:42,275 - chestbuddy.core.services.data_manager - DEBUG - Executing MultiCSVLoadTask
2025-04-11 14:45:42,275 - chestbuddy.ui.main_window - INFO - File opened: D:/Projekte/ChestBuddy/chestbuddy/data/input/Chests_input_test.csv
2025-04-11 14:45:42,276 - __main__ - INFO - App: File opened signal received: D:/Projekte/ChestBuddy/chestbuddy/data/input/Chests_input_test.csv
2025-04-11 14:45:42,276 - chestbuddy.core.services.csv_service - DEBUG - read_csv_chunked called for D:/Projekte/ChestBuddy/chestbuddy/data/input/Chests_input_test.csv
2025-04-11 14:45:42,276 - chestbuddy.utils.config - DEBUG - Saved configuration to: chestbuddy\config.ini
2025-04-11 14:45:42,276 - chestbuddy.core.controllers.file_operations_controller - DEBUG - Saved 1 recent files to config
2025-04-11 14:45:42,276 - chestbuddy.ui.main_window - DEBUG - Recent files updated: 1 files
2025-04-11 14:45:42,277 - chestbuddy.ui.main_window - DEBUG - _on_import_requested called with flags: _is_handling_import=True, _is_loading_files=True
2025-04-11 14:45:42,277 - chestbuddy.ui.main_window - DEBUG - Already handling an import request, ignoring duplicate
2025-04-11 14:45:42,277 - chestbuddy.ui.main_window - DEBUG - MainWindow._on_load_started called
2025-04-11 14:45:42,277 - chestbuddy.core.controllers.progress_controller - DEBUG - Progress dialog already exists, updating instead of creating new one
2025-04-11 14:45:42,279 - chestbuddy.core.controllers.ui_state_controller - DEBUG - Updated data-dependent UI state: has_data=False
2025-04-11 14:45:42,279 - __main__ - INFO - Load started
2025-04-11 14:45:42,279 - chestbuddy.core.controllers.progress_controller - DEBUG - Progress dialog already exists, updating instead of creating new one
2025-04-11 14:45:42,281 - chestbuddy.core.controllers.progress_controller - DEBUG - Set total files to 0
2025-04-11 14:45:42,317 - charset_normalizer - DEBUG - Encoding detection: utf_8 is most likely the one.
2025-04-11 14:45:42,317 - chestbuddy.core.services.csv_service - DEBUG - charset_normalizer detected encoding: utf-8 with confidence: 0.9936
2025-04-11 14:45:42,317 - chestbuddy.core.services.csv_service - INFO - Detected encoding: utf-8 with confidence 0.99
2025-04-11 14:45:42,377 - chestbuddy.core.services.data_manager - DEBUG - CSV loading progress: 0% (0/100)
2025-04-11 14:45:42,378 - chestbuddy.core.services.data_manager - DEBUG - CSV loading progress: 0% (0/100)
2025-04-11 14:45:42,385 - chestbuddy.core.services.data_manager - DEBUG - Task status: Loading CSV data: 0 rows (File 1/1)
2025-04-11 14:45:42,483 - chestbuddy.core.services.data_manager - DEBUG - CSV loading progress: 0% (0/100)
2025-04-11 14:45:42,493 - chestbuddy.core.services.data_manager - DEBUG - CSV loading progress: 0% (0/100)
2025-04-11 14:45:42,506 - chestbuddy.core.services.data_manager - DEBUG - Task status: Loading CSV data: 0 rows (File 1/1)
2025-04-11 14:45:42,595 - chestbuddy.core.services.data_manager - DEBUG - CSV loading progress: 0% (0/100)
2025-04-11 14:45:42,611 - chestbuddy.core.services.data_manager - DEBUG - CSV loading progress: 0% (0/100)
2025-04-11 14:45:42,618 - chestbuddy.core.services.data_manager - DEBUG - Task status: Loading CSV data: 0 rows (File 1/1)
2025-04-11 14:45:42,693 - chestbuddy.core.services.data_manager - DEBUG - CSV loading progress: 0% (0/100)
2025-04-11 14:45:42,721 - chestbuddy.core.services.data_manager - DEBUG - CSV loading progress: 0% (0/100)
2025-04-11 14:45:42,734 - chestbuddy.core.services.data_manager - DEBUG - Task status: Loading CSV data: 0 rows (File 1/1)
2025-04-11 14:45:42,798 - chestbuddy.core.services.data_manager - DEBUG - CSV loading progress: 0% (0/100)
2025-04-11 14:45:42,806 - chestbuddy.core.services.data_manager - DEBUG - CSV loading progress: 0% (0/100)
2025-04-11 14:45:42,826 - chestbuddy.core.services.data_manager - DEBUG - Task status: Loading CSV data: 0 rows (File 1/1)
2025-04-11 14:45:42,910 - chestbuddy.core.services.data_manager - DEBUG - CSV loading progress: 0% (0/100)
2025-04-11 14:45:42,917 - chestbuddy.core.services.data_manager - DEBUG - CSV loading progress: 0% (0/100)
2025-04-11 14:45:42,918 - chestbuddy.core.services.data_manager - DEBUG - Task status: Loading CSV data: 0 rows (File 1/1)
2025-04-11 14:45:43,009 - chestbuddy.core.services.data_manager - DEBUG - CSV loading progress: 0% (0/100)
2025-04-11 14:45:43,029 - chestbuddy.core.services.data_manager - DEBUG - CSV loading progress: 0% (0/100)
2025-04-11 14:45:43,041 - chestbuddy.core.services.data_manager - DEBUG - Task status: Loading CSV data: 0 rows (File 1/1)
2025-04-11 14:45:43,118 - chestbuddy.core.services.data_manager - DEBUG - CSV loading progress: 0% (0/100)
2025-04-11 14:45:43,126 - chestbuddy.core.services.data_manager - DEBUG - CSV loading progress: 0% (0/100)
2025-04-11 14:45:43,133 - chestbuddy.core.services.data_manager - DEBUG - Task status: Loading CSV data: 0 rows (File 1/1)
2025-04-11 14:45:43,237 - chestbuddy.core.services.data_manager - DEBUG - CSV loading progress: 0% (0/100)
2025-04-11 14:45:43,266 - chestbuddy.core.services.data_manager - DEBUG - CSV loading progress: 0% (0/100)
2025-04-11 14:45:43,279 - chestbuddy.core.services.data_manager - DEBUG - Task status: Loading CSV data: 0 rows (File 1/1)
2025-04-11 14:45:43,279 - chestbuddy.core.services.data_manager - DEBUG - CSV loading progress: 100% (100/100)
2025-04-11 14:45:43,337 - chestbuddy.core.services.data_manager - DEBUG - CSV loading progress: 100% (100/100)
2025-04-11 14:45:43,338 - chestbuddy.core.services.data_manager - DEBUG - Task status: Loading CSV data: 0 rows (File 1/1)
2025-04-11 14:45:43,339 - chestbuddy.utils.background_processing - INFO - Successfully loaded 12387 rows from 1 files
2025-04-11 14:45:43,339 - chestbuddy.utils.background_processing - DEBUG - Task completed: load_multi_csv_1_files
2025-04-11 14:45:43,340 - chestbuddy.utils.background_processing - DEBUG - Thread finished and task cleanup completed
2025-04-11 14:45:43,340 - chestbuddy.core.services.data_manager - DEBUG - CSV loading progress: 100% (100/100)
2025-04-11 14:45:43,341 - chestbuddy.core.services.data_manager - DEBUG - CSV loading progress: 100% (100/100)
2025-04-11 14:45:43,341 - chestbuddy.core.services.data_manager - DEBUG - Task status: Loading CSV data: 12,387 rows (File 1/1)
2025-04-11 14:45:43,341 - chestbuddy.core.services.data_manager - DEBUG - Background task load_multi_csv_1_files completed with result: <class 'tuple'>
2025-04-11 14:45:43,341 - chestbuddy.core.services.data_manager - INFO - DataManager._on_csv_load_success called
2025-04-11 14:45:43,341 - chestbuddy.core.services.data_manager - DEBUG - CSV load result message: None
2025-04-11 14:45:43,341 - chestbuddy.core.services.data_manager - INFO - CSV loaded successfully with 12387 rows
2025-04-11 14:45:43,341 - chestbuddy.ui.main_window - DEBUG - Load finished signal received: Successfully loaded 12,387 rows of data
2025-04-11 14:45:43,341 - chestbuddy.ui.widgets.progress_dialog - DEBUG - Progress dialog close called
2025-04-11 14:45:43,341 - chestbuddy.ui.widgets.progress_dialog - DEBUG - Dialog closed via window close button, emitting canceled signal
2025-04-11 14:45:43,341 - chestbuddy.core.controllers.progress_controller - DEBUG - Progress dialog cancel button clicked
2025-04-11 14:45:43,341 - chestbuddy.core.services.data_manager - INFO - DataManager.cancel_loading called
2025-04-11 14:45:43,341 - chestbuddy.core.services.data_manager - DEBUG - Set cancellation flag to True
2025-04-11 14:45:43,341 - chestbuddy.core.services.data_manager - DEBUG - No active task to cancel
2025-04-11 14:45:43,341 - chestbuddy.core.services.data_manager - DEBUG - Loading operation cancelled successfully
2025-04-11 14:45:43,341 - __main__ - INFO - App: Progress canceled signal received
2025-04-11 14:45:43,341 - chestbuddy.ui.widgets.progress_dialog - DEBUG - Cancel button clicked in progress dialog
2025-04-11 14:45:43,341 - chestbuddy.core.controllers.progress_controller - DEBUG - Progress dialog cancel button clicked
2025-04-11 14:45:43,341 - chestbuddy.core.services.data_manager - INFO - DataManager.cancel_loading called
2025-04-11 14:45:43,341 - chestbuddy.core.services.data_manager - DEBUG - Set cancellation flag to True
2025-04-11 14:45:43,341 - chestbuddy.core.services.data_manager - DEBUG - No active task to cancel
2025-04-11 14:45:43,341 - chestbuddy.core.services.data_manager - DEBUG - Loading operation cancelled successfully
2025-04-11 14:45:43,341 - __main__ - INFO - App: Progress canceled signal received
2025-04-11 14:45:43,341 - chestbuddy.ui.widgets.progress_dialog - DEBUG - Directly closing dialog after cancel button clicked
2025-04-11 14:45:43,347 - chestbuddy.ui.widgets.progress_dialog - DEBUG - Progress dialog successfully closed
2025-04-11 14:45:43,347 - chestbuddy.core.controllers.ui_state_controller - DEBUG - Updated data-dependent UI state: has_data=False
2025-04-11 14:45:43,348 - __main__ - INFO - Load finished: Successfully loaded 12,387 rows of data
2025-04-11 14:45:43,348 - chestbuddy.core.services.data_manager - DEBUG - Mapping columns...
2025-04-11 14:45:43,350 - chestbuddy.core.services.data_manager - DEBUG - Mapped columns successfully, DataFrame shape: (12387, 6)
2025-04-11 14:45:43,350 - chestbuddy.core.services.data_manager - DEBUG - Unblocking data model signals before update
2025-04-11 14:45:43,350 - chestbuddy.core.services.data_manager - DEBUG - Updating data model with new data
2025-04-11 14:45:43,365 - chestbuddy.core.state.data_state - DEBUG - DataState updated: 12387 rows, 6 columns
2025-04-11 14:45:43,366 - chestbuddy.core.models.chest_data_model - DEBUG - Emitting data_changed signal with DataState.
2025-04-11 14:45:43,366 - chestbuddy.core.controllers.view_state_controller - INFO - Data changed event: has_data=True
2025-04-11 14:45:43,366 - chestbuddy.core.controllers.view_state_controller - INFO - Data loaded state changed: True
2025-04-11 14:45:43,368 - chestbuddy.ui.utils.update_manager - DEBUG - Update scheduled for SidebarNavigation
2025-04-11 14:45:43,368 - chestbuddy.ui.widgets.sidebar_navigation - DEBUG - SidebarNavigation scheduled for update
2025-04-11 14:45:43,369 - chestbuddy.core.controllers.view_state_controller - INFO - Marking Data view for population (not current)
2025-04-11 14:45:43,369 - chestbuddy.core.controllers.view_state_controller - INFO - Refreshing active view 'Dashboard' via IUpdatable interface
2025-04-11 14:45:43,369 - chestbuddy.core.controllers.view_state_controller - DEBUG - View 'Dashboard' doesn't need refreshing
2025-04-11 14:45:43,370 - chestbuddy.ui.data_view - DEBUG - DataView received _on_data_changed. DataState: DataState(rows=12387, columns=6, hash=8a64aca0)
2025-04-11 14:45:43,370 - chestbuddy.ui.data_view - DEBUG - Added STATUS_COLUMN to columns list: ['DATE', 'PLAYER', 'SOURCE', 'CHEST', 'SCORE', 'CLAN', 'STATUS']
2025-04-11 14:45:43,370 - chestbuddy.ui.data_view - DEBUG - Temporarily setting proxy model's source model to None
2025-04-11 14:45:43,371 - chestbuddy.ui.data_view - DEBUG - Starting chunked population: 12387 rows, 7 columns
2025-04-11 14:45:43,381 - chestbuddy.ui.data_view - DEBUG - Populating chunk from 0 to 500 of 12387 rows
2025-04-11 14:45:43,444 - chestbuddy.ui.widgets.sidebar_navigation - DEBUG - SidebarNavigation updated
2025-04-11 14:45:43,444 - chestbuddy.ui.utils.update_manager - DEBUG - Updated SidebarNavigation
2025-04-11 14:45:43,445 - chestbuddy.ui.data_view - DEBUG - Populating chunk from 500 to 1000 of 12387 rows
2025-04-11 14:45:43,469 - chestbuddy.ui.views.data_view_adapter - INFO - DataViewAdapter.populate_table: Directly populating DataView
2025-04-11 14:45:43,470 - chestbuddy.ui.views.data_view_adapter - INFO - Calling populate_table on DataView ID: 2214684283328
2025-04-11 14:45:43,470 - chestbuddy.ui.data_view - DEBUG - Skipping population since update or population is in progress
2025-04-11 14:45:43,470 - chestbuddy.ui.views.data_view_adapter - INFO - DataView.populate_table called successfully
2025-04-11 14:45:43,471 - chestbuddy.ui.views.data_view_adapter - INFO - Table population completed successfully
2025-04-11 14:45:43,471 - chestbuddy.ui.main_window - INFO - Table populated with 12387 rows
2025-04-11 14:45:43,471 - __main__ - INFO - App: Table populated with 12387 rows
2025-04-11 14:45:43,471 - chestbuddy.core.controllers.data_view_controller - INFO - Table populated with 12387 rows
2025-04-11 14:45:43,473 - chestbuddy.ui.data_view - DEBUG - Populating chunk from 1000 to 1500 of 12387 rows
2025-04-11 14:45:43,510 - chestbuddy.ui.data_view - DEBUG - Populating chunk from 1500 to 2000 of 12387 rows
2025-04-11 14:45:43,535 - chestbuddy.ui.data_view - DEBUG - Populating chunk from 2000 to 2500 of 12387 rows
2025-04-11 14:45:43,560 - chestbuddy.ui.data_view - DEBUG - Populating chunk from 2500 to 3000 of 12387 rows
2025-04-11 14:45:43,586 - chestbuddy.ui.data_view - DEBUG - Populating chunk from 3000 to 3500 of 12387 rows
2025-04-11 14:45:43,610 - chestbuddy.ui.data_view - DEBUG - Populating chunk from 3500 to 4000 of 12387 rows
2025-04-11 14:45:43,635 - chestbuddy.ui.data_view - DEBUG - Populating chunk from 4000 to 4500 of 12387 rows
2025-04-11 14:45:43,660 - chestbuddy.ui.data_view - DEBUG - Populating chunk from 4500 to 5000 of 12387 rows
2025-04-11 14:45:43,684 - chestbuddy.ui.data_view - DEBUG - Populating chunk from 5000 to 5500 of 12387 rows
2025-04-11 14:45:43,710 - chestbuddy.ui.data_view - DEBUG - Populating chunk from 5500 to 6000 of 12387 rows
2025-04-11 14:45:43,735 - chestbuddy.ui.data_view - DEBUG - Populating chunk from 6000 to 6500 of 12387 rows
2025-04-11 14:45:43,760 - chestbuddy.ui.data_view - DEBUG - Populating chunk from 6500 to 7000 of 12387 rows
2025-04-11 14:45:43,785 - chestbuddy.ui.data_view - DEBUG - Populating chunk from 7000 to 7500 of 12387 rows
2025-04-11 14:45:43,810 - chestbuddy.ui.data_view - DEBUG - Populating chunk from 7500 to 8000 of 12387 rows
2025-04-11 14:45:43,853 - chestbuddy.ui.data_view - DEBUG - Populating chunk from 8000 to 8500 of 12387 rows
2025-04-11 14:45:43,880 - chestbuddy.ui.data_view - DEBUG - Populating chunk from 8500 to 9000 of 12387 rows
2025-04-11 14:45:43,905 - chestbuddy.ui.data_view - DEBUG - Populating chunk from 9000 to 9500 of 12387 rows
2025-04-11 14:45:43,932 - chestbuddy.ui.data_view - DEBUG - Populating chunk from 9500 to 10000 of 12387 rows
2025-04-11 14:45:43,959 - chestbuddy.ui.data_view - DEBUG - Populating chunk from 10000 to 10500 of 12387 rows
2025-04-11 14:45:43,985 - chestbuddy.ui.data_view - DEBUG - Populating chunk from 10500 to 11000 of 12387 rows
2025-04-11 14:45:44,010 - chestbuddy.ui.data_view - DEBUG - Populating chunk from 11000 to 11500 of 12387 rows
2025-04-11 14:45:44,036 - chestbuddy.ui.data_view - DEBUG - Populating chunk from 11500 to 12000 of 12387 rows
2025-04-11 14:45:44,062 - chestbuddy.ui.data_view - DEBUG - Populating chunk from 12000 to 12387 of 12387 rows
2025-04-11 14:45:44,081 - chestbuddy.ui.data_view - DEBUG - Chunk population complete: 12387 rows processed
2025-04-11 14:45:44,081 - chestbuddy.ui.data_view - DEBUG - Finalizing data population
2025-04-11 14:45:44,081 - chestbuddy.ui.data_view - DEBUG - Reconnecting proxy model to source model during finalization
2025-04-11 14:45:44,105 - chestbuddy.ui.data_view - DEBUG - Set PLAYER column (index 1) width to 200px
2025-04-11 14:45:44,105 - chestbuddy.ui.data_view - DEBUG - Set SOURCE column (index 2) width to 200px
2025-04-11 14:45:44,105 - chestbuddy.ui.data_view - DEBUG - Set CHEST column (index 3) width to 200px
2025-04-11 14:45:44,106 - chestbuddy.ui.data_view - DEBUG - Set SCORE column (index 4) width to 80px
2025-04-11 14:45:44,106 - chestbuddy.ui.data_view - DEBUG - Set CLAN column (index 5) width to 80px
2025-04-11 14:45:44,106 - chestbuddy.ui.data_view - DEBUG - Set STATUS column (index 6) width to 60px
2025-04-11 14:45:44,106 - chestbuddy.ui.data_view - DEBUG - Set STATUS column (index 6) width to 60px
2025-04-11 14:45:44,106 - chestbuddy.ui.data_view - DEBUG - Status updated: Showing all 12387 rows
2025-04-11 14:45:44,106 - chestbuddy.ui.data_view - DEBUG - Data population completed successfully
2025-04-11 14:45:44,109 - chestbuddy.ui.views.data_view_adapter - DEBUG - DataViewAdapter: Data model changed, requesting update
2025-04-11 14:45:44,109 - chestbuddy.ui.views.data_view_adapter - DEBUG - DataViewAdapter: Data model has data, forcing population
2025-04-11 14:45:44,109 - chestbuddy.ui.views.data_view_adapter - DEBUG - DataViewAdapter: Directly calling populate_table on DataView
2025-04-11 14:45:44,109 - chestbuddy.ui.data_view - DEBUG - Added STATUS_COLUMN to columns list: ['DATE', 'PLAYER', 'SOURCE', 'CHEST', 'SCORE', 'CLAN', 'STATUS']
2025-04-11 14:45:44,109 - chestbuddy.ui.data_view - DEBUG - Temporarily setting proxy model's source model to None
2025-04-11 14:45:44,809 - chestbuddy.ui.data_view - DEBUG - Starting chunked population: 12387 rows, 7 columns
2025-04-11 14:45:44,814 - chestbuddy.ui.data_view - DEBUG - Populating chunk from 0 to 500 of 12387 rows
2025-04-11 14:45:44,844 - chestbuddy.ui.main_window - DEBUG - Navigation changed: Data - 
2025-04-11 14:45:44,845 - chestbuddy.core.controllers.view_state_controller - INFO - Populating data view as it needs population
2025-04-11 14:45:44,845 - chestbuddy.ui.views.data_view_adapter - INFO - DataViewAdapter.populate_table: Directly populating DataView
2025-04-11 14:45:44,845 - chestbuddy.ui.views.data_view_adapter - INFO - Calling populate_table on DataView ID: 2214684283328
2025-04-11 14:45:44,845 - chestbuddy.ui.data_view - DEBUG - Skipping population since update or population is in progress
2025-04-11 14:45:44,845 - chestbuddy.ui.views.data_view_adapter - INFO - DataView.populate_table called successfully
2025-04-11 14:45:44,846 - chestbuddy.ui.views.data_view_adapter - INFO - Table population completed successfully
2025-04-11 14:45:44,846 - chestbuddy.core.controllers.data_view_controller - DEBUG - === DataViewController.set_view called with view of type: DataViewAdapter ===
2025-04-11 14:45:44,846 - chestbuddy.core.controllers.data_view_controller - DEBUG - View instance ID: 2214660422592
2025-04-11 14:45:44,846 - chestbuddy.core.controllers.data_view_controller - WARNING - Replacing existing view (ID: 2214660422592) with new view (ID: 2214660422592)
2025-04-11 14:45:44,846 - chestbuddy.core.controllers.data_view_controller - DEBUG - View contains internal DataView with ID: 2214684283328
2025-04-11 14:45:44,846 - chestbuddy.core.controllers.data_view_controller - DEBUG - Internal DataView has TableStateManager: True, ID: 2214668068864
2025-04-11 14:45:44,846 - chestbuddy.core.controllers.data_view_controller - DEBUG - View does not have _action_toolbar attribute
2025-04-11 14:45:44,846 - chestbuddy.core.controllers.base_controller - DEBUG - DataViewController connected to view: DataViewAdapter
2025-04-11 14:45:44,846 - chestbuddy.core.controllers.data_view_controller - DEBUG - DataViewController connected to view: DataViewAdapter
2025-04-11 14:45:44,846 - chestbuddy.core.controllers.data_view_controller - DEBUG - Connected to view signals through connect_to_view method
2025-04-11 14:45:44,846 - chestbuddy.core.controllers.view_state_controller - DEBUG - Updating sidebar via IUpdatable interface
2025-04-11 14:45:44,849 - chestbuddy.ui.widgets.sidebar_navigation - DEBUG - SidebarNavigation updated
2025-04-11 14:45:44,850 - chestbuddy.core.controllers.view_state_controller - DEBUG - Navigation history updated: position=1, history=['Dashboard', 'Data']
2025-04-11 14:45:44,850 - chestbuddy.core.controllers.view_state_controller - INFO - View changed from 'Dashboard' to 'Data'
2025-04-11 14:45:44,850 - chestbuddy.core.controllers.view_state_controller - INFO - View transition already in progress, queuing change to 'Data'
2025-04-11 14:45:44,850 - chestbuddy.ui.main_window - DEBUG - Navigation changed: Data - 
2025-04-11 14:45:44,850 - chestbuddy.core.controllers.view_state_controller - INFO - View transition already in progress, queuing change to 'Data'
2025-04-11 14:45:44,858 - chestbuddy.ui.data_view - DEBUG - Populating chunk from 500 to 1000 of 12387 rows
2025-04-11 14:45:44,883 - chestbuddy.ui.data_view - DEBUG - Populating chunk from 1000 to 1500 of 12387 rows
2025-04-11 14:45:44,923 - chestbuddy.core.controllers.view_state_controller - DEBUG - View transition to 'Data' completed
2025-04-11 14:45:44,923 - chestbuddy.core.controllers.view_state_controller - INFO - Processing pending view change to 'Data' with subsection 'None'
2025-04-11 14:45:44,923 - chestbuddy.ui.data_view - DEBUG - Populating chunk from 1500 to 2000 of 12387 rows
2025-04-11 14:45:44,948 - chestbuddy.ui.data_view - DEBUG - Populating chunk from 2000 to 2500 of 12387 rows
2025-04-11 14:45:44,973 - chestbuddy.ui.data_view - DEBUG - Populating chunk from 2500 to 3000 of 12387 rows
2025-04-11 14:45:44,998 - chestbuddy.ui.data_view - DEBUG - Populating chunk from 3000 to 3500 of 12387 rows
2025-04-11 14:45:45,023 - chestbuddy.ui.data_view - DEBUG - Populating chunk from 3500 to 4000 of 12387 rows
2025-04-11 14:45:45,048 - chestbuddy.ui.data_view - DEBUG - Populating chunk from 4000 to 4500 of 12387 rows
2025-04-11 14:45:45,073 - chestbuddy.ui.data_view - DEBUG - Populating chunk from 4500 to 5000 of 12387 rows
2025-04-11 14:45:45,098 - chestbuddy.ui.data_view - DEBUG - Populating chunk from 5000 to 5500 of 12387 rows
2025-04-11 14:45:45,122 - chestbuddy.ui.data_view - DEBUG - Populating chunk from 5500 to 6000 of 12387 rows
2025-04-11 14:45:45,147 - chestbuddy.ui.data_view - DEBUG - Populating chunk from 6000 to 6500 of 12387 rows
2025-04-11 14:45:45,171 - chestbuddy.ui.data_view - DEBUG - Populating chunk from 6500 to 7000 of 12387 rows
2025-04-11 14:45:45,197 - chestbuddy.ui.data_view - DEBUG - Populating chunk from 7000 to 7500 of 12387 rows
2025-04-11 14:45:45,240 - chestbuddy.ui.data_view - DEBUG - Populating chunk from 7500 to 8000 of 12387 rows
2025-04-11 14:45:45,266 - chestbuddy.ui.data_view - DEBUG - Populating chunk from 8000 to 8500 of 12387 rows
2025-04-11 14:45:45,291 - chestbuddy.ui.data_view - DEBUG - Populating chunk from 8500 to 9000 of 12387 rows
2025-04-11 14:45:45,316 - chestbuddy.ui.data_view - DEBUG - Populating chunk from 9000 to 9500 of 12387 rows
2025-04-11 14:45:45,341 - chestbuddy.ui.data_view - DEBUG - Populating chunk from 9500 to 10000 of 12387 rows
2025-04-11 14:45:45,368 - chestbuddy.ui.data_view - DEBUG - Populating chunk from 10000 to 10500 of 12387 rows
2025-04-11 14:45:45,393 - chestbuddy.ui.data_view - DEBUG - Populating chunk from 10500 to 11000 of 12387 rows
2025-04-11 14:45:45,418 - chestbuddy.ui.data_view - DEBUG - Populating chunk from 11000 to 11500 of 12387 rows
2025-04-11 14:45:45,443 - chestbuddy.ui.data_view - DEBUG - Populating chunk from 11500 to 12000 of 12387 rows
2025-04-11 14:45:45,469 - chestbuddy.ui.data_view - DEBUG - Populating chunk from 12000 to 12387 of 12387 rows
2025-04-11 14:45:45,489 - chestbuddy.ui.data_view - DEBUG - Chunk population complete: 12387 rows processed
2025-04-11 14:45:45,489 - chestbuddy.ui.data_view - DEBUG - Finalizing data population
2025-04-11 14:45:45,489 - chestbuddy.ui.data_view - DEBUG - Reconnecting proxy model to source model during finalization
2025-04-11 14:45:45,513 - chestbuddy.ui.data_view - DEBUG - Set PLAYER column (index 1) width to 200px
2025-04-11 14:45:45,513 - chestbuddy.ui.data_view - DEBUG - Set SOURCE column (index 2) width to 200px
2025-04-11 14:45:45,514 - chestbuddy.ui.data_view - DEBUG - Set CHEST column (index 3) width to 200px
2025-04-11 14:45:45,514 - chestbuddy.ui.data_view - DEBUG - Set SCORE column (index 4) width to 80px
2025-04-11 14:45:45,514 - chestbuddy.ui.data_view - DEBUG - Set CLAN column (index 5) width to 80px
2025-04-11 14:45:45,514 - chestbuddy.ui.data_view - DEBUG - Set STATUS column (index 6) width to 60px
2025-04-11 14:45:45,514 - chestbuddy.ui.data_view - DEBUG - Set STATUS column (index 6) width to 60px
2025-04-11 14:45:45,514 - chestbuddy.ui.data_view - DEBUG - Status updated: Showing all 12387 rows
2025-04-11 14:45:45,514 - chestbuddy.ui.data_view - DEBUG - Data population completed successfully
2025-04-11 14:45:45,643 - chestbuddy.ui.utils.update_manager - DEBUG - Update scheduled for DataViewAdapter
2025-04-11 14:45:45,643 - chestbuddy.ui.views.updatable_view - DEBUG - DataViewAdapter scheduled for update
2025-04-11 14:45:45,643 - chestbuddy.ui.utils.update_manager - DEBUG - Update scheduled for DataViewAdapter
2025-04-11 14:45:45,643 - chestbuddy.ui.views.updatable_view - DEBUG - DataViewAdapter scheduled for update
2025-04-11 14:45:45,643 - chestbuddy.ui.utils.update_manager - DEBUG - Update scheduled for CorrectionView
2025-04-11 14:45:45,643 - chestbuddy.ui.views.updatable_view - DEBUG - CorrectionView scheduled for update
2025-04-11 14:45:45,643 - chestbuddy.ui.utils.update_manager - DEBUG - Update scheduled for ChartView
2025-04-11 14:45:45,643 - chestbuddy.ui.views.updatable_view - DEBUG - ChartView scheduled for update
2025-04-11 14:45:45,643 - chestbuddy.core.controllers.data_view_controller - DEBUG - Auto-validate action state changed to: False
2025-04-11 14:45:45,643 - chestbuddy.core.services.validation_service - DEBUG - Setting validate_on_import from False to False
2025-04-11 14:45:45,643 - chestbuddy.core.services.validation_service - DEBUG - validate_on_import already set to False, no change needed
2025-04-11 14:45:45,643 - chestbuddy.core.controllers.data_view_controller - DEBUG - Updated validation service auto-validate setting to: False
2025-04-11 14:45:45,643 - chestbuddy.core.controllers.ui_state_controller - DEBUG - Action states updated: {'save': True, 'save_as': True, 'export': True, 'validate': True, 'correct': True, 'chart': True, 'filter': True, 'sort': True, 'add_to_validation': True, 'clear_validation': True, 'refresh_validation': True, 'auto_validate': False}
2025-04-11 14:45:45,643 - chestbuddy.core.controllers.ui_state_controller - DEBUG - Status message updated: Data loaded and ready
2025-04-11 14:45:45,643 - chestbuddy.core.controllers.ui_state_controller - DEBUG - Updated data-dependent UI state: has_data=True
2025-04-11 14:45:45,900 - chestbuddy.core.controllers.ui_state_controller - DEBUG - Status message updated: Data loaded: 12,387 rows
2025-04-11 14:45:45,900 - chestbuddy.core.controllers.ui_state_controller - DEBUG - Status message updated: Data loaded and ready
2025-04-11 14:45:45,900 - chestbuddy.core.controllers.ui_state_controller - DEBUG - Updated data-dependent UI state: has_data=True
2025-04-11 14:45:45,900 - __main__ - ERROR - Error in _on_data_changed: 'DataState' object has no attribute 'has_data'
2025-04-11 14:45:45,901 - chestbuddy.core.services.data_manager - INFO - Emitting data_loaded signal
2025-04-11 14:45:45,901 - chestbuddy.ui.main_window - INFO - Data loaded signal received, ensuring data table is populated
2025-04-11 14:45:45,901 - chestbuddy.ui.main_window - INFO - Data view doesn't need refresh, skipping table population
2025-04-11 14:45:45,901 - chestbuddy.ui.main_window - INFO - Forcing population on DataViewAdapter as fallback
2025-04-11 14:45:45,901 - chestbuddy.ui.views.data_view_adapter - INFO - DataViewAdapter.populate_table: Directly populating DataView
2025-04-11 14:45:45,901 - chestbuddy.ui.views.data_view_adapter - INFO - Calling populate_table on DataView ID: 2214684283328
2025-04-11 14:45:45,903 - chestbuddy.ui.data_view - DEBUG - Added STATUS_COLUMN to columns list: ['DATE', 'PLAYER', 'SOURCE', 'CHEST', 'SCORE', 'CLAN', 'STATUS']
2025-04-11 14:45:45,903 - chestbuddy.ui.data_view - DEBUG - Temporarily setting proxy model's source model to None
2025-04-11 14:45:46,605 - chestbuddy.ui.data_view - DEBUG - Starting chunked population: 12387 rows, 7 columns
2025-04-11 14:45:46,611 - chestbuddy.ui.views.updatable_view - DEBUG - ChartView updating with data: NoneType
2025-04-11 14:45:46,613 - chestbuddy.ui.views.chart_view - DEBUG - ChartView: View content updated
2025-04-11 14:45:46,613 - chestbuddy.ui.views.updatable_view - DEBUG - ChartView updated
2025-04-11 14:45:46,613 - chestbuddy.ui.utils.update_manager - DEBUG - Updated ChartView
2025-04-11 14:45:46,613 - chestbuddy.ui.views.updatable_view - DEBUG - CorrectionView updating with data: NoneType
2025-04-11 14:45:46,613 - chestbuddy.ui.views.correction_view - DEBUG - CorrectionView status: Updating correction rules...
2025-04-11 14:45:46,613 - chestbuddy.ui.views.correction_view - DEBUG - CorrectionView: View content refreshed
2025-04-11 14:45:46,613 - chestbuddy.ui.views.correction_view - DEBUG - CorrectionView status: Correction rules updated
2025-04-11 14:45:46,613 - chestbuddy.ui.views.updatable_view - DEBUG - CorrectionView updated
2025-04-11 14:45:46,613 - chestbuddy.ui.utils.update_manager - DEBUG - Updated CorrectionView
2025-04-11 14:45:46,613 - chestbuddy.ui.views.updatable_view - DEBUG - DataViewAdapter updating with data: NoneType
2025-04-11 14:45:46,613 - chestbuddy.ui.views.data_view_adapter - DEBUG - DataViewAdapter: Updating view
2025-04-11 14:45:46,613 - chestbuddy.ui.data_view - DEBUG - Already updating, skipping _update_view call
2025-04-11 14:45:46,613 - chestbuddy.ui.views.data_view_adapter - DEBUG - DataViewAdapter: View content updated
2025-04-11 14:45:46,613 - chestbuddy.ui.views.updatable_view - DEBUG - DataViewAdapter updated
2025-04-11 14:45:46,613 - chestbuddy.ui.utils.update_manager - DEBUG - Updated DataViewAdapter
2025-04-11 14:45:46,613 - chestbuddy.ui.data_view - DEBUG - Populating chunk from 0 to 500 of 12387 rows
2025-04-11 14:45:46,641 - chestbuddy.ui.main_window - DEBUG - Navigation changed: Validation - 
2025-04-11 14:45:46,641 - chestbuddy.core.controllers.view_state_controller - DEBUG - Updating sidebar via IUpdatable interface
2025-04-11 14:45:46,645 - chestbuddy.ui.widgets.sidebar_navigation - DEBUG - SidebarNavigation updated
2025-04-11 14:45:46,646 - chestbuddy.core.controllers.view_state_controller - DEBUG - Navigation history updated: position=2, history=['Dashboard', 'Data', 'Validation']
2025-04-11 14:45:46,646 - chestbuddy.core.controllers.view_state_controller - INFO - View changed from 'Data' to 'Validation'
2025-04-11 14:45:46,646 - chestbuddy.ui.main_window - DEBUG - Navigation changed: Validation - 
2025-04-11 14:45:46,663 - chestbuddy.ui.data_view - DEBUG - Populating chunk from 500 to 1000 of 12387 rows
2025-04-11 14:45:46,690 - chestbuddy.ui.data_view - DEBUG - Populating chunk from 1000 to 1500 of 12387 rows
2025-04-11 14:45:46,727 - chestbuddy.core.controllers.view_state_controller - DEBUG - View transition to 'Validation' completed
2025-04-11 14:45:46,727 - chestbuddy.ui.data_view - DEBUG - Populating chunk from 1500 to 2000 of 12387 rows
2025-04-11 14:45:46,753 - chestbuddy.ui.data_view - DEBUG - Populating chunk from 2000 to 2500 of 12387 rows
2025-04-11 14:45:46,778 - chestbuddy.ui.data_view - DEBUG - Populating chunk from 2500 to 3000 of 12387 rows
2025-04-11 14:45:46,803 - chestbuddy.ui.data_view - DEBUG - Populating chunk from 3000 to 3500 of 12387 rows
2025-04-11 14:45:46,829 - chestbuddy.ui.data_view - DEBUG - Populating chunk from 3500 to 4000 of 12387 rows
2025-04-11 14:45:46,853 - chestbuddy.ui.data_view - DEBUG - Populating chunk from 4000 to 4500 of 12387 rows
2025-04-11 14:45:46,880 - chestbuddy.ui.data_view - DEBUG - Populating chunk from 4500 to 5000 of 12387 rows
2025-04-11 14:45:46,905 - chestbuddy.ui.data_view - DEBUG - Populating chunk from 5000 to 5500 of 12387 rows
2025-04-11 14:45:46,930 - chestbuddy.ui.data_view - DEBUG - Populating chunk from 5500 to 6000 of 12387 rows
2025-04-11 14:45:46,955 - chestbuddy.ui.data_view - DEBUG - Populating chunk from 6000 to 6500 of 12387 rows
2025-04-11 14:45:46,980 - chestbuddy.ui.data_view - DEBUG - Populating chunk from 6500 to 7000 of 12387 rows
2025-04-11 14:45:47,005 - chestbuddy.ui.data_view - DEBUG - Populating chunk from 7000 to 7500 of 12387 rows
2025-04-11 14:45:47,049 - chestbuddy.ui.data_view - DEBUG - Populating chunk from 7500 to 8000 of 12387 rows
2025-04-11 14:45:47,075 - chestbuddy.ui.data_view - DEBUG - Populating chunk from 8000 to 8500 of 12387 rows
2025-04-11 14:45:47,100 - chestbuddy.ui.data_view - DEBUG - Populating chunk from 8500 to 9000 of 12387 rows
2025-04-11 14:45:47,126 - chestbuddy.ui.data_view - DEBUG - Populating chunk from 9000 to 9500 of 12387 rows
2025-04-11 14:45:47,151 - chestbuddy.ui.data_view - DEBUG - Populating chunk from 9500 to 10000 of 12387 rows
2025-04-11 14:45:47,179 - chestbuddy.ui.data_view - DEBUG - Populating chunk from 10000 to 10500 of 12387 rows
2025-04-11 14:45:47,204 - chestbuddy.ui.data_view - DEBUG - Populating chunk from 10500 to 11000 of 12387 rows
2025-04-11 14:45:47,229 - chestbuddy.ui.data_view - DEBUG - Populating chunk from 11000 to 11500 of 12387 rows
2025-04-11 14:45:47,256 - chestbuddy.ui.data_view - DEBUG - Populating chunk from 11500 to 12000 of 12387 rows
2025-04-11 14:45:47,281 - chestbuddy.ui.data_view - DEBUG - Populating chunk from 12000 to 12387 of 12387 rows
2025-04-11 14:45:47,301 - chestbuddy.ui.data_view - DEBUG - Chunk population complete: 12387 rows processed
2025-04-11 14:45:47,301 - chestbuddy.ui.data_view - DEBUG - Finalizing data population
2025-04-11 14:45:47,301 - chestbuddy.ui.data_view - DEBUG - Reconnecting proxy model to source model during finalization
2025-04-11 14:45:47,327 - chestbuddy.ui.data_view - DEBUG - Set PLAYER column (index 1) width to 200px
2025-04-11 14:45:47,327 - chestbuddy.ui.data_view - DEBUG - Set SOURCE column (index 2) width to 200px
2025-04-11 14:45:47,327 - chestbuddy.ui.data_view - DEBUG - Set CHEST column (index 3) width to 200px
2025-04-11 14:45:47,327 - chestbuddy.ui.data_view - DEBUG - Set SCORE column (index 4) width to 80px
2025-04-11 14:45:47,327 - chestbuddy.ui.data_view - DEBUG - Set CLAN column (index 5) width to 80px
2025-04-11 14:45:47,327 - chestbuddy.ui.data_view - DEBUG - Set STATUS column (index 6) width to 60px
2025-04-11 14:45:47,327 - chestbuddy.ui.data_view - DEBUG - Set STATUS column (index 6) width to 60px
2025-04-11 14:45:47,327 - chestbuddy.ui.data_view - DEBUG - Status updated: Showing all 12387 rows
2025-04-11 14:45:47,327 - chestbuddy.ui.data_view - DEBUG - Data population completed successfully
2025-04-11 14:45:47,328 - chestbuddy.ui.views.data_view_adapter - INFO - DataView.populate_table called successfully
2025-04-11 14:45:47,329 - chestbuddy.ui.views.data_view_adapter - INFO - Table population completed successfully
2025-04-11 14:45:47,329 - __main__ - INFO - App: Data loaded signal received
2025-04-11 14:45:47,329 - chestbuddy.core.controllers.view_state_controller - INFO - Refreshing active view: Validation
2025-04-11 14:45:47,329 - chestbuddy.ui.views.validation_view_adapter - DEBUG - ValidationViewAdapter.refresh called
2025-04-11 14:45:47,329 - chestbuddy.core.models.validation_list_model - DEBUG - Loaded 100 entries from D:\Projekte\ChestBuddy\chestbuddy\validation_lists\players.txt
2025-04-11 14:45:47,331 - chestbuddy.ui.views.validation_list_view - DEBUG - Populated list with 100 entries
2025-04-11 14:45:47,331 - chestbuddy.core.models.validation_list_model - DEBUG - Refreshed entries from D:\Projekte\ChestBuddy\chestbuddy\validation_lists\players.txt
2025-04-11 14:45:47,332 - chestbuddy.ui.views.validation_list_view - DEBUG - Populated list with 100 entries
2025-04-11 14:45:47,332 - chestbuddy.core.models.validation_list_model - DEBUG - Loaded 68 entries from D:\Projekte\ChestBuddy\chestbuddy\validation_lists\chest_types.txt
2025-04-11 14:45:47,332 - chestbuddy.ui.views.validation_list_view - DEBUG - Populated list with 68 entries
2025-04-11 14:45:47,332 - chestbuddy.core.models.validation_list_model - DEBUG - Refreshed entries from D:\Projekte\ChestBuddy\chestbuddy\validation_lists\chest_types.txt
2025-04-11 14:45:47,333 - chestbuddy.ui.views.validation_list_view - DEBUG - Populated list with 68 entries
2025-04-11 14:45:47,333 - chestbuddy.core.models.validation_list_model - DEBUG - Loaded 82 entries from D:\Projekte\ChestBuddy\chestbuddy\validation_lists\sources.txt
2025-04-11 14:45:47,333 - chestbuddy.ui.views.validation_list_view - DEBUG - Populated list with 82 entries
2025-04-11 14:45:47,333 - chestbuddy.core.models.validation_list_model - DEBUG - Refreshed entries from D:\Projekte\ChestBuddy\chestbuddy\validation_lists\sources.txt
2025-04-11 14:45:47,333 - chestbuddy.ui.views.validation_list_view - DEBUG - Populated list with 82 entries
2025-04-11 14:45:47,333 - chestbuddy.ui.views.validation_view_adapter - DEBUG - ValidationViewAdapter: View content refreshed
2025-04-11 14:45:47,333 - chestbuddy.core.controllers.ui_state_controller - DEBUG - Status message updated: Data loaded: 12,387 rows
2025-04-11 14:45:47,334 - __main__ - INFO - Save success: Successfully loaded 12,387 rows of data
2025-04-11 14:45:47,334 - chestbuddy.core.services.data_manager - INFO - Emitted load_success signal
2025-04-11 14:45:47,447 - chestbuddy.ui.main_window - INFO - Cancelling any ongoing operations before closing
2025-04-11 14:45:47,448 - chestbuddy.core.services.data_manager - INFO - DataManager.cancel_loading called
2025-04-11 14:45:47,448 - chestbuddy.core.services.data_manager - DEBUG - Set cancellation flag to True
2025-04-11 14:45:47,448 - chestbuddy.core.services.data_manager - DEBUG - No active task to cancel
2025-04-11 14:45:47,448 - chestbuddy.core.services.data_manager - DEBUG - Loading operation cancelled successfully
2025-04-11 14:45:47,459 - __main__ - INFO - Cleaning up application resources
2025-04-11 14:45:47,459 - __main__ - DEBUG - Processing pending events before shutdown
2025-04-11 14:45:47,460 - chestbuddy.utils.service_locator - DEBUG - All services and factories cleared
2025-04-11 14:45:47,460 - chestbuddy.utils.config - DEBUG - Saved configuration to: chestbuddy\config.ini
2025-04-11 14:45:47,460 - chestbuddy.utils.background_processing - DEBUG - Shutting down 1 background workers
2025-04-11 14:45:47,460 - chestbuddy.utils.background_processing - DEBUG - All background workers shutdown completed
2025-04-11 14:45:47,460 - __main__ - INFO - Application cleanup completed
2025-04-11 14:45:47,461 - chestbuddy.core.controllers.base_controller - DEBUG - ErrorHandlingController disconnected all connections (0 total)
2025-04-11 14:45:47,461 - chestbuddy.core.controllers.base_controller - DEBUG - ErrorHandlingController destroyed and connections cleaned up
2025-04-11 14:45:47,497 - chestbuddy.core.controllers.base_controller - DEBUG - FileOperationsController disconnected from model: DataManager (0 connections)
2025-04-11 14:45:47,497 - chestbuddy.core.controllers.base_controller - DEBUG - FileOperationsController disconnected all connections (0 total)
2025-04-11 14:45:47,497 - chestbuddy.core.controllers.base_controller - DEBUG - FileOperationsController destroyed and connections cleaned up
2025-04-11 14:45:47,497 - chestbuddy.core.controllers.base_controller - DEBUG - ProgressController disconnected all connections (0 total)
2025-04-11 14:45:47,497 - chestbuddy.core.controllers.base_controller - DEBUG - ProgressController destroyed and connections cleaned up
2025-04-11 14:45:47,720 - chestbuddy.utils.background_processing - DEBUG - Thread was not running during cleanup
2025-04-11 14:45:47,736 - chestbuddy.core.controllers.base_controller - DEBUG - ViewStateController disconnected from view: SidebarNavigation (0 connections)
2025-04-11 14:45:47,736 - chestbuddy.core.controllers.base_controller - DEBUG - ViewStateController disconnected from model: ChestDataModel (0 connections)
2025-04-11 14:45:47,736 - chestbuddy.core.controllers.base_controller - DEBUG - ViewStateController disconnected all connections (0 total)
2025-04-11 14:45:47,736 - chestbuddy.core.controllers.base_controller - DEBUG - ViewStateController destroyed and connections cleaned up
2025-04-11 14:45:47,736 - chestbuddy.ui.views.base_view - DEBUG - Disconnected signals for DashboardView
2025-04-11 14:45:47,737 - chestbuddy.ui.views.base_view - DEBUG - Disconnected signals for ValidationViewAdapter
2025-04-11 14:45:47,737 - chestbuddy.ui.views.base_view - DEBUG - Disconnected signals for SettingsViewAdapter
