2025-03-22 17:52:59,345 - __main__ - INFO - Logging initialized at level INFO
2025-03-22 17:55:35,372 - __main__ - INFO - Logging initialized at level INFO
2025-03-22 17:57:14,749 - __main__ - INFO - Logging initialized at level INFO
2025-03-22 17:57:14,784 - __main__ - INFO - Autosave enabled with interval of 5 minutes
2025-03-22 17:57:14,784 - __main__ - INFO - ChestBuddy application initialized
2025-03-22 17:57:14,970 - __main__ - INFO - Starting application main event loop
2025-03-22 17:58:01,911 - __main__ - INFO - Loading CSV file: D:/Projekte/ChestBuddy/data/input/Chests_input_test.csv
2025-03-22 17:58:41,528 - __main__ - INFO - Validating data
2025-03-22 17:58:56,795 - __main__ - INFO - Application shutdown
2025-03-22 18:00:30,522 - __main__ - INFO - Logging initialized at level INFO
2025-03-22 18:00:30,563 - __main__ - INFO - Autosave enabled with interval of 5 minutes
2025-03-22 18:00:30,563 - __main__ - INFO - ChestBuddy application initialized
2025-03-22 18:00:30,622 - __main__ - INFO - Starting application main event loop
2025-03-22 18:00:34,122 - __main__ - INFO - Application shutdown
2025-03-22 18:17:00,596 - __main__ - INFO - Logging initialized at level INFO
2025-03-22 18:19:48,008 - __main__ - INFO - Logging initialized at level INFO
2025-03-22 18:20:37,499 - __main__ - INFO - Logging initialized at level INFO
2025-03-22 18:21:20,379 - __main__ - INFO - Logging initialized at level INFO
2025-03-22 18:22:39,257 - __main__ - INFO - Logging initialized at level INFO
2025-03-22 18:23:58,272 - __main__ - INFO - Logging initialized at level INFO
2025-03-22 18:23:58,328 - __main__ - INFO - Autosave enabled with interval of 5 minutes
2025-03-22 18:23:58,328 - chestbuddy.ui.resources.resource_manager - WARNING - Failed to load Qt resources. Using file-based resources.
2025-03-22 18:23:58,358 - __main__ - INFO - ChestBuddy application initialized
2025-03-22 18:23:58,414 - __main__ - INFO - Starting application main event loop
2025-03-22 18:24:26,181 - chestbuddy.ui.main_window - ERROR - Error opening file: 'CSVService' object has no attribute 'load_csv'
2025-03-22 18:24:37,325 - chestbuddy.ui.main_window - ERROR - Error opening file: 'CSVService' object has no attribute 'load_csv'
2025-03-22 18:25:00,108 - __main__ - INFO - Application shutdown
2025-03-22 18:27:42,536 - __main__ - INFO - Logging initialized at level INFO
2025-03-22 18:27:42,591 - __main__ - INFO - Autosave enabled with interval of 5 minutes
2025-03-22 18:27:42,591 - chestbuddy.ui.resources.resource_manager - WARNING - Failed to load Qt resources. Using file-based resources.
2025-03-22 18:27:42,617 - __main__ - INFO - ChestBuddy application initialized
2025-03-22 18:27:42,676 - __main__ - INFO - Starting application main event loop
2025-03-22 18:28:17,774 - __main__ - INFO - Application shutdown
2025-03-22 18:28:22,656 - __main__ - INFO - Logging initialized at level INFO
2025-03-22 18:28:22,709 - __main__ - INFO - Autosave enabled with interval of 5 minutes
2025-03-22 18:28:22,709 - chestbuddy.ui.resources.resource_manager - WARNING - Failed to load Qt resources. Using file-based resources.
2025-03-22 18:28:22,732 - __main__ - INFO - ChestBuddy application initialized
2025-03-22 18:28:22,795 - __main__ - INFO - Starting application main event loop
2025-03-22 18:28:55,070 - __main__ - INFO - Application shutdown
2025-03-22 18:33:45,581 - __main__ - INFO - Logging initialized at level INFO
2025-03-22 18:33:45,630 - __main__ - INFO - Autosave enabled with interval of 5 minutes
2025-03-22 18:33:45,630 - chestbuddy.ui.resources.resource_manager - WARNING - Failed to load Qt resources. Using file-based resources.
2025-03-22 18:33:45,651 - __main__ - INFO - ChestBuddy application initialized
2025-03-22 18:33:45,706 - __main__ - INFO - Starting application main event loop
2025-03-22 18:34:00,700 - chestbuddy.ui.main_window - ERROR - Error opening file: 'CSVService' object has no attribute 'load_csv'
2025-03-22 18:34:05,811 - __main__ - INFO - Application shutdown
2025-03-22 18:57:58,052 - __main__ - INFO - Logging initialized at level INFO
2025-03-22 18:57:58,099 - __main__ - INFO - Autosave enabled with interval of 5 minutes
2025-03-22 18:57:58,100 - chestbuddy.ui.resources.resource_manager - WARNING - Failed to load Qt resources. Using file-based resources.
2025-03-22 18:57:58,123 - __main__ - INFO - ChestBuddy application initialized
2025-03-22 18:57:58,183 - __main__ - INFO - Starting application main event loop
2025-03-22 18:58:15,131 - chestbuddy.ui.main_window - ERROR - Error opening file: 'CSVService' object has no attribute 'load_csv'
2025-03-22 18:58:23,729 - chestbuddy.ui.main_window - ERROR - Error opening file: 'CSVService' object has no attribute 'load_csv'
2025-03-22 18:58:26,773 - __main__ - INFO - Application shutdown
2025-03-22 19:04:25,645 - __main__ - INFO - Logging initialized at level INFO
2025-03-22 19:04:25,692 - __main__ - INFO - Autosave enabled with interval of 5 minutes
2025-03-22 19:04:25,692 - chestbuddy.ui.resources.resource_manager - WARNING - Failed to load Qt resources. Using file-based resources.
2025-03-22 19:04:25,714 - __main__ - INFO - ChestBuddy application initialized
2025-03-22 19:04:25,767 - __main__ - INFO - Starting application main event loop
2025-03-22 19:04:35,284 - __main__ - INFO - Loading CSV file: D:/Projekte/ChestBuddy/data/input/Chests_input_test.csv
2025-03-22 19:04:35,947 - __main__ - INFO - Background task completed: load_csv
2025-03-22 19:04:49,757 - __main__ - INFO - Application shutdown
2025-03-22 19:07:54,650 - __main__ - INFO - Logging initialized at level INFO
2025-03-22 19:07:54,699 - __main__ - INFO - Autosave enabled with interval of 5 minutes
2025-03-22 19:07:54,699 - chestbuddy.ui.resources.resource_manager - WARNING - Failed to load Qt resources. Using file-based resources.
2025-03-22 19:07:54,720 - __main__ - INFO - ChestBuddy application initialized
2025-03-22 19:07:54,776 - __main__ - INFO - Starting application main event loop
2025-03-22 19:08:07,423 - __main__ - INFO - Loading CSV file: D:/Projekte/ChestBuddy/data/input/Chests_input_test.csv
2025-03-22 19:08:08,117 - __main__ - INFO - Background task completed: load_csv
2025-03-22 19:12:17,401 - __main__ - INFO - Logging initialized at level INFO
2025-03-22 19:12:17,454 - __main__ - INFO - Autosave enabled with interval of 5 minutes
2025-03-22 19:12:17,455 - chestbuddy.ui.resources.resource_manager - WARNING - Failed to load Qt resources. Using file-based resources.
2025-03-22 19:12:17,479 - __main__ - INFO - ChestBuddy application initialized
2025-03-22 19:12:17,532 - __main__ - INFO - Starting application main event loop
2025-03-22 19:12:25,762 - __main__ - INFO - Loading CSV file: D:/Projekte/ChestBuddy/data/input/Chests_input_test.csv
2025-03-22 19:12:26,523 - __main__ - INFO - Background task completed: load_csv
2025-03-22 19:13:41,941 - __main__ - INFO - Logging initialized at level INFO
2025-03-22 19:13:41,991 - __main__ - INFO - Autosave enabled with interval of 5 minutes
2025-03-22 19:13:41,991 - chestbuddy.ui.resources.resource_manager - WARNING - Failed to load Qt resources. Using file-based resources.
2025-03-22 19:13:42,014 - __main__ - INFO - ChestBuddy application initialized
2025-03-22 19:13:42,068 - __main__ - INFO - Starting application main event loop
2025-03-22 19:13:49,307 - __main__ - INFO - Loading CSV file: D:/Projekte/ChestBuddy/data/input/Chests_input_test.csv
2025-03-22 19:13:50,009 - __main__ - INFO - Background task completed: load_csv
2025-03-22 19:13:54,925 - __main__ - INFO - Data model changed
2025-03-22 19:16:54,159 - __main__ - INFO - Logging initialized at level INFO
2025-03-22 19:16:54,207 - __main__ - INFO - Autosave enabled with interval of 5 minutes
2025-03-22 19:16:54,207 - chestbuddy.ui.resources.resource_manager - WARNING - Failed to load Qt resources. Using file-based resources.
2025-03-22 19:16:54,234 - __main__ - INFO - ChestBuddy application initialized
2025-03-22 19:16:54,293 - __main__ - INFO - Starting application main event loop
2025-03-22 19:17:03,454 - __main__ - INFO - Loading CSV file: D:/Projekte/ChestBuddy/data/input/Chests_input_test.csv
2025-03-22 19:17:04,149 - __main__ - INFO - Background task completed: load_csv
2025-03-22 19:22:52,542 - __main__ - INFO - Logging initialized at level INFO
2025-03-22 19:22:52,592 - __main__ - INFO - Autosave enabled with interval of 5 minutes
2025-03-22 19:22:52,592 - chestbuddy.ui.resources.resource_manager - WARNING - Failed to load Qt resources. Using file-based resources.
2025-03-22 19:22:52,615 - __main__ - INFO - ChestBuddy application initialized
2025-03-22 19:22:52,668 - __main__ - INFO - Starting application main event loop
2025-03-22 19:23:05,268 - __main__ - INFO - Loading CSV file: D:/Projekte/ChestBuddy/data/input/Chests_input_test.csv
2025-03-22 19:23:05,997 - __main__ - INFO - Background task completed: load_csv
2025-03-22 19:27:17,683 - __main__ - INFO - Logging initialized at level INFO
2025-03-22 19:27:17,733 - __main__ - INFO - Autosave enabled with interval of 5 minutes
2025-03-22 19:27:17,733 - chestbuddy.ui.resources.resource_manager - WARNING - Failed to load Qt resources. Using file-based resources.
2025-03-22 19:27:17,755 - __main__ - INFO - ChestBuddy application initialized
2025-03-22 19:27:17,809 - __main__ - INFO - Starting application main event loop
2025-03-22 19:27:29,729 - __main__ - INFO - Loading CSV file: D:/Projekte/ChestBuddy/data/input/Chests_input_test.csv
2025-03-22 19:27:30,439 - __main__ - INFO - Background task completed: load_csv
2025-03-22 19:28:06,606 - __main__ - INFO - Logging initialized at level INFO
2025-03-22 19:28:06,655 - __main__ - INFO - Autosave enabled with interval of 5 minutes
2025-03-22 19:28:06,655 - chestbuddy.ui.resources.resource_manager - WARNING - Failed to load Qt resources. Using file-based resources.
2025-03-22 19:28:06,677 - __main__ - INFO - ChestBuddy application initialized
2025-03-22 19:28:06,731 - __main__ - INFO - Starting application main event loop
2025-03-22 19:28:20,581 - __main__ - INFO - Loading CSV file: D:/Projekte/ChestBuddy/data/input/Chests_input_test.csv
2025-03-22 19:28:21,251 - __main__ - INFO - Background task completed: load_csv
2025-03-22 19:28:54,851 - __main__ - INFO - Logging initialized at level INFO
2025-03-22 19:28:54,904 - __main__ - INFO - Autosave enabled with interval of 5 minutes
2025-03-22 19:28:54,904 - chestbuddy.ui.resources.resource_manager - WARNING - Failed to load Qt resources. Using file-based resources.
2025-03-22 19:28:54,929 - __main__ - INFO - ChestBuddy application initialized
2025-03-22 19:28:54,989 - __main__ - INFO - Starting application main event loop
2025-03-22 19:29:07,265 - __main__ - INFO - Loading CSV file: D:/Projekte/ChestBuddy/data/input/Chests_input_test.csv
2025-03-22 19:29:07,941 - __main__ - INFO - Background task completed: load_csv
2025-03-22 19:39:05,227 - __main__ - INFO - Logging initialized at level INFO
2025-03-22 19:39:05,276 - __main__ - INFO - Autosave enabled with interval of 5 minutes
2025-03-22 19:39:05,276 - chestbuddy.ui.resources.resource_manager - WARNING - Failed to load Qt resources. Using file-based resources.
2025-03-22 19:39:05,298 - __main__ - INFO - ChestBuddy application initialized
2025-03-22 19:39:05,351 - __main__ - INFO - Starting application main event loop
2025-03-22 19:39:16,875 - __main__ - INFO - Loading CSV file: D:/Projekte/ChestBuddy/data/input/Chests_input_test.csv
2025-03-22 19:39:17,583 - __main__ - INFO - Background task completed: load_csv
2025-03-22 19:44:07,404 - __main__ - INFO - Logging initialized at level INFO
2025-03-22 19:48:08,267 - __main__ - INFO - Logging initialized at level INFO
2025-03-22 19:48:08,316 - __main__ - INFO - Autosave enabled with interval of 5 minutes
2025-03-22 19:48:08,316 - chestbuddy.ui.resources.resource_manager - WARNING - Failed to load Qt resources. Using file-based resources.
2025-03-22 19:48:08,338 - __main__ - INFO - ChestBuddy application initialized
2025-03-22 19:48:08,392 - __main__ - INFO - Starting application main event loop
2025-03-22 19:48:22,266 - __main__ - INFO - Loading CSV file: D:/Projekte/ChestBuddy/data/input/Chests_input_test.csv
2025-03-22 19:48:23,047 - __main__ - INFO - Background task completed: load_csv
2025-03-22 19:48:23,232 - chestbuddy.app - INFO - Data model changed
2025-03-22 19:48:23,416 - chestbuddy.app - INFO - Data model changed
2025-03-22 19:48:23,652 - chestbuddy.app - INFO - Data model changed
2025-03-22 19:48:23,851 - chestbuddy.app - INFO - Data model changed
2025-03-22 19:48:24,032 - chestbuddy.app - INFO - Data model changed
2025-03-22 19:48:24,237 - chestbuddy.app - INFO - Data model changed
2025-03-22 19:48:24,452 - chestbuddy.app - INFO - Data model changed
2025-03-22 19:48:24,642 - chestbuddy.app - INFO - Data model changed
2025-03-22 19:48:24,853 - chestbuddy.app - INFO - Data model changed
2025-03-22 19:48:25,071 - chestbuddy.app - INFO - Data model changed
2025-03-22 19:48:25,291 - chestbuddy.app - INFO - Data model changed
2025-03-22 19:48:25,483 - chestbuddy.app - INFO - Data model changed
2025-03-22 19:48:25,683 - chestbuddy.app - INFO - Data model changed
2025-03-22 19:48:25,866 - chestbuddy.app - INFO - Data model changed
2025-03-22 19:48:26,059 - chestbuddy.app - INFO - Data model changed
2025-03-22 19:48:26,247 - chestbuddy.app - INFO - Data model changed
2025-03-22 19:48:26,432 - chestbuddy.app - INFO - Data model changed
2025-03-22 19:48:26,619 - chestbuddy.app - INFO - Data model changed
2025-03-22 19:48:26,800 - chestbuddy.app - INFO - Data model changed
2025-03-22 19:48:26,977 - chestbuddy.app - INFO - Data model changed
2025-03-22 19:48:27,152 - chestbuddy.app - INFO - Data model changed
2025-03-22 19:48:27,340 - chestbuddy.app - INFO - Data model changed
2025-03-22 19:48:27,522 - chestbuddy.app - INFO - Data model changed
2025-03-22 19:48:27,720 - chestbuddy.app - INFO - Data model changed
2025-03-22 19:48:27,900 - chestbuddy.app - INFO - Data model changed
2025-03-22 19:48:28,101 - chestbuddy.app - INFO - Data model changed
2025-03-22 19:48:28,288 - chestbuddy.app - INFO - Data model changed
2025-03-22 19:48:28,478 - chestbuddy.app - INFO - Data model changed
2025-03-22 19:48:28,669 - chestbuddy.app - INFO - Data model changed
2025-03-22 19:48:28,843 - chestbuddy.app - INFO - Data model changed
2025-03-22 19:48:29,025 - chestbuddy.app - INFO - Data model changed
2025-03-22 19:48:29,206 - chestbuddy.app - INFO - Data model changed
2025-03-22 19:48:29,385 - chestbuddy.app - INFO - Data model changed
2025-03-22 19:48:29,569 - chestbuddy.app - INFO - Data model changed
2025-03-22 19:48:29,765 - chestbuddy.app - INFO - Data model changed
2025-03-22 19:48:29,946 - chestbuddy.app - INFO - Data model changed
2025-03-22 19:48:30,135 - chestbuddy.app - INFO - Data model changed
2025-03-22 19:48:30,329 - chestbuddy.app - INFO - Data model changed
2025-03-22 19:48:30,515 - chestbuddy.app - INFO - Data model changed
2025-03-22 19:48:30,712 - chestbuddy.app - INFO - Data model changed
2025-03-22 19:48:30,909 - chestbuddy.app - INFO - Data model changed
2025-03-22 19:48:31,087 - chestbuddy.app - INFO - Data model changed
2025-03-22 19:48:31,270 - chestbuddy.app - INFO - Data model changed
2025-03-22 19:48:31,459 - chestbuddy.app - INFO - Data model changed
2025-03-22 19:48:31,637 - chestbuddy.app - INFO - Data model changed
2025-03-22 19:48:31,819 - chestbuddy.app - INFO - Data model changed
2025-03-22 19:48:32,011 - chestbuddy.app - INFO - Data model changed
2025-03-22 19:48:32,191 - chestbuddy.app - INFO - Data model changed
2025-03-22 19:48:32,393 - chestbuddy.app - INFO - Data model changed
2025-03-22 19:48:32,578 - chestbuddy.app - INFO - Data model changed
2025-03-22 19:48:32,763 - chestbuddy.app - INFO - Data model changed
2025-03-22 19:48:32,959 - chestbuddy.app - INFO - Data model changed
2025-03-22 19:48:33,135 - chestbuddy.app - INFO - Data model changed
2025-03-22 19:48:33,320 - chestbuddy.app - INFO - Data model changed
2025-03-22 19:48:33,509 - chestbuddy.app - INFO - Data model changed
2025-03-22 19:48:33,700 - chestbuddy.app - INFO - Data model changed
2025-03-22 19:48:33,878 - chestbuddy.app - INFO - Data model changed
2025-03-22 19:48:34,076 - chestbuddy.app - INFO - Data model changed
2025-03-22 19:48:34,258 - chestbuddy.app - INFO - Data model changed
2025-03-22 19:48:34,450 - chestbuddy.app - INFO - Data model changed
2025-03-22 19:48:34,627 - chestbuddy.app - INFO - Data model changed
2025-03-22 19:48:34,818 - chestbuddy.app - INFO - Data model changed
2025-03-22 19:48:35,008 - chestbuddy.app - INFO - Data model changed
2025-03-22 19:48:35,186 - chestbuddy.app - INFO - Data model changed
2025-03-22 19:48:35,365 - chestbuddy.app - INFO - Data model changed
2025-03-22 19:48:35,549 - chestbuddy.app - INFO - Data model changed
2025-03-22 19:48:35,735 - chestbuddy.app - INFO - Data model changed
2025-03-22 19:48:35,927 - chestbuddy.app - INFO - Data model changed
2025-03-22 19:48:36,120 - chestbuddy.app - INFO - Data model changed
2025-03-22 19:48:36,301 - chestbuddy.app - INFO - Data model changed
2025-03-22 19:48:36,489 - chestbuddy.app - INFO - Data model changed
2025-03-22 19:48:36,690 - chestbuddy.app - INFO - Data model changed
2025-03-22 19:48:36,881 - chestbuddy.app - INFO - Data model changed
2025-03-22 19:48:37,065 - chestbuddy.app - INFO - Data model changed
2025-03-22 19:48:37,248 - chestbuddy.app - INFO - Data model changed
2025-03-22 19:48:37,458 - chestbuddy.app - INFO - Data model changed
2025-03-22 19:48:37,663 - chestbuddy.app - INFO - Data model changed
2025-03-22 19:48:37,870 - chestbuddy.app - INFO - Data model changed
2025-03-22 19:48:38,061 - chestbuddy.app - INFO - Data model changed
2025-03-22 19:48:38,246 - chestbuddy.app - INFO - Data model changed
2025-03-22 19:48:38,438 - chestbuddy.app - INFO - Data model changed
2025-03-22 19:48:38,619 - chestbuddy.app - INFO - Data model changed
2025-03-22 19:48:38,814 - chestbuddy.app - INFO - Data model changed
2025-03-22 19:54:39,484 - __main__ - INFO - Logging initialized at level INFO
2025-03-22 19:54:39,532 - __main__ - INFO - Autosave enabled with interval of 5 minutes
2025-03-22 19:54:39,533 - chestbuddy.ui.resources.resource_manager - WARNING - Failed to load Qt resources. Using file-based resources.
2025-03-22 19:54:39,554 - __main__ - INFO - ChestBuddy application initialized
2025-03-22 19:54:39,607 - __main__ - INFO - Starting application main event loop
2025-03-22 19:54:49,680 - chestbuddy.core.services.csv_service - INFO - Reading CSV file: D:/Projekte/ChestBuddy/data/input/Chests_input_test.csv
2025-03-22 19:54:50,447 - __main__ - INFO - Loading CSV file: D:/Projekte/ChestBuddy/data/input/Chests_input_test.csv
2025-03-22 19:54:50,449 - chestbuddy.core.services.csv_service - INFO - Reading CSV file: D:/Projekte/ChestBuddy/data/input/Chests_input_test.csv
2025-03-22 19:54:51,114 - __main__ - INFO - Background task completed: load_csv
2025-03-22 19:54:51,117 - __main__ - INFO - CSV file loaded successfully with 12387 rows
2025-03-22 19:54:51,299 - chestbuddy.app - INFO - Data model changed
2025-03-22 19:54:51,485 - chestbuddy.app - INFO - Data model changed
2025-03-22 19:54:51,663 - chestbuddy.app - INFO - Data model changed
2025-03-22 19:54:51,856 - chestbuddy.app - INFO - Data model changed
2025-03-22 19:54:52,064 - chestbuddy.app - INFO - Data model changed
2025-03-22 19:54:52,249 - chestbuddy.app - INFO - Data model changed
2025-03-22 19:54:52,444 - chestbuddy.app - INFO - Data model changed
2025-03-22 19:54:52,630 - chestbuddy.app - INFO - Data model changed
2025-03-22 19:54:52,821 - chestbuddy.app - INFO - Data model changed
2025-03-22 19:54:53,004 - chestbuddy.app - INFO - Data model changed
2025-03-22 19:54:53,190 - chestbuddy.app - INFO - Data model changed
2025-03-22 19:54:53,374 - chestbuddy.app - INFO - Data model changed
2025-03-22 19:54:53,562 - chestbuddy.app - INFO - Data model changed
2025-03-22 19:54:53,759 - chestbuddy.app - INFO - Data model changed
2025-03-22 19:54:53,938 - chestbuddy.app - INFO - Data model changed
2025-03-22 19:54:54,139 - chestbuddy.app - INFO - Data model changed
2025-03-22 19:54:54,319 - chestbuddy.app - INFO - Data model changed
2025-03-22 19:54:54,501 - chestbuddy.app - INFO - Data model changed
2025-03-22 19:54:54,682 - chestbuddy.app - INFO - Data model changed
2025-03-22 19:54:54,871 - chestbuddy.app - INFO - Data model changed
2025-03-22 19:54:55,057 - chestbuddy.app - INFO - Data model changed
2025-03-22 19:54:55,249 - chestbuddy.app - INFO - Data model changed
2025-03-22 19:54:55,433 - chestbuddy.app - INFO - Data model changed
2025-03-22 19:54:55,639 - chestbuddy.app - INFO - Data model changed
2025-03-22 19:54:55,816 - chestbuddy.app - INFO - Data model changed
2025-03-22 19:54:56,006 - chestbuddy.app - INFO - Data model changed
2025-03-22 19:54:56,212 - chestbuddy.app - INFO - Data model changed
2025-03-22 19:54:56,419 - chestbuddy.app - INFO - Data model changed
2025-03-22 19:54:56,608 - chestbuddy.app - INFO - Data model changed
2025-03-22 19:54:56,800 - chestbuddy.app - INFO - Data model changed
2025-03-22 19:54:56,992 - chestbuddy.app - INFO - Data model changed
2025-03-22 19:54:57,210 - chestbuddy.app - INFO - Data model changed
2025-03-22 19:54:57,413 - chestbuddy.app - INFO - Data model changed
2025-03-22 19:54:57,593 - chestbuddy.app - INFO - Data model changed
2025-03-22 19:54:57,784 - chestbuddy.app - INFO - Data model changed
2025-03-22 19:54:57,969 - chestbuddy.app - INFO - Data model changed
2025-03-22 19:54:58,149 - chestbuddy.app - INFO - Data model changed
2025-03-22 19:54:58,332 - chestbuddy.app - INFO - Data model changed
2025-03-22 19:54:58,526 - chestbuddy.app - INFO - Data model changed
2025-03-22 19:54:58,707 - chestbuddy.app - INFO - Data model changed
2025-03-22 19:54:58,906 - chestbuddy.app - INFO - Data model changed
2025-03-22 19:54:59,104 - chestbuddy.app - INFO - Data model changed
2025-03-22 19:54:59,302 - chestbuddy.app - INFO - Data model changed
2025-03-22 19:54:59,485 - chestbuddy.app - INFO - Data model changed
2025-03-22 19:54:59,679 - chestbuddy.app - INFO - Data model changed
2025-03-22 19:54:59,889 - chestbuddy.app - INFO - Data model changed
2025-03-22 20:01:27,977 - __main__ - INFO - Logging initialized at level INFO
2025-03-22 20:01:28,026 - __main__ - INFO - Autosave enabled with interval of 5 minutes
2025-03-22 20:01:28,027 - chestbuddy.ui.resources.resource_manager - WARNING - Failed to load Qt resources. Using file-based resources.
2025-03-22 20:01:28,048 - __main__ - INFO - ChestBuddy application initialized
2025-03-22 20:01:28,102 - __main__ - INFO - Starting application main event loop
2025-03-22 20:01:36,535 - chestbuddy.core.services.csv_service - INFO - Reading CSV file: D:/Projekte/ChestBuddy/data/input/Chests_input_test.csv
2025-03-22 20:01:37,489 - __main__ - INFO - Loading CSV file: D:/Projekte/ChestBuddy/data/input/Chests_input_test.csv
2025-03-22 20:01:37,491 - chestbuddy.core.services.csv_service - INFO - Reading CSV file: D:/Projekte/ChestBuddy/data/input/Chests_input_test.csv
2025-03-22 20:01:38,248 - __main__ - INFO - Background task completed: load_csv
2025-03-22 20:01:38,252 - __main__ - INFO - CSV file loaded successfully with 12387 rows
2025-03-22 20:01:38,453 - chestbuddy.app - INFO - Data model changed
2025-03-22 20:01:38,964 - chestbuddy.app - INFO - Data model changed
2025-03-22 20:01:39,457 - chestbuddy.app - INFO - Data model changed
2025-03-22 20:01:39,951 - chestbuddy.app - INFO - Data model changed
2025-03-22 20:01:40,446 - chestbuddy.app - INFO - Data model changed
2025-03-22 20:01:40,949 - chestbuddy.app - INFO - Data model changed
2025-03-22 20:01:41,448 - chestbuddy.app - INFO - Data model changed
2025-03-22 20:01:41,974 - chestbuddy.app - INFO - Data model changed
2025-03-22 20:01:42,461 - chestbuddy.app - INFO - Data model changed
2025-03-22 20:01:42,945 - chestbuddy.app - INFO - Data model changed
2025-03-22 20:01:43,477 - chestbuddy.app - INFO - Data model changed
2025-03-22 20:01:43,955 - chestbuddy.app - INFO - Data model changed
2025-03-22 20:01:44,446 - chestbuddy.app - INFO - Data model changed
2025-03-22 20:01:44,953 - chestbuddy.app - INFO - Data model changed
2025-03-22 20:01:45,458 - chestbuddy.app - INFO - Data model changed
2025-03-22 20:01:45,971 - chestbuddy.app - INFO - Data model changed
2025-03-22 20:01:46,462 - chestbuddy.app - INFO - Data model changed
2025-03-22 20:08:36,534 - __main__ - INFO - Logging initialized at level INFO
2025-03-22 20:08:36,584 - __main__ - INFO - Autosave enabled with interval of 5 minutes
2025-03-22 20:08:36,584 - chestbuddy.ui.resources.resource_manager - WARNING - Failed to load Qt resources. Using file-based resources.
2025-03-22 20:08:36,606 - __main__ - INFO - ChestBuddy application initialized
2025-03-22 20:08:36,660 - __main__ - INFO - Starting application main event loop
2025-03-22 20:08:43,741 - chestbuddy.core.services.csv_service - INFO - Reading CSV file: D:/Projekte/ChestBuddy/data/input/Chests_input_test.csv
2025-03-22 20:08:44,489 - __main__ - INFO - Loading CSV file: D:/Projekte/ChestBuddy/data/input/Chests_input_test.csv
2025-03-22 20:08:44,491 - chestbuddy.core.services.csv_service - INFO - Reading CSV file: D:/Projekte/ChestBuddy/data/input/Chests_input_test.csv
2025-03-22 20:08:45,155 - __main__ - INFO - Background task completed: load_csv
2025-03-22 20:08:45,266 - __main__ - INFO - CSV file loaded successfully with 12387 rows
2025-03-22 20:08:54,291 - __main__ - INFO - Data model changed
2025-03-22 20:08:54,291 - __main__ - ERROR - Error handling data changed event: 'ChestBuddyApp' object has no attribute '_update_ui'
2025-03-22 20:13:34,460 - __main__ - INFO - Logging initialized at level INFO
2025-03-22 20:13:34,508 - __main__ - INFO - Autosave enabled with interval of 5 minutes
2025-03-22 20:13:34,508 - chestbuddy.ui.resources.resource_manager - WARNING - Failed to load Qt resources. Using file-based resources.
2025-03-22 20:13:34,530 - __main__ - INFO - ChestBuddy application initialized
2025-03-22 20:13:34,582 - __main__ - INFO - Starting application main event loop
2025-03-22 20:13:44,510 - chestbuddy.core.services.csv_service - INFO - Reading CSV file: D:/Projekte/ChestBuddy/data/input/Chests_input_test.csv
2025-03-22 20:13:45,455 - __main__ - INFO - Loading CSV file: D:/Projekte/ChestBuddy/data/input/Chests_input_test.csv
2025-03-22 20:13:45,456 - chestbuddy.core.services.csv_service - INFO - Reading CSV file: D:/Projekte/ChestBuddy/data/input/Chests_input_test.csv
2025-03-22 20:13:46,160 - __main__ - INFO - Background task completed: load_csv
2025-03-22 20:13:46,165 - __main__ - INFO - CSV file loaded successfully with 12387 rows
2025-03-22 20:13:55,213 - __main__ - INFO - Data model changed
2025-03-22 20:14:26,377 - chestbuddy.core.services.csv_service - ERROR - Error writing CSV file: argument should be a str or an os.PathLike object where __fspath__ returns a str, not 'DataFrame'
2025-03-22 20:14:26,377 - __main__ - INFO - Autosave completed to data\autosave.csv
2025-03-22 20:14:26,378 - __main__ - INFO - Application shutdown
2025-03-22 20:18:58,810 - __main__ - INFO - Logging initialized at level INFO
2025-03-22 20:18:58,865 - __main__ - INFO - Autosave enabled with interval of 5 minutes
2025-03-22 20:18:58,865 - chestbuddy.ui.resources.resource_manager - WARNING - Failed to load Qt resources. Using file-based resources.
2025-03-22 20:18:58,887 - __main__ - INFO - ChestBuddy application initialized
2025-03-22 20:18:58,942 - __main__ - INFO - Starting application main event loop
2025-03-22 20:19:11,396 - chestbuddy.core.services.csv_service - INFO - Reading CSV file: D:/Projekte/ChestBuddy/data/input/Chests_input_test.csv
2025-03-22 20:19:12,243 - __main__ - INFO - Loading CSV file: D:/Projekte/ChestBuddy/data/input/Chests_input_test.csv
2025-03-22 20:19:12,245 - chestbuddy.core.services.csv_service - INFO - Reading CSV file: D:/Projekte/ChestBuddy/data/input/Chests_input_test.csv
2025-03-22 20:19:13,022 - __main__ - INFO - Background task completed: load_csv
2025-03-22 20:19:13,025 - __main__ - INFO - CSV file loaded successfully with 12387 rows
2025-03-22 20:19:21,753 - __main__ - INFO - Data model changed
2025-03-22 20:19:35,580 - __main__ - INFO - Autosave completed to data\autosave.csv
2025-03-22 20:19:35,581 - __main__ - INFO - Application shutdown
2025-03-22 20:26:06,858 - __main__ - INFO - Logging initialized at level INFO
2025-03-22 20:26:06,899 - chestbuddy.ui.data_view - INFO - Starting _update_view method
2025-03-22 20:26:06,899 - chestbuddy.ui.data_view - WARNING - Data model is empty, no data to display
2025-03-22 20:26:06,908 - __main__ - INFO - Autosave enabled with interval of 5 minutes
2025-03-22 20:26:06,908 - chestbuddy.ui.resources.resource_manager - WARNING - Failed to load Qt resources. Using file-based resources.
2025-03-22 20:26:06,929 - __main__ - INFO - ChestBuddy application initialized
2025-03-22 20:26:06,983 - __main__ - INFO - Starting application main event loop
2025-03-22 20:26:13,184 - chestbuddy.core.services.csv_service - INFO - Reading CSV file: D:/Projekte/ChestBuddy/data/input/Chests_input_test.csv
2025-03-22 20:26:14,043 - __main__ - INFO - Loading CSV file: D:/Projekte/ChestBuddy/data/input/Chests_input_test.csv
2025-03-22 20:26:14,045 - chestbuddy.core.services.csv_service - INFO - Reading CSV file: D:/Projekte/ChestBuddy/data/input/Chests_input_test.csv
2025-03-22 20:26:14,781 - __main__ - INFO - Background task completed: load_csv
2025-03-22 20:26:14,785 - __main__ - INFO - CSV file loaded successfully with 12387 rows
2025-03-22 20:26:14,788 - __main__ - INFO - Switched to Data view
2025-03-22 20:26:14,793 - chestbuddy.ui.data_view - INFO - Processing data_changed signal - updating view
2025-03-22 20:26:14,793 - chestbuddy.ui.data_view - INFO - Starting _update_view method
2025-03-22 20:26:14,793 - chestbuddy.ui.data_view - INFO - Got data from model: 12387 rows, columns: ['Date', 'Player Name', 'Source/Location', 'Chest Type', 'Value', 'Clan']
2025-03-22 20:26:14,794 - chestbuddy.ui.data_view - INFO - Column names: ['Date', 'Player Name', 'Source/Location', 'Chest Type', 'Value', 'Clan']
2025-03-22 20:26:14,794 - chestbuddy.ui.data_view - INFO - Set horizontal headers with 6 columns
2025-03-22 20:26:23,061 - chestbuddy.ui.data_view - INFO - Added 12387 rows to table model
2025-03-22 20:26:23,074 - chestbuddy.ui.data_view - INFO - Resized columns to contents
2025-03-22 20:26:23,074 - chestbuddy.ui.data_view - INFO - View update complete, loaded 12387 rows
2025-03-22 20:26:23,074 - chestbuddy.ui.data_view - ERROR - Error updating view on data change: QTableView.update() takes exactly one argument (0 given)
2025-03-22 20:26:23,277 - __main__ - INFO - Data model changed
2025-03-22 20:26:37,539 - __main__ - INFO - Autosave completed to data\autosave.csv
2025-03-22 20:26:37,539 - __main__ - INFO - Application shutdown
2025-03-22 20:31:38,914 - __main__ - INFO - Logging initialized at level INFO
2025-03-22 20:31:38,958 - chestbuddy.ui.data_view - INFO - Starting _update_view method
2025-03-22 20:31:38,958 - chestbuddy.ui.data_view - WARNING - Data model is empty, no data to display
2025-03-22 20:31:38,966 - __main__ - INFO - Autosave enabled with interval of 5 minutes
2025-03-22 20:31:38,967 - chestbuddy.ui.resources.resource_manager - WARNING - Failed to load Qt resources. Using file-based resources.
2025-03-22 20:31:38,989 - __main__ - INFO - ChestBuddy application initialized
2025-03-22 20:31:39,041 - __main__ - INFO - Starting application main event loop
2025-03-22 20:31:49,826 - chestbuddy.core.services.csv_service - INFO - Reading CSV file: D:/Projekte/ChestBuddy/data/input/Chests_input_test.csv
2025-03-22 20:31:50,617 - __main__ - INFO - Loading CSV file: D:/Projekte/ChestBuddy/data/input/Chests_input_test.csv
2025-03-22 20:31:50,619 - chestbuddy.core.services.csv_service - INFO - Reading CSV file: D:/Projekte/ChestBuddy/data/input/Chests_input_test.csv
2025-03-22 20:31:51,265 - __main__ - INFO - Background task completed: load_csv
2025-03-22 20:31:51,270 - __main__ - INFO - CSV file loaded successfully with 12387 rows
2025-03-22 20:31:51,273 - __main__ - INFO - Switched to Data view
2025-03-22 20:31:51,278 - chestbuddy.ui.data_view - INFO - Processing data_changed signal - updating view
2025-03-22 20:31:51,278 - chestbuddy.ui.data_view - INFO - Starting _update_view method
2025-03-22 20:31:51,279 - chestbuddy.ui.data_view - INFO - Got data from model: 12387 rows, columns: ['Date', 'Player Name', 'Source/Location', 'Chest Type', 'Value', 'Clan']
2025-03-22 20:31:51,279 - chestbuddy.ui.data_view - INFO - Column names: ['Date', 'Player Name', 'Source/Location', 'Chest Type', 'Value', 'Clan']
2025-03-22 20:31:51,280 - chestbuddy.ui.data_view - INFO - Set horizontal headers with 6 columns
2025-03-22 20:31:59,439 - chestbuddy.ui.data_view - INFO - Added 12387 rows to table model
2025-03-22 20:31:59,452 - chestbuddy.ui.data_view - INFO - Resized columns to contents
2025-03-22 20:31:59,452 - chestbuddy.ui.data_view - INFO - View update complete, loaded 12387 rows
2025-03-22 20:31:59,662 - __main__ - INFO - Data model changed
2025-03-22 20:32:20,868 - __main__ - INFO - Autosave completed to data\autosave.csv
2025-03-22 20:32:20,868 - __main__ - INFO - Application shutdown
2025-03-22 20:38:50,076 - __main__ - INFO - Logging initialized at level INFO
2025-03-22 20:38:50,124 - chestbuddy.ui.data_view - INFO - Starting _update_view method
2025-03-22 20:38:50,124 - chestbuddy.ui.data_view - WARNING - Data model is empty, no data to display
2025-03-22 20:38:50,136 - __main__ - INFO - Autosave enabled with interval of 5 minutes
2025-03-22 20:38:50,136 - chestbuddy.ui.resources.resource_manager - WARNING - Failed to load Qt resources. Using file-based resources.
2025-03-22 20:38:50,159 - __main__ - INFO - ChestBuddy application initialized
2025-03-22 20:38:50,215 - __main__ - INFO - Starting application main event loop
2025-03-22 20:38:58,017 - chestbuddy.core.services.csv_service - INFO - Reading CSV file: D:/Projekte/ChestBuddy/data/input/Chests_input_test.csv
2025-03-22 20:38:58,914 - __main__ - INFO - Loading CSV file: D:/Projekte/ChestBuddy/data/input/Chests_input_test.csv
2025-03-22 20:38:58,916 - chestbuddy.core.services.csv_service - INFO - Reading CSV file: D:/Projekte/ChestBuddy/data/input/Chests_input_test.csv
2025-03-22 20:38:59,623 - __main__ - INFO - Background task completed: load_csv
2025-03-22 20:38:59,628 - __main__ - INFO - CSV file loaded successfully with 12387 rows
2025-03-22 20:38:59,630 - __main__ - INFO - Switched to Data view
2025-03-22 20:38:59,631 - chestbuddy.ui.data_view - INFO - Processing data_changed signal - updating view
2025-03-22 20:38:59,631 - chestbuddy.ui.data_view - INFO - Starting _update_view method
2025-03-22 20:38:59,632 - chestbuddy.ui.data_view - INFO - Got data from model: 12387 rows, columns: ['Date', 'Player Name', 'Source/Location', 'Chest Type', 'Value', 'Clan']
2025-03-22 20:38:59,632 - chestbuddy.ui.data_view - INFO - Column names: ['Date', 'Player Name', 'Source/Location', 'Chest Type', 'Value', 'Clan']
2025-03-22 20:38:59,632 - chestbuddy.ui.data_view - INFO - Set horizontal headers with 6 columns
2025-03-22 20:39:08,792 - chestbuddy.ui.data_view - INFO - Added 12387 rows to table model
2025-03-22 20:39:08,807 - chestbuddy.ui.data_view - INFO - Resized columns to contents
2025-03-22 20:39:08,807 - chestbuddy.ui.data_view - INFO - View update complete, loaded 12387 rows
2025-03-22 20:39:09,006 - __main__ - INFO - Data model changed
2025-03-22 20:39:16,980 - chestbuddy.ui.data_view - ERROR - Error getting current cell value: 'ChestDataModel' object has no attribute 'get_cell_value'
2025-03-22 20:39:24,046 - __main__ - INFO - Autosave completed to data\autosave.csv
2025-03-22 20:39:24,047 - __main__ - INFO - Application shutdown
2025-03-22 20:45:54,045 - __main__ - INFO - Logging initialized at level INFO
2025-03-22 20:45:54,088 - chestbuddy.ui.data_view - INFO - Starting _update_view method
2025-03-22 20:45:54,088 - chestbuddy.ui.data_view - WARNING - Data model is empty, no data to display
2025-03-22 20:45:54,096 - __main__ - INFO - Autosave enabled with interval of 5 minutes
2025-03-22 20:45:54,097 - chestbuddy.ui.resources.resource_manager - WARNING - Failed to load Qt resources. Using file-based resources.
2025-03-22 20:45:54,119 - __main__ - INFO - ChestBuddy application initialized
2025-03-22 20:45:54,172 - __main__ - INFO - Starting application main event loop
2025-03-22 20:46:00,352 - chestbuddy.core.services.csv_service - INFO - Reading CSV file: D:/Projekte/ChestBuddy/data/input/Chests_input_test.csv
2025-03-22 20:46:01,284 - __main__ - INFO - Loading CSV file: D:/Projekte/ChestBuddy/data/input/Chests_input_test.csv
2025-03-22 20:46:01,286 - chestbuddy.core.services.csv_service - INFO - Reading CSV file: D:/Projekte/ChestBuddy/data/input/Chests_input_test.csv
2025-03-22 20:46:01,979 - __main__ - INFO - Background task completed: load_csv
2025-03-22 20:46:01,983 - __main__ - INFO - CSV file loaded successfully with 12387 rows
2025-03-22 20:46:01,986 - __main__ - INFO - Switched to Data view
2025-03-22 20:46:01,987 - chestbuddy.ui.data_view - INFO - Processing data_changed signal - updating view
2025-03-22 20:46:01,987 - chestbuddy.ui.data_view - INFO - Starting _update_view method
2025-03-22 20:46:01,987 - chestbuddy.ui.data_view - INFO - Got data from model: 12387 rows, columns: ['Date', 'Player Name', 'Source/Location', 'Chest Type', 'Value', 'Clan']
2025-03-22 20:46:01,987 - chestbuddy.ui.data_view - INFO - Column names: ['Date', 'Player Name', 'Source/Location', 'Chest Type', 'Value', 'Clan']
2025-03-22 20:46:01,987 - chestbuddy.ui.data_view - INFO - Setting table model dimensions to 12387 rows and 6 columns
2025-03-22 20:46:01,989 - chestbuddy.ui.data_view - INFO - Set horizontal headers with 6 columns
2025-03-22 20:46:10,954 - chestbuddy.ui.data_view - INFO - Added 12387 rows to table model
2025-03-22 20:46:10,968 - chestbuddy.ui.data_view - INFO - Resized columns to contents
2025-03-22 20:46:10,968 - chestbuddy.ui.data_view - INFO - View update complete, loaded 12387 rows
2025-03-22 20:46:10,974 - chestbuddy.ui.data_view - INFO - Final table model state: 12387 rows, 6 columns
2025-03-22 20:46:10,974 - chestbuddy.ui.data_view - INFO - Sample cell [0,0] content: ''
2025-03-22 20:46:11,189 - __main__ - INFO - Data model changed
2025-03-22 20:46:30,818 - chestbuddy.ui.data_view - ERROR - Error getting current cell value: 'ChestDataModel' object has no attribute 'get_cell_value'
2025-03-22 20:46:38,241 - __main__ - INFO - Autosave completed to data\autosave.csv
2025-03-22 20:46:38,242 - __main__ - INFO - Application shutdown
2025-03-22 20:52:21,047 - __main__ - INFO - Logging initialized at level INFO
2025-03-22 20:52:21,089 - chestbuddy.ui.data_view - INFO - Starting _update_view method
2025-03-22 20:52:21,089 - chestbuddy.ui.data_view - WARNING - Data model is empty, no data to display
2025-03-22 20:52:21,097 - __main__ - INFO - Autosave enabled with interval of 5 minutes
2025-03-22 20:52:21,098 - chestbuddy.ui.resources.resource_manager - WARNING - Failed to load Qt resources. Using file-based resources.
2025-03-22 20:52:21,123 - __main__ - INFO - ChestBuddy application initialized
2025-03-22 20:52:21,177 - __main__ - INFO - Starting application main event loop
2025-03-22 20:52:29,318 - chestbuddy.core.services.csv_service - INFO - Reading CSV file: D:/Projekte/ChestBuddy/data/input/Chests_input_test.csv
2025-03-22 20:52:30,068 - __main__ - INFO - Loading CSV file: D:/Projekte/ChestBuddy/data/input/Chests_input_test.csv
2025-03-22 20:52:30,070 - chestbuddy.core.services.csv_service - INFO - Reading CSV file: D:/Projekte/ChestBuddy/data/input/Chests_input_test.csv
2025-03-22 20:52:30,777 - __main__ - INFO - Background task completed: load_csv
2025-03-22 20:52:30,781 - __main__ - INFO - CSV file loaded successfully with 12387 rows
2025-03-22 20:52:30,784 - __main__ - INFO - Switched to Data view
2025-03-22 20:52:30,789 - chestbuddy.ui.data_view - INFO - Processing data_changed signal - updating view
2025-03-22 20:52:30,789 - chestbuddy.ui.data_view - INFO - Starting _update_view method
2025-03-22 20:52:30,789 - chestbuddy.ui.data_view - INFO - Got data from model: 12387 rows, columns: ['Date', 'Player Name', 'Source/Location', 'Chest Type', 'Value', 'Clan']
2025-03-22 20:52:30,789 - chestbuddy.ui.data_view - INFO - Column names: ['Date', 'Player Name', 'Source/Location', 'Chest Type', 'Value', 'Clan']
2025-03-22 20:52:30,790 - chestbuddy.ui.data_view - INFO - Setting table model dimensions to 12387 rows and 6 columns
2025-03-22 20:52:30,792 - chestbuddy.ui.data_view - INFO - Set horizontal headers with 6 columns
2025-03-22 20:52:30,855 - chestbuddy.ui.data_view - INFO - Added 12387 rows to table model
2025-03-22 20:52:30,918 - chestbuddy.ui.data_view - INFO - Added 12387 rows to table model
2025-03-22 20:52:30,980 - chestbuddy.ui.data_view - INFO - Added 12387 rows to table model
2025-03-22 20:52:31,041 - chestbuddy.ui.data_view - INFO - Added 12387 rows to table model
2025-03-22 20:52:31,105 - chestbuddy.ui.data_view - INFO - Added 12387 rows to table model
2025-03-22 20:52:31,169 - chestbuddy.ui.data_view - INFO - Added 12387 rows to table model
2025-03-22 20:52:31,242 - chestbuddy.ui.data_view - INFO - Added 12387 rows to table model
2025-03-22 20:52:31,305 - chestbuddy.ui.data_view - INFO - Added 12387 rows to table model
2025-03-22 20:52:31,374 - chestbuddy.ui.data_view - INFO - Added 12387 rows to table model
2025-03-22 20:52:31,448 - chestbuddy.ui.data_view - INFO - Added 12387 rows to table model
2025-03-22 20:52:31,515 - chestbuddy.ui.data_view - INFO - Added 12387 rows to table model
2025-03-22 20:52:31,581 - chestbuddy.ui.data_view - INFO - Added 12387 rows to table model
2025-03-22 20:52:31,647 - chestbuddy.ui.data_view - INFO - Added 12387 rows to table model
2025-03-22 20:52:31,711 - chestbuddy.ui.data_view - INFO - Added 12387 rows to table model
2025-03-22 20:52:31,776 - chestbuddy.ui.data_view - INFO - Added 12387 rows to table model
2025-03-22 20:52:31,842 - chestbuddy.ui.data_view - INFO - Added 12387 rows to table model
2025-03-22 20:52:31,909 - chestbuddy.ui.data_view - INFO - Added 12387 rows to table model
2025-03-22 20:52:31,989 - chestbuddy.ui.data_view - INFO - Added 12387 rows to table model
2025-03-22 20:52:32,059 - chestbuddy.ui.data_view - INFO - Added 12387 rows to table model
2025-03-22 20:52:32,125 - chestbuddy.ui.data_view - INFO - Added 12387 rows to table model
2025-03-22 20:52:32,214 - chestbuddy.ui.data_view - INFO - Added 12387 rows to table model
2025-03-22 20:52:32,296 - chestbuddy.ui.data_view - INFO - Added 12387 rows to table model
2025-03-22 20:52:32,363 - chestbuddy.ui.data_view - INFO - Added 12387 rows to table model
2025-03-22 20:52:32,440 - chestbuddy.ui.data_view - INFO - Added 12387 rows to table model
2025-03-22 20:52:32,509 - chestbuddy.ui.data_view - INFO - Added 12387 rows to table model
2025-03-22 20:52:32,581 - chestbuddy.ui.data_view - INFO - Added 12387 rows to table model
2025-03-22 20:52:32,647 - chestbuddy.ui.data_view - INFO - Added 12387 rows to table model
2025-03-22 20:52:32,714 - chestbuddy.ui.data_view - INFO - Added 12387 rows to table model
2025-03-22 20:52:32,795 - chestbuddy.ui.data_view - INFO - Added 12387 rows to table model
2025-03-22 20:52:32,864 - chestbuddy.ui.data_view - INFO - Added 12387 rows to table model
2025-03-22 20:52:32,942 - chestbuddy.ui.data_view - INFO - Added 12387 rows to table model
2025-03-22 20:52:33,029 - chestbuddy.ui.data_view - INFO - Added 12387 rows to table model
2025-03-22 20:52:33,103 - chestbuddy.ui.data_view - INFO - Added 12387 rows to table model
2025-03-22 20:52:33,170 - chestbuddy.ui.data_view - INFO - Added 12387 rows to table model
2025-03-22 20:52:33,242 - chestbuddy.ui.data_view - INFO - Added 12387 rows to table model
2025-03-22 20:52:33,333 - chestbuddy.ui.data_view - INFO - Added 12387 rows to table model
2025-03-22 20:52:33,401 - chestbuddy.ui.data_view - INFO - Added 12387 rows to table model
2025-03-22 20:52:33,471 - chestbuddy.ui.data_view - INFO - Added 12387 rows to table model
2025-03-22 20:52:33,545 - chestbuddy.ui.data_view - INFO - Added 12387 rows to table model
2025-03-22 20:52:33,615 - chestbuddy.ui.data_view - INFO - Added 12387 rows to table model
2025-03-22 20:52:33,685 - chestbuddy.ui.data_view - INFO - Added 12387 rows to table model
2025-03-22 20:52:33,778 - chestbuddy.ui.data_view - INFO - Added 12387 rows to table model
2025-03-22 20:52:33,871 - chestbuddy.ui.data_view - INFO - Added 12387 rows to table model
2025-03-22 20:52:33,956 - chestbuddy.ui.data_view - INFO - Added 12387 rows to table model
2025-03-22 20:52:34,034 - chestbuddy.ui.data_view - INFO - Added 12387 rows to table model
2025-03-22 20:52:34,114 - chestbuddy.ui.data_view - INFO - Added 12387 rows to table model
2025-03-22 20:52:34,188 - chestbuddy.ui.data_view - INFO - Added 12387 rows to table model
2025-03-22 20:52:34,271 - chestbuddy.ui.data_view - INFO - Added 12387 rows to table model
2025-03-22 20:52:34,344 - chestbuddy.ui.data_view - INFO - Added 12387 rows to table model
2025-03-22 20:52:34,416 - chestbuddy.ui.data_view - INFO - Added 12387 rows to table model
2025-03-22 20:52:34,489 - chestbuddy.ui.data_view - INFO - Added 12387 rows to table model
2025-03-22 20:52:34,561 - chestbuddy.ui.data_view - INFO - Added 12387 rows to table model
2025-03-22 20:52:34,635 - chestbuddy.ui.data_view - INFO - Added 12387 rows to table model
2025-03-22 20:52:34,717 - chestbuddy.ui.data_view - INFO - Added 12387 rows to table model
2025-03-22 20:52:34,792 - chestbuddy.ui.data_view - INFO - Added 12387 rows to table model
2025-03-22 20:52:34,871 - chestbuddy.ui.data_view - INFO - Added 12387 rows to table model
2025-03-22 20:52:34,950 - chestbuddy.ui.data_view - INFO - Added 12387 rows to table model
2025-03-22 20:52:35,036 - chestbuddy.ui.data_view - INFO - Added 12387 rows to table model
2025-03-22 20:52:35,107 - chestbuddy.ui.data_view - INFO - Added 12387 rows to table model
2025-03-22 20:52:35,186 - chestbuddy.ui.data_view - INFO - Added 12387 rows to table model
2025-03-22 20:52:35,263 - chestbuddy.ui.data_view - INFO - Added 12387 rows to table model
2025-03-22 20:52:35,344 - chestbuddy.ui.data_view - INFO - Added 12387 rows to table model
2025-03-22 20:52:35,420 - chestbuddy.ui.data_view - INFO - Added 12387 rows to table model
2025-03-22 20:52:35,497 - chestbuddy.ui.data_view - INFO - Added 12387 rows to table model
2025-03-22 20:52:35,576 - chestbuddy.ui.data_view - INFO - Added 12387 rows to table model
2025-03-22 20:52:35,654 - chestbuddy.ui.data_view - INFO - Added 12387 rows to table model
2025-03-22 20:52:35,728 - chestbuddy.ui.data_view - INFO - Added 12387 rows to table model
2025-03-22 20:52:35,805 - chestbuddy.ui.data_view - INFO - Added 12387 rows to table model
2025-03-22 20:52:35,882 - chestbuddy.ui.data_view - INFO - Added 12387 rows to table model
2025-03-22 20:52:35,956 - chestbuddy.ui.data_view - INFO - Added 12387 rows to table model
2025-03-22 20:52:36,039 - chestbuddy.ui.data_view - INFO - Added 12387 rows to table model
2025-03-22 20:52:36,127 - chestbuddy.ui.data_view - INFO - Added 12387 rows to table model
2025-03-22 20:52:36,204 - chestbuddy.ui.data_view - INFO - Added 12387 rows to table model
2025-03-22 20:52:36,282 - chestbuddy.ui.data_view - INFO - Added 12387 rows to table model
2025-03-22 20:52:36,366 - chestbuddy.ui.data_view - INFO - Added 12387 rows to table model
2025-03-22 20:52:36,459 - chestbuddy.ui.data_view - INFO - Added 12387 rows to table model
2025-03-22 20:52:36,550 - chestbuddy.ui.data_view - INFO - Added 12387 rows to table model
2025-03-22 20:52:36,639 - chestbuddy.ui.data_view - INFO - Added 12387 rows to table model
2025-03-22 20:52:36,717 - chestbuddy.ui.data_view - INFO - Added 12387 rows to table model
2025-03-22 20:52:36,796 - chestbuddy.ui.data_view - INFO - Added 12387 rows to table model
2025-03-22 20:52:36,877 - chestbuddy.ui.data_view - INFO - Added 12387 rows to table model
2025-03-22 20:52:36,954 - chestbuddy.ui.data_view - INFO - Added 12387 rows to table model
2025-03-22 20:52:37,033 - chestbuddy.ui.data_view - INFO - Added 12387 rows to table model
2025-03-22 20:52:37,112 - chestbuddy.ui.data_view - INFO - Added 12387 rows to table model
2025-03-22 20:52:37,204 - chestbuddy.ui.data_view - INFO - Added 12387 rows to table model
2025-03-22 20:52:37,293 - chestbuddy.ui.data_view - INFO - Added 12387 rows to table model
2025-03-22 20:52:37,372 - chestbuddy.ui.data_view - INFO - Added 12387 rows to table model
2025-03-22 20:52:37,453 - chestbuddy.ui.data_view - INFO - Added 12387 rows to table model
2025-03-22 20:52:37,530 - chestbuddy.ui.data_view - INFO - Added 12387 rows to table model
2025-03-22 20:52:37,612 - chestbuddy.ui.data_view - INFO - Added 12387 rows to table model
2025-03-22 20:52:37,691 - chestbuddy.ui.data_view - INFO - Added 12387 rows to table model
2025-03-22 20:52:37,770 - chestbuddy.ui.data_view - INFO - Added 12387 rows to table model
2025-03-22 20:52:37,853 - chestbuddy.ui.data_view - INFO - Added 12387 rows to table model
2025-03-22 20:52:37,943 - chestbuddy.ui.data_view - INFO - Added 12387 rows to table model
2025-03-22 20:52:38,022 - chestbuddy.ui.data_view - INFO - Added 12387 rows to table model
2025-03-22 20:52:38,107 - chestbuddy.ui.data_view - INFO - Added 12387 rows to table model
2025-03-22 20:52:38,189 - chestbuddy.ui.data_view - INFO - Added 12387 rows to table model
2025-03-22 20:52:38,306 - chestbuddy.ui.data_view - INFO - Added 12387 rows to table model
2025-03-22 20:52:38,390 - chestbuddy.ui.data_view - INFO - Added 12387 rows to table model
2025-03-22 20:52:38,479 - chestbuddy.ui.data_view - INFO - Added 12387 rows to table model
2025-03-22 20:52:38,563 - chestbuddy.ui.data_view - INFO - Added 12387 rows to table model
2025-03-22 20:52:38,645 - chestbuddy.ui.data_view - INFO - Added 12387 rows to table model
2025-03-22 20:52:38,726 - chestbuddy.ui.data_view - INFO - Added 12387 rows to table model
2025-03-22 20:52:38,815 - chestbuddy.ui.data_view - INFO - Added 12387 rows to table model
2025-03-22 20:52:38,898 - chestbuddy.ui.data_view - INFO - Added 12387 rows to table model
2025-03-22 20:52:38,980 - chestbuddy.ui.data_view - INFO - Added 12387 rows to table model
2025-03-22 20:52:39,070 - chestbuddy.ui.data_view - INFO - Added 12387 rows to table model
2025-03-22 20:52:39,173 - chestbuddy.ui.data_view - INFO - Added 12387 rows to table model
2025-03-22 20:52:39,264 - chestbuddy.ui.data_view - INFO - Added 12387 rows to table model
2025-03-22 20:52:39,353 - chestbuddy.ui.data_view - INFO - Added 12387 rows to table model
2025-03-22 20:52:39,440 - chestbuddy.ui.data_view - INFO - Added 12387 rows to table model
2025-03-22 20:52:39,523 - chestbuddy.ui.data_view - INFO - Added 12387 rows to table model
2025-03-22 20:52:39,606 - chestbuddy.ui.data_view - INFO - Added 12387 rows to table model
2025-03-22 20:52:39,695 - chestbuddy.ui.data_view - INFO - Added 12387 rows to table model
2025-03-22 20:52:39,777 - chestbuddy.ui.data_view - INFO - Added 12387 rows to table model
2025-03-22 20:52:39,863 - chestbuddy.ui.data_view - INFO - Added 12387 rows to table model
2025-03-22 20:52:39,949 - chestbuddy.ui.data_view - INFO - Added 12387 rows to table model
2025-03-22 20:52:40,034 - chestbuddy.ui.data_view - INFO - Added 12387 rows to table model
2025-03-22 20:52:40,117 - chestbuddy.ui.data_view - INFO - Added 12387 rows to table model
2025-03-22 20:52:40,201 - chestbuddy.ui.data_view - INFO - Added 12387 rows to table model
2025-03-22 20:52:40,293 - chestbuddy.ui.data_view - INFO - Added 12387 rows to table model
2025-03-22 20:52:40,389 - chestbuddy.ui.data_view - INFO - Added 12387 rows to table model
2025-03-22 20:52:40,481 - chestbuddy.ui.data_view - INFO - Added 12387 rows to table model
2025-03-22 20:52:40,556 - chestbuddy.ui.data_view - INFO - Added 12387 rows to table model
2025-03-22 20:52:40,574 - chestbuddy.ui.data_view - INFO - Resized columns to contents
2025-03-22 20:52:40,575 - chestbuddy.ui.data_view - INFO - View update complete, loaded 12387 rows
2025-03-22 20:52:40,580 - chestbuddy.ui.data_view - INFO - Final table model state: 12387 rows, 6 columns
2025-03-22 20:52:40,580 - chestbuddy.ui.data_view - INFO - Sample cell [0,0] content: ''
2025-03-22 20:52:40,788 - __main__ - INFO - Data model changed
2025-03-22 20:52:54,031 - __main__ - INFO - Autosave completed to data\autosave.csv
2025-03-22 20:52:54,032 - __main__ - INFO - Application shutdown
2025-03-22 20:57:27,071 - __main__ - INFO - Logging initialized at level INFO
2025-03-22 20:57:27,116 - chestbuddy.ui.data_view - INFO - Starting _update_view method
2025-03-22 20:57:27,117 - chestbuddy.ui.data_view - WARNING - Data model is empty, no data to display
2025-03-22 20:57:27,124 - __main__ - INFO - Autosave enabled with interval of 5 minutes
2025-03-22 20:57:27,125 - chestbuddy.ui.resources.resource_manager - WARNING - Failed to load Qt resources. Using file-based resources.
2025-03-22 20:57:27,147 - __main__ - INFO - ChestBuddy application initialized
2025-03-22 20:57:27,200 - __main__ - INFO - Starting application main event loop
2025-03-22 20:57:36,939 - chestbuddy.core.services.csv_service - INFO - Reading CSV file: D:/Projekte/ChestBuddy/data/input/Chests_input_test.csv
2025-03-22 20:57:37,864 - __main__ - INFO - Loading CSV file: D:/Projekte/ChestBuddy/data/input/Chests_input_test.csv
2025-03-22 20:57:37,867 - chestbuddy.core.services.csv_service - INFO - Reading CSV file: D:/Projekte/ChestBuddy/data/input/Chests_input_test.csv
2025-03-22 20:57:38,548 - __main__ - INFO - Background task completed: load_csv
2025-03-22 20:57:38,552 - __main__ - INFO - CSV file loaded successfully with 12387 rows
2025-03-22 20:57:38,555 - __main__ - INFO - Switched to Data view
2025-03-22 21:03:19,617 - __main__ - INFO - Logging initialized at level INFO
2025-03-22 21:03:19,661 - chestbuddy.ui.data_view - INFO - Starting _update_view method
2025-03-22 21:03:19,662 - chestbuddy.ui.data_view - WARNING - Data model is empty, no data to display
2025-03-22 21:03:19,668 - chestbuddy.ui.main_window - INFO - Setting active view to: Dashboard
2025-03-22 21:03:19,668 - chestbuddy.ui.main_window - INFO - View 'Dashboard' activated successfully
2025-03-22 21:03:19,670 - __main__ - INFO - Autosave enabled with interval of 5 minutes
2025-03-22 21:03:19,671 - chestbuddy.ui.resources.resource_manager - WARNING - Failed to load Qt resources. Using file-based resources.
2025-03-22 21:03:19,693 - __main__ - INFO - ChestBuddy application initialized
2025-03-22 21:03:19,747 - __main__ - INFO - Starting application main event loop
2025-03-22 21:03:26,159 - chestbuddy.core.services.csv_service - INFO - Reading CSV file: D:/Projekte/ChestBuddy/data/input/Chests_input_test.csv
2025-03-22 21:03:27,052 - __main__ - INFO - Loading CSV file: D:/Projekte/ChestBuddy/data/input/Chests_input_test.csv
2025-03-22 21:03:27,054 - chestbuddy.core.services.csv_service - INFO - Reading CSV file: D:/Projekte/ChestBuddy/data/input/Chests_input_test.csv
2025-03-22 21:03:27,749 - __main__ - INFO - Background task completed: load_csv
2025-03-22 21:03:27,752 - __main__ - INFO - CSV file loaded successfully with 12387 rows
2025-03-22 21:03:27,752 - chestbuddy.ui.data_view - INFO - Processing data_changed signal - updating view
2025-03-22 21:03:27,752 - chestbuddy.ui.data_view - INFO - Starting _update_view method
2025-03-22 21:03:27,753 - chestbuddy.ui.data_view - INFO - Got data from model: 12387 rows, columns: ['Date', 'Player Name', 'Source/Location', 'Chest Type', 'Value', 'Clan']
2025-03-22 21:03:27,753 - chestbuddy.ui.data_view - INFO - Column names: ['Date', 'Player Name', 'Source/Location', 'Chest Type', 'Value', 'Clan']
2025-03-22 21:03:27,753 - chestbuddy.ui.data_view - INFO - Setting table model dimensions to 12387 rows and 6 columns
2025-03-22 21:03:27,755 - chestbuddy.ui.data_view - INFO - Set horizontal headers with 6 columns
2025-03-22 21:03:27,755 - chestbuddy.ui.data_view - INFO - Populating table model with data (simplified approach)
2025-03-22 21:03:36,166 - chestbuddy.ui.data_view - INFO - Successfully populated model with 12387 rows and 6 columns
2025-03-22 21:03:36,179 - chestbuddy.ui.data_view - INFO - Resized columns to contents
2025-03-22 21:03:36,179 - chestbuddy.ui.data_view - INFO - View update complete, loaded 12387 rows
2025-03-22 21:03:36,183 - chestbuddy.ui.data_view - INFO - Final table model state: 12387 rows, 6 columns
2025-03-22 21:03:36,183 - chestbuddy.ui.data_view - INFO - Sample cell [0,0] content: ''
2025-03-22 21:03:36,369 - __main__ - INFO - Data model changed
2025-03-22 21:03:42,293 - chestbuddy.ui.main_window - INFO - Setting active view to: Data
2025-03-22 21:03:42,295 - chestbuddy.ui.main_window - INFO - View 'Data' activated successfully
2025-03-22 21:03:51,145 - __main__ - INFO - Autosave completed to data\autosave.csv
2025-03-22 21:03:51,145 - __main__ - INFO - Application shutdown
2025-03-22 21:12:53,641 - __main__ - INFO - Logging initialized at level INFO
2025-03-22 21:12:53,682 - chestbuddy.ui.data_view - INFO - Starting _update_view method
2025-03-22 21:12:53,683 - chestbuddy.ui.data_view - WARNING - Data model is empty, no data to display
2025-03-22 21:12:53,689 - chestbuddy.ui.main_window - INFO - Setting active view to: Dashboard
2025-03-22 21:12:53,689 - chestbuddy.ui.main_window - INFO - View 'Dashboard' activated successfully
2025-03-22 21:12:53,691 - __main__ - INFO - Autosave enabled with interval of 5 minutes
2025-03-22 21:12:53,691 - chestbuddy.ui.resources.resource_manager - WARNING - Failed to load Qt resources. Using file-based resources.
2025-03-22 21:12:53,714 - __main__ - INFO - ChestBuddy application initialized
2025-03-22 21:12:53,769 - __main__ - INFO - Starting application main event loop
2025-03-22 21:13:03,351 - chestbuddy.core.services.csv_service - INFO - Reading CSV file: D:/Projekte/ChestBuddy/data/input/Chests_input_test.csv
2025-03-22 21:13:04,258 - __main__ - INFO - Loading CSV file: D:/Projekte/ChestBuddy/data/input/Chests_input_test.csv
2025-03-22 21:13:04,261 - chestbuddy.core.services.csv_service - INFO - Reading CSV file: D:/Projekte/ChestBuddy/data/input/Chests_input_test.csv
2025-03-22 21:13:04,958 - __main__ - INFO - Background task completed: load_csv
2025-03-22 21:13:04,963 - __main__ - INFO - CSV file loaded successfully with 12387 rows
2025-03-22 21:13:04,963 - __main__ - INFO - Requested switch to Data view (thread-safe)
2025-03-22 21:13:04,964 - chestbuddy.ui.data_view - INFO - Processing data_changed signal - updating view
2025-03-22 21:13:04,964 - chestbuddy.ui.data_view - INFO - Starting _update_view method
2025-03-22 21:13:04,965 - chestbuddy.ui.data_view - INFO - Got data from model: 12387 rows, columns: ['Date', 'Player Name', 'Source/Location', 'Chest Type', 'Value', 'Clan']
2025-03-22 21:13:04,965 - chestbuddy.ui.data_view - INFO - Column names: ['Date', 'Player Name', 'Source/Location', 'Chest Type', 'Value', 'Clan']
2025-03-22 21:13:04,965 - chestbuddy.ui.data_view - INFO - Setting table model dimensions to 12387 rows and 6 columns
2025-03-22 21:13:04,967 - chestbuddy.ui.data_view - INFO - Set horizontal headers with 6 columns
2025-03-22 21:13:04,967 - chestbuddy.ui.data_view - INFO - Populating table model with data (simplified approach)
2025-03-22 21:13:13,384 - chestbuddy.ui.data_view - INFO - Successfully populated model with 12387 rows and 6 columns
2025-03-22 21:13:13,401 - chestbuddy.ui.data_view - INFO - Resized columns to contents
2025-03-22 21:13:13,401 - chestbuddy.ui.data_view - INFO - View update complete, loaded 12387 rows
2025-03-22 21:13:13,405 - chestbuddy.ui.data_view - INFO - Final table model state: 12387 rows, 6 columns
2025-03-22 21:13:13,405 - chestbuddy.ui.data_view - INFO - Sample cell [0,0] content: ''
2025-03-22 21:13:13,597 - __main__ - INFO - Data model changed
2025-03-22 21:13:15,848 - chestbuddy.ui.main_window - INFO - Setting active view to: Data
2025-03-22 21:13:15,851 - chestbuddy.ui.main_window - INFO - View 'Data' activated successfully
2025-03-22 21:13:26,853 - chestbuddy.ui.main_window - INFO - Setting active view to: Charts
2025-03-22 21:13:26,854 - chestbuddy.ui.main_window - INFO - View 'Charts' activated successfully
2025-03-22 21:13:27,883 - chestbuddy.ui.main_window - INFO - Setting active view to: Charts
2025-03-22 21:13:27,883 - chestbuddy.ui.main_window - INFO - View 'Charts' activated successfully
2025-03-22 21:13:30,715 - chestbuddy.ui.main_window - INFO - Setting active view to: Data
2025-03-22 21:13:30,716 - chestbuddy.ui.main_window - INFO - View 'Data' activated successfully
2025-03-22 21:13:50,245 - __main__ - INFO - Autosave completed to data\autosave.csv
2025-03-22 21:13:50,246 - __main__ - INFO - Application shutdown
2025-03-22 21:22:52,740 - __main__ - INFO - Logging initialized at level INFO
2025-03-22 21:22:52,786 - chestbuddy.ui.data_view - INFO - Starting _update_view method
2025-03-22 21:22:52,786 - chestbuddy.ui.data_view - WARNING - Data model is empty, no data to display
2025-03-22 21:22:52,793 - chestbuddy.ui.main_window - INFO - Setting active view to: Dashboard
2025-03-22 21:22:52,793 - chestbuddy.ui.main_window - INFO - View 'Dashboard' activated successfully
2025-03-22 21:22:52,795 - __main__ - INFO - Autosave enabled with interval of 5 minutes
2025-03-22 21:22:52,795 - chestbuddy.ui.resources.resource_manager - WARNING - Failed to load Qt resources. Using file-based resources.
2025-03-22 21:22:52,818 - __main__ - INFO - ChestBuddy application initialized
2025-03-22 21:22:52,870 - __main__ - INFO - Starting application main event loop
2025-03-22 21:23:00,596 - chestbuddy.core.services.csv_service - INFO - Reading CSV file: D:/Projekte/ChestBuddy/data/input/Chests_input_test.csv
2025-03-22 21:23:01,500 - __main__ - INFO - Loading CSV file: D:/Projekte/ChestBuddy/data/input/Chests_input_test.csv
2025-03-22 21:23:01,502 - chestbuddy.core.services.csv_service - INFO - Reading CSV file: D:/Projekte/ChestBuddy/data/input/Chests_input_test.csv
2025-03-22 21:23:02,164 - __main__ - INFO - Mapped column DATE to Date
2025-03-22 21:23:02,164 - __main__ - INFO - Background task completed: load_csv
2025-03-22 21:23:02,164 - __main__ - INFO - Mapped column PLAYER to Player Name
2025-03-22 21:23:02,165 - __main__ - INFO - Mapped column SOURCE to Source/Location
2025-03-22 21:23:02,165 - __main__ - INFO - Mapped column CHEST to Chest Type
2025-03-22 21:23:02,165 - __main__ - INFO - Mapped column SCORE to Value
2025-03-22 21:23:02,166 - __main__ - INFO - Mapped column CLAN to Clan
2025-03-22 21:23:02,166 - __main__ - INFO - DataFrame columns after mapping: ['Date', 'Player Name', 'Source/Location', 'Chest Type', 'Value', 'Clan']
2025-03-22 21:23:02,172 - __main__ - INFO - CSV file loaded successfully with 12387 rows
2025-03-22 21:23:02,172 - __main__ - INFO - Requested switch to Data view (thread-safe)
2025-03-22 21:23:02,172 - chestbuddy.ui.data_view - INFO - Processing data_changed signal - updating view
2025-03-22 21:23:02,173 - chestbuddy.ui.data_view - INFO - Starting _update_view method
2025-03-22 21:23:02,173 - chestbuddy.ui.data_view - INFO - Got data from model: 12387 rows, columns: ['Date', 'Player Name', 'Source/Location', 'Chest Type', 'Value', 'Clan']
2025-03-22 21:23:02,173 - chestbuddy.ui.data_view - INFO - Column names: ['Date', 'Player Name', 'Source/Location', 'Chest Type', 'Value', 'Clan']
2025-03-22 21:23:02,173 - chestbuddy.ui.data_view - INFO - Setting table model dimensions to 12387 rows and 6 columns
2025-03-22 21:23:02,175 - chestbuddy.ui.data_view - INFO - Set horizontal headers with 6 columns
2025-03-22 21:23:02,176 - chestbuddy.ui.data_view - INFO - Populating table model with data (simplified approach)
2025-03-22 21:23:10,657 - chestbuddy.ui.data_view - INFO - Successfully populated model with 12387 rows and 6 columns
2025-03-22 21:23:10,803 - chestbuddy.ui.data_view - INFO - Resized columns to contents
2025-03-22 21:23:10,804 - chestbuddy.ui.data_view - INFO - View update complete, loaded 12387 rows
2025-03-22 21:23:10,807 - chestbuddy.ui.data_view - INFO - Final table model state: 12387 rows, 6 columns
2025-03-22 21:23:10,807 - chestbuddy.ui.data_view - INFO - Sample cell [0,0] content: '2025-03-11'
2025-03-22 21:23:11,023 - __main__ - INFO - Data model changed
2025-03-22 21:23:12,308 - chestbuddy.ui.main_window - INFO - Setting active view to: Data
2025-03-22 21:23:12,311 - chestbuddy.ui.main_window - INFO - View 'Data' activated successfully
2025-03-22 21:23:19,461 - chestbuddy.ui.main_window - INFO - Setting active view to: Charts
2025-03-22 21:23:19,462 - chestbuddy.ui.main_window - INFO - View 'Charts' activated successfully
2025-03-22 21:23:21,757 - chestbuddy.ui.main_window - INFO - Setting active view to: Charts
2025-03-22 21:23:21,757 - chestbuddy.ui.main_window - INFO - View 'Charts' activated successfully
2025-03-22 21:23:25,856 - chestbuddy.ui.main_window - INFO - Setting active view to: Data
2025-03-22 21:23:25,857 - chestbuddy.ui.main_window - INFO - View 'Data' activated successfully
2025-03-22 21:23:39,979 - chestbuddy.ui.main_window - INFO - Setting active view to: Charts
2025-03-22 21:23:39,979 - chestbuddy.ui.main_window - INFO - View 'Charts' activated successfully
2025-03-22 21:23:42,986 - chestbuddy.ui.main_window - INFO - Setting active view to: Validation
2025-03-22 21:23:42,988 - chestbuddy.ui.main_window - INFO - View 'Validation' activated successfully
2025-03-22 21:23:48,509 - chestbuddy.ui.main_window - INFO - Setting active view to: Validation
2025-03-22 21:23:48,509 - chestbuddy.ui.main_window - INFO - View 'Validation' activated successfully
2025-03-22 21:23:51,622 - chestbuddy.ui.main_window - INFO - Setting active view to: Validation
2025-03-22 21:23:51,623 - chestbuddy.ui.main_window - INFO - View 'Validation' activated successfully
2025-03-22 21:24:07,065 - chestbuddy.ui.main_window - INFO - Setting active view to: Correction
2025-03-22 21:24:07,066 - chestbuddy.ui.main_window - INFO - View 'Correction' activated successfully
2025-03-22 21:24:13,219 - chestbuddy.ui.main_window - INFO - Setting active view to: Dashboard
2025-03-22 21:24:13,219 - chestbuddy.ui.main_window - INFO - View 'Dashboard' activated successfully
2025-03-22 21:24:21,113 - __main__ - INFO - Validating data
2025-03-22 21:24:21,114 - chestbuddy.ui.main_window - INFO - Setting active view to: Validation
2025-03-22 21:24:21,115 - chestbuddy.ui.main_window - INFO - View 'Validation' activated successfully
2025-03-22 21:24:21,115 - chestbuddy.utils.background_processing - ERROR - Error in function task validate_data: The truth value of a DataFrame is ambiguous. Use a.empty, a.bool(), a.item(), a.any() or a.all().
2025-03-22 21:24:21,115 - chestbuddy.ui.main_window - INFO - Setting active view to: Validation
2025-03-22 21:24:21,115 - chestbuddy.utils.background_processing - ERROR - Error in background task: The truth value of a DataFrame is ambiguous. Use a.empty, a.bool(), a.item(), a.any() or a.all().
2025-03-22 21:24:21,116 - chestbuddy.ui.main_window - INFO - View 'Validation' activated successfully
2025-03-22 21:24:21,119 - __main__ - ERROR - Background task failed: load_csv, error: The truth value of a DataFrame is ambiguous. Use a.empty, a.bool(), a.item(), a.any() or a.all().
2025-03-22 21:24:21,119 - __main__ - ERROR - Background task failed: validate_data, error: The truth value of a DataFrame is ambiguous. Use a.empty, a.bool(), a.item(), a.any() or a.all().
2025-03-22 21:24:29,154 - chestbuddy.ui.main_window - INFO - Setting active view to: Dashboard
2025-03-22 21:24:29,155 - chestbuddy.ui.main_window - INFO - View 'Dashboard' activated successfully
2025-03-22 21:24:32,927 - chestbuddy.ui.main_window - INFO - Setting active view to: Validation
2025-03-22 21:24:32,928 - chestbuddy.ui.main_window - INFO - View 'Validation' activated successfully
2025-03-22 21:24:37,465 - chestbuddy.ui.main_window - INFO - Setting active view to: Dashboard
2025-03-22 21:24:37,466 - chestbuddy.ui.main_window - INFO - View 'Dashboard' activated successfully
2025-03-22 21:24:47,555 - chestbuddy.ui.main_window - INFO - Setting active view to: Data
2025-03-22 21:24:47,556 - chestbuddy.ui.main_window - INFO - View 'Data' activated successfully
2025-03-22 21:24:48,957 - chestbuddy.ui.main_window - INFO - Setting active view to: Dashboard
2025-03-22 21:24:48,958 - chestbuddy.ui.main_window - INFO - View 'Dashboard' activated successfully
2025-03-22 21:24:53,913 - __main__ - INFO - Autosave completed to data\autosave.csv
2025-03-22 21:24:53,913 - __main__ - INFO - Application shutdown
