2025-03-27 20:32:28,433 - __main__ - INFO - Logging initialized
2025-03-27 20:32:28,436 - chestbuddy.core.models.chest_data_model - DEBUG - Updated data hash to: 1d4f9f63b040166415e97d034fc84c19
2025-03-27 20:32:28,436 - chestbuddy.core.state.data_state - DEBUG - DataState updated: 0 rows, 6 columns
2025-03-27 20:32:28,436 - chestbuddy.core.controllers.base_controller - DEBUG - Initialized ErrorHandlingController with SignalManager
2025-03-27 20:32:28,437 - chestbuddy.core.services.validation_service - WARNING - No config manager available, using default path: D:\Projekte\ChestBuddy\chestbuddy\data\validation
2025-03-27 20:32:28,437 - chestbuddy.core.services.validation_service - WARNING - No config manager available, using default path: D:\Projekte\ChestBuddy\chestbuddy\data\validation
2025-03-27 20:32:28,437 - chestbuddy.core.services.validation_service - WARNING - No config manager available, using default path: D:\Projekte\ChestBuddy\chestbuddy\data\validation
2025-03-27 20:32:28,438 - chestbuddy.core.models.validation_list_model - DEBUG - Loaded 101 entries from D:\Projekte\ChestBuddy\chestbuddy\data\validation\players.txt
2025-03-27 20:32:28,438 - chestbuddy.core.models.validation_list_model - INFO - Initialized ValidationListModel with 101 entries from D:\Projekte\ChestBuddy\chestbuddy\data\validation\players.txt
2025-03-27 20:32:28,439 - chestbuddy.core.models.validation_list_model - DEBUG - Loaded 72 entries from D:\Projekte\ChestBuddy\chestbuddy\data\validation\chest_types.txt
2025-03-27 20:32:28,439 - chestbuddy.core.models.validation_list_model - INFO - Initialized ValidationListModel with 72 entries from D:\Projekte\ChestBuddy\chestbuddy\data\validation\chest_types.txt
2025-03-27 20:32:28,439 - chestbuddy.core.models.validation_list_model - DEBUG - Loaded 82 entries from D:\Projekte\ChestBuddy\chestbuddy\data\validation\sources.txt
2025-03-27 20:32:28,439 - chestbuddy.core.models.validation_list_model - INFO - Initialized ValidationListModel with 82 entries from D:\Projekte\ChestBuddy\chestbuddy\data\validation\sources.txt
2025-03-27 20:32:28,440 - chestbuddy.core.services.validation_service - INFO - Initialized validation lists: Players (101 entries), Chest Types (72 entries), Sources (82 entries)
2025-03-27 20:32:28,440 - chestbuddy.core.controllers.base_controller - DEBUG - Initialized FileOperationsController with SignalManager
2025-03-27 20:32:28,440 - chestbuddy.core.controllers.base_controller - DEBUG - FileOperationsController connected to model: DataManager
2025-03-27 20:32:28,440 - chestbuddy.core.controllers.file_operations_controller - DEBUG - FileOperationsController connected to model: DataManager
2025-03-27 20:32:28,441 - chestbuddy.core.controllers.file_operations_controller - DEBUG - Loaded 0 recent files from config
2025-03-27 20:32:28,441 - chestbuddy.core.controllers.base_controller - DEBUG - Initialized ProgressController with SignalManager
2025-03-27 20:32:28,441 - chestbuddy.core.controllers.base_controller - DEBUG - Initialized ViewStateController with SignalManager
2025-03-27 20:32:28,441 - chestbuddy.core.controllers.base_controller - DEBUG - ViewStateController connected to model: ChestDataModel
2025-03-27 20:32:28,441 - chestbuddy.core.controllers.view_state_controller - DEBUG - ViewStateController connected to model: ChestDataModel
2025-03-27 20:32:28,442 - chestbuddy.core.controllers.base_controller - DEBUG - Initialized UIStateController with SignalManager
2025-03-27 20:32:28,442 - chestbuddy.core.controllers.ui_state_controller - INFO - UIStateController initialized
2025-03-27 20:32:28,442 - chestbuddy.core.controllers.base_controller - DEBUG - Initialized DataViewController with SignalManager
2025-03-27 20:32:28,442 - chestbuddy.core.controllers.base_controller - DEBUG - DataViewController connected to model: ChestDataModel
2025-03-27 20:32:28,443 - chestbuddy.core.controllers.data_view_controller - DEBUG - DataViewController connected to model: ChestDataModel
2025-03-27 20:32:28,443 - chestbuddy.core.controllers.data_view_controller - DEBUG - DataViewController connected to UIStateController
2025-03-27 20:32:28,443 - chestbuddy.core.controllers.data_view_controller - DEBUG - DataViewController initialized
2025-03-27 20:32:28,443 - chestbuddy.utils.service_locator - DEBUG - Service 'update_manager' registered: UpdateManager
2025-03-27 20:32:28,443 - __main__ - INFO - UpdateManager initialized and registered with ServiceLocator
2025-03-27 20:32:28,444 - chestbuddy.core.controllers.view_state_controller - INFO - Data view controller set and signals connected
2025-03-27 20:32:28,444 - chestbuddy.ui.main_window - DEBUG - MainWindow initialized with data_manager
2025-03-27 20:32:28,469 - chestbuddy.ui.views.updatable_view - DEBUG - DashboardView populated
2025-03-27 20:32:28,474 - chestbuddy.ui.data_view - INFO - Installed event filter on table view
2025-03-27 20:32:28,475 - chestbuddy.ui.data_view - INFO - Registered Ctrl+C shortcut for copying (table-specific)
2025-03-27 20:32:28,475 - chestbuddy.ui.data_view - INFO - Registered widget-level Ctrl+V shortcut for pasting (widget hierarchy)
2025-03-27 20:32:28,478 - chestbuddy.ui.data_view - DEBUG - Connecting import button clicked signal to _on_import_clicked handler
2025-03-27 20:32:28,478 - chestbuddy.ui.data_view - DEBUG - Connecting export button clicked signal to _on_export_clicked handler
2025-03-27 20:32:28,478 - chestbuddy.ui.data_view - INFO - Installed event filter on table view
2025-03-27 20:32:28,479 - chestbuddy.ui.data_view - INFO - Registered Ctrl+C shortcut for copying (table-specific)
2025-03-27 20:32:28,479 - chestbuddy.ui.data_view - INFO - Registered widget-level Ctrl+V shortcut for pasting (widget hierarchy)
2025-03-27 20:32:28,480 - chestbuddy.ui.data_view - DEBUG - Status updated: No data loaded
2025-03-27 20:32:28,481 - chestbuddy.ui.data_view - INFO - DataView auto-update disabled
2025-03-27 20:32:28,481 - chestbuddy.utils.signal_manager - ERROR - Error in safe_connect: SignalManager.connect() got an unexpected keyword argument 'disconnect_first'
2025-03-27 20:32:28,481 - chestbuddy.utils.signal_manager - ERROR - Error in safe_connect: SignalManager.connect() got an unexpected keyword argument 'disconnect_first'
2025-03-27 20:32:28,482 - chestbuddy.utils.signal_manager - ERROR - Error in safe_connect: SignalManager.connect() got an unexpected keyword argument 'disconnect_first'
2025-03-27 20:32:28,482 - chestbuddy.ui.views.data_view_adapter - DEBUG - Connected to validation_changed signal
2025-03-27 20:32:28,482 - chestbuddy.ui.views.data_view_adapter - DEBUG - DataViewAdapter: Auto-update enabled
2025-03-27 20:32:28,482 - chestbuddy.core.services.validation_service - WARNING - Using default validation list path: D:\Projekte\ChestBuddy\chestbuddy\data\validation\players.txt
2025-03-27 20:32:28,487 - chestbuddy.ui.views.validation_list_view - DEBUG - Populated list with 101 entries
2025-03-27 20:32:28,487 - chestbuddy.ui.views.validation_list_view - INFO - Initialized ValidationListView with 101 entries
2025-03-27 20:32:28,492 - chestbuddy.core.services.validation_service - WARNING - Using default validation list path: D:\Projekte\ChestBuddy\chestbuddy\data\validation\chest_types.txt
2025-03-27 20:32:28,494 - chestbuddy.ui.views.validation_list_view - DEBUG - Populated list with 72 entries
2025-03-27 20:32:28,494 - chestbuddy.ui.views.validation_list_view - INFO - Initialized ValidationListView with 72 entries
2025-03-27 20:32:28,498 - chestbuddy.core.services.validation_service - WARNING - Using default validation list path: D:\Projekte\ChestBuddy\chestbuddy\data\validation\sources.txt
2025-03-27 20:32:28,499 - chestbuddy.ui.views.validation_list_view - DEBUG - Populated list with 82 entries
2025-03-27 20:32:28,499 - chestbuddy.ui.views.validation_list_view - INFO - Initialized ValidationListView with 82 entries
2025-03-27 20:32:28,519 - chestbuddy.ui.views.validation_tab_view - DEBUG - Status updated: Ready
2025-03-27 20:32:28,520 - chestbuddy.ui.views.validation_tab_view - INFO - Initialized ValidationTabView
2025-03-27 20:32:28,528 - chestbuddy.ui.views.validation_view_adapter - INFO - ValidationViewAdapter: Controller set and signals connected
2025-03-27 20:32:28,530 - chestbuddy.ui.correction_tab - DEBUG - Skipping CorrectionTab._update_view call - recursive or uninitialized UI
2025-03-27 20:32:28,531 - chestbuddy.ui.views.correction_view_adapter - DEBUG - Connected data_model.data_changed to CorrectionViewAdapter.request_update
2025-03-27 20:32:28,531 - chestbuddy.utils.signal_manager - ERROR - Error in safe_connect: slot_name_or_callable must be provided
2025-03-27 20:32:28,531 - chestbuddy.utils.signal_manager - ERROR - Error in safe_connect: slot_name_or_callable must be provided
2025-03-27 20:32:28,532 - chestbuddy.utils.signal_manager - ERROR - Error in safe_connect: slot_name_or_callable must be provided
2025-03-27 20:32:28,532 - chestbuddy.ui.views.correction_view_adapter - INFO - CorrectionViewAdapter: Controller set and signals connected
2025-03-27 20:32:28,535 - chestbuddy.utils.signal_manager - ERROR - Error in safe_connect: slot_name_or_callable must be provided
2025-03-27 20:32:28,535 - chestbuddy.utils.signal_manager - ERROR - Error in safe_connect: slot_name_or_callable must be provided
2025-03-27 20:32:28,536 - chestbuddy.utils.signal_manager - ERROR - Error in safe_connect: slot_name_or_callable must be provided
2025-03-27 20:32:28,536 - chestbuddy.core.controllers.data_view_controller - DEBUG - Connected ValidationService signals to DataViewController
2025-03-27 20:32:28,537 - chestbuddy.core.controllers.data_view_controller - DEBUG - CorrectionService connected to DataViewController
2025-03-27 20:32:28,537 - chestbuddy.core.controllers.data_view_controller - INFO - Validation and correction services updated
2025-03-27 20:32:28,537 - chestbuddy.ui.main_window - INFO - Services set in data view controller
2025-03-27 20:32:28,537 - chestbuddy.core.controllers.base_controller - DEBUG - ViewStateController connected to view: SidebarNavigation
2025-03-27 20:32:28,537 - chestbuddy.core.controllers.view_state_controller - INFO - Sidebar implements IUpdatable, populating it
2025-03-27 20:32:28,537 - chestbuddy.ui.widgets.sidebar_navigation - DEBUG - SidebarNavigation populated
2025-03-27 20:32:28,538 - chestbuddy.core.controllers.view_state_controller - INFO - Registering dependencies for view 'Validation': {'Data'}
2025-03-27 20:32:28,538 - chestbuddy.ui.widgets.sidebar_navigation - ERROR - Error scheduling update for SidebarNavigation: "Service 'update_manager' not found"
2025-03-27 20:32:28,539 - chestbuddy.ui.widgets.sidebar_navigation - DEBUG - SidebarNavigation updated
2025-03-27 20:32:28,539 - chestbuddy.core.controllers.view_state_controller - INFO - View availability changed: {'Validation': True, 'Correction': True, 'Charts': True}
2025-03-27 20:32:28,539 - chestbuddy.core.controllers.view_state_controller - INFO - Registering dependencies for view 'Correction': {'Validation'}
2025-03-27 20:32:28,539 - chestbuddy.core.controllers.view_state_controller - DEBUG - Skipping view availability update (throttled)
2025-03-27 20:32:28,539 - chestbuddy.core.controllers.view_state_controller - INFO - Registering dependencies for view 'Charts': {'Data'}
2025-03-27 20:32:28,540 - chestbuddy.core.controllers.view_state_controller - DEBUG - Skipping view availability update (throttled)
2025-03-27 20:32:28,540 - chestbuddy.core.controllers.view_state_controller - INFO - Registered prerequisite check for view 'Validation'
2025-03-27 20:32:28,540 - chestbuddy.core.controllers.view_state_controller - DEBUG - Skipping view availability update (throttled)
2025-03-27 20:32:28,540 - chestbuddy.core.controllers.view_state_controller - INFO - Registered prerequisite check for view 'Correction'
2025-03-27 20:32:28,540 - chestbuddy.core.controllers.view_state_controller - DEBUG - Skipping view availability update (throttled)
2025-03-27 20:32:28,540 - chestbuddy.core.controllers.view_state_controller - INFO - Registered prerequisite check for view 'Charts'
2025-03-27 20:32:28,541 - chestbuddy.core.controllers.view_state_controller - DEBUG - Skipping view availability update (throttled)
2025-03-27 20:32:28,541 - chestbuddy.core.controllers.view_state_controller - INFO - View changed from '' to 'Dashboard'
2025-03-27 20:32:28,543 - chestbuddy.core.controllers.ui_state_controller - DEBUG - Action states updated: {'save': False, 'save_as': False, 'export': False, 'validate': False, 'correct': False, 'chart': False, 'filter': False, 'sort': False, 'add_to_validation': False, 'clear_validation': False, 'refresh_validation': False}
2025-03-27 20:32:28,543 - chestbuddy.core.controllers.ui_state_controller - DEBUG - Status message updated: No data loaded
2025-03-27 20:32:28,543 - chestbuddy.core.controllers.ui_state_controller - DEBUG - Updated data-dependent UI state: has_data=False
2025-03-27 20:32:28,544 - chestbuddy.ui.main_window - DEBUG - Connecting Dashboard.import_requested to _on_import_requested handler
2025-03-27 20:32:28,544 - chestbuddy.ui.main_window - DEBUG - Connecting Data.import_requested to _on_import_requested handler
2025-03-27 20:32:28,811 - __main__ - INFO - UI created and shown
2025-03-27 20:32:28,812 - __main__ - INFO - Application signals connected
2025-03-27 20:32:28,920 - __main__ - INFO - Application initialized successfully
2025-03-27 20:32:28,934 - chestbuddy.core.controllers.view_state_controller - DEBUG - View transition to 'Dashboard' completed
2025-03-27 20:32:31,789 - chestbuddy.ui.main_window - DEBUG - _on_import_requested called with flags: _is_handling_import=False, _is_loading_files=False
2025-03-27 20:32:31,789 - chestbuddy.ui.main_window - DEBUG - Handling import request via FileOperationsController - set flag: _is_handling_import=True
2025-03-27 20:32:31,789 - chestbuddy.core.controllers.file_operations_controller - DEBUG - FileOperationsController.open_file called with parent=<chestbuddy.ui.main_window.MainWindow(0x2b95a028990) at 0x000002B95C2D4B40>
2025-03-27 20:32:31,790 - chestbuddy.core.controllers.file_operations_controller - DEBUG - About to show file open dialog
2025-03-27 20:32:31,790 - chestbuddy.core.controllers.file_operations_controller - DEBUG - Retrieved last directory: C:\Users\schrd\Documents
2025-03-27 20:33:01,055 - chestbuddy.core.controllers.file_operations_controller - DEBUG - User selected 1 files
2025-03-27 20:33:01,056 - chestbuddy.core.controllers.file_operations_controller - DEBUG - Saving last directory: D:/Projekte/ChestBuddy/chestbuddy/data/input
2025-03-27 20:33:01,056 - chestbuddy.core.services.data_manager - INFO - DataManager.load_csv called with 1 file(s)
2025-03-27 20:33:01,056 - chestbuddy.core.services.data_manager - DEBUG - Set files_to_load with 1 files
2025-03-27 20:33:01,057 - chestbuddy.core.services.data_manager - DEBUG - Set current_file_path to: D:/Projekte/ChestBuddy/chestbuddy/data/input/Chests_input_test.csv
2025-03-27 20:33:01,057 - chestbuddy.core.services.data_manager - DEBUG - Emitting load_started signal
2025-03-27 20:33:01,057 - chestbuddy.ui.main_window - DEBUG - MainWindow._on_load_started called
2025-03-27 20:33:01,073 - chestbuddy.core.controllers.ui_state_controller - DEBUG - Updated data-dependent UI state: has_data=False
2025-03-27 20:33:01,074 - chestbuddy.core.services.data_manager - INFO - DataManager.cancel_loading called
2025-03-27 20:33:01,074 - chestbuddy.core.services.data_manager - DEBUG - Set cancellation flag to True
2025-03-27 20:33:01,074 - chestbuddy.core.services.data_manager - DEBUG - No active task to cancel
2025-03-27 20:33:01,074 - chestbuddy.core.services.data_manager - DEBUG - Loading operation cancelled successfully
2025-03-27 20:33:01,074 - chestbuddy.core.services.data_manager - DEBUG - Blocking data model signals during load
2025-03-27 20:33:01,075 - chestbuddy.core.services.data_manager - DEBUG - Creating MultiCSVLoadTask for 1 files
2025-03-27 20:33:01,075 - chestbuddy.core.services.data_manager - DEBUG - Stored task reference: <chestbuddy.utils.background_processing.MultiCSVLoadTask(0x2b960727c40) at 0x000002B95C2C0D00>
2025-03-27 20:33:01,075 - chestbuddy.core.services.data_manager - DEBUG - Reset cancellation flag to False
2025-03-27 20:33:01,075 - chestbuddy.core.services.data_manager - DEBUG - Executing MultiCSVLoadTask
2025-03-27 20:33:01,076 - chestbuddy.ui.main_window - INFO - File opened: D:/Projekte/ChestBuddy/chestbuddy/data/input/Chests_input_test.csv
2025-03-27 20:33:01,076 - chestbuddy.core.controllers.file_operations_controller - DEBUG - Saved 1 recent files to config
2025-03-27 20:33:01,076 - chestbuddy.ui.main_window - DEBUG - Recent files updated: 1 files
2025-03-27 20:33:01,076 - chestbuddy.core.services.csv_service - DEBUG - read_csv_chunked called for D:/Projekte/ChestBuddy/chestbuddy/data/input/Chests_input_test.csv
2025-03-27 20:33:01,078 - chestbuddy.ui.main_window - DEBUG - _on_import_requested called with flags: _is_handling_import=True, _is_loading_files=True
2025-03-27 20:33:01,078 - chestbuddy.ui.main_window - DEBUG - Already handling an import request, ignoring duplicate
2025-03-27 20:33:01,085 - charset_normalizer - DEBUG - Encoding detection: utf_8 is most likely the one.
2025-03-27 20:33:01,085 - chestbuddy.core.services.csv_service - DEBUG - charset_normalizer detected encoding: utf-8 with confidence: 0.9936
2025-03-27 20:33:01,085 - chestbuddy.core.services.csv_service - INFO - Detected encoding: utf-8 with confidence 0.99
2025-03-27 20:33:01,085 - chestbuddy.ui.main_window - DEBUG - MainWindow._on_load_started called
2025-03-27 20:33:01,086 - chestbuddy.core.controllers.progress_controller - DEBUG - Progress dialog already exists, updating instead of creating new one
2025-03-27 20:33:01,098 - chestbuddy.core.controllers.ui_state_controller - DEBUG - Updated data-dependent UI state: has_data=False
2025-03-27 20:33:01,217 - chestbuddy.core.services.data_manager - DEBUG - CSV loading progress: 0% (0/100)
2025-03-27 20:33:01,278 - chestbuddy.core.services.data_manager - DEBUG - CSV loading progress: 0% (0/100)
2025-03-27 20:33:01,318 - chestbuddy.core.services.data_manager - DEBUG - Task status: Loading CSV data: 0 rows (File 1/1)
2025-03-27 20:33:01,389 - chestbuddy.core.services.data_manager - DEBUG - CSV loading progress: 0% (0/100)
2025-03-27 20:33:01,421 - chestbuddy.core.services.data_manager - DEBUG - CSV loading progress: 0% (0/100)
2025-03-27 20:33:01,480 - chestbuddy.core.services.data_manager - DEBUG - Task status: Loading CSV data: 0 rows (File 1/1)
2025-03-27 20:33:01,495 - chestbuddy.core.services.data_manager - DEBUG - CSV loading progress: 0% (0/100)
2025-03-27 20:33:01,540 - chestbuddy.core.services.data_manager - DEBUG - CSV loading progress: 0% (0/100)
2025-03-27 20:33:01,586 - chestbuddy.core.services.data_manager - DEBUG - Task status: Loading CSV data: 0 rows (File 1/1)
2025-03-27 20:33:01,659 - chestbuddy.core.services.data_manager - DEBUG - CSV loading progress: 0% (0/100)
2025-03-27 20:33:01,703 - chestbuddy.core.services.data_manager - DEBUG - CSV loading progress: 0% (0/100)
2025-03-27 20:33:01,738 - chestbuddy.core.services.data_manager - DEBUG - Task status: Loading CSV data: 0 rows (File 1/1)
2025-03-27 20:33:01,805 - chestbuddy.core.services.data_manager - DEBUG - CSV loading progress: 0% (0/100)
2025-03-27 20:33:01,861 - chestbuddy.core.services.data_manager - DEBUG - CSV loading progress: 0% (0/100)
2025-03-27 20:33:01,906 - chestbuddy.core.services.data_manager - DEBUG - Task status: Loading CSV data: 0 rows (File 1/1)
2025-03-27 20:33:01,951 - chestbuddy.core.services.data_manager - DEBUG - CSV loading progress: 0% (0/100)
2025-03-27 20:33:01,998 - chestbuddy.core.services.data_manager - DEBUG - CSV loading progress: 0% (0/100)
2025-03-27 20:33:02,028 - chestbuddy.core.services.data_manager - DEBUG - Task status: Loading CSV data: 0 rows (File 1/1)
2025-03-27 20:33:02,057 - chestbuddy.core.services.data_manager - DEBUG - CSV loading progress: 0% (0/100)
2025-03-27 20:33:02,059 - chestbuddy.core.services.data_manager - DEBUG - CSV loading progress: 0% (0/100)
2025-03-27 20:33:02,061 - chestbuddy.utils.background_processing - INFO - Successfully loaded 12387 rows from 1 files
2025-03-27 20:33:02,062 - chestbuddy.core.services.data_manager - DEBUG - Task status: Loading CSV data: 0 rows (File 1/1)
2025-03-27 20:33:02,062 - chestbuddy.core.services.data_manager - DEBUG - CSV loading progress: 0% (0/100)
2025-03-27 20:33:02,062 - chestbuddy.utils.background_processing - DEBUG - Task completed: load_multi_csv_1_files
2025-03-27 20:33:02,062 - chestbuddy.core.services.data_manager - DEBUG - CSV loading progress: 0% (0/100)
2025-03-27 20:33:02,062 - chestbuddy.utils.background_processing - DEBUG - Thread finished and task cleanup completed
2025-03-27 20:33:02,063 - chestbuddy.core.services.data_manager - DEBUG - Task status: Loading CSV data: 0 rows (File 1/1)
2025-03-27 20:33:02,063 - chestbuddy.core.services.data_manager - DEBUG - CSV loading progress: 0% (0/100)
2025-03-27 20:33:02,063 - chestbuddy.core.services.data_manager - DEBUG - CSV loading progress: 0% (0/100)
2025-03-27 20:33:02,063 - chestbuddy.core.services.data_manager - DEBUG - Task status: Loading CSV data: 0 rows (File 1/1)
2025-03-27 20:33:02,064 - chestbuddy.core.services.data_manager - DEBUG - CSV loading progress: 100% (100/100)
2025-03-27 20:33:02,064 - chestbuddy.core.services.data_manager - DEBUG - CSV loading progress: 100% (100/100)
2025-03-27 20:33:02,064 - chestbuddy.core.services.data_manager - DEBUG - Task status: Loading CSV data: 0 rows (File 1/1)
2025-03-27 20:33:02,064 - chestbuddy.core.services.data_manager - DEBUG - CSV loading progress: 100% (100/100)
2025-03-27 20:33:02,065 - chestbuddy.core.services.data_manager - DEBUG - CSV loading progress: 100% (100/100)
2025-03-27 20:33:02,065 - chestbuddy.core.services.data_manager - DEBUG - Task status: Loading CSV data: 12,387 rows (File 1/1)
2025-03-27 20:33:02,065 - chestbuddy.core.services.data_manager - DEBUG - Background task load_multi_csv_1_files completed with result: <class 'tuple'>
2025-03-27 20:33:02,065 - chestbuddy.core.services.data_manager - INFO - DataManager._on_csv_load_success called
2025-03-27 20:33:02,065 - chestbuddy.core.services.data_manager - DEBUG - CSV load result message: None
2025-03-27 20:33:02,065 - chestbuddy.core.services.data_manager - INFO - CSV loaded successfully with 12387 rows
2025-03-27 20:33:02,066 - chestbuddy.ui.main_window - DEBUG - Load finished signal received: Successfully loaded 12,387 rows of data
2025-03-27 20:33:02,066 - chestbuddy.ui.widgets.progress_dialog - DEBUG - Progress dialog close called
2025-03-27 20:33:02,066 - chestbuddy.ui.widgets.progress_dialog - DEBUG - Dialog closed via window close button, emitting canceled signal
2025-03-27 20:33:02,066 - chestbuddy.core.controllers.progress_controller - DEBUG - Progress dialog cancel button clicked
2025-03-27 20:33:02,066 - chestbuddy.ui.widgets.progress_dialog - DEBUG - Cancel button clicked in progress dialog
2025-03-27 20:33:02,066 - chestbuddy.core.controllers.progress_controller - DEBUG - Progress dialog cancel button clicked
2025-03-27 20:33:02,067 - chestbuddy.ui.widgets.progress_dialog - DEBUG - Directly closing dialog after cancel button clicked
2025-03-27 20:33:02,071 - chestbuddy.ui.widgets.progress_dialog - DEBUG - Progress dialog successfully closed
2025-03-27 20:33:02,072 - chestbuddy.core.controllers.ui_state_controller - DEBUG - Updated data-dependent UI state: has_data=False
2025-03-27 20:33:02,072 - chestbuddy.core.services.data_manager - DEBUG - Mapping columns...
2025-03-27 20:33:02,074 - chestbuddy.core.services.data_manager - DEBUG - Mapped columns successfully, DataFrame shape: (12387, 6)
2025-03-27 20:33:02,074 - chestbuddy.core.services.data_manager - DEBUG - Unblocking data model signals before update
2025-03-27 20:33:02,074 - chestbuddy.core.services.data_manager - DEBUG - Updating data model with new data
2025-03-27 20:33:02,087 - chestbuddy.core.state.data_state - DEBUG - DataState updated: 12387 rows, 6 columns
2025-03-27 20:33:02,087 - chestbuddy.core.models.chest_data_model - DEBUG - Emitting data_changed signal with DataState.
2025-03-27 20:33:02,087 - chestbuddy.core.controllers.view_state_controller - INFO - Data changed event: has_data=True
2025-03-27 20:33:02,088 - chestbuddy.core.controllers.view_state_controller - INFO - Data loaded state changed: True
2025-03-27 20:33:02,088 - chestbuddy.ui.widgets.sidebar_navigation - ERROR - Error scheduling update for SidebarNavigation: "Service 'update_manager' not found"
2025-03-27 20:33:02,089 - chestbuddy.ui.widgets.sidebar_navigation - DEBUG - SidebarNavigation updated
2025-03-27 20:33:02,089 - chestbuddy.core.controllers.view_state_controller - INFO - Marking Data view for population (not current)
2025-03-27 20:33:02,090 - chestbuddy.core.controllers.view_state_controller - INFO - Refreshing active view 'Dashboard' via IUpdatable interface
2025-03-27 20:33:02,090 - chestbuddy.core.controllers.view_state_controller - DEBUG - View 'Dashboard' doesn't need refreshing
2025-03-27 20:33:02,090 - chestbuddy.ui.data_view - DEBUG - DataView._on_data_changed called
2025-03-27 20:33:02,090 - chestbuddy.ui.data_view - DEBUG - Auto-update disabled, skipping table update
2025-03-27 20:33:02,091 - chestbuddy.ui.views.updatable_view - ERROR - Error scheduling update for DataViewAdapter: "Service 'update_manager' not found"
2025-03-27 20:33:02,091 - chestbuddy.ui.views.updatable_view - DEBUG - DataViewAdapter updating with data: NoneType
2025-03-27 20:33:02,091 - chestbuddy.ui.views.data_view_adapter - DEBUG - DataViewAdapter: View needs population, calling populate_table
2025-03-27 20:33:02,246 - chestbuddy.ui.data_view - DEBUG - Status updated: Populating 12387 rows...
2025-03-27 20:33:02,247 - chestbuddy.ui.views.data_view_adapter - DEBUG - DataViewAdapter: View content updated
2025-03-27 20:33:02,248 - chestbuddy.ui.views.updatable_view - DEBUG - DataViewAdapter updated
2025-03-27 20:33:02,248 - chestbuddy.ui.correction_tab - DEBUG - Skipping CorrectionTab._update_view call - recursive or uninitialized UI
2025-03-27 20:33:02,248 - chestbuddy.ui.views.updatable_view - ERROR - Error scheduling update for CorrectionViewAdapter: "Service 'update_manager' not found"
2025-03-27 20:33:02,248 - chestbuddy.ui.views.updatable_view - DEBUG - CorrectionViewAdapter updating with data: NoneType
2025-03-27 20:33:02,248 - chestbuddy.ui.correction_tab - DEBUG - Skipping CorrectionTab._update_view call - recursive or uninitialized UI
2025-03-27 20:33:02,248 - chestbuddy.ui.views.correction_view_adapter - DEBUG - CorrectionViewAdapter: View content updated
2025-03-27 20:33:02,249 - chestbuddy.ui.views.updatable_view - DEBUG - CorrectionViewAdapter updated
2025-03-27 20:33:02,249 - chestbuddy.ui.views.updatable_view - ERROR - Error scheduling update for ChartViewAdapter: "Service 'update_manager' not found"
2025-03-27 20:33:02,249 - chestbuddy.ui.views.updatable_view - DEBUG - ChartViewAdapter updating with data: NoneType
2025-03-27 20:33:02,250 - chestbuddy.ui.views.chart_view_adapter - DEBUG - ChartViewAdapter: View content updated
2025-03-27 20:33:02,250 - chestbuddy.ui.views.updatable_view - DEBUG - ChartViewAdapter updated
2025-03-27 20:33:02,250 - chestbuddy.core.controllers.ui_state_controller - DEBUG - Action states updated: {'save': True, 'save_as': True, 'export': True, 'validate': True, 'correct': True, 'chart': True, 'filter': True, 'sort': True, 'add_to_validation': True, 'clear_validation': True, 'refresh_validation': True}
2025-03-27 20:33:02,250 - chestbuddy.core.controllers.ui_state_controller - DEBUG - Status message updated: Data loaded and ready
2025-03-27 20:33:02,250 - chestbuddy.core.controllers.ui_state_controller - DEBUG - Updated data-dependent UI state: has_data=True
2025-03-27 20:33:02,573 - chestbuddy.core.controllers.ui_state_controller - DEBUG - Status message updated: Data loaded: 12,387 rows
2025-03-27 20:33:02,574 - chestbuddy.core.controllers.ui_state_controller - DEBUG - Status message updated: Data loaded and ready
2025-03-27 20:33:02,574 - chestbuddy.core.controllers.ui_state_controller - DEBUG - Updated data-dependent UI state: has_data=True
2025-03-27 20:33:02,575 - chestbuddy.core.services.data_manager - INFO - Emitting data_loaded signal
2025-03-27 20:33:02,575 - chestbuddy.ui.main_window - INFO - Data loaded signal received, ensuring data table is populated
2025-03-27 20:33:02,575 - chestbuddy.ui.main_window - INFO - Data view doesn't need refresh, skipping table population
2025-03-27 20:33:02,576 - chestbuddy.ui.main_window - ERROR - Error in fallback table population: 'ViewStateController' object has no attribute 'get_view'
2025-03-27 20:33:02,576 - chestbuddy.core.controllers.view_state_controller - INFO - Refreshing active view 'Dashboard' via IUpdatable interface
2025-03-27 20:33:02,576 - chestbuddy.core.controllers.view_state_controller - DEBUG - View 'Dashboard' doesn't need refreshing
2025-03-27 20:33:02,577 - chestbuddy.core.controllers.ui_state_controller - DEBUG - Status message updated: Data loaded: 12,387 rows
2025-03-27 20:33:02,577 - chestbuddy.core.services.data_manager - INFO - Emitted load_success signal
2025-03-27 20:33:02,579 - chestbuddy.ui.data_view - DEBUG - Status updated: Populating table: 0% (0/12387 rows)
2025-03-27 20:33:02,611 - chestbuddy.ui.data_view - DEBUG - Status updated: Populating table: 1% (200/12387 rows)
2025-03-27 20:33:02,643 - chestbuddy.ui.data_view - DEBUG - Status updated: Populating table: 3% (400/12387 rows)
2025-03-27 20:33:02,677 - chestbuddy.ui.data_view - DEBUG - Status updated: Populating table: 4% (600/12387 rows)
2025-03-27 20:33:02,709 - chestbuddy.ui.data_view - DEBUG - Status updated: Populating table: 6% (800/12387 rows)
2025-03-27 20:33:02,743 - chestbuddy.ui.data_view - DEBUG - Status updated: Populating table: 8% (1000/12387 rows)
2025-03-27 20:33:02,778 - chestbuddy.ui.data_view - DEBUG - Status updated: Populating table: 9% (1200/12387 rows)
2025-03-27 20:33:02,811 - chestbuddy.ui.data_view - DEBUG - Status updated: Populating table: 11% (1400/12387 rows)
2025-03-27 20:33:02,844 - chestbuddy.ui.data_view - DEBUG - Status updated: Populating table: 12% (1600/12387 rows)
2025-03-27 20:33:02,876 - chestbuddy.ui.data_view - DEBUG - Status updated: Populating table: 14% (1800/12387 rows)
2025-03-27 20:33:02,909 - chestbuddy.ui.data_view - DEBUG - Status updated: Populating table: 16% (2000/12387 rows)
2025-03-27 20:33:02,942 - chestbuddy.ui.data_view - DEBUG - Status updated: Populating table: 17% (2200/12387 rows)
2025-03-27 20:33:02,974 - chestbuddy.ui.data_view - DEBUG - Status updated: Populating table: 19% (2400/12387 rows)
2025-03-27 20:33:03,008 - chestbuddy.ui.data_view - DEBUG - Status updated: Populating table: 20% (2600/12387 rows)
2025-03-27 20:33:03,039 - chestbuddy.ui.data_view - DEBUG - Status updated: Populating table: 22% (2800/12387 rows)
2025-03-27 20:33:03,071 - chestbuddy.ui.data_view - DEBUG - Status updated: Populating table: 24% (3000/12387 rows)
2025-03-27 20:33:03,104 - chestbuddy.ui.data_view - DEBUG - Status updated: Populating table: 25% (3200/12387 rows)
2025-03-27 20:33:03,139 - chestbuddy.ui.data_view - DEBUG - Status updated: Populating table: 27% (3400/12387 rows)
2025-03-27 20:33:03,173 - chestbuddy.ui.data_view - DEBUG - Status updated: Populating table: 29% (3600/12387 rows)
2025-03-27 20:33:03,205 - chestbuddy.ui.data_view - DEBUG - Status updated: Populating table: 30% (3800/12387 rows)
2025-03-27 20:33:03,237 - chestbuddy.ui.data_view - DEBUG - Status updated: Populating table: 32% (4000/12387 rows)
2025-03-27 20:33:03,269 - chestbuddy.ui.data_view - DEBUG - Status updated: Populating table: 33% (4200/12387 rows)
2025-03-27 20:33:03,302 - chestbuddy.ui.data_view - DEBUG - Status updated: Populating table: 35% (4400/12387 rows)
2025-03-27 20:33:03,363 - chestbuddy.ui.data_view - DEBUG - Status updated: Populating table: 37% (4600/12387 rows)
2025-03-27 20:33:03,395 - chestbuddy.ui.data_view - DEBUG - Status updated: Populating table: 38% (4800/12387 rows)
2025-03-27 20:33:03,427 - chestbuddy.ui.data_view - DEBUG - Status updated: Populating table: 40% (5000/12387 rows)
2025-03-27 20:33:03,459 - chestbuddy.ui.data_view - DEBUG - Status updated: Populating table: 41% (5200/12387 rows)
2025-03-27 20:33:03,494 - chestbuddy.ui.data_view - DEBUG - Status updated: Populating table: 43% (5400/12387 rows)
2025-03-27 20:33:03,527 - chestbuddy.ui.data_view - DEBUG - Status updated: Populating table: 45% (5600/12387 rows)
2025-03-27 20:33:03,559 - chestbuddy.ui.data_view - DEBUG - Status updated: Populating table: 46% (5800/12387 rows)
2025-03-27 20:33:03,592 - chestbuddy.ui.data_view - DEBUG - Status updated: Populating table: 48% (6000/12387 rows)
2025-03-27 20:33:03,625 - chestbuddy.ui.data_view - DEBUG - Status updated: Populating table: 50% (6200/12387 rows)
2025-03-27 20:33:03,658 - chestbuddy.ui.data_view - DEBUG - Status updated: Populating table: 51% (6400/12387 rows)
2025-03-27 20:33:03,692 - chestbuddy.ui.data_view - DEBUG - Status updated: Populating table: 53% (6600/12387 rows)
2025-03-27 20:33:03,724 - chestbuddy.ui.data_view - DEBUG - Status updated: Populating table: 54% (6800/12387 rows)
2025-03-27 20:33:03,756 - chestbuddy.ui.data_view - DEBUG - Status updated: Populating table: 56% (7000/12387 rows)
2025-03-27 20:33:03,788 - chestbuddy.ui.data_view - DEBUG - Status updated: Populating table: 58% (7200/12387 rows)
2025-03-27 20:33:03,822 - chestbuddy.ui.data_view - DEBUG - Status updated: Populating table: 59% (7400/12387 rows)
2025-03-27 20:33:03,856 - chestbuddy.ui.data_view - DEBUG - Status updated: Populating table: 61% (7600/12387 rows)
2025-03-27 20:33:03,888 - chestbuddy.ui.data_view - DEBUG - Status updated: Populating table: 62% (7800/12387 rows)
2025-03-27 20:33:03,922 - chestbuddy.ui.data_view - DEBUG - Status updated: Populating table: 64% (8000/12387 rows)
2025-03-27 20:33:03,955 - chestbuddy.ui.data_view - DEBUG - Status updated: Populating table: 66% (8200/12387 rows)
2025-03-27 20:33:03,988 - chestbuddy.ui.data_view - DEBUG - Status updated: Populating table: 67% (8400/12387 rows)
2025-03-27 20:33:04,022 - chestbuddy.ui.data_view - DEBUG - Status updated: Populating table: 69% (8600/12387 rows)
2025-03-27 20:33:04,056 - chestbuddy.ui.data_view - DEBUG - Status updated: Populating table: 71% (8800/12387 rows)
2025-03-27 20:33:04,089 - chestbuddy.ui.data_view - DEBUG - Status updated: Populating table: 72% (9000/12387 rows)
2025-03-27 20:33:04,122 - chestbuddy.ui.data_view - DEBUG - Status updated: Populating table: 74% (9200/12387 rows)
2025-03-27 20:33:04,156 - chestbuddy.ui.data_view - DEBUG - Status updated: Populating table: 75% (9400/12387 rows)
2025-03-27 20:33:04,190 - chestbuddy.ui.data_view - DEBUG - Status updated: Populating table: 77% (9600/12387 rows)
2025-03-27 20:33:04,224 - chestbuddy.ui.data_view - DEBUG - Status updated: Populating table: 79% (9800/12387 rows)
2025-03-27 20:33:04,256 - chestbuddy.ui.data_view - DEBUG - Status updated: Populating table: 80% (10000/12387 rows)
2025-03-27 20:33:04,290 - chestbuddy.ui.data_view - DEBUG - Status updated: Populating table: 82% (10200/12387 rows)
2025-03-27 20:33:04,324 - chestbuddy.ui.data_view - DEBUG - Status updated: Populating table: 83% (10400/12387 rows)
2025-03-27 20:33:04,358 - chestbuddy.ui.data_view - DEBUG - Status updated: Populating table: 85% (10600/12387 rows)
2025-03-27 20:33:04,396 - chestbuddy.ui.data_view - DEBUG - Status updated: Populating table: 87% (10800/12387 rows)
2025-03-27 20:33:04,428 - chestbuddy.ui.data_view - DEBUG - Status updated: Populating table: 88% (11000/12387 rows)
2025-03-27 20:33:04,460 - chestbuddy.ui.data_view - DEBUG - Status updated: Populating table: 90% (11200/12387 rows)
2025-03-27 20:33:04,494 - chestbuddy.ui.data_view - DEBUG - Status updated: Populating table: 92% (11400/12387 rows)
2025-03-27 20:33:04,526 - chestbuddy.ui.data_view - DEBUG - Status updated: Populating table: 93% (11600/12387 rows)
2025-03-27 20:33:04,564 - chestbuddy.ui.data_view - DEBUG - Status updated: Populating table: 95% (11800/12387 rows)
2025-03-27 20:33:04,597 - chestbuddy.ui.data_view - DEBUG - Status updated: Populating table: 96% (12000/12387 rows)
2025-03-27 20:33:04,631 - chestbuddy.ui.data_view - DEBUG - Status updated: Populating table: 98% (12200/12387 rows)
2025-03-27 20:33:06,092 - chestbuddy.ui.data_view - DEBUG - Handling validation changed in DataView
2025-03-27 20:33:07,455 - chestbuddy.ui.data_view - DEBUG - Status updated: Showing all 12387 rows
2025-03-27 20:33:07,458 - chestbuddy.ui.main_window - DEBUG - Navigation changed: Data - 
2025-03-27 20:33:07,459 - chestbuddy.core.controllers.view_state_controller - DEBUG - Updating sidebar via IUpdatable interface
2025-03-27 20:33:07,459 - chestbuddy.ui.widgets.sidebar_navigation - DEBUG - SidebarNavigation updated
2025-03-27 20:33:07,462 - chestbuddy.core.controllers.view_state_controller - DEBUG - Navigation history updated: position=1, history=['Dashboard', 'Data']
2025-03-27 20:33:07,463 - chestbuddy.core.controllers.view_state_controller - INFO - View changed from 'Dashboard' to 'Data'
2025-03-27 20:33:07,463 - chestbuddy.core.controllers.view_state_controller - INFO - View transition already in progress, queuing change to 'Data'
2025-03-27 20:33:07,463 - chestbuddy.ui.main_window - DEBUG - Navigation changed: Data - 
2025-03-27 20:33:07,463 - chestbuddy.core.controllers.view_state_controller - INFO - View transition already in progress, queuing change to 'Data'
2025-03-27 20:33:07,464 - chestbuddy.ui.main_window - DEBUG - Navigation changed: Data - 
2025-03-27 20:33:07,464 - chestbuddy.core.controllers.view_state_controller - INFO - View transition already in progress, queuing change to 'Data'
2025-03-27 20:33:07,464 - chestbuddy.core.controllers.view_state_controller - INFO - View transition already in progress, queuing change to 'Data'
2025-03-27 20:33:07,465 - chestbuddy.ui.main_window - DEBUG - Navigation changed: Data - 
2025-03-27 20:33:07,465 - chestbuddy.core.controllers.view_state_controller - INFO - View transition already in progress, queuing change to 'Data'
2025-03-27 20:33:07,530 - chestbuddy.core.controllers.view_state_controller - DEBUG - View transition to 'Data' completed
2025-03-27 20:33:07,530 - chestbuddy.core.controllers.view_state_controller - INFO - Processing pending view change to 'Data' with subsection 'None'
2025-03-27 20:33:15,541 - chestbuddy.ui.main_window - DEBUG - Navigation changed: Dashboard - 
2025-03-27 20:33:15,542 - chestbuddy.core.controllers.view_state_controller - DEBUG - Updating sidebar via IUpdatable interface
2025-03-27 20:33:15,542 - chestbuddy.ui.widgets.sidebar_navigation - DEBUG - SidebarNavigation updated
2025-03-27 20:33:15,543 - chestbuddy.core.controllers.view_state_controller - DEBUG - Navigation history updated: position=2, history=['Dashboard', 'Data', 'Dashboard']
2025-03-27 20:33:15,543 - chestbuddy.core.controllers.view_state_controller - INFO - View changed from 'Data' to 'Dashboard'
2025-03-27 20:33:15,543 - chestbuddy.core.controllers.view_state_controller - INFO - View transition already in progress, queuing change to 'Dashboard'
2025-03-27 20:33:15,543 - chestbuddy.ui.main_window - DEBUG - Navigation changed: Dashboard - 
2025-03-27 20:33:15,543 - chestbuddy.core.controllers.view_state_controller - INFO - View transition already in progress, queuing change to 'Dashboard'
2025-03-27 20:33:15,544 - chestbuddy.ui.main_window - DEBUG - Navigation changed: Dashboard - 
2025-03-27 20:33:15,544 - chestbuddy.core.controllers.view_state_controller - INFO - View transition already in progress, queuing change to 'Dashboard'
2025-03-27 20:33:15,544 - chestbuddy.core.controllers.view_state_controller - INFO - View transition already in progress, queuing change to 'Dashboard'
2025-03-27 20:33:15,545 - chestbuddy.ui.main_window - DEBUG - Navigation changed: Dashboard - 
2025-03-27 20:33:15,545 - chestbuddy.core.controllers.view_state_controller - INFO - View transition already in progress, queuing change to 'Dashboard'
2025-03-27 20:33:15,597 - chestbuddy.core.controllers.view_state_controller - DEBUG - View transition to 'Dashboard' completed
2025-03-27 20:33:15,597 - chestbuddy.core.controllers.view_state_controller - INFO - Processing pending view change to 'Dashboard' with subsection 'None'
2025-03-27 20:33:18,412 - chestbuddy.core.controllers.view_state_controller - DEBUG - Updating sidebar via IUpdatable interface
2025-03-27 20:33:18,413 - chestbuddy.ui.widgets.sidebar_navigation - DEBUG - SidebarNavigation updated
2025-03-27 20:33:18,415 - chestbuddy.core.controllers.view_state_controller - DEBUG - Navigation history updated: position=3, history=['Dashboard', 'Data', 'Dashboard', 'Validation']
2025-03-27 20:33:18,415 - chestbuddy.core.controllers.view_state_controller - INFO - View changed from 'Dashboard' to 'Validation'
2025-03-27 20:33:18,415 - chestbuddy.core.controllers.view_state_controller - INFO - View transition already in progress, queuing change to 'Validation'
2025-03-27 20:33:18,476 - chestbuddy.core.controllers.view_state_controller - DEBUG - View transition to 'Validation' completed
2025-03-27 20:33:18,476 - chestbuddy.core.controllers.view_state_controller - INFO - Processing pending view change to 'Validation' with subsection 'None'
2025-03-27 20:33:19,941 - chestbuddy.ui.views.validation_tab_view - DEBUG - Status updated: Validating data...
2025-03-27 20:33:22,872 - chestbuddy.ui.data_view - DEBUG - Handling validation changed in DataView
2025-03-27 20:33:24,335 - chestbuddy.core.services.validation_service - INFO - Updated validation status for 4 rules
2025-03-27 20:33:24,336 - chestbuddy.ui.views.validation_tab_view - DEBUG - Status updated: Validation complete: Found 12331 issues
2025-03-27 20:33:24,336 - chestbuddy.ui.views.validation_view_adapter - DEBUG - Validation status changed
2025-03-27 20:33:24,337 - chestbuddy.ui.views.validation_tab_view - INFO - Validation completed
2025-03-27 20:33:25,681 - chestbuddy.ui.main_window - DEBUG - Navigation changed: Data - 
2025-03-27 20:33:25,682 - chestbuddy.core.controllers.view_state_controller - DEBUG - Updating sidebar via IUpdatable interface
2025-03-27 20:33:25,682 - chestbuddy.ui.widgets.sidebar_navigation - DEBUG - SidebarNavigation updated
2025-03-27 20:33:25,684 - chestbuddy.core.controllers.view_state_controller - DEBUG - Navigation history updated: position=4, history=['Dashboard', 'Data', 'Dashboard', 'Validation', 'Data']
2025-03-27 20:33:25,684 - chestbuddy.core.controllers.view_state_controller - INFO - View changed from 'Validation' to 'Data'
2025-03-27 20:33:25,684 - chestbuddy.core.controllers.view_state_controller - INFO - View transition already in progress, queuing change to 'Data'
2025-03-27 20:33:25,684 - chestbuddy.ui.main_window - DEBUG - Navigation changed: Data - 
2025-03-27 20:33:25,685 - chestbuddy.core.controllers.view_state_controller - INFO - View transition already in progress, queuing change to 'Data'
2025-03-27 20:33:25,685 - chestbuddy.ui.main_window - DEBUG - Navigation changed: Data - 
2025-03-27 20:33:25,685 - chestbuddy.core.controllers.view_state_controller - INFO - View transition already in progress, queuing change to 'Data'
2025-03-27 20:33:25,685 - chestbuddy.core.controllers.view_state_controller - INFO - View transition already in progress, queuing change to 'Data'
2025-03-27 20:33:25,686 - chestbuddy.ui.main_window - DEBUG - Navigation changed: Data - 
2025-03-27 20:33:25,686 - chestbuddy.core.controllers.view_state_controller - INFO - View transition already in progress, queuing change to 'Data'
2025-03-27 20:33:25,738 - chestbuddy.core.controllers.view_state_controller - DEBUG - View transition to 'Data' completed
2025-03-27 20:33:25,738 - chestbuddy.core.controllers.view_state_controller - INFO - Processing pending view change to 'Data' with subsection 'None'
2025-03-27 20:33:43,731 - chestbuddy.ui.main_window - INFO - Cancelling any ongoing operations before closing
2025-03-27 20:33:43,731 - chestbuddy.core.services.data_manager - INFO - DataManager.cancel_loading called
2025-03-27 20:33:43,732 - chestbuddy.core.services.data_manager - DEBUG - Set cancellation flag to True
2025-03-27 20:33:43,732 - chestbuddy.core.services.data_manager - DEBUG - No active task to cancel
2025-03-27 20:33:43,732 - chestbuddy.core.services.data_manager - DEBUG - Loading operation cancelled successfully
2025-03-27 20:33:43,851 - __main__ - INFO - Cleaning up application resources
2025-03-27 20:33:43,852 - chestbuddy.utils.service_locator - DEBUG - All services and factories cleared
2025-03-27 20:33:43,852 - __main__ - ERROR - Error during application cleanup: type object 'BackgroundWorker' has no attribute 'shutdown'
2025-03-27 20:33:43,852 - chestbuddy.core.controllers.base_controller - DEBUG - ErrorHandlingController disconnected all connections (0 total)
2025-03-27 20:33:43,853 - chestbuddy.core.controllers.base_controller - DEBUG - ErrorHandlingController destroyed and connections cleaned up
2025-03-27 20:33:43,853 - chestbuddy.ui.utils.update_manager - DEBUG - All updates cancelled
2025-03-27 20:33:44,032 - chestbuddy.core.controllers.base_controller - DEBUG - FileOperationsController disconnected from model: DataManager (0 connections)
2025-03-27 20:33:44,033 - chestbuddy.core.controllers.base_controller - DEBUG - FileOperationsController disconnected all connections (0 total)
2025-03-27 20:33:44,033 - chestbuddy.core.controllers.base_controller - DEBUG - FileOperationsController destroyed and connections cleaned up
2025-03-27 20:33:44,033 - chestbuddy.utils.background_processing - DEBUG - Qt C++ object already deleted during thread cleanup
2025-03-27 20:33:44,033 - chestbuddy.core.controllers.base_controller - DEBUG - ProgressController disconnected all connections (0 total)
2025-03-27 20:33:44,033 - chestbuddy.core.controllers.base_controller - DEBUG - ProgressController destroyed and connections cleaned up
2025-03-27 20:33:44,394 - chestbuddy.core.controllers.base_controller - DEBUG - ViewStateController disconnected from view: SidebarNavigation (0 connections)
2025-03-27 20:33:44,394 - chestbuddy.core.controllers.base_controller - DEBUG - ViewStateController disconnected from model: ChestDataModel (0 connections)
2025-03-27 20:33:44,395 - chestbuddy.core.controllers.base_controller - DEBUG - ViewStateController disconnected all connections (0 total)
2025-03-27 20:33:44,395 - chestbuddy.core.controllers.base_controller - DEBUG - ViewStateController destroyed and connections cleaned up
2025-03-27 20:33:44,395 - chestbuddy.core.controllers.base_controller - DEBUG - UIStateController disconnected all connections (0 total)
2025-03-27 20:33:44,395 - chestbuddy.core.controllers.base_controller - DEBUG - UIStateController destroyed and connections cleaned up
2025-03-27 20:33:44,395 - chestbuddy.core.controllers.base_controller - DEBUG - DataViewController disconnected from model: ChestDataModel (0 connections)
2025-03-27 20:33:44,395 - chestbuddy.core.controllers.base_controller - DEBUG - DataViewController disconnected all connections (0 total)
2025-03-27 20:33:44,395 - chestbuddy.core.controllers.base_controller - DEBUG - DataViewController destroyed and connections cleaned up
2025-03-27 20:33:44,396 - chestbuddy.ui.views.base_view - DEBUG - Disconnected signals for DashboardView
2025-03-27 20:33:44,396 - chestbuddy.ui.views.base_view - ERROR - Error disconnecting signals for DataViewAdapter: Internal C++ object (ChestDataModel) already deleted.
2025-03-27 20:33:44,397 - chestbuddy.ui.views.base_view - DEBUG - Disconnected signals for ValidationViewAdapter
2025-03-27 20:33:44,397 - chestbuddy.ui.views.base_view - ERROR - Error disconnecting signals for CorrectionViewAdapter: Internal C++ object (ChestDataModel) already deleted.
2025-03-27 20:33:44,397 - chestbuddy.ui.views.base_view - ERROR - Error disconnecting signals for ChartViewAdapter: Internal C++ object (ChestDataModel) already deleted.
2025-03-27 20:37:30,031 - __main__ - INFO - Logging initialized
2025-03-27 20:37:30,035 - chestbuddy.core.models.chest_data_model - DEBUG - Updated data hash to: 1d4f9f63b040166415e97d034fc84c19
2025-03-27 20:37:30,036 - chestbuddy.core.state.data_state - DEBUG - DataState updated: 0 rows, 6 columns
2025-03-27 20:37:30,036 - chestbuddy.core.controllers.base_controller - DEBUG - Initialized ErrorHandlingController with SignalManager
2025-03-27 20:37:30,036 - chestbuddy.core.services.validation_service - WARNING - No config manager available, using default path: D:\Projekte\ChestBuddy\chestbuddy\data\validation
2025-03-27 20:37:30,036 - chestbuddy.core.services.validation_service - WARNING - No config manager available, using default path: D:\Projekte\ChestBuddy\chestbuddy\data\validation
2025-03-27 20:37:30,036 - chestbuddy.core.services.validation_service - WARNING - No config manager available, using default path: D:\Projekte\ChestBuddy\chestbuddy\data\validation
2025-03-27 20:37:30,036 - chestbuddy.core.models.validation_list_model - DEBUG - Loaded 101 entries from D:\Projekte\ChestBuddy\chestbuddy\data\validation\players.txt
2025-03-27 20:37:30,037 - chestbuddy.core.models.validation_list_model - INFO - Initialized ValidationListModel with 101 entries from D:\Projekte\ChestBuddy\chestbuddy\data\validation\players.txt
2025-03-27 20:37:30,037 - chestbuddy.core.models.validation_list_model - DEBUG - Loaded 72 entries from D:\Projekte\ChestBuddy\chestbuddy\data\validation\chest_types.txt
2025-03-27 20:37:30,037 - chestbuddy.core.models.validation_list_model - INFO - Initialized ValidationListModel with 72 entries from D:\Projekte\ChestBuddy\chestbuddy\data\validation\chest_types.txt
2025-03-27 20:37:30,037 - chestbuddy.core.models.validation_list_model - DEBUG - Loaded 82 entries from D:\Projekte\ChestBuddy\chestbuddy\data\validation\sources.txt
2025-03-27 20:37:30,037 - chestbuddy.core.models.validation_list_model - INFO - Initialized ValidationListModel with 82 entries from D:\Projekte\ChestBuddy\chestbuddy\data\validation\sources.txt
2025-03-27 20:37:30,037 - chestbuddy.core.services.validation_service - INFO - Initialized validation lists: Players (101 entries), Chest Types (72 entries), Sources (82 entries)
2025-03-27 20:37:30,037 - chestbuddy.core.controllers.base_controller - DEBUG - Initialized FileOperationsController with SignalManager
2025-03-27 20:37:30,038 - chestbuddy.core.controllers.base_controller - DEBUG - FileOperationsController connected to model: DataManager
2025-03-27 20:37:30,038 - chestbuddy.core.controllers.file_operations_controller - DEBUG - FileOperationsController connected to model: DataManager
2025-03-27 20:37:30,038 - chestbuddy.core.controllers.file_operations_controller - DEBUG - Loaded 1 recent files from config
2025-03-27 20:37:30,038 - chestbuddy.core.controllers.base_controller - DEBUG - Initialized ProgressController with SignalManager
2025-03-27 20:37:30,038 - chestbuddy.core.controllers.base_controller - DEBUG - Initialized ViewStateController with SignalManager
2025-03-27 20:37:30,038 - chestbuddy.core.controllers.base_controller - DEBUG - ViewStateController connected to model: ChestDataModel
2025-03-27 20:37:30,038 - chestbuddy.core.controllers.view_state_controller - DEBUG - ViewStateController connected to model: ChestDataModel
2025-03-27 20:37:30,038 - chestbuddy.core.controllers.base_controller - DEBUG - Initialized UIStateController with SignalManager
2025-03-27 20:37:30,038 - chestbuddy.core.controllers.ui_state_controller - INFO - UIStateController initialized
2025-03-27 20:37:30,038 - chestbuddy.core.controllers.base_controller - DEBUG - Initialized DataViewController with SignalManager
2025-03-27 20:37:30,038 - chestbuddy.core.controllers.base_controller - DEBUG - DataViewController connected to model: ChestDataModel
2025-03-27 20:37:30,038 - chestbuddy.core.controllers.data_view_controller - DEBUG - DataViewController connected to model: ChestDataModel
2025-03-27 20:37:30,038 - chestbuddy.core.controllers.data_view_controller - DEBUG - DataViewController connected to UIStateController
2025-03-27 20:37:30,038 - chestbuddy.core.controllers.data_view_controller - DEBUG - DataViewController initialized
2025-03-27 20:37:30,038 - chestbuddy.utils.service_locator - DEBUG - Service 'update_manager' registered: UpdateManager
2025-03-27 20:37:30,038 - __main__ - INFO - UpdateManager initialized and registered with ServiceLocator
2025-03-27 20:37:30,039 - chestbuddy.core.controllers.view_state_controller - INFO - Data view controller set and signals connected
2025-03-27 20:37:30,039 - chestbuddy.ui.main_window - DEBUG - MainWindow initialized with data_manager
2025-03-27 20:37:30,066 - chestbuddy.ui.views.updatable_view - DEBUG - DashboardView populated
2025-03-27 20:37:30,071 - chestbuddy.ui.data_view - INFO - Installed event filter on table view
2025-03-27 20:37:30,071 - chestbuddy.ui.data_view - INFO - Registered Ctrl+C shortcut for copying (table-specific)
2025-03-27 20:37:30,071 - chestbuddy.ui.data_view - INFO - Registered widget-level Ctrl+V shortcut for pasting (widget hierarchy)
2025-03-27 20:37:30,073 - chestbuddy.ui.data_view - DEBUG - Connecting import button clicked signal to _on_import_clicked handler
2025-03-27 20:37:30,073 - chestbuddy.ui.data_view - DEBUG - Connecting export button clicked signal to _on_export_clicked handler
2025-03-27 20:37:30,074 - chestbuddy.ui.data_view - INFO - Installed event filter on table view
2025-03-27 20:37:30,074 - chestbuddy.ui.data_view - INFO - Registered Ctrl+C shortcut for copying (table-specific)
2025-03-27 20:37:30,074 - chestbuddy.ui.data_view - INFO - Registered widget-level Ctrl+V shortcut for pasting (widget hierarchy)
2025-03-27 20:37:30,075 - chestbuddy.ui.data_view - DEBUG - Status updated: No data loaded
2025-03-27 20:37:30,075 - chestbuddy.ui.data_view - INFO - DataView auto-update disabled
2025-03-27 20:37:30,075 - chestbuddy.utils.signal_manager - ERROR - Error in safe_connect: SignalManager.connect() got an unexpected keyword argument 'disconnect_first'
2025-03-27 20:37:30,075 - chestbuddy.utils.signal_manager - ERROR - Error in safe_connect: SignalManager.connect() got an unexpected keyword argument 'disconnect_first'
2025-03-27 20:37:30,075 - chestbuddy.utils.signal_manager - ERROR - Error in safe_connect: SignalManager.connect() got an unexpected keyword argument 'disconnect_first'
2025-03-27 20:37:30,076 - chestbuddy.ui.views.data_view_adapter - DEBUG - Connected to validation_changed signal
2025-03-27 20:37:30,076 - chestbuddy.ui.views.data_view_adapter - DEBUG - DataViewAdapter: Auto-update enabled
2025-03-27 20:37:30,076 - chestbuddy.core.services.validation_service - WARNING - Using default validation list path: D:\Projekte\ChestBuddy\chestbuddy\data\validation\players.txt
2025-03-27 20:37:30,081 - chestbuddy.ui.views.validation_list_view - DEBUG - Populated list with 101 entries
2025-03-27 20:37:30,081 - chestbuddy.ui.views.validation_list_view - INFO - Initialized ValidationListView with 101 entries
2025-03-27 20:37:30,087 - chestbuddy.core.services.validation_service - WARNING - Using default validation list path: D:\Projekte\ChestBuddy\chestbuddy\data\validation\chest_types.txt
2025-03-27 20:37:30,088 - chestbuddy.ui.views.validation_list_view - DEBUG - Populated list with 72 entries
2025-03-27 20:37:30,088 - chestbuddy.ui.views.validation_list_view - INFO - Initialized ValidationListView with 72 entries
2025-03-27 20:37:30,092 - chestbuddy.core.services.validation_service - WARNING - Using default validation list path: D:\Projekte\ChestBuddy\chestbuddy\data\validation\sources.txt
2025-03-27 20:37:30,093 - chestbuddy.ui.views.validation_list_view - DEBUG - Populated list with 82 entries
2025-03-27 20:37:30,093 - chestbuddy.ui.views.validation_list_view - INFO - Initialized ValidationListView with 82 entries
2025-03-27 20:37:30,114 - chestbuddy.ui.views.validation_tab_view - DEBUG - Status updated: Ready
2025-03-27 20:37:30,115 - chestbuddy.ui.views.validation_tab_view - INFO - Initialized ValidationTabView
2025-03-27 20:37:30,122 - chestbuddy.ui.views.validation_view_adapter - INFO - ValidationViewAdapter: Controller set and signals connected
2025-03-27 20:37:30,124 - chestbuddy.ui.correction_tab - DEBUG - Skipping CorrectionTab._update_view call - recursive or uninitialized UI
2025-03-27 20:37:30,125 - chestbuddy.ui.views.correction_view_adapter - DEBUG - Connected data_model.data_changed to CorrectionViewAdapter.request_update
2025-03-27 20:37:30,125 - chestbuddy.utils.signal_manager - ERROR - Error in safe_connect: slot_name_or_callable must be provided
2025-03-27 20:37:30,125 - chestbuddy.utils.signal_manager - ERROR - Error in safe_connect: slot_name_or_callable must be provided
2025-03-27 20:37:30,125 - chestbuddy.utils.signal_manager - ERROR - Error in safe_connect: slot_name_or_callable must be provided
2025-03-27 20:37:30,125 - chestbuddy.ui.views.correction_view_adapter - INFO - CorrectionViewAdapter: Controller set and signals connected
2025-03-27 20:37:30,128 - chestbuddy.utils.signal_manager - ERROR - Error in safe_connect: slot_name_or_callable must be provided
2025-03-27 20:37:30,128 - chestbuddy.utils.signal_manager - ERROR - Error in safe_connect: slot_name_or_callable must be provided
2025-03-27 20:37:30,128 - chestbuddy.utils.signal_manager - ERROR - Error in safe_connect: slot_name_or_callable must be provided
2025-03-27 20:37:30,129 - chestbuddy.core.controllers.data_view_controller - DEBUG - Connected ValidationService signals to DataViewController
2025-03-27 20:37:30,129 - chestbuddy.core.controllers.data_view_controller - DEBUG - CorrectionService connected to DataViewController
2025-03-27 20:37:30,129 - chestbuddy.core.controllers.data_view_controller - INFO - Validation and correction services updated
2025-03-27 20:37:30,129 - chestbuddy.ui.main_window - INFO - Services set in data view controller
2025-03-27 20:37:30,129 - chestbuddy.core.controllers.base_controller - DEBUG - ViewStateController connected to view: SidebarNavigation
2025-03-27 20:37:30,129 - chestbuddy.core.controllers.view_state_controller - INFO - Sidebar implements IUpdatable, populating it
2025-03-27 20:37:30,129 - chestbuddy.ui.widgets.sidebar_navigation - DEBUG - SidebarNavigation populated
2025-03-27 20:37:30,129 - chestbuddy.core.controllers.view_state_controller - INFO - Registering dependencies for view 'Validation': {'Data'}
2025-03-27 20:37:30,130 - chestbuddy.ui.widgets.sidebar_navigation - ERROR - Error scheduling update for SidebarNavigation: "Service 'update_manager' not found"
2025-03-27 20:37:30,130 - chestbuddy.ui.widgets.sidebar_navigation - DEBUG - SidebarNavigation updated
2025-03-27 20:37:30,130 - chestbuddy.core.controllers.view_state_controller - INFO - View availability changed: {'Validation': True, 'Correction': True, 'Charts': True}
2025-03-27 20:37:30,130 - chestbuddy.core.controllers.view_state_controller - INFO - Registering dependencies for view 'Correction': {'Validation'}
2025-03-27 20:37:30,130 - chestbuddy.core.controllers.view_state_controller - DEBUG - Skipping view availability update (throttled)
2025-03-27 20:37:30,130 - chestbuddy.core.controllers.view_state_controller - INFO - Registering dependencies for view 'Charts': {'Data'}
2025-03-27 20:37:30,131 - chestbuddy.core.controllers.view_state_controller - DEBUG - Skipping view availability update (throttled)
2025-03-27 20:37:30,131 - chestbuddy.core.controllers.view_state_controller - INFO - Registered prerequisite check for view 'Validation'
2025-03-27 20:37:30,131 - chestbuddy.core.controllers.view_state_controller - DEBUG - Skipping view availability update (throttled)
2025-03-27 20:37:30,131 - chestbuddy.core.controllers.view_state_controller - INFO - Registered prerequisite check for view 'Correction'
2025-03-27 20:37:30,131 - chestbuddy.core.controllers.view_state_controller - DEBUG - Skipping view availability update (throttled)
2025-03-27 20:37:30,131 - chestbuddy.core.controllers.view_state_controller - INFO - Registered prerequisite check for view 'Charts'
2025-03-27 20:37:30,131 - chestbuddy.core.controllers.view_state_controller - DEBUG - Skipping view availability update (throttled)
2025-03-27 20:37:30,131 - chestbuddy.core.controllers.view_state_controller - INFO - View changed from '' to 'Dashboard'
2025-03-27 20:37:30,133 - chestbuddy.core.controllers.ui_state_controller - DEBUG - Action states updated: {'save': False, 'save_as': False, 'export': False, 'validate': False, 'correct': False, 'chart': False, 'filter': False, 'sort': False, 'add_to_validation': False, 'clear_validation': False, 'refresh_validation': False}
2025-03-27 20:37:30,133 - chestbuddy.core.controllers.ui_state_controller - DEBUG - Status message updated: No data loaded
2025-03-27 20:37:30,133 - chestbuddy.core.controllers.ui_state_controller - DEBUG - Updated data-dependent UI state: has_data=False
2025-03-27 20:37:30,133 - chestbuddy.ui.main_window - DEBUG - Connecting Dashboard.import_requested to _on_import_requested handler
2025-03-27 20:37:30,133 - chestbuddy.ui.main_window - DEBUG - Connecting Data.import_requested to _on_import_requested handler
2025-03-27 20:37:30,395 - __main__ - INFO - UI created and shown
2025-03-27 20:37:30,396 - __main__ - INFO - Application signals connected
2025-03-27 20:37:30,498 - __main__ - INFO - Application initialized successfully
2025-03-27 20:37:30,510 - chestbuddy.core.controllers.view_state_controller - DEBUG - View transition to 'Dashboard' completed
2025-03-27 20:37:42,305 - chestbuddy.ui.main_window - DEBUG - _on_import_requested called with flags: _is_handling_import=False, _is_loading_files=False
2025-03-27 20:37:42,305 - chestbuddy.ui.main_window - DEBUG - Handling import request via FileOperationsController - set flag: _is_handling_import=True
2025-03-27 20:37:42,305 - chestbuddy.core.controllers.file_operations_controller - DEBUG - FileOperationsController.open_file called with parent=<chestbuddy.ui.main_window.MainWindow(0x1c20b4c5e00) at 0x000001C20CF4E640>
2025-03-27 20:37:42,305 - chestbuddy.core.controllers.file_operations_controller - DEBUG - About to show file open dialog
2025-03-27 20:37:42,306 - chestbuddy.core.controllers.file_operations_controller - DEBUG - Retrieved last directory: D:/Projekte/ChestBuddy/chestbuddy/data/input
2025-03-27 20:37:45,117 - chestbuddy.core.controllers.file_operations_controller - DEBUG - User selected 1 files
2025-03-27 20:37:45,117 - chestbuddy.core.controllers.file_operations_controller - DEBUG - Saving last directory: D:/Projekte/ChestBuddy/chestbuddy/data/input
2025-03-27 20:37:45,117 - chestbuddy.core.services.data_manager - INFO - DataManager.load_csv called with 1 file(s)
2025-03-27 20:37:45,117 - chestbuddy.core.services.data_manager - DEBUG - Set files_to_load with 1 files
2025-03-27 20:37:45,117 - chestbuddy.core.services.data_manager - DEBUG - Set current_file_path to: D:/Projekte/ChestBuddy/chestbuddy/data/input/Chests_input_test.csv
2025-03-27 20:37:45,117 - chestbuddy.core.services.data_manager - DEBUG - Emitting load_started signal
2025-03-27 20:37:45,117 - chestbuddy.ui.main_window - DEBUG - MainWindow._on_load_started called
2025-03-27 20:37:45,134 - chestbuddy.core.controllers.ui_state_controller - DEBUG - Updated data-dependent UI state: has_data=False
2025-03-27 20:37:45,134 - chestbuddy.core.services.data_manager - INFO - DataManager.cancel_loading called
2025-03-27 20:37:45,135 - chestbuddy.core.services.data_manager - DEBUG - Set cancellation flag to True
2025-03-27 20:37:45,135 - chestbuddy.core.services.data_manager - DEBUG - No active task to cancel
2025-03-27 20:37:45,135 - chestbuddy.core.services.data_manager - DEBUG - Loading operation cancelled successfully
2025-03-27 20:37:45,135 - chestbuddy.core.services.data_manager - DEBUG - Blocking data model signals during load
2025-03-27 20:37:45,135 - chestbuddy.core.services.data_manager - DEBUG - Creating MultiCSVLoadTask for 1 files
2025-03-27 20:37:45,135 - chestbuddy.core.services.data_manager - DEBUG - Stored task reference: <chestbuddy.utils.background_processing.MultiCSVLoadTask(0x1c210e8d330) at 0x000001C20DD62B40>
2025-03-27 20:37:45,135 - chestbuddy.core.services.data_manager - DEBUG - Reset cancellation flag to False
2025-03-27 20:37:45,135 - chestbuddy.core.services.data_manager - DEBUG - Executing MultiCSVLoadTask
2025-03-27 20:37:45,135 - chestbuddy.ui.main_window - INFO - File opened: D:/Projekte/ChestBuddy/chestbuddy/data/input/Chests_input_test.csv
2025-03-27 20:37:45,136 - chestbuddy.core.controllers.file_operations_controller - DEBUG - Saved 1 recent files to config
2025-03-27 20:37:45,136 - chestbuddy.ui.main_window - DEBUG - Recent files updated: 1 files
2025-03-27 20:37:45,136 - chestbuddy.ui.main_window - DEBUG - _on_import_requested called with flags: _is_handling_import=True, _is_loading_files=True
2025-03-27 20:37:45,136 - chestbuddy.ui.main_window - DEBUG - Already handling an import request, ignoring duplicate
2025-03-27 20:37:45,137 - chestbuddy.core.services.csv_service - DEBUG - read_csv_chunked called for D:/Projekte/ChestBuddy/chestbuddy/data/input/Chests_input_test.csv
2025-03-27 20:37:45,147 - charset_normalizer - DEBUG - Encoding detection: utf_8 is most likely the one.
2025-03-27 20:37:45,147 - chestbuddy.core.services.csv_service - DEBUG - charset_normalizer detected encoding: utf-8 with confidence: 0.9936
2025-03-27 20:37:45,147 - chestbuddy.core.services.csv_service - INFO - Detected encoding: utf-8 with confidence 0.99
2025-03-27 20:37:45,147 - chestbuddy.ui.main_window - DEBUG - MainWindow._on_load_started called
2025-03-27 20:37:45,147 - chestbuddy.core.controllers.progress_controller - DEBUG - Progress dialog already exists, updating instead of creating new one
2025-03-27 20:37:45,166 - chestbuddy.core.controllers.ui_state_controller - DEBUG - Updated data-dependent UI state: has_data=False
2025-03-27 20:37:45,263 - chestbuddy.core.services.data_manager - DEBUG - CSV loading progress: 0% (0/100)
2025-03-27 20:37:45,286 - chestbuddy.core.services.data_manager - DEBUG - CSV loading progress: 0% (0/100)
2025-03-27 20:37:45,317 - chestbuddy.core.services.data_manager - DEBUG - Task status: Loading CSV data: 0 rows (File 1/1)
2025-03-27 20:37:45,357 - chestbuddy.core.services.data_manager - DEBUG - CSV loading progress: 0% (0/100)
2025-03-27 20:37:45,364 - chestbuddy.core.services.data_manager - DEBUG - CSV loading progress: 0% (0/100)
2025-03-27 20:37:45,397 - chestbuddy.core.services.data_manager - DEBUG - Task status: Loading CSV data: 0 rows (File 1/1)
2025-03-27 20:37:45,499 - chestbuddy.core.services.data_manager - DEBUG - CSV loading progress: 0% (0/100)
2025-03-27 20:37:45,532 - chestbuddy.core.services.data_manager - DEBUG - CSV loading progress: 0% (0/100)
2025-03-27 20:37:45,555 - chestbuddy.core.services.data_manager - DEBUG - Task status: Loading CSV data: 0 rows (File 1/1)
2025-03-27 20:37:45,579 - chestbuddy.core.services.data_manager - DEBUG - CSV loading progress: 0% (0/100)
2025-03-27 20:37:45,609 - chestbuddy.core.services.data_manager - DEBUG - CSV loading progress: 0% (0/100)
2025-03-27 20:37:45,640 - chestbuddy.core.services.data_manager - DEBUG - Task status: Loading CSV data: 0 rows (File 1/1)
2025-03-27 20:37:45,658 - chestbuddy.core.services.data_manager - DEBUG - CSV loading progress: 0% (0/100)
2025-03-27 20:37:45,689 - chestbuddy.core.services.data_manager - DEBUG - CSV loading progress: 0% (0/100)
2025-03-27 20:37:45,723 - chestbuddy.core.services.data_manager - DEBUG - Task status: Loading CSV data: 0 rows (File 1/1)
2025-03-27 20:37:45,849 - chestbuddy.core.services.data_manager - DEBUG - CSV loading progress: 0% (0/100)
2025-03-27 20:37:45,872 - chestbuddy.core.services.data_manager - DEBUG - CSV loading progress: 0% (0/100)
2025-03-27 20:37:45,883 - chestbuddy.core.services.data_manager - DEBUG - Task status: Loading CSV data: 0 rows (File 1/1)
2025-03-27 20:37:45,915 - chestbuddy.core.services.data_manager - DEBUG - CSV loading progress: 0% (0/100)
2025-03-27 20:37:45,937 - chestbuddy.core.services.data_manager - DEBUG - CSV loading progress: 0% (0/100)
2025-03-27 20:37:45,961 - chestbuddy.core.services.data_manager - DEBUG - Task status: Loading CSV data: 0 rows (File 1/1)
2025-03-27 20:37:46,049 - chestbuddy.core.services.data_manager - DEBUG - CSV loading progress: 0% (0/100)
2025-03-27 20:37:46,057 - chestbuddy.core.services.data_manager - DEBUG - CSV loading progress: 0% (0/100)
2025-03-27 20:37:46,073 - chestbuddy.core.services.data_manager - DEBUG - Task status: Loading CSV data: 0 rows (File 1/1)
2025-03-27 20:37:46,105 - chestbuddy.core.services.data_manager - DEBUG - CSV loading progress: 0% (0/100)
2025-03-27 20:37:46,130 - chestbuddy.core.services.data_manager - DEBUG - CSV loading progress: 0% (0/100)
2025-03-27 20:37:46,130 - chestbuddy.core.services.data_manager - DEBUG - Task status: Loading CSV data: 0 rows (File 1/1)
2025-03-27 20:37:46,136 - chestbuddy.core.services.data_manager - DEBUG - CSV loading progress: 100% (100/100)
2025-03-27 20:37:46,137 - chestbuddy.core.services.data_manager - DEBUG - CSV loading progress: 100% (100/100)
2025-03-27 20:37:46,138 - chestbuddy.core.services.data_manager - DEBUG - Task status: Loading CSV data: 0 rows (File 1/1)
2025-03-27 20:37:46,141 - chestbuddy.utils.background_processing - INFO - Successfully loaded 12387 rows from 1 files
2025-03-27 20:37:46,142 - chestbuddy.utils.background_processing - DEBUG - Task completed: load_multi_csv_1_files
2025-03-27 20:37:46,142 - chestbuddy.core.services.data_manager - DEBUG - CSV loading progress: 100% (100/100)
2025-03-27 20:37:46,142 - chestbuddy.core.services.data_manager - DEBUG - CSV loading progress: 100% (100/100)
2025-03-27 20:37:46,142 - chestbuddy.core.services.data_manager - DEBUG - Task status: Loading CSV data: 12,387 rows (File 1/1)
2025-03-27 20:37:46,142 - chestbuddy.utils.background_processing - DEBUG - Thread finished and task cleanup completed
2025-03-27 20:37:46,142 - chestbuddy.core.services.data_manager - DEBUG - Background task load_multi_csv_1_files completed with result: <class 'tuple'>
2025-03-27 20:37:46,142 - chestbuddy.core.services.data_manager - INFO - DataManager._on_csv_load_success called
2025-03-27 20:37:46,142 - chestbuddy.core.services.data_manager - DEBUG - CSV load result message: None
2025-03-27 20:37:46,142 - chestbuddy.core.services.data_manager - INFO - CSV loaded successfully with 12387 rows
2025-03-27 20:37:46,142 - chestbuddy.ui.main_window - DEBUG - Load finished signal received: Successfully loaded 12,387 rows of data
2025-03-27 20:37:46,142 - chestbuddy.ui.widgets.progress_dialog - DEBUG - Progress dialog close called
2025-03-27 20:37:46,142 - chestbuddy.ui.widgets.progress_dialog - DEBUG - Dialog closed via window close button, emitting canceled signal
2025-03-27 20:37:46,142 - chestbuddy.core.controllers.progress_controller - DEBUG - Progress dialog cancel button clicked
2025-03-27 20:37:46,142 - chestbuddy.ui.widgets.progress_dialog - DEBUG - Cancel button clicked in progress dialog
2025-03-27 20:37:46,142 - chestbuddy.core.controllers.progress_controller - DEBUG - Progress dialog cancel button clicked
2025-03-27 20:37:46,142 - chestbuddy.ui.widgets.progress_dialog - DEBUG - Directly closing dialog after cancel button clicked
2025-03-27 20:37:46,149 - chestbuddy.ui.widgets.progress_dialog - DEBUG - Progress dialog successfully closed
2025-03-27 20:37:46,149 - chestbuddy.core.controllers.ui_state_controller - DEBUG - Updated data-dependent UI state: has_data=False
2025-03-27 20:37:46,149 - chestbuddy.core.services.data_manager - DEBUG - Mapping columns...
2025-03-27 20:37:46,151 - chestbuddy.core.services.data_manager - DEBUG - Mapped columns successfully, DataFrame shape: (12387, 6)
2025-03-27 20:37:46,151 - chestbuddy.core.services.data_manager - DEBUG - Unblocking data model signals before update
2025-03-27 20:37:46,151 - chestbuddy.core.services.data_manager - DEBUG - Updating data model with new data
2025-03-27 20:37:46,163 - chestbuddy.core.state.data_state - DEBUG - DataState updated: 12387 rows, 6 columns
2025-03-27 20:37:46,163 - chestbuddy.core.models.chest_data_model - DEBUG - Emitting data_changed signal with DataState.
2025-03-27 20:37:46,163 - chestbuddy.core.controllers.view_state_controller - INFO - Data changed event: has_data=True
2025-03-27 20:37:46,163 - chestbuddy.core.controllers.view_state_controller - INFO - Data loaded state changed: True
2025-03-27 20:37:46,164 - chestbuddy.ui.widgets.sidebar_navigation - ERROR - Error scheduling update for SidebarNavigation: "Service 'update_manager' not found"
2025-03-27 20:37:46,164 - chestbuddy.ui.widgets.sidebar_navigation - DEBUG - SidebarNavigation updated
2025-03-27 20:37:46,165 - chestbuddy.core.controllers.view_state_controller - INFO - Marking Data view for population (not current)
2025-03-27 20:37:46,165 - chestbuddy.core.controllers.view_state_controller - INFO - Refreshing active view 'Dashboard' via IUpdatable interface
2025-03-27 20:37:46,165 - chestbuddy.core.controllers.view_state_controller - DEBUG - View 'Dashboard' doesn't need refreshing
2025-03-27 20:37:46,166 - chestbuddy.ui.data_view - DEBUG - DataView._on_data_changed called
2025-03-27 20:37:46,166 - chestbuddy.ui.data_view - DEBUG - Auto-update disabled, skipping table update
2025-03-27 20:37:46,166 - chestbuddy.ui.views.updatable_view - ERROR - Error scheduling update for DataViewAdapter: "Service 'update_manager' not found"
2025-03-27 20:37:46,166 - chestbuddy.ui.views.updatable_view - DEBUG - DataViewAdapter updating with data: NoneType
2025-03-27 20:37:46,166 - chestbuddy.ui.views.data_view_adapter - DEBUG - DataViewAdapter: View needs population, calling populate_table
2025-03-27 20:37:46,321 - chestbuddy.ui.data_view - DEBUG - Status updated: Populating 12387 rows...
2025-03-27 20:37:46,321 - chestbuddy.ui.views.data_view_adapter - DEBUG - DataViewAdapter: View content updated
2025-03-27 20:37:46,321 - chestbuddy.ui.views.updatable_view - DEBUG - DataViewAdapter updated
2025-03-27 20:37:46,322 - chestbuddy.ui.correction_tab - DEBUG - Skipping CorrectionTab._update_view call - recursive or uninitialized UI
2025-03-27 20:37:46,322 - chestbuddy.ui.views.updatable_view - ERROR - Error scheduling update for CorrectionViewAdapter: "Service 'update_manager' not found"
2025-03-27 20:37:46,322 - chestbuddy.ui.views.updatable_view - DEBUG - CorrectionViewAdapter updating with data: NoneType
2025-03-27 20:37:46,322 - chestbuddy.ui.correction_tab - DEBUG - Skipping CorrectionTab._update_view call - recursive or uninitialized UI
2025-03-27 20:37:46,322 - chestbuddy.ui.views.correction_view_adapter - DEBUG - CorrectionViewAdapter: View content updated
2025-03-27 20:37:46,322 - chestbuddy.ui.views.updatable_view - DEBUG - CorrectionViewAdapter updated
2025-03-27 20:37:46,322 - chestbuddy.ui.views.updatable_view - ERROR - Error scheduling update for ChartViewAdapter: "Service 'update_manager' not found"
2025-03-27 20:37:46,322 - chestbuddy.ui.views.updatable_view - DEBUG - ChartViewAdapter updating with data: NoneType
2025-03-27 20:37:46,324 - chestbuddy.ui.views.chart_view_adapter - DEBUG - ChartViewAdapter: View content updated
2025-03-27 20:37:46,324 - chestbuddy.ui.views.updatable_view - DEBUG - ChartViewAdapter updated
2025-03-27 20:37:46,324 - chestbuddy.core.controllers.ui_state_controller - DEBUG - Action states updated: {'save': True, 'save_as': True, 'export': True, 'validate': True, 'correct': True, 'chart': True, 'filter': True, 'sort': True, 'add_to_validation': True, 'clear_validation': True, 'refresh_validation': True}
2025-03-27 20:37:46,324 - chestbuddy.core.controllers.ui_state_controller - DEBUG - Status message updated: Data loaded and ready
2025-03-27 20:37:46,324 - chestbuddy.core.controllers.ui_state_controller - DEBUG - Updated data-dependent UI state: has_data=True
2025-03-27 20:37:46,611 - chestbuddy.core.controllers.ui_state_controller - DEBUG - Status message updated: Data loaded: 12,387 rows
2025-03-27 20:37:46,611 - chestbuddy.core.controllers.ui_state_controller - DEBUG - Status message updated: Data loaded and ready
2025-03-27 20:37:46,611 - chestbuddy.core.controllers.ui_state_controller - DEBUG - Updated data-dependent UI state: has_data=True
2025-03-27 20:37:46,612 - chestbuddy.core.services.data_manager - INFO - Emitting data_loaded signal
2025-03-27 20:37:46,612 - chestbuddy.ui.main_window - INFO - Data loaded signal received, ensuring data table is populated
2025-03-27 20:37:46,613 - chestbuddy.ui.main_window - INFO - Data view doesn't need refresh, skipping table population
2025-03-27 20:37:46,613 - chestbuddy.ui.main_window - ERROR - Error in fallback table population: 'ViewStateController' object has no attribute 'get_view'
2025-03-27 20:37:46,613 - chestbuddy.core.controllers.view_state_controller - INFO - Refreshing active view 'Dashboard' via IUpdatable interface
2025-03-27 20:37:46,613 - chestbuddy.core.controllers.view_state_controller - DEBUG - View 'Dashboard' doesn't need refreshing
2025-03-27 20:37:46,613 - chestbuddy.core.controllers.ui_state_controller - DEBUG - Status message updated: Data loaded: 12,387 rows
2025-03-27 20:37:46,613 - chestbuddy.core.services.data_manager - INFO - Emitted load_success signal
2025-03-27 20:37:46,615 - chestbuddy.ui.data_view - DEBUG - Status updated: Populating table: 0% (0/12387 rows)
2025-03-27 20:37:46,648 - chestbuddy.ui.data_view - DEBUG - Status updated: Populating table: 1% (200/12387 rows)
2025-03-27 20:37:46,679 - chestbuddy.ui.data_view - DEBUG - Status updated: Populating table: 3% (400/12387 rows)
2025-03-27 20:37:46,711 - chestbuddy.ui.data_view - DEBUG - Status updated: Populating table: 4% (600/12387 rows)
2025-03-27 20:37:46,747 - chestbuddy.ui.data_view - DEBUG - Status updated: Populating table: 6% (800/12387 rows)
2025-03-27 20:37:46,777 - chestbuddy.ui.data_view - DEBUG - Status updated: Populating table: 8% (1000/12387 rows)
2025-03-27 20:37:46,811 - chestbuddy.ui.data_view - DEBUG - Status updated: Populating table: 9% (1200/12387 rows)
2025-03-27 20:37:46,842 - chestbuddy.ui.data_view - DEBUG - Status updated: Populating table: 11% (1400/12387 rows)
2025-03-27 20:37:46,882 - chestbuddy.ui.data_view - DEBUG - Status updated: Populating table: 12% (1600/12387 rows)
2025-03-27 20:37:46,915 - chestbuddy.ui.data_view - DEBUG - Status updated: Populating table: 14% (1800/12387 rows)
2025-03-27 20:37:46,949 - chestbuddy.ui.data_view - DEBUG - Status updated: Populating table: 16% (2000/12387 rows)
2025-03-27 20:37:46,987 - chestbuddy.ui.data_view - DEBUG - Status updated: Populating table: 17% (2200/12387 rows)
2025-03-27 20:37:47,020 - chestbuddy.ui.data_view - DEBUG - Status updated: Populating table: 19% (2400/12387 rows)
2025-03-27 20:37:47,056 - chestbuddy.ui.data_view - DEBUG - Status updated: Populating table: 20% (2600/12387 rows)
2025-03-27 20:37:47,096 - chestbuddy.ui.data_view - DEBUG - Status updated: Populating table: 22% (2800/12387 rows)
2025-03-27 20:37:47,133 - chestbuddy.ui.data_view - DEBUG - Status updated: Populating table: 24% (3000/12387 rows)
2025-03-27 20:37:47,175 - chestbuddy.ui.data_view - DEBUG - Status updated: Populating table: 25% (3200/12387 rows)
2025-03-27 20:37:47,212 - chestbuddy.ui.data_view - DEBUG - Status updated: Populating table: 27% (3400/12387 rows)
2025-03-27 20:37:47,246 - chestbuddy.ui.data_view - DEBUG - Status updated: Populating table: 29% (3600/12387 rows)
2025-03-27 20:37:47,287 - chestbuddy.ui.data_view - DEBUG - Status updated: Populating table: 30% (3800/12387 rows)
2025-03-27 20:37:47,320 - chestbuddy.ui.data_view - DEBUG - Status updated: Populating table: 32% (4000/12387 rows)
2025-03-27 20:37:47,353 - chestbuddy.ui.data_view - DEBUG - Status updated: Populating table: 33% (4200/12387 rows)
2025-03-27 20:37:47,386 - chestbuddy.ui.data_view - DEBUG - Status updated: Populating table: 35% (4400/12387 rows)
2025-03-27 20:37:47,438 - chestbuddy.ui.data_view - DEBUG - Status updated: Populating table: 37% (4600/12387 rows)
2025-03-27 20:37:47,473 - chestbuddy.ui.data_view - DEBUG - Status updated: Populating table: 38% (4800/12387 rows)
2025-03-27 20:37:47,507 - chestbuddy.ui.data_view - DEBUG - Status updated: Populating table: 40% (5000/12387 rows)
2025-03-27 20:37:47,541 - chestbuddy.ui.data_view - DEBUG - Status updated: Populating table: 41% (5200/12387 rows)
2025-03-27 20:37:47,576 - chestbuddy.ui.data_view - DEBUG - Status updated: Populating table: 43% (5400/12387 rows)
2025-03-27 20:37:47,609 - chestbuddy.ui.data_view - DEBUG - Status updated: Populating table: 45% (5600/12387 rows)
2025-03-27 20:37:47,643 - chestbuddy.ui.data_view - DEBUG - Status updated: Populating table: 46% (5800/12387 rows)
2025-03-27 20:37:47,676 - chestbuddy.ui.data_view - DEBUG - Status updated: Populating table: 48% (6000/12387 rows)
2025-03-27 20:37:47,709 - chestbuddy.ui.data_view - DEBUG - Status updated: Populating table: 50% (6200/12387 rows)
2025-03-27 20:37:47,744 - chestbuddy.ui.data_view - DEBUG - Status updated: Populating table: 51% (6400/12387 rows)
2025-03-27 20:37:47,780 - chestbuddy.ui.data_view - DEBUG - Status updated: Populating table: 53% (6600/12387 rows)
2025-03-27 20:37:47,812 - chestbuddy.ui.data_view - DEBUG - Status updated: Populating table: 54% (6800/12387 rows)
2025-03-27 20:37:47,844 - chestbuddy.ui.data_view - DEBUG - Status updated: Populating table: 56% (7000/12387 rows)
2025-03-27 20:37:47,879 - chestbuddy.ui.data_view - DEBUG - Status updated: Populating table: 58% (7200/12387 rows)
2025-03-27 20:37:47,912 - chestbuddy.ui.data_view - DEBUG - Status updated: Populating table: 59% (7400/12387 rows)
2025-03-27 20:37:47,945 - chestbuddy.ui.data_view - DEBUG - Status updated: Populating table: 61% (7600/12387 rows)
2025-03-27 20:37:47,977 - chestbuddy.ui.data_view - DEBUG - Status updated: Populating table: 62% (7800/12387 rows)
2025-03-27 20:37:48,009 - chestbuddy.ui.data_view - DEBUG - Status updated: Populating table: 64% (8000/12387 rows)
2025-03-27 20:37:48,045 - chestbuddy.ui.data_view - DEBUG - Status updated: Populating table: 66% (8200/12387 rows)
2025-03-27 20:37:48,077 - chestbuddy.ui.data_view - DEBUG - Status updated: Populating table: 67% (8400/12387 rows)
2025-03-27 20:37:48,105 - chestbuddy.ui.main_window - DEBUG - Navigation changed: Data - 
2025-03-27 20:37:48,106 - chestbuddy.core.controllers.view_state_controller - DEBUG - Updating sidebar via IUpdatable interface
2025-03-27 20:37:48,106 - chestbuddy.ui.widgets.sidebar_navigation - DEBUG - SidebarNavigation updated
2025-03-27 20:37:48,109 - chestbuddy.core.controllers.view_state_controller - DEBUG - Navigation history updated: position=1, history=['Dashboard', 'Data']
2025-03-27 20:37:48,109 - chestbuddy.core.controllers.view_state_controller - INFO - View changed from 'Dashboard' to 'Data'
2025-03-27 20:37:48,110 - chestbuddy.core.controllers.view_state_controller - INFO - View transition already in progress, queuing change to 'Data'
2025-03-27 20:37:48,110 - chestbuddy.ui.main_window - DEBUG - Navigation changed: Data - 
2025-03-27 20:37:48,110 - chestbuddy.core.controllers.view_state_controller - INFO - View transition already in progress, queuing change to 'Data'
2025-03-27 20:37:48,110 - chestbuddy.ui.main_window - DEBUG - Navigation changed: Data - 
2025-03-27 20:37:48,110 - chestbuddy.core.controllers.view_state_controller - INFO - View transition already in progress, queuing change to 'Data'
2025-03-27 20:37:48,111 - chestbuddy.core.controllers.view_state_controller - INFO - View transition already in progress, queuing change to 'Data'
2025-03-27 20:37:48,111 - chestbuddy.ui.main_window - DEBUG - Navigation changed: Data - 
2025-03-27 20:37:48,111 - chestbuddy.core.controllers.view_state_controller - INFO - View transition already in progress, queuing change to 'Data'
2025-03-27 20:37:48,111 - chestbuddy.ui.data_view - DEBUG - Status updated: Populating table: 69% (8600/12387 rows)
2025-03-27 20:37:48,156 - chestbuddy.ui.data_view - DEBUG - Status updated: Populating table: 71% (8800/12387 rows)
2025-03-27 20:37:48,194 - chestbuddy.core.controllers.view_state_controller - DEBUG - View transition to 'Data' completed
2025-03-27 20:37:48,194 - chestbuddy.core.controllers.view_state_controller - INFO - Processing pending view change to 'Data' with subsection 'None'
2025-03-27 20:37:48,195 - chestbuddy.ui.data_view - DEBUG - Status updated: Populating table: 72% (9000/12387 rows)
2025-03-27 20:37:48,237 - chestbuddy.ui.data_view - DEBUG - Status updated: Populating table: 74% (9200/12387 rows)
2025-03-27 20:37:48,276 - chestbuddy.ui.data_view - DEBUG - Status updated: Populating table: 75% (9400/12387 rows)
2025-03-27 20:37:48,315 - chestbuddy.ui.data_view - DEBUG - Status updated: Populating table: 77% (9600/12387 rows)
2025-03-27 20:37:48,356 - chestbuddy.ui.data_view - DEBUG - Status updated: Populating table: 79% (9800/12387 rows)
2025-03-27 20:37:48,397 - chestbuddy.ui.data_view - DEBUG - Status updated: Populating table: 80% (10000/12387 rows)
2025-03-27 20:37:48,438 - chestbuddy.ui.data_view - DEBUG - Status updated: Populating table: 82% (10200/12387 rows)
2025-03-27 20:37:48,477 - chestbuddy.ui.data_view - DEBUG - Status updated: Populating table: 83% (10400/12387 rows)
2025-03-27 20:37:48,519 - chestbuddy.ui.data_view - DEBUG - Status updated: Populating table: 85% (10600/12387 rows)
2025-03-27 20:37:48,570 - chestbuddy.ui.data_view - DEBUG - Status updated: Populating table: 87% (10800/12387 rows)
2025-03-27 20:37:48,618 - chestbuddy.ui.data_view - DEBUG - Status updated: Populating table: 88% (11000/12387 rows)
2025-03-27 20:37:48,658 - chestbuddy.ui.data_view - DEBUG - Status updated: Populating table: 90% (11200/12387 rows)
2025-03-27 20:37:48,697 - chestbuddy.ui.data_view - DEBUG - Status updated: Populating table: 92% (11400/12387 rows)
2025-03-27 20:37:48,736 - chestbuddy.ui.data_view - DEBUG - Status updated: Populating table: 93% (11600/12387 rows)
2025-03-27 20:37:48,782 - chestbuddy.ui.data_view - DEBUG - Status updated: Populating table: 95% (11800/12387 rows)
2025-03-27 20:37:48,823 - chestbuddy.ui.data_view - DEBUG - Status updated: Populating table: 96% (12000/12387 rows)
2025-03-27 20:37:48,862 - chestbuddy.ui.data_view - DEBUG - Status updated: Populating table: 98% (12200/12387 rows)
2025-03-27 20:37:48,901 - chestbuddy.ui.data_view - DEBUG - Status updated: Showing all 12387 rows
2025-03-27 20:37:52,857 - chestbuddy.ui.main_window - DEBUG - Navigation changed: Validation - 
2025-03-27 20:37:52,858 - chestbuddy.core.controllers.view_state_controller - DEBUG - Updating sidebar via IUpdatable interface
2025-03-27 20:37:52,858 - chestbuddy.ui.widgets.sidebar_navigation - DEBUG - SidebarNavigation updated
2025-03-27 20:37:52,860 - chestbuddy.core.controllers.view_state_controller - DEBUG - Navigation history updated: position=2, history=['Dashboard', 'Data', 'Validation']
2025-03-27 20:37:52,860 - chestbuddy.core.controllers.view_state_controller - INFO - View changed from 'Data' to 'Validation'
2025-03-27 20:37:52,860 - chestbuddy.ui.main_window - DEBUG - Navigation changed: Validation - 
2025-03-27 20:37:52,860 - chestbuddy.ui.main_window - DEBUG - Navigation changed: Validation - 
2025-03-27 20:37:52,860 - chestbuddy.core.controllers.view_state_controller - INFO - View transition already in progress, queuing change to 'Validation'
2025-03-27 20:37:52,861 - chestbuddy.ui.main_window - DEBUG - Navigation changed: Validation - 
2025-03-27 20:37:52,913 - chestbuddy.core.controllers.view_state_controller - DEBUG - View transition to 'Validation' completed
2025-03-27 20:37:52,913 - chestbuddy.core.controllers.view_state_controller - INFO - Processing pending view change to 'Validation' with subsection ''
2025-03-27 20:37:53,895 - chestbuddy.ui.views.validation_tab_view - DEBUG - Status updated: Validating data...
2025-03-27 20:37:56,821 - chestbuddy.ui.data_view - DEBUG - Handling validation changed in DataView
2025-03-27 20:37:56,922 - chestbuddy.ui.data_view - ERROR - Error updating validation status in data view: The truth value of a DataFrame is ambiguous. Use a.empty, a.bool(), a.item(), a.any() or a.all().
2025-03-27 20:37:56,923 - chestbuddy.core.services.validation_service - INFO - Updated validation status for 4 rules
2025-03-27 20:37:56,923 - chestbuddy.ui.views.validation_tab_view - DEBUG - Status updated: Validation complete: Found 12331 issues
2025-03-27 20:37:56,923 - chestbuddy.ui.views.validation_view_adapter - DEBUG - Validation status changed
2025-03-27 20:37:56,923 - chestbuddy.ui.views.validation_tab_view - INFO - Validation completed
2025-03-27 20:37:58,596 - chestbuddy.ui.main_window - DEBUG - Navigation changed: Data - 
2025-03-27 20:37:58,597 - chestbuddy.core.controllers.view_state_controller - DEBUG - Updating sidebar via IUpdatable interface
2025-03-27 20:37:58,597 - chestbuddy.ui.widgets.sidebar_navigation - DEBUG - SidebarNavigation updated
2025-03-27 20:37:58,600 - chestbuddy.core.controllers.view_state_controller - DEBUG - Navigation history updated: position=3, history=['Dashboard', 'Data', 'Validation', 'Data']
2025-03-27 20:37:58,600 - chestbuddy.core.controllers.view_state_controller - INFO - View changed from 'Validation' to 'Data'
2025-03-27 20:37:58,600 - chestbuddy.core.controllers.view_state_controller - INFO - View transition already in progress, queuing change to 'Data'
2025-03-27 20:37:58,600 - chestbuddy.ui.main_window - DEBUG - Navigation changed: Data - 
2025-03-27 20:37:58,600 - chestbuddy.core.controllers.view_state_controller - INFO - View transition already in progress, queuing change to 'Data'
2025-03-27 20:37:58,601 - chestbuddy.ui.main_window - DEBUG - Navigation changed: Data - 
2025-03-27 20:37:58,601 - chestbuddy.core.controllers.view_state_controller - INFO - View transition already in progress, queuing change to 'Data'
2025-03-27 20:37:58,601 - chestbuddy.core.controllers.view_state_controller - INFO - View transition already in progress, queuing change to 'Data'
2025-03-27 20:37:58,601 - chestbuddy.ui.main_window - DEBUG - Navigation changed: Data - 
2025-03-27 20:37:58,601 - chestbuddy.core.controllers.view_state_controller - INFO - View transition already in progress, queuing change to 'Data'
2025-03-27 20:37:58,662 - chestbuddy.core.controllers.view_state_controller - DEBUG - View transition to 'Data' completed
2025-03-27 20:37:58,662 - chestbuddy.core.controllers.view_state_controller - INFO - Processing pending view change to 'Data' with subsection 'None'
2025-03-27 20:38:05,943 - chestbuddy.ui.main_window - INFO - Cancelling any ongoing operations before closing
2025-03-27 20:38:05,943 - chestbuddy.core.services.data_manager - INFO - DataManager.cancel_loading called
2025-03-27 20:38:05,943 - chestbuddy.core.services.data_manager - DEBUG - Set cancellation flag to True
2025-03-27 20:38:05,943 - chestbuddy.core.services.data_manager - DEBUG - No active task to cancel
2025-03-27 20:38:05,943 - chestbuddy.core.services.data_manager - DEBUG - Loading operation cancelled successfully
2025-03-27 20:38:05,953 - __main__ - INFO - Cleaning up application resources
2025-03-27 20:38:05,953 - chestbuddy.utils.service_locator - DEBUG - All services and factories cleared
2025-03-27 20:38:05,953 - __main__ - ERROR - Error during application cleanup: type object 'BackgroundWorker' has no attribute 'shutdown'
2025-03-27 20:38:05,954 - chestbuddy.core.controllers.base_controller - DEBUG - ErrorHandlingController disconnected all connections (0 total)
2025-03-27 20:38:05,954 - chestbuddy.core.controllers.base_controller - DEBUG - ErrorHandlingController destroyed and connections cleaned up
2025-03-27 20:38:05,954 - chestbuddy.ui.utils.update_manager - DEBUG - All updates cancelled
2025-03-27 20:38:06,289 - chestbuddy.core.controllers.base_controller - DEBUG - FileOperationsController disconnected from model: DataManager (0 connections)
2025-03-27 20:38:06,289 - chestbuddy.core.controllers.base_controller - DEBUG - FileOperationsController disconnected all connections (0 total)
2025-03-27 20:38:06,289 - chestbuddy.core.controllers.base_controller - DEBUG - FileOperationsController destroyed and connections cleaned up
2025-03-27 20:38:06,289 - chestbuddy.utils.background_processing - DEBUG - Qt C++ object already deleted during thread cleanup
2025-03-27 20:38:06,289 - chestbuddy.core.controllers.base_controller - DEBUG - ProgressController disconnected all connections (0 total)
2025-03-27 20:38:06,289 - chestbuddy.core.controllers.base_controller - DEBUG - ProgressController destroyed and connections cleaned up
2025-03-27 20:38:06,320 - chestbuddy.core.controllers.base_controller - DEBUG - ViewStateController disconnected from view: SidebarNavigation (0 connections)
2025-03-27 20:38:06,320 - chestbuddy.core.controllers.base_controller - DEBUG - ViewStateController disconnected from model: ChestDataModel (0 connections)
2025-03-27 20:38:06,320 - chestbuddy.core.controllers.base_controller - DEBUG - ViewStateController disconnected all connections (0 total)
2025-03-27 20:38:06,320 - chestbuddy.core.controllers.base_controller - DEBUG - ViewStateController destroyed and connections cleaned up
2025-03-27 20:38:06,320 - chestbuddy.core.controllers.base_controller - DEBUG - UIStateController disconnected all connections (0 total)
2025-03-27 20:38:06,320 - chestbuddy.core.controllers.base_controller - DEBUG - UIStateController destroyed and connections cleaned up
2025-03-27 20:38:06,320 - chestbuddy.core.controllers.base_controller - DEBUG - DataViewController disconnected from model: ChestDataModel (0 connections)
2025-03-27 20:38:06,320 - chestbuddy.core.controllers.base_controller - DEBUG - DataViewController disconnected all connections (0 total)
2025-03-27 20:38:06,320 - chestbuddy.core.controllers.base_controller - DEBUG - DataViewController destroyed and connections cleaned up
2025-03-27 20:38:06,320 - chestbuddy.ui.views.base_view - DEBUG - Disconnected signals for DashboardView
2025-03-27 20:38:06,321 - chestbuddy.ui.views.base_view - ERROR - Error disconnecting signals for DataViewAdapter: Internal C++ object (ChestDataModel) already deleted.
2025-03-27 20:38:06,321 - chestbuddy.ui.views.base_view - DEBUG - Disconnected signals for ValidationViewAdapter
2025-03-27 20:38:06,321 - chestbuddy.ui.views.base_view - ERROR - Error disconnecting signals for CorrectionViewAdapter: Internal C++ object (ChestDataModel) already deleted.
2025-03-27 20:38:06,321 - chestbuddy.ui.views.base_view - ERROR - Error disconnecting signals for ChartViewAdapter: Internal C++ object (ChestDataModel) already deleted.
